***************i  18    0  i***************
***************i  18    1  i***************
***************i  18    2  i***************
***************i  18    3  i***************
***************i  18    4  i***************
***************i  18    5  i***************
***************i  18    6  i***************
***************i  18    7  i***************
***************i  18    8  i***************
***************i  18    9  i***************
***************i  18    10  i***************
***************i  18    11  i***************
***************i  18    12  i***************
***************i  18    13  i***************
***************i  18    14  i***************
***************i  18    15  i***************
***************i  18    16  i***************
***************i  18    17  i***************
***************k  500    0  k***************
***************k  500    1  k***************
***************k  500    2  k***************
***************k  500    3  k***************
***************k  500    4  k***************
***************k  500    5  k***************
***************k  500    6  k***************
***************k  500    7  k***************
***************k  500    8  k***************
***************k  500    9  k***************
***************k  500    10  k***************
***************k  500    11  k***************
***************k  500    12  k***************
***************k  500    13  k***************
***************k  500    14  k***************
***************k  500    15  k***************
***************k  500    16  k***************
***************k  500    17  k***************
***************k  500    18  k***************
***************k  500    19  k***************
error
error
***************k  500    20  k***************
***************k  500    21  k***************
***************k  500    22  k***************
***************k  500    23  k***************
***************k  500    24  k***************
***************k  500    25  k***************
***************k  500    26  k***************
***************k  500    27  k***************
error
***************k  500    28  k***************
***************k  500    29  k***************
***************k  500    30  k***************
***************k  500    31  k***************
***************k  500    32  k***************
***************k  500    33  k***************
***************k  500    34  k***************
***************k  500    35  k***************
***************k  500    36  k***************
***************k  500    37  k***************
***************k  500    38  k***************
***************k  500    39  k***************
***************k  500    40  k***************
***************k  500    41  k***************
***************k  500    42  k***************
***************k  500    43  k***************
***************k  500    44  k***************
***************k  500    45  k***************
***************k  500    46  k***************
***************k  500    47  k***************
***************k  500    48  k***************
***************k  500    49  k***************
***************k  500    50  k***************
***************k  500    51  k***************
***************k  500    52  k***************
***************k  500    53  k***************
***************k  500    54  k***************
***************k  500    55  k***************
***************k  500    56  k***************
***************k  500    57  k***************
***************k  500    58  k***************
***************k  500    59  k***************
***************k  500    60  k***************
***************k  500    61  k***************
***************k  500    62  k***************
***************k  500    63  k***************
***************k  500    64  k***************
***************k  500    65  k***************
***************k  500    66  k***************
***************k  500    67  k***************
***************k  500    68  k***************
***************k  500    69  k***************
***************k  500    70  k***************
***************k  500    71  k***************
***************k  500    72  k***************
***************k  500    73  k***************
***************k  500    74  k***************
***************k  500    75  k***************
***************k  500    76  k***************
***************k  500    77  k***************
***************k  500    78  k***************
***************k  500    79  k***************
***************k  500    80  k***************
***************k  500    81  k***************
***************k  500    82  k***************
***************k  500    83  k***************
***************k  500    84  k***************
***************k  500    85  k***************
***************k  500    86  k***************
***************k  500    87  k***************
***************k  500    88  k***************
***************k  500    89  k***************
***************k  500    90  k***************
***************k  500    91  k***************
***************k  500    92  k***************
***************k  500    93  k***************
***************k  500    94  k***************
***************k  500    95  k***************
***************k  500    96  k***************
***************k  500    97  k***************
***************k  500    98  k***************
***************k  500    99  k***************
***************k  500    100  k***************
***************k  500    101  k***************
***************k  500    102  k***************
***************k  500    103  k***************
***************k  500    104  k***************
***************k  500    105  k***************
***************k  500    106  k***************
***************k  500    107  k***************
***************k  500    108  k***************
***************k  500    109  k***************
***************k  500    110  k***************
***************k  500    111  k***************
***************k  500    112  k***************
***************k  500    113  k***************
***************k  500    114  k***************
***************k  500    115  k***************
***************k  500    116  k***************
***************k  500    117  k***************
***************k  500    118  k***************
***************k  500    119  k***************
***************k  500    120  k***************
***************k  500    121  k***************
***************k  500    122  k***************
***************k  500    123  k***************
***************k  500    124  k***************
***************k  500    125  k***************
***************k  500    126  k***************
***************k  500    127  k***************
***************k  500    128  k***************
***************k  500    129  k***************
***************k  500    130  k***************
***************k  500    131  k***************
***************k  500    132  k***************
***************k  500    133  k***************
***************k  500    134  k***************
***************k  500    135  k***************
error
error
***************k  500    136  k***************
error
error
***************k  500    137  k***************
***************k  500    138  k***************
***************k  500    139  k***************
***************k  500    140  k***************
***************k  500    141  k***************
***************k  500    142  k***************
***************k  500    143  k***************
***************k  500    144  k***************
***************k  500    145  k***************
***************k  500    146  k***************
***************k  500    147  k***************
***************k  500    148  k***************
***************k  500    149  k***************
***************k  500    150  k***************
error
***************k  500    151  k***************
***************k  500    152  k***************
***************k  500    153  k***************
***************k  500    154  k***************
***************k  500    155  k***************
***************k  500    156  k***************
***************k  500    157  k***************
***************k  500    158  k***************
***************k  500    159  k***************
***************k  500    160  k***************
***************k  500    161  k***************
***************k  500    162  k***************
***************k  500    163  k***************
***************k  500    164  k***************
***************k  500    165  k***************
***************k  500    166  k***************
***************k  500    167  k***************
***************k  500    168  k***************
***************k  500    169  k***************
***************k  500    170  k***************
***************k  500    171  k***************
***************k  500    172  k***************
***************k  500    173  k***************
***************k  500    174  k***************
***************k  500    175  k***************
***************k  500    176  k***************
***************k  500    177  k***************
***************k  500    178  k***************
***************k  500    179  k***************
***************k  500    180  k***************
***************k  500    181  k***************
error
***************k  500    182  k***************
***************k  500    183  k***************
***************k  500    184  k***************
***************k  500    185  k***************
***************k  500    186  k***************
***************k  500    187  k***************
***************k  500    188  k***************
***************k  500    189  k***************
***************k  500    190  k***************
***************k  500    191  k***************
***************k  500    192  k***************
***************k  500    193  k***************
***************k  500    194  k***************
***************k  500    195  k***************
***************k  500    196  k***************
***************k  500    197  k***************
***************k  500    198  k***************
***************k  500    199  k***************
***************k  500    200  k***************
***************k  500    201  k***************
error
error
***************k  500    202  k***************
***************k  500    203  k***************
error
***************k  500    204  k***************
***************k  500    205  k***************
***************k  500    206  k***************
***************k  500    207  k***************
***************k  500    208  k***************
error
***************k  500    209  k***************
***************k  500    210  k***************
***************k  500    211  k***************
error
error
error
error
error
error
error
error
error
error
***************k  500    212  k***************
error
error
error
error
error
error
error
error
error
error
error
error
error
error
error
error
error
***************k  500    213  k***************
***************k  500    214  k***************
***************k  500    215  k***************
***************k  500    216  k***************
***************k  500    217  k***************
***************k  500    218  k***************
***************k  500    219  k***************
error
***************k  500    220  k***************
***************k  500    221  k***************
***************k  500    222  k***************
***************k  500    223  k***************
***************k  500    224  k***************
***************k  500    225  k***************
***************k  500    226  k***************
***************k  500    227  k***************
***************k  500    228  k***************
error
***************k  500    229  k***************
***************k  500    230  k***************
***************k  500    231  k***************
***************k  500    232  k***************
***************k  500    233  k***************
error
***************k  500    234  k***************
***************k  500    235  k***************
***************k  500    236  k***************
***************k  500    237  k***************
error
error
***************k  500    238  k***************
***************k  500    239  k***************
***************k  500    240  k***************
***************k  500    241  k***************
***************k  500    242  k***************
***************k  500    243  k***************
***************k  500    244  k***************
***************k  500    245  k***************
***************k  500    246  k***************
error
***************k  500    247  k***************
error
error
***************k  500    248  k***************
***************k  500    249  k***************
error
***************k  500    250  k***************
***************k  500    251  k***************
error
***************k  500    252  k***************
error
***************k  500    253  k***************
***************k  500    254  k***************
***************k  500    255  k***************
***************k  500    256  k***************
***************k  500    257  k***************
***************k  500    258  k***************
error
***************k  500    259  k***************
error
***************k  500    260  k***************
***************k  500    261  k***************
***************k  500    262  k***************
error
error
***************k  500    263  k***************
***************k  500    264  k***************
***************k  500    265  k***************
error
***************k  500    266  k***************
***************k  500    267  k***************
***************k  500    268  k***************
error
***************k  500    269  k***************
***************k  500    270  k***************
***************k  500    271  k***************
error
***************k  500    272  k***************
error
error
error
***************k  500    273  k***************
***************k  500    274  k***************
***************k  500    275  k***************
***************k  500    276  k***************
***************k  500    277  k***************
error
***************k  500    278  k***************
***************k  500    279  k***************
***************k  500    280  k***************
***************k  500    281  k***************
***************k  500    282  k***************
***************k  500    283  k***************
***************k  500    284  k***************
error
error
***************k  500    285  k***************
***************k  500    286  k***************
***************k  500    287  k***************
***************k  500    288  k***************
***************k  500    289  k***************
***************k  500    290  k***************
***************k  500    291  k***************
error
error
***************k  500    292  k***************
***************k  500    293  k***************
error
error
***************k  500    294  k***************
***************k  500    295  k***************
***************k  500    296  k***************
error
***************k  500    297  k***************
***************k  500    298  k***************
error
***************k  500    299  k***************
error
***************k  500    300  k***************
***************k  500    301  k***************
error
***************k  500    302  k***************
error
error
***************k  500    303  k***************
error
***************k  500    304  k***************
***************k  500    305  k***************
***************k  500    306  k***************
***************k  500    307  k***************
***************k  500    308  k***************
***************k  500    309  k***************
***************k  500    310  k***************
***************k  500    311  k***************
***************k  500    312  k***************
***************k  500    313  k***************
***************k  500    314  k***************
***************k  500    315  k***************
***************k  500    316  k***************
***************k  500    317  k***************
***************k  500    318  k***************
***************k  500    319  k***************
***************k  500    320  k***************
error
***************k  500    321  k***************
***************k  500    322  k***************
***************k  500    323  k***************
***************k  500    324  k***************
***************k  500    325  k***************
***************k  500    326  k***************
error
***************k  500    327  k***************
***************k  500    328  k***************
***************k  500    329  k***************
***************k  500    330  k***************
***************k  500    331  k***************
***************k  500    332  k***************
***************k  500    333  k***************
Spider error processing <GET https://www.turascandinavia.com/sv/inloggningssida> (referer: None)
Traceback (most recent call last):
  File "c:\users\a\appdata\local\programs\python\python38-32\lib\site-packages\twisted\internet\defer.py", line 654, in _runCallbacks
    current.result = callback(current.result, *args, **kw)
  File "E:\scraping\tool-python-scraper-csv-master\TURA\scraping\spiders\tura(all).py", line 100, in parse
    WebDriverWait(self.driver, 10).until(EC.presence_of_element_located((By.CLASS_NAME,'product-list')))
  File "c:\users\a\appdata\local\programs\python\python38-32\lib\site-packages\selenium\webdriver\support\wait.py", line 80, in until
    raise TimeoutException(message, screen, stacktrace)
selenium.common.exceptions.TimeoutException: Message: 

Crawled 3 pages (at 3 pages/min), scraped 0 items (at 0 items/min)
Closing spider (finished)
Dumping Scrapy stats:
{'downloader/request_bytes': 1183,
 'downloader/request_count': 5,
 'downloader/request_method_count/GET': 5,
 'downloader/response_bytes': 314498,
 'downloader/response_count': 5,
 'downloader/response_status_count/200': 3,
 'downloader/response_status_count/301': 2,
 'elapsed_time_seconds': 10765.955161,
 'finish_reason': 'finished',
 'finish_time': datetime.datetime(2020, 3, 18, 23, 39, 50, 528177),
 'log_count/DEBUG': 9,
 'log_count/ERROR': 1,
 'log_count/INFO': 440,
 'response_received_count': 3,
 'robotstxt/request_count': 2,
 'robotstxt/response_count': 2,
 'robotstxt/response_status_count/200': 2,
 'scheduler/dequeued': 2,
 'scheduler/dequeued/memory': 2,
 'scheduler/enqueued': 2,
 'scheduler/enqueued/memory': 2,
 'spider_exceptions/TimeoutException': 1,
 'start_time': datetime.datetime(2020, 3, 18, 20, 40, 24, 573016)}
Spider closed (finished)
