***************i  18    0  i***************
***************i  18    1  i***************
***************i  18    2  i***************
***************i  18    3  i***************
***************i  18    4  i***************
***************i  18    5  i***************
***************i  18    6  i***************
***************i  18    7  i***************
***************i  18    8  i***************
***************i  18    9  i***************
***************i  18    10  i***************
***************i  18    11  i***************
***************i  18    12  i***************
***************i  18    13  i***************
***************i  18    14  i***************
***************i  18    15  i***************
***************i  18    16  i***************
***************i  18    17  i***************
***************k  495    0  k***************
***************k  495    1  k***************
***************k  495    2  k***************
***************k  495    3  k***************
***************k  495    4  k***************
***************k  495    5  k***************
***************k  495    6  k***************
***************k  495    7  k***************
***************k  495    8  k***************
***************k  495    9  k***************
***************k  495    10  k***************
***************k  495    11  k***************
***************k  495    12  k***************
***************k  495    13  k***************
***************k  495    14  k***************
***************k  495    15  k***************
***************k  495    16  k***************
***************k  495    17  k***************
***************k  495    18  k***************
***************k  495    19  k***************
error
error
***************k  495    20  k***************
***************k  495    21  k***************
***************k  495    22  k***************
***************k  495    23  k***************
***************k  495    24  k***************
***************k  495    25  k***************
***************k  495    26  k***************
***************k  495    27  k***************
error
***************k  495    28  k***************
error
***************k  495    29  k***************
***************k  495    30  k***************
***************k  495    31  k***************
***************k  495    32  k***************
***************k  495    33  k***************
***************k  495    34  k***************
***************k  495    35  k***************
***************k  495    36  k***************
***************k  495    37  k***************
***************k  495    38  k***************
***************k  495    39  k***************
***************k  495    40  k***************
***************k  495    41  k***************
***************k  495    42  k***************
***************k  495    43  k***************
***************k  495    44  k***************
***************k  495    45  k***************
***************k  495    46  k***************
***************k  495    47  k***************
***************k  495    48  k***************
***************k  495    49  k***************
***************k  495    50  k***************
***************k  495    51  k***************
***************k  495    52  k***************
***************k  495    53  k***************
***************k  495    54  k***************
***************k  495    55  k***************
***************k  495    56  k***************
***************k  495    57  k***************
***************k  495    58  k***************
***************k  495    59  k***************
***************k  495    60  k***************
***************k  495    61  k***************
***************k  495    62  k***************
***************k  495    63  k***************
***************k  495    64  k***************
***************k  495    65  k***************
***************k  495    66  k***************
***************k  495    67  k***************
***************k  495    68  k***************
***************k  495    69  k***************
***************k  495    70  k***************
***************k  495    71  k***************
***************k  495    72  k***************
***************k  495    73  k***************
***************k  495    74  k***************
***************k  495    75  k***************
***************k  495    76  k***************
***************k  495    77  k***************
***************k  495    78  k***************
***************k  495    79  k***************
***************k  495    80  k***************
***************k  495    81  k***************
***************k  495    82  k***************
***************k  495    83  k***************
***************k  495    84  k***************
***************k  495    85  k***************
***************k  495    86  k***************
***************k  495    87  k***************
***************k  495    88  k***************
***************k  495    89  k***************
***************k  495    90  k***************
***************k  495    91  k***************
***************k  495    92  k***************
***************k  495    93  k***************
***************k  495    94  k***************
***************k  495    95  k***************
***************k  495    96  k***************
***************k  495    97  k***************
***************k  495    98  k***************
***************k  495    99  k***************
***************k  495    100  k***************
***************k  495    101  k***************
***************k  495    102  k***************
error
error
error
error
error
error
error
***************k  495    103  k***************
***************k  495    104  k***************
***************k  495    105  k***************
***************k  495    106  k***************
***************k  495    107  k***************
***************k  495    108  k***************
***************k  495    109  k***************
***************k  495    110  k***************
***************k  495    111  k***************
***************k  495    112  k***************
***************k  495    113  k***************
***************k  495    114  k***************
***************k  495    115  k***************
***************k  495    116  k***************
***************k  495    117  k***************
***************k  495    118  k***************
***************k  495    119  k***************
***************k  495    120  k***************
***************k  495    121  k***************
***************k  495    122  k***************
***************k  495    123  k***************
***************k  495    124  k***************
***************k  495    125  k***************
***************k  495    126  k***************
***************k  495    127  k***************
***************k  495    128  k***************
***************k  495    129  k***************
***************k  495    130  k***************
***************k  495    131  k***************
***************k  495    132  k***************
***************k  495    133  k***************
error
***************k  495    134  k***************
***************k  495    135  k***************
error
error
error
***************k  495    136  k***************
error
***************k  495    137  k***************
***************k  495    138  k***************
***************k  495    139  k***************
***************k  495    140  k***************
***************k  495    141  k***************
***************k  495    142  k***************
***************k  495    143  k***************
***************k  495    144  k***************
***************k  495    145  k***************
error
error
error
***************k  495    146  k***************
error
error
error
***************k  495    147  k***************
***************k  495    148  k***************
***************k  495    149  k***************
error
***************k  495    150  k***************
***************k  495    151  k***************
***************k  495    152  k***************
***************k  495    153  k***************
***************k  495    154  k***************
***************k  495    155  k***************
error
error
error
error
***************k  495    156  k***************
error
***************k  495    157  k***************
***************k  495    158  k***************
***************k  495    159  k***************
***************k  495    160  k***************
***************k  495    161  k***************
***************k  495    162  k***************
***************k  495    163  k***************
***************k  495    164  k***************
***************k  495    165  k***************
***************k  495    166  k***************
***************k  495    167  k***************
***************k  495    168  k***************
***************k  495    169  k***************
***************k  495    170  k***************
***************k  495    171  k***************
***************k  495    172  k***************
***************k  495    173  k***************
***************k  495    174  k***************
***************k  495    175  k***************
***************k  495    176  k***************
***************k  495    177  k***************
***************k  495    178  k***************
***************k  495    179  k***************
***************k  495    180  k***************
error
***************k  495    181  k***************
***************k  495    182  k***************
***************k  495    183  k***************
***************k  495    184  k***************
***************k  495    185  k***************
***************k  495    186  k***************
***************k  495    187  k***************
***************k  495    188  k***************
***************k  495    189  k***************
***************k  495    190  k***************
***************k  495    191  k***************
***************k  495    192  k***************
***************k  495    193  k***************
***************k  495    194  k***************
***************k  495    195  k***************
***************k  495    196  k***************
***************k  495    197  k***************
***************k  495    198  k***************
***************k  495    199  k***************
error
***************k  495    200  k***************
error
***************k  495    201  k***************
***************k  495    202  k***************
error
***************k  495    203  k***************
***************k  495    204  k***************
***************k  495    205  k***************
***************k  495    206  k***************
***************k  495    207  k***************
error
***************k  495    208  k***************
***************k  495    209  k***************
***************k  495    210  k***************
error
error
***************k  495    211  k***************
error
error
error
error
error
error
error
error
error
error
error
error
error
error
***************k  495    212  k***************
***************k  495    213  k***************
error
error
error
error
error
error
error
error
error
error
***************k  495    214  k***************
error
error
error
***************k  495    215  k***************
***************k  495    216  k***************
***************k  495    217  k***************
***************k  495    218  k***************
error
error
***************k  495    219  k***************
***************k  495    220  k***************
***************k  495    221  k***************
***************k  495    222  k***************
***************k  495    223  k***************
***************k  495    224  k***************
***************k  495    225  k***************
***************k  495    226  k***************
***************k  495    227  k***************
error
***************k  495    228  k***************
***************k  495    229  k***************
***************k  495    230  k***************
***************k  495    231  k***************
***************k  495    232  k***************
***************k  495    233  k***************
error
***************k  495    234  k***************
***************k  495    235  k***************
***************k  495    236  k***************
error
error
***************k  495    237  k***************
***************k  495    238  k***************
***************k  495    239  k***************
***************k  495    240  k***************
***************k  495    241  k***************
***************k  495    242  k***************
***************k  495    243  k***************
***************k  495    244  k***************
***************k  495    245  k***************
***************k  495    246  k***************
***************k  495    247  k***************
***************k  495    248  k***************
error
***************k  495    249  k***************
***************k  495    250  k***************
error
error
***************k  495    251  k***************
error
error
***************k  495    252  k***************
error
***************k  495    253  k***************
***************k  495    254  k***************
***************k  495    255  k***************
***************k  495    256  k***************
***************k  495    257  k***************
***************k  495    258  k***************
error
***************k  495    259  k***************
***************k  495    260  k***************
error
***************k  495    261  k***************
***************k  495    262  k***************
error
error
***************k  495    263  k***************
***************k  495    264  k***************
***************k  495    265  k***************
***************k  495    266  k***************
error
***************k  495    267  k***************
***************k  495    268  k***************
error
error
***************k  495    269  k***************
***************k  495    270  k***************
***************k  495    271  k***************
***************k  495    272  k***************
***************k  495    273  k***************
***************k  495    274  k***************
***************k  495    275  k***************
***************k  495    276  k***************
error
***************k  495    277  k***************
error
error
error
***************k  495    278  k***************
***************k  495    279  k***************
***************k  495    280  k***************
***************k  495    281  k***************
***************k  495    282  k***************
***************k  495    283  k***************
***************k  495    284  k***************
error
error
***************k  495    285  k***************
***************k  495    286  k***************
***************k  495    287  k***************
***************k  495    288  k***************
***************k  495    289  k***************
***************k  495    290  k***************
***************k  495    291  k***************
error
***************k  495    292  k***************
error
error
***************k  495    293  k***************
***************k  495    294  k***************
***************k  495    295  k***************
***************k  495    296  k***************
error
***************k  495    297  k***************
***************k  495    298  k***************
error
error
***************k  495    299  k***************
***************k  495    300  k***************
error
***************k  495    301  k***************
error
***************k  495    302  k***************
error
***************k  495    303  k***************
error
***************k  495    304  k***************
***************k  495    305  k***************
***************k  495    306  k***************
***************k  495    307  k***************
***************k  495    308  k***************
***************k  495    309  k***************
***************k  495    310  k***************
***************k  495    311  k***************
***************k  495    312  k***************
***************k  495    313  k***************
***************k  495    314  k***************
***************k  495    315  k***************
***************k  495    316  k***************
***************k  495    317  k***************
***************k  495    318  k***************
***************k  495    319  k***************
error
***************k  495    320  k***************
***************k  495    321  k***************
***************k  495    322  k***************
***************k  495    323  k***************
***************k  495    324  k***************
error
***************k  495    325  k***************
error
***************k  495    326  k***************
***************k  495    327  k***************
***************k  495    328  k***************
***************k  495    329  k***************
***************k  495    330  k***************
***************k  495    331  k***************
***************k  495    332  k***************
***************k  495    333  k***************
***************k  495    334  k***************
***************k  495    335  k***************
***************k  495    336  k***************
***************k  495    337  k***************
***************k  495    338  k***************
***************k  495    339  k***************
***************k  495    340  k***************
***************k  495    341  k***************
***************k  495    342  k***************
***************k  495    343  k***************
error
***************k  495    344  k***************
***************k  495    345  k***************
***************k  495    346  k***************
***************k  495    347  k***************
error
error
error
***************k  495    348  k***************
error
error
error
error
error
error
error
***************k  495    349  k***************
***************k  495    350  k***************
***************k  495    351  k***************
***************k  495    352  k***************
error
***************k  495    353  k***************
***************k  495    354  k***************
error
error
error
error
error
error
error
error
error
error
error
error
error
error
error
error
error
error
error
error
error
***************k  495    355  k***************
error
error
error
error
error
error
error
error
error
error
error
error
error
error
error
error
error
error
error
error
error
error
error
error
***************k  495    356  k***************
error
error
error
error
error
error
error
error
error
error
error
error
error
error
error
error
error
error
error
error
error
error
error
error
***************k  495    357  k***************
error
error
error
error
error
error
error
error
error
error
error
error
error
error
error
error
error
error
error
error
error
error
error
***************k  495    358  k***************
error
error
error
error
error
error
error
error
error
error
error
error
error
***************k  495    359  k***************
error
error
error
error
error
error
error
***************k  495    360  k***************
error
error
error
error
error
error
error
error
error
error
error
error
error
error
error
error
error
error
error
error
error
error
error
error
***************k  495    361  k***************
error
error
error
error
error
error
error
error
error
error
error
error
error
error
error
error
error
error
error
error
error
***************k  495    362  k***************
error
error
error
error
error
error
error
error
error
error
error
error
error
error
error
error
error
error
error
error
error
error
error
error
***************k  495    363  k***************
error
error
error
error
error
error
error
error
error
error
error
error
error
error
error
error
error
error
error
error
***************k  495    364  k***************
error
error
error
error
error
error
error
error
error
error
error
error
error
error
error
error
error
error
error
error
error
error
***************k  495    365  k***************
error
error
error
error
error
error
error
error
error
error
error
error
error
error
error
error
error
error
error
error
error
***************k  495    366  k***************
error
error
error
error
error
error
error
error
error
error
***************k  495    367  k***************
error
error
error
error
error
error
error
error
error
error
error
error
error
error
error
error
error
error
error
error
error
***************k  495    368  k***************
error
error
error
error
error
error
error
error
error
error
error
error
error
error
error
error
error
error
error
error
error
error
error
error
***************k  495    369  k***************
error
error
error
error
error
error
error
error
error
error
error
error
error
error
error
error
error
error
error
error
error
error
error
error
***************k  495    370  k***************
error
error
error
error
error
error
error
error
error
error
error
error
error
error
error
error
error
error
error
error
error
error
error
error
***************k  495    371  k***************
error
error
error
error
error
error
error
error
error
error
error
error
error
error
error
error
error
error
error
error
error
error
error
error
***************k  495    372  k***************
error
error
error
error
error
error
error
error
error
error
error
error
error
error
error
error
error
error
error
error
error
error
error
error
***************k  495    373  k***************
error
error
error
error
error
error
error
error
error
error
error
error
error
error
error
error
error
error
error
error
error
error
error
error
***************k  495    374  k***************
error
error
error
error
error
error
error
error
error
error
error
error
error
error
error
error
error
error
error
error
error
error
error
error
***************k  495    375  k***************
error
error
error
error
error
error
error
error
error
error
error
error
error
error
error
error
error
error
error
error
error
error
error
***************k  495    376  k***************
error
error
error
error
error
error
error
error
error
error
error
error
error
error
error
error
error
error
error
error
error
error
error
error
***************k  495    377  k***************
error
***************k  495    378  k***************
error
error
error
error
error
error
error
error
error
error
error
error
error
error
error
error
error
error
error
error
error
***************k  495    379  k***************
error
error
error
error
error
error
error
error
error
error
error
error
error
error
error
error
error
error
error
error
error
error
error
error
***************k  495    380  k***************
error
error
error
error
error
error
error
error
error
error
error
error
error
error
error
error
error
error
error
error
error
error
error
error
***************k  495    381  k***************
error
error
error
error
error
error
error
error
error
error
error
error
error
error
error
error
***************k  495    382  k***************
***************k  495    383  k***************
***************k  495    384  k***************
***************k  495    385  k***************
***************k  495    386  k***************
error
error
error
error
error
error
error
error
error
error
error
error
error
error
***************k  495    387  k***************
error
error
error
error
error
error
error
error
error
error
error
error
error
error
error
error
error
error
error
error
error
error
error
error
***************k  495    388  k***************
error
error
error
error
error
error
error
error
error
error
error
error
error
error
error
error
error
error
error
error
error
error
error
error
***************k  495    389  k***************
error
error
error
error
error
error
error
error
error
error
error
error
error
error
error
error
error
error
error
error
error
error
error
error
***************k  495    390  k***************
error
error
error
error
error
error
error
error
error
error
error
error
error
error
error
error
error
error
error
error
error
error
error
error
***************k  495    391  k***************
error
error
error
error
error
error
error
error
error
error
error
error
error
error
error
error
error
error
error
error
error
error
error
error
***************k  495    392  k***************
error
error
error
error
error
error
error
error
error
error
error
error
error
error
error
error
error
error
error
error
error
error
error
error
***************k  495    393  k***************
error
error
error
error
error
error
error
error
error
error
error
error
error
error
error
error
error
error
error
error
error
error
error
error
***************k  495    394  k***************
error
error
error
error
error
error
error
error
error
error
error
error
error
error
error
error
error
error
error
error
error
error
error
error
***************k  495    395  k***************
error
error
error
error
error
error
error
error
error
error
error
error
error
error
error
error
error
error
error
error
error
error
error
error
***************k  495    396  k***************
error
error
error
error
error
error
error
error
error
error
error
error
error
error
error
error
error
error
error
error
error
error
***************k  495    397  k***************
error
error
error
error
error
error
error
error
error
error
error
error
error
***************k  495    398  k***************
error
error
error
error
error
error
error
error
error
error
error
error
error
error
error
error
error
error
error
error
error
error
error
error
***************k  495    399  k***************
error
error
error
error
error
error
error
error
error
error
error
error
error
error
error
error
error
error
error
error
error
error
error
error
***************k  495    400  k***************
error
error
error
error
error
error
error
error
error
error
error
error
error
error
error
error
error
error
error
error
error
error
error
error
***************k  495    401  k***************
error
error
error
error
error
error
error
error
error
error
error
error
error
error
error
error
error
error
error
error
error
error
error
error
***************k  495    402  k***************
error
error
error
error
error
error
error
error
error
error
error
error
error
error
error
error
error
error
error
error
error
error
error
error
***************k  495    403  k***************
error
error
error
error
error
error
error
error
error
error
error
error
error
error
error
error
error
error
error
error
error
error
error
error
***************k  495    404  k***************
error
error
error
error
error
error
error
error
error
error
error
error
error
error
error
error
error
error
error
error
error
error
error
error
***************k  495    405  k***************
error
error
error
error
error
error
error
error
error
error
error
error
error
error
error
error
error
error
error
error
error
error
error
error
***************k  495    406  k***************
error
error
error
error
error
error
error
error
error
error
error
error
error
error
error
error
error
error
error
error
error
error
error
error
***************k  495    407  k***************
error
error
error
error
error
error
error
error
error
error
error
error
error
error
error
error
error
error
error
error
error
error
error
error
***************k  495    408  k***************
error
error
error
error
error
error
error
error
error
error
error
error
error
error
error
error
error
error
error
error
error
error
error
error
***************k  495    409  k***************
error
error
error
error
error
error
error
error
error
error
error
error
error
error
error
error
error
error
error
error
error
error
error
error
***************k  495    410  k***************
error
error
error
error
error
error
error
error
error
error
error
error
error
error
error
error
error
error
error
error
error
error
error
error
***************k  495    411  k***************
error
error
error
error
error
error
error
error
error
error
error
error
error
error
error
error
error
error
error
error
error
error
error
error
***************k  495    412  k***************
error
error
error
error
error
error
error
error
error
error
error
error
error
error
error
error
error
error
error
error
error
error
error
error
***************k  495    413  k***************
error
error
error
error
error
error
error
error
error
error
error
error
error
error
error
error
error
error
error
error
error
error
error
error
***************k  495    414  k***************
error
error
error
error
error
error
error
error
error
error
error
error
error
error
error
error
error
error
error
error
error
error
error
error
***************k  495    415  k***************
error
error
error
error
error
error
error
error
error
error
error
error
error
error
error
error
error
error
error
error
error
error
error
error
***************k  495    416  k***************
error
error
error
error
error
error
error
error
error
error
error
error
***************k  495    417  k***************
***************k  495    418  k***************
***************k  495    419  k***************
***************k  495    420  k***************
***************k  495    421  k***************
***************k  495    422  k***************
***************k  495    423  k***************
***************k  495    424  k***************
error
error
error
error
error
error
error
error
error
error
error
error
error
error
error
error
error
***************k  495    425  k***************
error
error
error
error
error
error
error
error
error
error
error
error
error
error
error
error
error
error
error
error
error
error
***************k  495    426  k***************
error
error
error
error
error
error
error
error
error
error
error
error
error
error
error
error
error
error
error
error
error
***************k  495    427  k***************
error
error
error
error
error
error
error
error
error
error
error
error
error
error
error
error
error
error
error
error
error
error
***************k  495    428  k***************
error
error
error
error
error
error
error
error
error
error
error
error
error
error
error
error
error
error
error
error
error
error
error
***************k  495    429  k***************
error
error
error
error
error
error
error
error
error
error
error
error
error
error
error
error
error
error
error
error
error
error
error
error
***************k  495    430  k***************
error
error
error
error
error
error
error
error
error
error
error
error
error
error
error
error
error
error
error
error
error
error
error
***************k  495    431  k***************
error
error
error
error
***************k  495    432  k***************
error
***************k  495    433  k***************
error
error
error
error
***************k  495    434  k***************
error
error
***************k  495    435  k***************
error
***************k  495    436  k***************
error
***************k  495    437  k***************
error
error
***************k  495    438  k***************
***************k  495    439  k***************
error
***************k  495    440  k***************
error
error
***************k  495    441  k***************
error
error
***************k  495    442  k***************
error
error
error
error
error
error
error
error
error
***************k  495    443  k***************
error
error
error
error
error
error
error
***************k  495    444  k***************
error
error
error
error
error
***************k  495    445  k***************
error
***************k  495    446  k***************
error
error
error
***************k  495    447  k***************
error
***************k  495    448  k***************
error
***************k  495    449  k***************
error
error
error
error
error
error
error
error
error
error
error
***************k  495    450  k***************
error
error
error
***************k  495    451  k***************
error
***************k  495    452  k***************
***************k  495    453  k***************
error
***************k  495    454  k***************
error
error
error
error
error
error
error
error
error
error
error
error
error
error
***************k  495    455  k***************
error
error
error
error
error
error
***************k  495    456  k***************
error
error
error
error
error
***************k  495    457  k***************
error
error
error
error
***************k  495    458  k***************
error
***************k  495    459  k***************
error
***************k  495    460  k***************
error
error
error
error
error
error
error
error
error
error
error
error
error
error
error
error
error
error
error
error
error
***************k  495    461  k***************
error
error
error
error
error
error
error
error
error
error
error
error
error
error
error
error
error
error
error
error
error
error
error
error
***************k  495    462  k***************
error
error
error
error
error
error
error
error
error
error
error
error
error
error
error
error
error
error
error
error
error
error
error
error
***************k  495    463  k***************
error
error
error
error
error
error
error
error
error
error
error
error
error
error
error
error
error
error
error
error
error
error
error
error
***************k  495    464  k***************
error
error
error
error
error
error
error
error
error
error
error
error
error
error
error
error
error
error
error
error
error
error
error
error
***************k  495    465  k***************
error
error
error
error
error
error
error
error
error
error
error
error
error
error
error
error
error
error
error
error
error
error
error
error
***************k  495    466  k***************
error
error
error
error
error
error
error
error
error
error
error
error
error
error
error
error
error
error
error
error
error
error
error
error
***************k  495    467  k***************
error
error
error
error
error
error
error
error
error
error
error
error
error
error
error
error
error
error
error
error
error
error
error
error
***************k  495    468  k***************
error
error
error
error
error
error
error
error
error
error
error
error
error
error
error
error
error
error
error
error
error
error
error
error
***************k  495    469  k***************
error
error
error
error
error
error
error
error
error
error
error
error
error
error
error
error
error
error
error
error
error
error
error
error
***************k  495    470  k***************
error
error
error
error
error
error
error
error
error
error
error
error
error
error
error
error
error
error
error
error
error
error
error
error
***************k  495    471  k***************
error
error
error
error
error
error
error
error
error
error
error
error
error
error
error
error
error
error
error
error
error
error
error
error
***************k  495    472  k***************
error
error
error
error
error
error
error
error
error
error
error
error
error
error
error
error
error
error
error
error
error
error
error
error
***************k  495    473  k***************
error
error
error
error
error
error
error
error
error
error
error
error
error
error
error
error
error
error
error
error
error
error
error
error
***************k  495    474  k***************
error
error
error
error
error
error
error
error
error
error
error
error
error
error
error
error
error
error
error
error
error
error
error
error
***************k  495    475  k***************
error
error
error
error
error
error
error
error
error
error
error
error
error
error
error
error
error
error
error
error
error
error
error
error
***************k  495    476  k***************
error
error
error
error
error
error
error
error
error
error
error
error
error
error
error
error
error
error
error
error
error
error
error
error
***************k  495    477  k***************
error
error
error
error
error
error
error
error
error
error
error
error
error
error
error
error
error
error
error
error
error
error
error
error
***************k  495    478  k***************
error
error
error
error
error
error
error
error
error
error
error
error
error
error
error
error
error
error
error
error
error
error
error
error
***************k  495    479  k***************
error
error
error
error
error
error
error
error
error
error
error
error
error
error
error
error
error
error
error
error
error
error
error
error
***************k  495    480  k***************
error
error
error
error
error
error
error
error
error
error
error
error
error
error
error
error
error
error
error
error
error
error
error
error
***************k  495    481  k***************
error
error
error
error
error
error
error
error
error
error
error
error
error
error
error
error
error
error
error
error
error
error
error
error
***************k  495    482  k***************
error
error
error
error
error
error
error
error
error
error
error
error
error
error
error
error
error
error
error
error
error
error
error
error
***************k  495    483  k***************
error
error
error
error
error
error
error
error
error
error
error
error
error
error
error
error
error
error
error
error
error
error
error
error
***************k  495    484  k***************
error
error
error
error
error
error
error
error
error
error
error
error
error
error
error
error
error
error
error
error
error
error
error
error
***************k  495    485  k***************
error
error
error
error
error
error
error
error
error
error
error
error
error
error
error
error
error
error
error
error
error
error
error
error
***************k  495    486  k***************
error
error
error
error
error
error
error
error
error
error
error
error
error
error
error
error
error
error
error
error
error
error
error
error
***************k  495    487  k***************
error
error
error
error
error
error
error
error
error
error
error
error
error
error
error
error
error
error
error
error
error
error
error
error
***************k  495    488  k***************
error
error
error
error
error
error
error
error
error
error
error
error
error
error
error
error
error
error
error
error
error
error
error
error
***************k  495    489  k***************
error
error
error
error
error
error
error
error
error
error
error
error
error
error
error
error
error
error
error
error
error
error
error
error
***************k  495    490  k***************
error
error
error
error
error
error
error
error
error
error
error
error
error
error
error
error
error
error
error
error
error
error
error
error
***************k  495    491  k***************
error
error
error
error
error
error
error
error
error
error
error
error
error
***************k  495    492  k***************
error
error
error
error
error
error
error
error
error
error
error
error
error
error
error
error
error
error
***************k  495    493  k***************
error
error
error
error
error
error
error
error
error
error
error
error
error
error
error
error
error
error
error
error
error
error
error
error
***************k  495    494  k***************
error
error
error
error
error
***************m  9215    0  m***************
***************m  9215    1  m***************
***************m  9215    2  m***************
***************m  9215    3  m***************
***************m  9215    4  m***************
***************m  9215    5  m***************
***************m  9215    6  m***************
***************m  9215    7  m***************
***************m  9215    8  m***************
***************m  9215    9  m***************
***************m  9215    10  m***************
***************m  9215    11  m***************
***************m  9215    12  m***************
***************m  9215    13  m***************
***************m  9215    14  m***************
***************m  9215    15  m***************
***************m  9215    16  m***************
***************m  9215    17  m***************
***************m  9215    18  m***************
***************m  9215    19  m***************
***************m  9215    20  m***************
***************m  9215    21  m***************
***************m  9215    22  m***************
***************m  9215    23  m***************
***************m  9215    24  m***************
***************m  9215    25  m***************
***************m  9215    26  m***************
***************m  9215    27  m***************
***************m  9215    28  m***************
***************m  9215    29  m***************
***************m  9215    30  m***************
***************m  9215    31  m***************
***************m  9215    32  m***************
***************m  9215    33  m***************
***************m  9215    34  m***************
***************m  9215    35  m***************
***************m  9215    36  m***************
***************m  9215    37  m***************
***************m  9215    38  m***************
***************m  9215    39  m***************
***************m  9215    40  m***************
***************m  9215    41  m***************
***************m  9215    42  m***************
***************m  9215    43  m***************
***************m  9215    44  m***************
***************m  9215    45  m***************
***************m  9215    46  m***************
***************m  9215    47  m***************
***************m  9215    48  m***************
***************m  9215    49  m***************
***************m  9215    50  m***************
***************m  9215    51  m***************
***************m  9215    52  m***************
***************m  9215    53  m***************
***************m  9215    54  m***************
***************m  9215    55  m***************
***************m  9215    56  m***************
***************m  9215    57  m***************
***************m  9215    58  m***************
***************m  9215    59  m***************
***************m  9215    60  m***************
***************m  9215    61  m***************
***************m  9215    62  m***************
***************m  9215    63  m***************
***************m  9215    64  m***************
***************m  9215    65  m***************
***************m  9215    66  m***************
***************m  9215    67  m***************
***************m  9215    68  m***************
***************m  9215    69  m***************
***************m  9215    70  m***************
***************m  9215    71  m***************
***************m  9215    72  m***************
***************m  9215    73  m***************
***************m  9215    74  m***************
***************m  9215    75  m***************
***************m  9215    76  m***************
***************m  9215    77  m***************
***************m  9215    78  m***************
***************m  9215    79  m***************
***************m  9215    80  m***************
***************m  9215    81  m***************
***************m  9215    82  m***************
***************m  9215    83  m***************
***************m  9215    84  m***************
***************m  9215    85  m***************
***************m  9215    86  m***************
***************m  9215    87  m***************
***************m  9215    88  m***************
***************m  9215    89  m***************
***************m  9215    90  m***************
***************m  9215    91  m***************
***************m  9215    92  m***************
***************m  9215    93  m***************
***************m  9215    94  m***************
***************m  9215    95  m***************
***************m  9215    96  m***************
***************m  9215    97  m***************
***************m  9215    98  m***************
***************m  9215    99  m***************
***************m  9215    100  m***************
***************m  9215    101  m***************
***************m  9215    102  m***************
***************m  9215    103  m***************
***************m  9215    104  m***************
***************m  9215    105  m***************
***************m  9215    106  m***************
***************m  9215    107  m***************
***************m  9215    108  m***************
***************m  9215    109  m***************
***************m  9215    110  m***************
***************m  9215    111  m***************
***************m  9215    112  m***************
***************m  9215    113  m***************
***************m  9215    114  m***************
***************m  9215    115  m***************
***************m  9215    116  m***************
***************m  9215    117  m***************
***************m  9215    118  m***************
***************m  9215    119  m***************
***************m  9215    120  m***************
***************m  9215    121  m***************
***************m  9215    122  m***************
***************m  9215    123  m***************
***************m  9215    124  m***************
***************m  9215    125  m***************
***************m  9215    126  m***************
***************m  9215    127  m***************
***************m  9215    128  m***************
***************m  9215    129  m***************
***************m  9215    130  m***************
***************m  9215    131  m***************
***************m  9215    132  m***************
***************m  9215    133  m***************
***************m  9215    134  m***************
***************m  9215    135  m***************
***************m  9215    136  m***************
***************m  9215    137  m***************
***************m  9215    138  m***************
***************m  9215    139  m***************
***************m  9215    140  m***************
***************m  9215    141  m***************
***************m  9215    142  m***************
***************m  9215    143  m***************
***************m  9215    144  m***************
***************m  9215    145  m***************
***************m  9215    146  m***************
***************m  9215    147  m***************
***************m  9215    148  m***************
***************m  9215    149  m***************
***************m  9215    150  m***************
***************m  9215    151  m***************
***************m  9215    152  m***************
***************m  9215    153  m***************
***************m  9215    154  m***************
***************m  9215    155  m***************
***************m  9215    156  m***************
***************m  9215    157  m***************
***************m  9215    158  m***************
***************m  9215    159  m***************
***************m  9215    160  m***************
***************m  9215    161  m***************
***************m  9215    162  m***************
***************m  9215    163  m***************
***************m  9215    164  m***************
***************m  9215    165  m***************
***************m  9215    166  m***************
***************m  9215    167  m***************
***************m  9215    168  m***************
***************m  9215    169  m***************
***************m  9215    170  m***************
***************m  9215    171  m***************
***************m  9215    172  m***************
***************m  9215    173  m***************
***************m  9215    174  m***************
***************m  9215    175  m***************
***************m  9215    176  m***************
***************m  9215    177  m***************
***************m  9215    178  m***************
***************m  9215    179  m***************
***************m  9215    180  m***************
***************m  9215    181  m***************
***************m  9215    182  m***************
***************m  9215    183  m***************
***************m  9215    184  m***************
***************m  9215    185  m***************
***************m  9215    186  m***************
***************m  9215    187  m***************
***************m  9215    188  m***************
***************m  9215    189  m***************
***************m  9215    190  m***************
***************m  9215    191  m***************
***************m  9215    192  m***************
***************m  9215    193  m***************
***************m  9215    194  m***************
***************m  9215    195  m***************
***************m  9215    196  m***************
***************m  9215    197  m***************
***************m  9215    198  m***************
***************m  9215    199  m***************
***************m  9215    200  m***************
***************m  9215    201  m***************
***************m  9215    202  m***************
***************m  9215    203  m***************
***************m  9215    204  m***************
***************m  9215    205  m***************
***************m  9215    206  m***************
***************m  9215    207  m***************
***************m  9215    208  m***************
***************m  9215    209  m***************
***************m  9215    210  m***************
***************m  9215    211  m***************
***************m  9215    212  m***************
***************m  9215    213  m***************
***************m  9215    214  m***************
***************m  9215    215  m***************
***************m  9215    216  m***************
***************m  9215    217  m***************
***************m  9215    218  m***************
***************m  9215    219  m***************
***************m  9215    220  m***************
***************m  9215    221  m***************
***************m  9215    222  m***************
***************m  9215    223  m***************
***************m  9215    224  m***************
***************m  9215    225  m***************
***************m  9215    226  m***************
***************m  9215    227  m***************
***************m  9215    228  m***************
***************m  9215    229  m***************
***************m  9215    230  m***************
***************m  9215    231  m***************
***************m  9215    232  m***************
***************m  9215    233  m***************
***************m  9215    234  m***************
***************m  9215    235  m***************
***************m  9215    236  m***************
***************m  9215    237  m***************
***************m  9215    238  m***************
***************m  9215    239  m***************
***************m  9215    240  m***************
***************m  9215    241  m***************
***************m  9215    242  m***************
***************m  9215    243  m***************
***************m  9215    244  m***************
***************m  9215    245  m***************
***************m  9215    246  m***************
***************m  9215    247  m***************
***************m  9215    248  m***************
***************m  9215    249  m***************
***************m  9215    250  m***************
***************m  9215    251  m***************
***************m  9215    252  m***************
***************m  9215    253  m***************
***************m  9215    254  m***************
***************m  9215    255  m***************
***************m  9215    256  m***************
***************m  9215    257  m***************
***************m  9215    258  m***************
***************m  9215    259  m***************
***************m  9215    260  m***************
***************m  9215    261  m***************
***************m  9215    262  m***************
***************m  9215    263  m***************
***************m  9215    264  m***************
***************m  9215    265  m***************
***************m  9215    266  m***************
***************m  9215    267  m***************
***************m  9215    268  m***************
***************m  9215    269  m***************
***************m  9215    270  m***************
***************m  9215    271  m***************
***************m  9215    272  m***************
***************m  9215    273  m***************
***************m  9215    274  m***************
***************m  9215    275  m***************
***************m  9215    276  m***************
***************m  9215    277  m***************
***************m  9215    278  m***************
***************m  9215    279  m***************
***************m  9215    280  m***************
***************m  9215    281  m***************
***************m  9215    282  m***************
***************m  9215    283  m***************
***************m  9215    284  m***************
***************m  9215    285  m***************
***************m  9215    286  m***************
***************m  9215    287  m***************
***************m  9215    288  m***************
***************m  9215    289  m***************
***************m  9215    290  m***************
***************m  9215    291  m***************
***************m  9215    292  m***************
***************m  9215    293  m***************
***************m  9215    294  m***************
***************m  9215    295  m***************
***************m  9215    296  m***************
***************m  9215    297  m***************
***************m  9215    298  m***************
***************m  9215    299  m***************
***************m  9215    300  m***************
***************m  9215    301  m***************
***************m  9215    302  m***************
***************m  9215    303  m***************
***************m  9215    304  m***************
***************m  9215    305  m***************
***************m  9215    306  m***************
***************m  9215    307  m***************
***************m  9215    308  m***************
***************m  9215    309  m***************
***************m  9215    310  m***************
***************m  9215    311  m***************
***************m  9215    312  m***************
***************m  9215    313  m***************
***************m  9215    314  m***************
***************m  9215    315  m***************
***************m  9215    316  m***************
***************m  9215    317  m***************
***************m  9215    318  m***************
***************m  9215    319  m***************
***************m  9215    320  m***************
***************m  9215    321  m***************
***************m  9215    322  m***************
***************m  9215    323  m***************
***************m  9215    324  m***************
***************m  9215    325  m***************
***************m  9215    326  m***************
***************m  9215    327  m***************
***************m  9215    328  m***************
***************m  9215    329  m***************
***************m  9215    330  m***************
***************m  9215    331  m***************
***************m  9215    332  m***************
***************m  9215    333  m***************
***************m  9215    334  m***************
***************m  9215    335  m***************
***************m  9215    336  m***************
***************m  9215    337  m***************
***************m  9215    338  m***************
***************m  9215    339  m***************
***************m  9215    340  m***************
***************m  9215    341  m***************
***************m  9215    342  m***************
***************m  9215    343  m***************
***************m  9215    344  m***************
***************m  9215    345  m***************
***************m  9215    346  m***************
***************m  9215    347  m***************
***************m  9215    348  m***************
***************m  9215    349  m***************
***************m  9215    350  m***************
***************m  9215    351  m***************
***************m  9215    352  m***************
***************m  9215    353  m***************
***************m  9215    354  m***************
***************m  9215    355  m***************
***************m  9215    356  m***************
***************m  9215    357  m***************
***************m  9215    358  m***************
***************m  9215    359  m***************
***************m  9215    360  m***************
***************m  9215    361  m***************
***************m  9215    362  m***************
***************m  9215    363  m***************
***************m  9215    364  m***************
***************m  9215    365  m***************
***************m  9215    366  m***************
***************m  9215    367  m***************
***************m  9215    368  m***************
***************m  9215    369  m***************
***************m  9215    370  m***************
***************m  9215    371  m***************
***************m  9215    372  m***************
***************m  9215    373  m***************
***************m  9215    374  m***************
***************m  9215    375  m***************
***************m  9215    376  m***************
***************m  9215    377  m***************
***************m  9215    378  m***************
***************m  9215    379  m***************
***************m  9215    380  m***************
***************m  9215    381  m***************
***************m  9215    382  m***************
***************m  9215    383  m***************
***************m  9215    384  m***************
***************m  9215    385  m***************
***************m  9215    386  m***************
***************m  9215    387  m***************
***************m  9215    388  m***************
***************m  9215    389  m***************
***************m  9215    390  m***************
***************m  9215    391  m***************
***************m  9215    392  m***************
***************m  9215    393  m***************
***************m  9215    394  m***************
***************m  9215    395  m***************
***************m  9215    396  m***************
***************m  9215    397  m***************
***************m  9215    398  m***************
***************m  9215    399  m***************
***************m  9215    400  m***************
***************m  9215    401  m***************
***************m  9215    402  m***************
***************m  9215    403  m***************
***************m  9215    404  m***************
***************m  9215    405  m***************
***************m  9215    406  m***************
***************m  9215    407  m***************
***************m  9215    408  m***************
***************m  9215    409  m***************
***************m  9215    410  m***************
***************m  9215    411  m***************
***************m  9215    412  m***************
***************m  9215    413  m***************
***************m  9215    414  m***************
***************m  9215    415  m***************
***************m  9215    416  m***************
***************m  9215    417  m***************
***************m  9215    418  m***************
***************m  9215    419  m***************
***************m  9215    420  m***************
***************m  9215    421  m***************
***************m  9215    422  m***************
***************m  9215    423  m***************
***************m  9215    424  m***************
***************m  9215    425  m***************
***************m  9215    426  m***************
***************m  9215    427  m***************
***************m  9215    428  m***************
***************m  9215    429  m***************
***************m  9215    430  m***************
***************m  9215    431  m***************
***************m  9215    432  m***************
***************m  9215    433  m***************
***************m  9215    434  m***************
***************m  9215    435  m***************
***************m  9215    436  m***************
***************m  9215    437  m***************
***************m  9215    438  m***************
***************m  9215    439  m***************
***************m  9215    440  m***************
***************m  9215    441  m***************
***************m  9215    442  m***************
***************m  9215    443  m***************
***************m  9215    444  m***************
***************m  9215    445  m***************
***************m  9215    446  m***************
***************m  9215    447  m***************
***************m  9215    448  m***************
***************m  9215    449  m***************
***************m  9215    450  m***************
***************m  9215    451  m***************
***************m  9215    452  m***************
***************m  9215    453  m***************
***************m  9215    454  m***************
***************m  9215    455  m***************
***************m  9215    456  m***************
***************m  9215    457  m***************
***************m  9215    458  m***************
***************m  9215    459  m***************
***************m  9215    460  m***************
***************m  9215    461  m***************
***************m  9215    462  m***************
***************m  9215    463  m***************
***************m  9215    464  m***************
***************m  9215    465  m***************
***************m  9215    466  m***************
***************m  9215    467  m***************
***************m  9215    468  m***************
***************m  9215    469  m***************
***************m  9215    470  m***************
***************m  9215    471  m***************
***************m  9215    472  m***************
***************m  9215    473  m***************
***************m  9215    474  m***************
***************m  9215    475  m***************
***************m  9215    476  m***************
***************m  9215    477  m***************
***************m  9215    478  m***************
***************m  9215    479  m***************
***************m  9215    480  m***************
***************m  9215    481  m***************
***************m  9215    482  m***************
***************m  9215    483  m***************
***************m  9215    484  m***************
***************m  9215    485  m***************
***************m  9215    486  m***************
***************m  9215    487  m***************
***************m  9215    488  m***************
***************m  9215    489  m***************
***************m  9215    490  m***************
***************m  9215    491  m***************
***************m  9215    492  m***************
***************m  9215    493  m***************
***************m  9215    494  m***************
***************m  9215    495  m***************
***************m  9215    496  m***************
***************m  9215    497  m***************
***************m  9215    498  m***************
***************m  9215    499  m***************
***************m  9215    500  m***************
***************m  9215    501  m***************
***************m  9215    502  m***************
***************m  9215    503  m***************
***************m  9215    504  m***************
***************m  9215    505  m***************
***************m  9215    506  m***************
***************m  9215    507  m***************
***************m  9215    508  m***************
***************m  9215    509  m***************
***************m  9215    510  m***************
***************m  9215    511  m***************
***************m  9215    512  m***************
***************m  9215    513  m***************
***************m  9215    514  m***************
***************m  9215    515  m***************
***************m  9215    516  m***************
***************m  9215    517  m***************
***************m  9215    518  m***************
***************m  9215    519  m***************
***************m  9215    520  m***************
***************m  9215    521  m***************
***************m  9215    522  m***************
***************m  9215    523  m***************
***************m  9215    524  m***************
***************m  9215    525  m***************
***************m  9215    526  m***************
***************m  9215    527  m***************
***************m  9215    528  m***************
***************m  9215    529  m***************
***************m  9215    530  m***************
***************m  9215    531  m***************
***************m  9215    532  m***************
***************m  9215    533  m***************
***************m  9215    534  m***************
***************m  9215    535  m***************
***************m  9215    536  m***************
***************m  9215    537  m***************
***************m  9215    538  m***************
***************m  9215    539  m***************
***************m  9215    540  m***************
***************m  9215    541  m***************
***************m  9215    542  m***************
***************m  9215    543  m***************
***************m  9215    544  m***************
***************m  9215    545  m***************
***************m  9215    546  m***************
***************m  9215    547  m***************
***************m  9215    548  m***************
***************m  9215    549  m***************
***************m  9215    550  m***************
***************m  9215    551  m***************
***************m  9215    552  m***************
***************m  9215    553  m***************
***************m  9215    554  m***************
***************m  9215    555  m***************
***************m  9215    556  m***************
***************m  9215    557  m***************
***************m  9215    558  m***************
***************m  9215    559  m***************
***************m  9215    560  m***************
***************m  9215    561  m***************
***************m  9215    562  m***************
***************m  9215    563  m***************
***************m  9215    564  m***************
***************m  9215    565  m***************
***************m  9215    566  m***************
***************m  9215    567  m***************
***************m  9215    568  m***************
***************m  9215    569  m***************
***************m  9215    570  m***************
***************m  9215    571  m***************
***************m  9215    572  m***************
***************m  9215    573  m***************
***************m  9215    574  m***************
***************m  9215    575  m***************
***************m  9215    576  m***************
***************m  9215    577  m***************
***************m  9215    578  m***************
***************m  9215    579  m***************
***************m  9215    580  m***************
***************m  9215    581  m***************
***************m  9215    582  m***************
***************m  9215    583  m***************
***************m  9215    584  m***************
***************m  9215    585  m***************
***************m  9215    586  m***************
***************m  9215    587  m***************
***************m  9215    588  m***************
***************m  9215    589  m***************
***************m  9215    590  m***************
***************m  9215    591  m***************
***************m  9215    592  m***************
***************m  9215    593  m***************
***************m  9215    594  m***************
***************m  9215    595  m***************
***************m  9215    596  m***************
***************m  9215    597  m***************
***************m  9215    598  m***************
***************m  9215    599  m***************
***************m  9215    600  m***************
***************m  9215    601  m***************
***************m  9215    602  m***************
***************m  9215    603  m***************
***************m  9215    604  m***************
***************m  9215    605  m***************
***************m  9215    606  m***************
***************m  9215    607  m***************
***************m  9215    608  m***************
***************m  9215    609  m***************
***************m  9215    610  m***************
***************m  9215    611  m***************
***************m  9215    612  m***************
***************m  9215    613  m***************
***************m  9215    614  m***************
***************m  9215    615  m***************
***************m  9215    616  m***************
***************m  9215    617  m***************
***************m  9215    618  m***************
***************m  9215    619  m***************
***************m  9215    620  m***************
***************m  9215    621  m***************
***************m  9215    622  m***************
***************m  9215    623  m***************
***************m  9215    624  m***************
***************m  9215    625  m***************
***************m  9215    626  m***************
***************m  9215    627  m***************
***************m  9215    628  m***************
***************m  9215    629  m***************
***************m  9215    630  m***************
***************m  9215    631  m***************
***************m  9215    632  m***************
***************m  9215    633  m***************
***************m  9215    634  m***************
***************m  9215    635  m***************
***************m  9215    636  m***************
***************m  9215    637  m***************
***************m  9215    638  m***************
***************m  9215    639  m***************
***************m  9215    640  m***************
***************m  9215    641  m***************
***************m  9215    642  m***************
***************m  9215    643  m***************
***************m  9215    644  m***************
***************m  9215    645  m***************
***************m  9215    646  m***************
***************m  9215    647  m***************
***************m  9215    648  m***************
***************m  9215    649  m***************
***************m  9215    650  m***************
***************m  9215    651  m***************
***************m  9215    652  m***************
***************m  9215    653  m***************
***************m  9215    654  m***************
***************m  9215    655  m***************
***************m  9215    656  m***************
***************m  9215    657  m***************
***************m  9215    658  m***************
***************m  9215    659  m***************
***************m  9215    660  m***************
***************m  9215    661  m***************
***************m  9215    662  m***************
***************m  9215    663  m***************
***************m  9215    664  m***************
***************m  9215    665  m***************
***************m  9215    666  m***************
***************m  9215    667  m***************
***************m  9215    668  m***************
***************m  9215    669  m***************
***************m  9215    670  m***************
***************m  9215    671  m***************
***************m  9215    672  m***************
***************m  9215    673  m***************
***************m  9215    674  m***************
***************m  9215    675  m***************
***************m  9215    676  m***************
***************m  9215    677  m***************
***************m  9215    678  m***************
***************m  9215    679  m***************
***************m  9215    680  m***************
***************m  9215    681  m***************
***************m  9215    682  m***************
***************m  9215    683  m***************
***************m  9215    684  m***************
***************m  9215    685  m***************
***************m  9215    686  m***************
***************m  9215    687  m***************
***************m  9215    688  m***************
***************m  9215    689  m***************
***************m  9215    690  m***************
***************m  9215    691  m***************
***************m  9215    692  m***************
***************m  9215    693  m***************
***************m  9215    694  m***************
***************m  9215    695  m***************
***************m  9215    696  m***************
***************m  9215    697  m***************
***************m  9215    698  m***************
***************m  9215    699  m***************
***************m  9215    700  m***************
***************m  9215    701  m***************
***************m  9215    702  m***************
***************m  9215    703  m***************
***************m  9215    704  m***************
***************m  9215    705  m***************
***************m  9215    706  m***************
***************m  9215    707  m***************
***************m  9215    708  m***************
***************m  9215    709  m***************
***************m  9215    710  m***************
***************m  9215    711  m***************
***************m  9215    712  m***************
***************m  9215    713  m***************
***************m  9215    714  m***************
***************m  9215    715  m***************
***************m  9215    716  m***************
***************m  9215    717  m***************
***************m  9215    718  m***************
***************m  9215    719  m***************
***************m  9215    720  m***************
***************m  9215    721  m***************
***************m  9215    722  m***************
***************m  9215    723  m***************
***************m  9215    724  m***************
***************m  9215    725  m***************
***************m  9215    726  m***************
***************m  9215    727  m***************
Spider error processing <GET https://www.turascandinavia.com/sv/inloggningssida> (referer: None)
Traceback (most recent call last):
  File "c:\users\a\appdata\local\programs\python\python38-32\lib\site-packages\twisted\internet\defer.py", line 654, in _runCallbacks
    current.result = callback(current.result, *args, **kw)
  File "E:\scraping\tool-python-scraper-csv-master\TURA\scraping\spiders\tura(all).py", line 337, in parse
    desc = self.driver.find_element_by_class_name('description')
  File "c:\users\a\appdata\local\programs\python\python38-32\lib\site-packages\selenium\webdriver\remote\webdriver.py", line 564, in find_element_by_class_name
    return self.find_element(by=By.CLASS_NAME, value=name)
  File "c:\users\a\appdata\local\programs\python\python38-32\lib\site-packages\selenium\webdriver\remote\webdriver.py", line 976, in find_element
    return self.execute(Command.FIND_ELEMENT, {
  File "c:\users\a\appdata\local\programs\python\python38-32\lib\site-packages\selenium\webdriver\remote\webdriver.py", line 321, in execute
    self.error_handler.check_response(response)
  File "c:\users\a\appdata\local\programs\python\python38-32\lib\site-packages\selenium\webdriver\remote\errorhandler.py", line 242, in check_response
    raise exception_class(message, screen, stacktrace)
selenium.common.exceptions.NoSuchElementException: Message: no such element: Unable to locate element: {"method":"css selector","selector":".description"}
  (Session info: chrome=80.0.3987.132)

Crawled 3 pages (at 3 pages/min), scraped 0 items (at 0 items/min)
Closing spider (finished)
Dumping Scrapy stats:
{'downloader/request_bytes': 1183,
 'downloader/request_count': 5,
 'downloader/request_method_count/GET': 5,
 'downloader/response_bytes': 316358,
 'downloader/response_count': 5,
 'downloader/response_status_count/200': 3,
 'downloader/response_status_count/301': 2,
 'elapsed_time_seconds': 30097.568875,
 'finish_reason': 'finished',
 'finish_time': datetime.datetime(2020, 3, 11, 17, 56, 46, 579383),
 'log_count/DEBUG': 9,
 'log_count/ERROR': 1,
 'log_count/INFO': 3696,
 'response_received_count': 3,
 'robotstxt/request_count': 2,
 'robotstxt/response_count': 2,
 'robotstxt/response_status_count/200': 2,
 'scheduler/dequeued': 2,
 'scheduler/dequeued/memory': 2,
 'scheduler/enqueued': 2,
 'scheduler/enqueued/memory': 2,
 'spider_exceptions/NoSuchElementException': 1,
 'start_time': datetime.datetime(2020, 3, 11, 9, 35, 9, 10508)}
Spider closed (finished)
