Start
90**********3***********
**********https://order.se/champion-c5716/butiksstall/***********
90**********4***********
**********https://order.se/champion-c5716/data-c6166/***********
90**********5***********
**********https://order.se/champion-c5716/hemhushall/***********
90**********6***********
**********https://order.se/champion-c5716/katalog/***********
90**********7***********
**********https://order.se/champion-c5716/ljudbild-c5717/***********
90**********8***********
**********https://order.se/champion-c5716/mobility/***********
90**********9***********
**********https://order.se/champion-c5716/personvard/***********
90**********10***********
**********https://order.se/barn-baby/babylek/***********
90**********11***********
**********https://order.se/barn-baby/barnrum/***********
90**********12***********
**********https://order.se/barn-baby/barnvagnartillbehor/***********
90**********13***********
**********https://order.se/barn-baby/doppresenter/***********
90**********14***********
**********https://order.se/barn-baby/omsorghalsa/***********
90**********15***********
**********https://order.se/barn-baby/resa/***********
90**********16***********
**********https://order.se/barn-baby/smycken/***********
90**********17***********
**********https://order.se/barn-baby/sakerhet-c5864/***********
90**********18***********
**********https://order.se/barn-baby/atadricka/***********
90**********19***********
**********https://order.se/datorer-kringutrustning/datorer/***********
90**********20***********
**********https://order.se/datorer-kringutrustning/gaming/***********
90**********21***********
**********https://order.se/datorer-kringutrustning/natverksprodukter/***********
90**********22***********
**********https://order.se/datorer-kringutrustning/surfplattor-c6266/***********
90**********23***********
**********https://order.se/datorer-kringutrustning/tillbehor-c5676/***********
90**********24***********
**********https://order.se/hem-hushall/belysning-c6198/***********
90**********25***********
**********https://order.se/hem-hushall/dammsugarestadprodukter/***********
90**********26***********
**********https://order.se/hem-hushall/dorrklockor/***********
90**********27***********
**********https://order.se/hem-hushall/elverktyg/***********
90**********28***********
**********https://order.se/hem-hushall/grillar/***********
90**********29***********
**********https://order.se/hem-hushall/kaffeespresso/***********
90**********30***********
**********https://order.se/hem-hushall/klimatprodukter/***********
90**********31***********
**********https://order.se/hem-hushall/koksapparater/***********
90**********32***********
**********https://order.se/hem-hushall/koksredskap/***********
90**********33***********
**********https://order.se/hem-hushall/smarta-hemmet/***********
90**********34***********
**********https://order.se/hem-hushall/sakerhet/***********
90**********35***********
**********https://order.se/hem-hushall/textilvard/***********
90**********36***********
**********https://order.se/hem-hushall/tillbehor-c5838/***********
90**********37***********
**********https://order.se/hem-hushall/utomhusprodukter/***********
90**********38***********
**********https://order.se/hem-hushall/verktyg-c6443/***********
90**********39***********
**********https://order.se/hem-hushall/vaderstationertermometrar/***********
90**********40***********
**********https://order.se/hem-hushall/vaskor/***********
90**********41***********
**********https://order.se/hem-hushall/ovrigt-c6268/***********
90**********42***********
**********https://order.se/leksaker/adventskalender/***********
90**********43***********
**********https://order.se/leksaker/bilarbatarflygplan/***********
90**********44***********
**********https://order.se/leksaker/bygglek/***********
90**********45***********
**********https://order.se/leksaker/bockerspel/***********
90**********46***********
**********https://order.se/leksaker/dockorgosedjurgunghastar/***********
90**********47***********
**********https://order.se/leksaker/lek-och-lar/***********
90**********48***********
**********https://order.se/leksaker/lilla-hemmet/***********
90**********49***********
**********https://order.se/leksaker/maskeradutkladnad/***********
90**********50***********
**********https://order.se/leksaker/musiksangbild/***********
90**********51***********
**********https://order.se/leksaker/pyssla/***********
90**********52***********
**********https://order.se/leksaker/radiostyrt/***********
90**********53***********
**********https://order.se/leksaker/spahar/***********
90**********54***********
**********https://order.se/leksaker/uteleksport/***********
90**********55***********
**********https://order.se/ljud-bild/actionkameror/***********
90**********56***********
**********https://order.se/ljud-bild/audio/***********
90**********57***********
**********https://order.se/ljud-bild/bilstereo/***********
90**********58***********
**********https://order.se/ljud-bild/digitala-fotoramar/***********
90**********59***********
**********https://order.se/ljud-bild/digitalkameror/***********
90**********60***********
**********https://order.se/ljud-bild/digitalmottagare/***********
90**********61***********
**********https://order.se/ljud-bild/dvdblu-rayvhs/***********
90**********62***********
**********https://order.se/ljud-bild/horlurarheadset/***********
90**********63***********
**********https://order.se/ljud-bild/mediacenter/***********
90**********64***********
**********https://order.se/ljud-bild/tillbehor-c5694/***********
90**********65***********
**********https://order.se/ljud-bild/tv/***********
90**********66***********
**********https://order.se/ljud-bild/videokameror/***********
90**********67***********
**********https://order.se/personvard-halsa/hudvard/***********
90**********68***********
**********https://order.se/personvard-halsa/harvard/***********
90**********69***********
**********https://order.se/personvard-halsa/handerfotter/***********
90**********70***********
**********https://order.se/personvard-halsa/intim/***********
90**********71***********
**********https://order.se/personvard-halsa/kosmetik/***********
90**********72***********
**********https://order.se/personvard-halsa/kropphalsa/***********
90**********73***********
**********https://order.se/personvard-halsa/sporttraning/***********
90**********74***********
**********https://order.se/personvard-halsa/tandvard/***********
90**********75***********
**********https://order.se/personvard-halsa/tillbehor-c6278/***********
90**********76***********
**********https://order.se/telecom/fast-telefoni/***********
90**********77***********
**********https://order.se/telecom/gps/***********
90**********78***********
**********https://order.se/telecom/kontantkort/***********
90**********79***********
**********https://order.se/telecom/mobilt-bredband/***********
90**********80***********
**********https://order.se/telecom/mobiltelefoner/***********
90**********81***********
**********https://order.se/telecom/pmrwalki-talkies/***********
90**********82***********
**********https://order.se/telecom/tillbehor/***********
90**********83***********
**********https://order.se/telecom/ovrigt-c6541/***********
90**********84***********
**********https://order.se/tillbehor-c5678/batterierbatteriladdare/***********
listview non-exist
90**********85***********
**********https://order.se/tillbehor-c5678/data/***********
90**********86***********
**********https://order.se/tillbehor-c5678/foto/***********
90**********87***********
**********https://order.se/tillbehor-c5678/hemhushall-c6016/***********
90**********88***********
**********https://order.se/tillbehor-c5678/ljudbild/***********
90**********89***********
**********https://order.se/tillbehor-c5678/telecom-c5681/***********
12683**********0***********
**********https://order.se/stall-vit-plat-600mm-m-hjul-chstall065/***********
rec_price non-exist
12683**********1***********
**********https://order.se/stall-svart-plat-600mm-m-hjul-chstall060/***********
rec_price non-exist
12683**********2***********
**********https://order.se/stoppkort-chstoppkort/***********
rec_price non-exist
paragraph non-exist
12683**********3***********
**********https://order.se/spjut-chstall065-10-pack-vit-chspjut015/***********
rec_price non-exist
12683**********4***********
**********https://order.se/spjut-chstall060-10-pack-svart-chspjut010/***********
rec_price non-exist
12683**********5***********
**********https://order.se/laddsynk-kabel-microusb-1m-svart-97111ch/***********
12683**********6***********
**********https://order.se/laddsynk-kabel-lightning-1m-svart-97122ch/***********
12683**********7***********
**********https://order.se/usb-20-c-till-a-1m-97410ch/***********
12683**********8***********
**********https://order.se/laddsynk-kabel-lightning-1m-vit-97121ch/***********
12683**********9***********
**********https://order.se/usb-20-c-till-a-2m-97412ch/***********
12683**********10***********
**********https://order.se/laddsynk-kabel-lightning-2m-svart-97123ch/***********
12683**********11***********
**********https://order.se/natverkskabel-cat6-utp-50m-ch4405/***********
12683**********12***********
**********https://order.se/laddsynk-kabel-lightning-2m-vit-97120ch/***********
12683**********13***********
**********https://order.se/natverkskabel-cat6-utp-30m-ch4403/***********
12683**********14***********
**********https://order.se/natverkskabel-cat6-utp-150m-ch4421/***********
12683**********15***********
**********https://order.se/laddsynk-kabel-lightning-3m-svart-97124ch/***********
12683**********16***********
**********https://order.se/natverkskabel-cat6-utp-200m-ch4422/***********
12683**********17***********
**********https://order.se/lightning-kabel-2m-pu-lader-svart-97219ch/***********
12683**********18***********
**********https://order.se/laddsynk-kabel-microusb-2m-svart-97112ch/***********
12683**********19***********
**********https://order.se/natverkskabel-cat6-utp-10m-ch4401/***********
12683**********20***********
**********https://order.se/natverkskabel-cat5e-utp-100m-ch4306/***********
12683**********21***********
**********https://order.se/patchskarv-rj45-hona-ch4311/***********
12683**********22***********
**********https://order.se/natverkskabel-cat6-utp-100m-ch4406/***********
12683**********23***********
**********https://order.se/usb-kab-ab-micro-usb-10m-ch4457/***********
12683**********24***********
**********https://order.se/micro-usb-kabel-premium-gr-1m-97172ch/***********
12683**********25***********
**********https://order.se/lightning-kabel-1m-pu-lader-svart-97218ch/***********
12683**********26***********
**********https://order.se/micro-usb-kabel-premium-gr-2m-97176ch/***********
12683**********27***********
**********https://order.se/adapter-lightning-35mm-ladda-97220ch/***********
12683**********28***********
**********https://order.se/natverkskabel-cat5e-utp-50m-ch4305/***********
12683**********29***********
**********https://order.se/usb-20-c-till-a-015m-97490ch/***********
12683**********30***********
**********https://order.se/usb-20-c-till-a-2m-premium-svart-97382ch/***********
12683**********31***********
**********https://order.se/usb-kabel-ab-mini-usb-18m-ch4454/***********
12683**********32***********
**********https://order.se/usb-20-c-till-a-3m-97413ch/***********
12683**********33***********
**********https://order.se/usb-20-kabel-a-b-hane-20m-ch4451/***********
12683**********34***********
**********https://order.se/usb-31-gen2-c-c-2m-97460ch/***********
12683**********35***********
**********https://order.se/lightning-kabel-2m-space-gray-97217ch/***********
12683**********36***********
**********https://order.se/laddsynk-kab-usb-c-till-lightning-1m-svart-97310ch/***********
12683**********37***********
**********https://order.se/lightning-kabel-015m-97126ch/***********
12683**********38***********
**********https://order.se/natverkskabel-cat5e-utp-250m-ch4323/***********
12683**********39***********
**********https://order.se/natverkskabel-cat5e-utp-30m-ch4303/***********
12683**********40***********
**********https://order.se/natverkskabel-cat5e-utp-150m-ch4321/***********
12683**********41***********
**********https://order.se/laddsynk-kabel-lightning-3m-vit-97125ch/***********
12683**********42***********
**********https://order.se/usb-20-c-till-c-1m-97420ch/***********
12683**********43***********
**********https://order.se/natverkskabel-cat5e-utp-10m-ch4301/***********
12683**********44***********
**********https://order.se/micro-usb-kabel-premium-sv-1m-97170ch/***********
12683**********45***********
**********https://order.se/micro-usb-kabel-premium-sv-2m-97174ch/***********
12683**********46***********
**********https://order.se/micro-usb-kabel-015m-97110ch/***********
12683**********47***********
**********https://order.se/usb-31-gen2-c-c-1m-97450ch/***********
12683**********48***********
**********https://order.se/lightning-kabel-2m-silver-97213ch/***********
12683**********49***********
**********https://order.se/usb-kab-ab-micro-usb-20m-ch4456/***********
12683**********50***********
**********https://order.se/lightning-kabel-1m-silver-97212ch/***********
12683**********51***********
**********https://order.se/laddsynk-kabel-apple-15m-svart-97011ch/***********
12683**********52***********
**********https://order.se/usb-20-kabel-a-b-hane-30m-ch4452/***********
12683**********53***********
**********https://order.se/usb-20-c-till-micro-usb-1m-97440ch/***********
12683**********54***********
**********https://order.se/usb-20-c-till-c-2m-97430ch/***********
12683**********55***********
**********https://order.se/lightning-kabel-2m-gold-97215ch/***********
12683**********56***********
**********https://order.se/laddsynk-kab-usb-c-till-lightning-2m-svart-97314ch/***********
12683**********57***********
**********https://order.se/usb-20-forlkabel-a-a-25m-ch4362/***********
12683**********58***********
**********https://order.se/dvi-kabel-hane-hane-20m-ch3971/***********
12683**********59***********
**********https://order.se/laddsynk-kabel-microusb-2m-vit-97116ch/***********
12683**********60***********
**********https://order.se/usb-31-c-usb-a-female-015m-97480ch/***********
12683**********61***********
**********https://order.se/usb-kabel-3-in-1-15m-svart-97222ch/***********
12683**********62***********
**********https://order.se/usb-20-c-till-a-1m-25-pack-97410chblk25/***********
12683**********63***********
**********https://order.se/laddsynk-kabel-microusb-3m-svart-97113ch/***********
12683**********64***********
**********https://order.se/lightning-kabel-1m-space-gray-97216ch/***********
12683**********65***********
**********https://order.se/lightning-kabel-2m-rose-gold-97211ch/***********
12683**********66***********
**********https://order.se/laddsynk-kabel-miniusb-15m-svart-97114ch/***********
12683**********67***********
**********https://order.se/laddsynk-kabel-lightning-1m-svart-25-pack-97122chblk25/***********
12683**********68***********
**********https://order.se/laddsynk-kab-usb-c-till-lightning-1m-vit-97312ch/***********
12683**********69***********
**********https://order.se/xgavga-kabel-hane-hane-20m-ch3962/***********
12683**********70***********
**********https://order.se/lightning-kabel-1m-gold-97214ch/***********
12683**********71***********
**********https://order.se/usb-20-forlkabel-a-a-10m-ch4361/***********
12683**********72***********
**********https://order.se/lightning-kabel-1m-rose-gold-97210ch/***********
12683**********73***********
**********https://order.se/laddsynk-kabel-microusb-3m-vit-97117ch/***********
12683**********74***********
**********https://order.se/laddsynk-kabel-microusb-1m-svart-25-pack-97111chblk25/***********
12683**********75***********
**********https://order.se/laddsynk-kab-usb-c-till-lightning-2m-vit-97316ch/***********
12683**********76***********
**********https://order.se/dvi-hane-vga-hona-adapter-ch3970/***********
12683**********77***********
**********https://order.se/dammsugarmunstycke-clean-flex-2884ch/***********
12683**********78***********
**********https://order.se/donut-maker-chdm110/***********
12683**********79***********
**********https://order.se/dammpasar-electrolux-5st-1100ch/***********
12683**********80***********
**********https://order.se/koksvag-glas-5kg-svart-chkv110/***********
12683**********81***********
**********https://order.se/mikrovagsugn-20l-700w-vit-chmw011/***********
12683**********82***********
**********https://order.se/paninigrill-pro-180-grader-chpg300/***********
12683**********83***********
**********https://order.se/salt-och-pepparkvarn-chspk100/***********
12683**********84***********
**********https://order.se/rullplast-28300cm-2-rullar-chvf410-rull/***********
12683**********85***********
**********https://order.se/vakuumpasar-50-pack-2830cm-chvf410-50p/***********
12683**********86***********
**********https://order.se/angmopp-10-in-1-chsm210/***********
12683**********87***********
**********https://order.se/tacklock-mikrovagsugn-270mm-2929ch/***********
12683**********88***********
**********https://order.se/mikrovagsugn-20l-700w-svart-chmw012/***********
12683**********89***********
**********https://order.se/vattenkokare-glas-17l-chvk210/***********
12683**********90***********
**********https://order.se/mangelduk-1400-x-550mm-2916ch/***********
12683**********91***********
**********https://order.se/smorgasgrill-multi-chsg110/***********
12683**********92***********
**********https://order.se/vattenkokare-svart-17l-chvk010/***********
12683**********93***********
**********https://order.se/vakuumpasar-50-pack-2030cm-chvf210-50p/***********
12683**********94***********
**********https://order.se/aggkokare-vit-cheb050/***********
12683**********95***********
**********https://order.se/belgiskt-vaffeljarn-dubbelt-chvj300/***********
12683**********96***********
**********https://order.se/dammsugare-small-700w-klass-a-chds050/***********
12683**********97***********
**********https://order.se/vaffeljarn-dubbelt-1600w-chvj420/***********
12683**********98***********
**********https://order.se/smoothiemaker-chsm110/***********
12683**********99***********
**********https://order.se/mikrovagsugn-20l-700w-svart-chmw020/***********
12683**********100***********
**********https://order.se/microfiberdukar-3-pack-chsm210-3p/***********
12683**********101***********
**********https://order.se/rullplast-20300cm-4-rullar-chvf210-rull/***********
12683**********102***********
**********https://order.se/koksmaskin-700w-svart-chka200s/***********
12683**********103***********
**********https://order.se/mjolkskummare-130ml300ml-chms210/***********
12683**********104***********
**********https://order.se/kaffekvarn-40g-chkk115/***********
12683**********105***********
**********https://order.se/grendosa-3-vags-m-switch-ch5172/***********
12683**********106***********
**********https://order.se/stavmixer-600w-kit-chstm200/***********
12683**********107***********
**********https://order.se/dammpase-chds310-5-st-microfib-chds310dp/***********
12683**********108***********
**********https://order.se/chokladfontan-chcf100/***********
12683**********109***********
**********https://order.se/slowcooker-65l-chsc210/***********
12683**********110***********
**********https://order.se/popcornmaskin-retro-chpcm120/***********
12683**********111***********
**********https://order.se/rasaftcentrifug-500w-chrs110/***********
12683**********112***********
**********https://order.se/koksvag-rostfri-5kg-chkv210/***********
12683**********113***********
**********https://order.se/stavmixer-300w-chstm100/***********
12683**********114***********
**********https://order.se/dammpasar-aegvolta-5st-1008ch/***********
12683**********115***********
**********https://order.se/aero-fryer-56l-xxl-chaf410/***********
12683**********116***********
**********https://order.se/vaffeljarn-enkelt-1200w-chvj220/***********
12683**********117***********
**********https://order.se/vattenkokare-rostfri-10l-chvk050/***********
12683**********118***********
**********https://order.se/skaftdammsugare-solid-2-in-1-chsd410/***********
Spider error processing <GET https://order.se/> (referer: None)
Traceback (most recent call last):
  File "c:\users\a\appdata\local\programs\python\python38-32\lib\site-packages\twisted\internet\defer.py", line 654, in _runCallbacks
    current.result = callback(current.result, *args, **kw)
  File "E:\scraping\tool-python-scraper-csv-master\ORDER\scraping\spiders\order(all).py", line 217, in parse
    file.write('NEW' + ',' + csv_breadcrumbs.split(' ')[0] + ' ' + csv_breadcrumbs.split(' ')[1] + ' ' + csv_breadcrumbs.split(' ')[2] + ',' + csv_breadcrumbs.split(' ')[3] + ',' +  csv_name + ',' + csv_price_recommended + ',' + csv_price + ',' + csv_artno + ',' + csv_ean + ',' + csv_weight + ',' + csv_stock + ',' + csv_paragraph + ',' + csv_image_url[0] + ',' + csv_image_url[1] + ',' + csv_image_url[2] + ',' + csv_image_url[3] + ',' + csv_image_url[4] + ',' + ' ' + ',' + list2[j] + '\n')
  File "c:\users\a\appdata\local\programs\python\python38-32\lib\encodings\cp1252.py", line 19, in encode
    return codecs.charmap_encode(input,self.errors,encoding_table)[0]
UnicodeEncodeError: 'charmap' codec can't encode character '\u2264' in position 1973: character maps to <undefined>
Crawled 3 pages (at 3 pages/min), scraped 0 items (at 0 items/min)
Closing spider (finished)
Dumping Scrapy stats:
{'downloader/request_bytes': 1330,
 'downloader/request_count': 5,
 'downloader/request_method_count/GET': 5,
 'downloader/response_bytes': 55014,
 'downloader/response_count': 5,
 'downloader/response_status_count/200': 3,
 'downloader/response_status_count/301': 2,
 'elapsed_time_seconds': 3986.737653,
 'finish_reason': 'finished',
 'finish_time': datetime.datetime(2020, 4, 1, 6, 49, 9, 828778),
 'log_count/DEBUG': 308,
 'log_count/ERROR': 1,
 'log_count/INFO': 431,
 'response_received_count': 3,
 'robotstxt/request_count': 2,
 'robotstxt/response_count': 2,
 'robotstxt/response_status_count/200': 2,
 'scheduler/dequeued': 2,
 'scheduler/dequeued/memory': 2,
 'scheduler/enqueued': 2,
 'scheduler/enqueued/memory': 2,
 'spider_exceptions/UnicodeEncodeError': 1,
 'start_time': datetime.datetime(2020, 4, 1, 5, 42, 43, 91125)}
Spider closed (finished)
