Start
90**********3***********
**********https://order.se/champion-c5716/butiksstall/***********
90**********4***********
**********https://order.se/champion-c5716/data-c6166/***********
77**********0***********
**********https://order.se/stall-vit-plat-600mm-m-hjul-chstall065/***********
rec_price non-exist
77**********1***********
**********https://order.se/stall-svart-plat-600mm-m-hjul-chstall060/***********
rec_price non-exist
77**********2***********
**********https://order.se/stoppkort-chstoppkort/***********
rec_price non-exist
paragraph non-exist
77**********3***********
**********https://order.se/spjut-chstall065-10-pack-vit-chspjut015/***********
rec_price non-exist
77**********4***********
**********https://order.se/spjut-chstall060-10-pack-svart-chspjut010/***********
rec_price non-exist
77**********5***********
**********https://order.se/usb-20-c-till-a-1m-97410ch/***********
77**********6***********
**********https://order.se/laddsynk-kabel-lightning-1m-svart-97122ch/***********
77**********7***********
**********https://order.se/laddsynk-kabel-microusb-1m-svart-97111ch/***********
77**********8***********
**********https://order.se/laddsynk-kabel-lightning-1m-vit-97121ch/***********
77**********9***********
**********https://order.se/usb-20-c-till-a-2m-97412ch/***********
77**********10***********
**********https://order.se/laddsynk-kabel-lightning-2m-svart-97123ch/***********
77**********11***********
**********https://order.se/laddsynk-kabel-lightning-2m-vit-97120ch/***********
77**********12***********
**********https://order.se/natverkskabel-cat6-utp-50m-ch4405/***********
77**********13***********
**********https://order.se/natverkskabel-cat6-utp-30m-ch4403/***********
77**********14***********
**********https://order.se/laddsynk-kabel-lightning-3m-svart-97124ch/***********
77**********15***********
**********https://order.se/lightning-kabel-2m-pu-lader-svart-97219ch/***********
77**********16***********
**********https://order.se/laddsynk-kabel-microusb-2m-svart-97112ch/***********
77**********17***********
**********https://order.se/natverkskabel-cat6-utp-150m-ch4421/***********
77**********18***********
**********https://order.se/natverkskabel-cat6-utp-200m-ch4422/***********
77**********19***********
**********https://order.se/natverkskabel-cat6-utp-10m-ch4401/***********
77**********20***********
**********https://order.se/usb-kab-ab-micro-usb-10m-ch4457/***********
77**********21***********
**********https://order.se/natverkskabel-cat5e-utp-100m-ch4306/***********
77**********22***********
**********https://order.se/natverkskabel-cat6-utp-100m-ch4406/***********
77**********23***********
**********https://order.se/usb-20-c-till-a-015m-97490ch/***********
77**********24***********
**********https://order.se/patchskarv-rj45-hona-ch4311/***********
77**********25***********
**********https://order.se/micro-usb-kabel-premium-gr-2m-97176ch/***********
77**********26***********
**********https://order.se/adapter-lightning-35mm-ladda-97220ch/***********
77**********27***********
**********https://order.se/micro-usb-kabel-premium-gr-1m-97172ch/***********
77**********28***********
**********https://order.se/lightning-kabel-1m-pu-lader-svart-97218ch/***********
77**********29***********
**********https://order.se/lightning-kabel-015m-97126ch/***********
77**********30***********
**********https://order.se/usb-20-c-till-a-2m-premium-svart-97382ch/***********
77**********31***********
**********https://order.se/usb-31-gen2-c-c-2m-97460ch/***********
77**********32***********
**********https://order.se/usb-20-c-till-a-3m-97413ch/***********
77**********33***********
**********https://order.se/usb-20-kabel-a-b-hane-20m-ch4451/***********
77**********34***********
**********https://order.se/usb-kabel-ab-mini-usb-18m-ch4454/***********
77**********35***********
**********https://order.se/lightning-kabel-2m-space-gray-97217ch/***********
77**********36***********
**********https://order.se/laddsynk-kab-usb-c-till-lightning-1m-svart-97310ch/***********
77**********37***********
**********https://order.se/usb-20-c-till-c-1m-97420ch/***********
77**********38***********
**********https://order.se/natverkskabel-cat5e-utp-50m-ch4305/***********
77**********39***********
**********https://order.se/laddsynk-kabel-lightning-3m-vit-97125ch/***********
77**********40***********
**********https://order.se/usb-31-gen2-c-c-1m-97450ch/***********
77**********41***********
**********https://order.se/lightning-kabel-1m-silver-97212ch/***********
77**********42***********
**********https://order.se/usb-kab-ab-micro-usb-20m-ch4456/***********
77**********43***********
**********https://order.se/natverkskabel-cat5e-utp-30m-ch4303/***********
77**********44***********
**********https://order.se/micro-usb-kabel-premium-sv-1m-97170ch/***********
77**********45***********
**********https://order.se/micro-usb-kabel-premium-sv-2m-97174ch/***********
77**********46***********
**********https://order.se/natverkskabel-cat5e-utp-250m-ch4323/***********
77**********47***********
**********https://order.se/micro-usb-kabel-015m-97110ch/***********
77**********48***********
**********https://order.se/natverkskabel-cat5e-utp-150m-ch4321/***********
77**********49***********
**********https://order.se/natverkskabel-cat5e-utp-10m-ch4301/***********
77**********50***********
**********https://order.se/lightning-kabel-2m-silver-97213ch/***********
77**********51***********
**********https://order.se/usb-20-forlkabel-a-a-25m-ch4362/***********
77**********52***********
**********https://order.se/laddsynk-kab-usb-c-till-lightning-2m-svart-97314ch/***********
77**********53***********
**********https://order.se/laddsynk-kabel-apple-15m-svart-97011ch/***********
77**********54***********
**********https://order.se/lightning-kabel-2m-gold-97215ch/***********
77**********55***********
**********https://order.se/usb-20-kabel-a-b-hane-30m-ch4452/***********
77**********56***********
**********https://order.se/laddsynk-kabel-microusb-2m-vit-97116ch/***********
77**********57***********
**********https://order.se/usb-20-c-till-c-2m-97430ch/***********
77**********58***********
**********https://order.se/usb-31-c-usb-a-female-015m-97480ch/***********
77**********59***********
**********https://order.se/usb-kabel-3-in-1-15m-svart-97222ch/***********
77**********60***********
**********https://order.se/usb-20-c-till-micro-usb-1m-97440ch/***********
77**********61***********
**********https://order.se/usb-20-c-till-a-1m-25-pack-97410chblk25/***********
77**********62***********
**********https://order.se/lightning-kabel-2m-rose-gold-97211ch/***********
77**********63***********
**********https://order.se/laddsynk-kabel-microusb-3m-svart-97113ch/***********
77**********64***********
**********https://order.se/dvi-kabel-hane-hane-20m-ch3971/***********
77**********65***********
**********https://order.se/lightning-kabel-1m-space-gray-97216ch/***********
77**********66***********
**********https://order.se/laddsynk-kab-usb-c-till-lightning-1m-vit-97312ch/***********
77**********67***********
**********https://order.se/lightning-kabel-1m-rose-gold-97210ch/***********
77**********68***********
**********https://order.se/laddsynk-kabel-miniusb-15m-svart-97114ch/***********
77**********69***********
**********https://order.se/laddsynk-kabel-lightning-1m-svart-25-pack-97122chblk25/***********
77**********70***********
**********https://order.se/xgavga-kabel-hane-hane-20m-ch3962/***********
77**********71***********
**********https://order.se/lightning-kabel-1m-gold-97214ch/***********
77**********72***********
**********https://order.se/laddsynk-kabel-microusb-3m-vit-97117ch/***********
77**********73***********
**********https://order.se/usb-20-forlkabel-a-a-10m-ch4361/***********
77**********74***********
**********https://order.se/dvi-hane-vga-hona-adapter-ch3970/***********
77**********75***********
**********https://order.se/laddsynk-kabel-microusb-1m-svart-25-pack-97111chblk25/***********
77**********76***********
**********https://order.se/laddsynk-kab-usb-c-till-lightning-2m-vit-97316ch/***********
Crawled 3 pages (at 3 pages/min), scraped 0 items (at 0 items/min)
Closing spider (finished)
Dumping Scrapy stats:
{'downloader/request_bytes': 1330,
 'downloader/request_count': 5,
 'downloader/request_method_count/GET': 5,
 'downloader/response_bytes': 54923,
 'downloader/response_count': 5,
 'downloader/response_status_count/200': 3,
 'downloader/response_status_count/301': 2,
 'elapsed_time_seconds': 636.262916,
 'finish_reason': 'finished',
 'finish_time': datetime.datetime(2020, 3, 26, 18, 12, 4, 519023),
 'log_count/DEBUG': 266,
 'log_count/INFO': 176,
 'response_received_count': 3,
 'robotstxt/request_count': 2,
 'robotstxt/response_count': 2,
 'robotstxt/response_status_count/200': 2,
 'scheduler/dequeued': 2,
 'scheduler/dequeued/memory': 2,
 'scheduler/enqueued': 2,
 'scheduler/enqueued/memory': 2,
 'start_time': datetime.datetime(2020, 3, 26, 18, 1, 28, 256107)}
Spider closed (finished)
