Start
90**********3***********
**********https://order.se/champion-c5716/butiksstall/***********
90**********4***********
**********https://order.se/champion-c5716/data-c6166/***********
90**********5***********
**********https://order.se/champion-c5716/hemhushall/***********
90**********6***********
**********https://order.se/champion-c5716/katalog/***********
90**********7***********
**********https://order.se/champion-c5716/ljudbild-c5717/***********
90**********8***********
**********https://order.se/champion-c5716/mobility/***********
90**********9***********
**********https://order.se/champion-c5716/personvard/***********
90**********10***********
**********https://order.se/barn-baby/babylek/***********
90**********11***********
**********https://order.se/barn-baby/barnrum/***********
90**********12***********
**********https://order.se/barn-baby/barnvagnartillbehor/***********
90**********13***********
**********https://order.se/barn-baby/doppresenter/***********
90**********14***********
**********https://order.se/barn-baby/omsorghalsa/***********
90**********15***********
**********https://order.se/barn-baby/resa/***********
90**********16***********
**********https://order.se/barn-baby/smycken/***********
90**********17***********
**********https://order.se/barn-baby/sakerhet-c5864/***********
90**********18***********
**********https://order.se/barn-baby/atadricka/***********
90**********19***********
**********https://order.se/datorer-kringutrustning/datorer/***********
90**********20***********
**********https://order.se/datorer-kringutrustning/gaming/***********
90**********21***********
**********https://order.se/datorer-kringutrustning/natverksprodukter/***********
90**********22***********
**********https://order.se/datorer-kringutrustning/surfplattor-c6266/***********
90**********23***********
**********https://order.se/datorer-kringutrustning/tillbehor-c5676/***********
90**********24***********
**********https://order.se/hem-hushall/belysning-c6198/***********
90**********25***********
**********https://order.se/hem-hushall/dammsugarestadprodukter/***********
90**********26***********
**********https://order.se/hem-hushall/dorrklockor/***********
90**********27***********
**********https://order.se/hem-hushall/elverktyg/***********
90**********28***********
**********https://order.se/hem-hushall/grillar/***********
listview non-exist
90**********29***********
**********https://order.se/hem-hushall/kaffeespresso/***********
90**********30***********
**********https://order.se/hem-hushall/klimatprodukter/***********
90**********31***********
**********https://order.se/hem-hushall/koksapparater/***********
listview non-exist
90**********32***********
**********https://order.se/hem-hushall/koksredskap/***********
90**********33***********
**********https://order.se/hem-hushall/smarta-hemmet/***********
listview non-exist
90**********34***********
**********https://order.se/hem-hushall/sakerhet/***********
90**********35***********
**********https://order.se/hem-hushall/textilvard/***********
90**********36***********
**********https://order.se/hem-hushall/tillbehor-c5838/***********
listview non-exist
90**********37***********
**********https://order.se/hem-hushall/utomhusprodukter/***********
listview non-exist
90**********38***********
**********https://order.se/hem-hushall/verktyg-c6443/***********
90**********39***********
**********https://order.se/hem-hushall/vaderstationertermometrar/***********
90**********40***********
**********https://order.se/hem-hushall/vaskor/***********
90**********41***********
**********https://order.se/hem-hushall/ovrigt-c6268/***********
90**********42***********
**********https://order.se/leksaker/adventskalender/***********
90**********43***********
**********https://order.se/leksaker/bilarbatarflygplan/***********
90**********44***********
**********https://order.se/leksaker/bygglek/***********
listview non-exist
90**********45***********
**********https://order.se/leksaker/bockerspel/***********
listview non-exist
90**********46***********
**********https://order.se/leksaker/dockorgosedjurgunghastar/***********
90**********47***********
**********https://order.se/leksaker/lek-och-lar/***********
90**********48***********
**********https://order.se/leksaker/lilla-hemmet/***********
90**********49***********
**********https://order.se/leksaker/maskeradutkladnad/***********
90**********50***********
**********https://order.se/leksaker/musiksangbild/***********
90**********51***********
**********https://order.se/leksaker/pyssla/***********
listview non-exist
90**********52***********
**********https://order.se/leksaker/radiostyrt/***********
90**********53***********
**********https://order.se/leksaker/spahar/***********
90**********54***********
**********https://order.se/leksaker/uteleksport/***********
listview non-exist
90**********55***********
**********https://order.se/ljud-bild/actionkameror/***********
90**********56***********
**********https://order.se/ljud-bild/audio/***********
listview non-exist
90**********57***********
**********https://order.se/ljud-bild/bilstereo/***********
90**********58***********
**********https://order.se/ljud-bild/digitala-fotoramar/***********
90**********59***********
**********https://order.se/ljud-bild/digitalkameror/***********
90**********60***********
**********https://order.se/ljud-bild/digitalmottagare/***********
90**********61***********
**********https://order.se/ljud-bild/dvdblu-rayvhs/***********
90**********62***********
**********https://order.se/ljud-bild/horlurarheadset/***********
listview non-exist
90**********63***********
**********https://order.se/ljud-bild/mediacenter/***********
90**********64***********
**********https://order.se/ljud-bild/tillbehor-c5694/***********
listview non-exist
90**********65***********
**********https://order.se/ljud-bild/tv/***********
90**********66***********
**********https://order.se/ljud-bild/videokameror/***********
90**********67***********
**********https://order.se/personvard-halsa/hudvard/***********
90**********68***********
**********https://order.se/personvard-halsa/harvard/***********
90**********69***********
**********https://order.se/personvard-halsa/handerfotter/***********
90**********70***********
**********https://order.se/personvard-halsa/intim/***********
90**********71***********
**********https://order.se/personvard-halsa/kosmetik/***********
90**********72***********
**********https://order.se/personvard-halsa/kropphalsa/***********
90**********73***********
**********https://order.se/personvard-halsa/sporttraning/***********
90**********74***********
**********https://order.se/personvard-halsa/tandvard/***********
90**********75***********
**********https://order.se/personvard-halsa/tillbehor-c6278/***********
90**********76***********
**********https://order.se/telecom/fast-telefoni/***********
90**********77***********
**********https://order.se/telecom/gps/***********
90**********78***********
**********https://order.se/telecom/kontantkort/***********
90**********79***********
**********https://order.se/telecom/mobilt-bredband/***********
90**********80***********
**********https://order.se/telecom/mobiltelefoner/***********
90**********81***********
**********https://order.se/telecom/pmrwalki-talkies/***********
90**********82***********
**********https://order.se/telecom/tillbehor/***********
90**********83***********
**********https://order.se/telecom/ovrigt-c6541/***********
90**********84***********
**********https://order.se/tillbehor-c5678/batterierbatteriladdare/***********
90**********85***********
**********https://order.se/tillbehor-c5678/data/***********
90**********86***********
**********https://order.se/tillbehor-c5678/foto/***********
90**********87***********
**********https://order.se/tillbehor-c5678/hemhushall-c6016/***********
90**********88***********
**********https://order.se/tillbehor-c5678/ljudbild/***********
90**********89***********
**********https://order.se/tillbehor-c5678/telecom-c5681/***********
10145**********0***********
**********https://order.se/stall-vit-plat-600mm-m-hjul-chstall065/***********
rec_price non-exist
10145**********1***********
**********https://order.se/stall-svart-plat-600mm-m-hjul-chstall060/***********
rec_price non-exist
10145**********2***********
**********https://order.se/stoppkort-chstoppkort/***********
rec_price non-exist
paragraph non-exist
10145**********3***********
**********https://order.se/spjut-chstall065-10-pack-vit-chspjut015/***********
rec_price non-exist
10145**********4***********
**********https://order.se/spjut-chstall060-10-pack-svart-chspjut010/***********
rec_price non-exist
10145**********5***********
**********https://order.se/laddsynk-kabel-microusb-1m-svart-97111ch/***********
10145**********6***********
**********https://order.se/laddsynk-kabel-lightning-1m-svart-97122ch/***********
10145**********7***********
**********https://order.se/usb-20-c-till-a-1m-97410ch/***********
10145**********8***********
**********https://order.se/laddsynk-kabel-lightning-1m-vit-97121ch/***********
10145**********9***********
**********https://order.se/usb-20-c-till-a-2m-97412ch/***********
10145**********10***********
**********https://order.se/laddsynk-kabel-lightning-2m-svart-97123ch/***********
10145**********11***********
**********https://order.se/natverkskabel-cat6-utp-50m-ch4405/***********
10145**********12***********
**********https://order.se/laddsynk-kabel-lightning-2m-vit-97120ch/***********
10145**********13***********
**********https://order.se/natverkskabel-cat6-utp-30m-ch4403/***********
10145**********14***********
**********https://order.se/natverkskabel-cat6-utp-150m-ch4421/***********
10145**********15***********
**********https://order.se/laddsynk-kabel-lightning-3m-svart-97124ch/***********
10145**********16***********
**********https://order.se/natverkskabel-cat6-utp-200m-ch4422/***********
10145**********17***********
**********https://order.se/lightning-kabel-2m-pu-lader-svart-97219ch/***********
10145**********18***********
**********https://order.se/laddsynk-kabel-microusb-2m-svart-97112ch/***********
10145**********19***********
**********https://order.se/natverkskabel-cat6-utp-10m-ch4401/***********
10145**********20***********
**********https://order.se/natverkskabel-cat5e-utp-100m-ch4306/***********
10145**********21***********
**********https://order.se/patchskarv-rj45-hona-ch4311/***********
10145**********22***********
**********https://order.se/natverkskabel-cat6-utp-100m-ch4406/***********
10145**********23***********
**********https://order.se/usb-kab-ab-micro-usb-10m-ch4457/***********
10145**********24***********
**********https://order.se/micro-usb-kabel-premium-gr-1m-97172ch/***********
10145**********25***********
**********https://order.se/lightning-kabel-1m-pu-lader-svart-97218ch/***********
10145**********26***********
**********https://order.se/micro-usb-kabel-premium-gr-2m-97176ch/***********
10145**********27***********
**********https://order.se/adapter-lightning-35mm-ladda-97220ch/***********
10145**********28***********
**********https://order.se/natverkskabel-cat5e-utp-50m-ch4305/***********
10145**********29***********
**********https://order.se/usb-20-c-till-a-015m-97490ch/***********
10145**********30***********
**********https://order.se/usb-20-c-till-a-2m-premium-svart-97382ch/***********
10145**********31***********
**********https://order.se/usb-kabel-ab-mini-usb-18m-ch4454/***********
10145**********32***********
**********https://order.se/usb-20-c-till-a-3m-97413ch/***********
10145**********33***********
**********https://order.se/usb-20-kabel-a-b-hane-20m-ch4451/***********
10145**********34***********
**********https://order.se/usb-31-gen2-c-c-2m-97460ch/***********
10145**********35***********
**********https://order.se/lightning-kabel-2m-space-gray-97217ch/***********
10145**********36***********
**********https://order.se/laddsynk-kab-usb-c-till-lightning-1m-svart-97310ch/***********
10145**********37***********
**********https://order.se/lightning-kabel-015m-97126ch/***********
10145**********38***********
**********https://order.se/natverkskabel-cat5e-utp-250m-ch4323/***********
10145**********39***********
**********https://order.se/natverkskabel-cat5e-utp-30m-ch4303/***********
10145**********40***********
**********https://order.se/natverkskabel-cat5e-utp-150m-ch4321/***********
10145**********41***********
**********https://order.se/laddsynk-kabel-lightning-3m-vit-97125ch/***********
10145**********42***********
**********https://order.se/usb-20-c-till-c-1m-97420ch/***********
10145**********43***********
**********https://order.se/natverkskabel-cat5e-utp-10m-ch4301/***********
10145**********44***********
**********https://order.se/micro-usb-kabel-premium-sv-1m-97170ch/***********
10145**********45***********
**********https://order.se/micro-usb-kabel-premium-sv-2m-97174ch/***********
10145**********46***********
**********https://order.se/micro-usb-kabel-015m-97110ch/***********
10145**********47***********
**********https://order.se/usb-31-gen2-c-c-1m-97450ch/***********
10145**********48***********
**********https://order.se/lightning-kabel-2m-silver-97213ch/***********
10145**********49***********
**********https://order.se/usb-kab-ab-micro-usb-20m-ch4456/***********
10145**********50***********
**********https://order.se/lightning-kabel-1m-silver-97212ch/***********
10145**********51***********
**********https://order.se/laddsynk-kabel-apple-15m-svart-97011ch/***********
10145**********52***********
**********https://order.se/usb-20-kabel-a-b-hane-30m-ch4452/***********
10145**********53***********
**********https://order.se/usb-20-c-till-micro-usb-1m-97440ch/***********
10145**********54***********
**********https://order.se/usb-20-c-till-c-2m-97430ch/***********
10145**********55***********
**********https://order.se/lightning-kabel-2m-gold-97215ch/***********
10145**********56***********
**********https://order.se/laddsynk-kab-usb-c-till-lightning-2m-svart-97314ch/***********
10145**********57***********
**********https://order.se/usb-20-forlkabel-a-a-25m-ch4362/***********
10145**********58***********
**********https://order.se/dvi-kabel-hane-hane-20m-ch3971/***********
10145**********59***********
**********https://order.se/laddsynk-kabel-microusb-2m-vit-97116ch/***********
10145**********60***********
**********https://order.se/usb-31-c-usb-a-female-015m-97480ch/***********
10145**********61***********
**********https://order.se/usb-kabel-3-in-1-15m-svart-97222ch/***********
10145**********62***********
**********https://order.se/usb-20-c-till-a-1m-25-pack-97410chblk25/***********
10145**********63***********
**********https://order.se/laddsynk-kabel-microusb-3m-svart-97113ch/***********
10145**********64***********
**********https://order.se/lightning-kabel-1m-space-gray-97216ch/***********
10145**********65***********
**********https://order.se/lightning-kabel-2m-rose-gold-97211ch/***********
10145**********66***********
**********https://order.se/laddsynk-kabel-miniusb-15m-svart-97114ch/***********
10145**********67***********
**********https://order.se/laddsynk-kabel-lightning-1m-svart-25-pack-97122chblk25/***********
10145**********68***********
**********https://order.se/laddsynk-kab-usb-c-till-lightning-1m-vit-97312ch/***********
10145**********69***********
**********https://order.se/xgavga-kabel-hane-hane-20m-ch3962/***********
10145**********70***********
**********https://order.se/lightning-kabel-1m-gold-97214ch/***********
10145**********71***********
**********https://order.se/usb-20-forlkabel-a-a-10m-ch4361/***********
10145**********72***********
**********https://order.se/lightning-kabel-1m-rose-gold-97210ch/***********
10145**********73***********
**********https://order.se/laddsynk-kabel-microusb-3m-vit-97117ch/***********
10145**********74***********
**********https://order.se/laddsynk-kabel-microusb-1m-svart-25-pack-97111chblk25/***********
10145**********75***********
**********https://order.se/laddsynk-kab-usb-c-till-lightning-2m-vit-97316ch/***********
10145**********76***********
**********https://order.se/dvi-hane-vga-hona-adapter-ch3970/***********
10145**********77***********
**********https://order.se/dammsugarmunstycke-clean-flex-2884ch/***********
10145**********78***********
**********https://order.se/donut-maker-chdm110/***********
10145**********79***********
**********https://order.se/dammpasar-electrolux-5st-1100ch/***********
10145**********80***********
**********https://order.se/koksvag-glas-5kg-svart-chkv110/***********
10145**********81***********
**********https://order.se/mikrovagsugn-20l-700w-vit-chmw011/***********
10145**********82***********
**********https://order.se/paninigrill-pro-180-grader-chpg300/***********
10145**********83***********
**********https://order.se/salt-och-pepparkvarn-chspk100/***********
10145**********84***********
**********https://order.se/rullplast-28300cm-2-rullar-chvf410-rull/***********
10145**********85***********
**********https://order.se/vakuumpasar-50-pack-2830cm-chvf410-50p/***********
10145**********86***********
**********https://order.se/angmopp-10-in-1-chsm210/***********
10145**********87***********
**********https://order.se/tacklock-mikrovagsugn-270mm-2929ch/***********
10145**********88***********
**********https://order.se/mikrovagsugn-20l-700w-svart-chmw012/***********
10145**********89***********
**********https://order.se/vattenkokare-glas-17l-chvk210/***********
10145**********90***********
**********https://order.se/mangelduk-1400-x-550mm-2916ch/***********
10145**********91***********
**********https://order.se/smorgasgrill-multi-chsg110/***********
10145**********92***********
**********https://order.se/vattenkokare-svart-17l-chvk010/***********
10145**********93***********
**********https://order.se/vakuumpasar-50-pack-2030cm-chvf210-50p/***********
10145**********94***********
**********https://order.se/aggkokare-vit-cheb050/***********
10145**********95***********
**********https://order.se/belgiskt-vaffeljarn-dubbelt-chvj300/***********
10145**********96***********
**********https://order.se/dammsugare-small-700w-klass-a-chds050/***********
10145**********97***********
**********https://order.se/vaffeljarn-dubbelt-1600w-chvj420/***********
10145**********98***********
**********https://order.se/smoothiemaker-chsm110/***********
10145**********99***********
**********https://order.se/mikrovagsugn-20l-700w-svart-chmw020/***********
10145**********100***********
**********https://order.se/microfiberdukar-3-pack-chsm210-3p/***********
10145**********101***********
**********https://order.se/rullplast-20300cm-4-rullar-chvf210-rull/***********
10145**********102***********
**********https://order.se/koksmaskin-700w-svart-chka200s/***********
10145**********103***********
**********https://order.se/mjolkskummare-130ml300ml-chms210/***********
10145**********104***********
**********https://order.se/kaffekvarn-40g-chkk115/***********
10145**********105***********
**********https://order.se/grendosa-3-vags-m-switch-ch5172/***********
10145**********106***********
**********https://order.se/stavmixer-600w-kit-chstm200/***********
10145**********107***********
**********https://order.se/dammpase-chds310-5-st-microfib-chds310dp/***********
10145**********108***********
**********https://order.se/chokladfontan-chcf100/***********
10145**********109***********
**********https://order.se/slowcooker-65l-chsc210/***********
10145**********110***********
**********https://order.se/popcornmaskin-retro-chpcm120/***********
10145**********111***********
**********https://order.se/rasaftcentrifug-500w-chrs110/***********
10145**********112***********
**********https://order.se/koksvag-rostfri-5kg-chkv210/***********
10145**********113***********
**********https://order.se/stavmixer-300w-chstm100/***********
10145**********114***********
**********https://order.se/dammpasar-aegvolta-5st-1008ch/***********
10145**********115***********
**********https://order.se/aero-fryer-56l-xxl-chaf410/***********
10145**********116***********
**********https://order.se/vaffeljarn-enkelt-1200w-chvj220/***********
10145**********117***********
**********https://order.se/vattenkokare-rostfri-10l-chvk050/***********
10145**********118***********
**********https://order.se/skaftdammsugare-solid-2-in-1-chsd410/***********
Spider error processing <GET https://order.se/> (referer: None)
Traceback (most recent call last):
  File "c:\users\a\appdata\local\programs\python\python38-32\lib\site-packages\twisted\internet\defer.py", line 654, in _runCallbacks
    current.result = callback(current.result, *args, **kw)
  File "E:\scraping\tool-python-scraper-csv-master\ORDER\scraping\spiders\order(all).py", line 216, in parse
    file.write('NEW' + ',' + csv_breadcrumbs.split(' ')[0] + ' ' + csv_breadcrumbs.split(' ')[1] + ' ' + csv_breadcrumbs.split(' ')[2] + ',' + csv_breadcrumbs.split(' ')[3] + ',' +  csv_name + ',' + csv_price_recommended + ',' + csv_price + ',' + csv_artno + ',' + csv_ean + ',' + csv_weight + ',' + csv_stock + ',' + csv_paragraph + ',' + csv_image_url[0] + ',' + csv_image_url[1] + ',' + csv_image_url[2] + ',' + csv_image_url[3] + ',' + csv_image_url[4] + ',' + ' ' + ',' + list2[j] + '\n')
  File "c:\users\a\appdata\local\programs\python\python38-32\lib\encodings\cp1252.py", line 19, in encode
    return codecs.charmap_encode(input,self.errors,encoding_table)[0]
UnicodeEncodeError: 'charmap' codec can't encode character '\u2264' in position 1973: character maps to <undefined>
Crawled 3 pages (at 3 pages/min), scraped 0 items (at 0 items/min)
Closing spider (finished)
Dumping Scrapy stats:
{'downloader/request_bytes': 1330,
 'downloader/request_count': 5,
 'downloader/request_method_count/GET': 5,
 'downloader/response_bytes': 54939,
 'downloader/response_count': 5,
 'downloader/response_status_count/200': 3,
 'downloader/response_status_count/301': 2,
 'elapsed_time_seconds': 3538.241885,
 'finish_reason': 'finished',
 'finish_time': datetime.datetime(2020, 4, 1, 4, 14, 47, 697771),
 'log_count/DEBUG': 308,
 'log_count/ERROR': 1,
 'log_count/INFO': 442,
 'response_received_count': 3,
 'robotstxt/request_count': 2,
 'robotstxt/response_count': 2,
 'robotstxt/response_status_count/200': 2,
 'scheduler/dequeued': 2,
 'scheduler/dequeued/memory': 2,
 'scheduler/enqueued': 2,
 'scheduler/enqueued/memory': 2,
 'spider_exceptions/UnicodeEncodeError': 1,
 'start_time': datetime.datetime(2020, 4, 1, 3, 15, 49, 455886)}
Spider closed (finished)
