Start
90**********3***********
**********https://order.se/champion-c5716/butiksstall/***********
90**********4***********
**********https://order.se/champion-c5716/data-c6166/***********
90**********5***********
**********https://order.se/champion-c5716/hemhushall/***********
90**********6***********
**********https://order.se/champion-c5716/katalog/***********
90**********7***********
**********https://order.se/champion-c5716/ljudbild-c5717/***********
90**********8***********
**********https://order.se/champion-c5716/mobility/***********
90**********9***********
**********https://order.se/champion-c5716/personvard/***********
90**********10***********
**********https://order.se/barn-baby/babylek/***********
90**********11***********
**********https://order.se/barn-baby/barnrum/***********
90**********12***********
**********https://order.se/barn-baby/barnvagnartillbehor/***********
90**********13***********
**********https://order.se/barn-baby/doppresenter/***********
90**********14***********
**********https://order.se/barn-baby/omsorghalsa/***********
90**********15***********
**********https://order.se/barn-baby/resa/***********
90**********16***********
**********https://order.se/barn-baby/smycken/***********
90**********17***********
**********https://order.se/barn-baby/sakerhet-c5864/***********
90**********18***********
**********https://order.se/barn-baby/atadricka/***********
90**********19***********
**********https://order.se/datorer-kringutrustning/datorer/***********
90**********20***********
**********https://order.se/datorer-kringutrustning/gaming/***********
90**********21***********
**********https://order.se/datorer-kringutrustning/natverksprodukter/***********
90**********22***********
**********https://order.se/datorer-kringutrustning/surfplattor-c6266/***********
90**********23***********
**********https://order.se/datorer-kringutrustning/tillbehor-c5676/***********
90**********24***********
**********https://order.se/hem-hushall/belysning-c6198/***********
90**********25***********
**********https://order.se/hem-hushall/dammsugarestadprodukter/***********
90**********26***********
**********https://order.se/hem-hushall/dorrklockor/***********
90**********27***********
**********https://order.se/hem-hushall/elverktyg/***********
90**********28***********
**********https://order.se/hem-hushall/grillar/***********
90**********29***********
**********https://order.se/hem-hushall/kaffeespresso/***********
90**********30***********
**********https://order.se/hem-hushall/klimatprodukter/***********
90**********31***********
**********https://order.se/hem-hushall/koksapparater/***********
90**********32***********
**********https://order.se/hem-hushall/koksredskap/***********
90**********33***********
**********https://order.se/hem-hushall/smarta-hemmet/***********
90**********34***********
**********https://order.se/hem-hushall/sakerhet/***********
90**********35***********
**********https://order.se/hem-hushall/textilvard/***********
90**********36***********
**********https://order.se/hem-hushall/tillbehor-c5838/***********
90**********37***********
**********https://order.se/hem-hushall/utomhusprodukter/***********
90**********38***********
**********https://order.se/hem-hushall/verktyg-c6443/***********
90**********39***********
**********https://order.se/hem-hushall/vaderstationertermometrar/***********
90**********40***********
**********https://order.se/hem-hushall/vaskor/***********
90**********41***********
**********https://order.se/hem-hushall/ovrigt-c6268/***********
90**********42***********
**********https://order.se/leksaker/adventskalender/***********
90**********43***********
**********https://order.se/leksaker/bilarbatarflygplan/***********
90**********44***********
**********https://order.se/leksaker/bygglek/***********
90**********45***********
**********https://order.se/leksaker/bockerspel/***********
90**********46***********
**********https://order.se/leksaker/dockorgosedjurgunghastar/***********
90**********47***********
**********https://order.se/leksaker/lek-och-lar/***********
90**********48***********
**********https://order.se/leksaker/lilla-hemmet/***********
90**********49***********
**********https://order.se/leksaker/maskeradutkladnad/***********
90**********50***********
**********https://order.se/leksaker/musiksangbild/***********
90**********51***********
**********https://order.se/leksaker/pyssla/***********
90**********52***********
**********https://order.se/leksaker/radiostyrt/***********
90**********53***********
**********https://order.se/leksaker/spahar/***********
90**********54***********
**********https://order.se/leksaker/uteleksport/***********
90**********55***********
**********https://order.se/ljud-bild/actionkameror/***********
90**********56***********
**********https://order.se/ljud-bild/audio/***********
90**********57***********
**********https://order.se/ljud-bild/bilstereo/***********
90**********58***********
**********https://order.se/ljud-bild/digitala-fotoramar/***********
90**********59***********
**********https://order.se/ljud-bild/digitalkameror/***********
90**********60***********
**********https://order.se/ljud-bild/digitalmottagare/***********
90**********61***********
**********https://order.se/ljud-bild/dvdblu-rayvhs/***********
90**********62***********
**********https://order.se/ljud-bild/horlurarheadset/***********
90**********63***********
**********https://order.se/ljud-bild/mediacenter/***********
90**********64***********
**********https://order.se/ljud-bild/tillbehor-c5694/***********
