Start
Input credentials
Create file
*************************************************
https://www.tekniknet.se/reservdelar-1/
*************************************************
https://www.tekniknet.se/tillbehor/
*************************************************
https://www.tekniknet.se/batterier-1/
*************************************************
https://www.tekniknet.se/verktyg-1/
*************************************************
https://www.tekniknet.se/kablar-headsets/
*************************************************
https://www.tekniknet.se/ljud-bild-3/
*************************************************
https://www.tekniknet.se/datortillbehor/
*************************************************
https://www.tekniknet.se/hem-fritid-1/
*************************************************
https://www.tekniknet.se/sign/
*************************************************
https://www.tekniknet.se/gamingtillbehor/
*************************************************
https://www.tekniknet.se/mypage.php
*************************************************
https://www.tekniknet.se/contact
*************************************************
https://www.tekniknet.se/returns
*************************************************
https://www.tekniknet.se/info/samarbeta-med-oss/
Get items
^^^^^^^^^^^^^^^^^^^^^^^^^^^^^^^^^^^^^^^^^^^^^^^^^^
https://www.tekniknet.se/iphone-xs-max-1/
^^^^^^^^^^^^^^^^^^^^^^^^^^^^^^^^^^^^^^^^^^^^^^^^^^
https://www.tekniknet.se/iphone-xs/
^^^^^^^^^^^^^^^^^^^^^^^^^^^^^^^^^^^^^^^^^^^^^^^^^^
https://www.tekniknet.se/iphone-xr-1/
^^^^^^^^^^^^^^^^^^^^^^^^^^^^^^^^^^^^^^^^^^^^^^^^^^
https://www.tekniknet.se/iphone-x/
^^^^^^^^^^^^^^^^^^^^^^^^^^^^^^^^^^^^^^^^^^^^^^^^^^
https://www.tekniknet.se/iphone-8-1/
^^^^^^^^^^^^^^^^^^^^^^^^^^^^^^^^^^^^^^^^^^^^^^^^^^
https://www.tekniknet.se/iphone-8-plus-1/
^^^^^^^^^^^^^^^^^^^^^^^^^^^^^^^^^^^^^^^^^^^^^^^^^^
https://www.tekniknet.se/iphone-7-1/
^^^^^^^^^^^^^^^^^^^^^^^^^^^^^^^^^^^^^^^^^^^^^^^^^^
https://www.tekniknet.se/iphone-7-plus-1/
^^^^^^^^^^^^^^^^^^^^^^^^^^^^^^^^^^^^^^^^^^^^^^^^^^
https://www.tekniknet.se/iphone-6s/
^^^^^^^^^^^^^^^^^^^^^^^^^^^^^^^^^^^^^^^^^^^^^^^^^^
https://www.tekniknet.se/iphone-6s-plus/
^^^^^^^^^^^^^^^^^^^^^^^^^^^^^^^^^^^^^^^^^^^^^^^^^^
https://www.tekniknet.se/iphone-6/
^^^^^^^^^^^^^^^^^^^^^^^^^^^^^^^^^^^^^^^^^^^^^^^^^^
https://www.tekniknet.se/iphone-6-plus/
^^^^^^^^^^^^^^^^^^^^^^^^^^^^^^^^^^^^^^^^^^^^^^^^^^
https://www.tekniknet.se/iphone-se
^^^^^^^^^^^^^^^^^^^^^^^^^^^^^^^^^^^^^^^^^^^^^^^^^^
https://www.tekniknet.se/iphone-5s/
^^^^^^^^^^^^^^^^^^^^^^^^^^^^^^^^^^^^^^^^^^^^^^^^^^
https://www.tekniknet.se/iphone-5c-1/
^^^^^^^^^^^^^^^^^^^^^^^^^^^^^^^^^^^^^^^^^^^^^^^^^^
https://www.tekniknet.se/iphone-5/
^^^^^^^^^^^^^^^^^^^^^^^^^^^^^^^^^^^^^^^^^^^^^^^^^^
https://www.tekniknet.se/iphone-4/
^^^^^^^^^^^^^^^^^^^^^^^^^^^^^^^^^^^^^^^^^^^^^^^^^^
https://www.tekniknet.se/iphone-4s/
^^^^^^^^^^^^^^^^^^^^^^^^^^^^^^^^^^^^^^^^^^^^^^^^^^
https://www.tekniknet.se/apple-watch/
^^^^^^^^^^^^^^^^^^^^^^^^^^^^^^^^^^^^^^^^^^^^^^^^^^
https://www.tekniknet.se/iphone-11-pro-1/
^^^^^^^^^^^^^^^^^^^^^^^^^^^^^^^^^^^^^^^^^^^^^^^^^^
https://www.tekniknet.se/iphone-11-pro-max-1/
^^^^^^^^^^^^^^^^^^^^^^^^^^^^^^^^^^^^^^^^^^^^^^^^^^
https://www.tekniknet.se/reservdelar-iphone-11/
^^^^^^^^^^^^^^^^^^^^^^^^^^^^^^^^^^^^^^^^^^^^^^^^^^
https://www.tekniknet.se/sony-xperia-ovriga-modeller/
^^^^^^^^^^^^^^^^^^^^^^^^^^^^^^^^^^^^^^^^^^^^^^^^^^
https://www.tekniknet.se/reservdelar-xperia-10-modeller/
^^^^^^^^^^^^^^^^^^^^^^^^^^^^^^^^^^^^^^^^^^^^^^^^^^
https://www.tekniknet.se/xperia-5-modeller/
^^^^^^^^^^^^^^^^^^^^^^^^^^^^^^^^^^^^^^^^^^^^^^^^^^
https://www.tekniknet.se/reservdelar-xperia-l-modeller/
^^^^^^^^^^^^^^^^^^^^^^^^^^^^^^^^^^^^^^^^^^^^^^^^^^
https://www.tekniknet.se/reservdelar-xperia-m-modeller/
^^^^^^^^^^^^^^^^^^^^^^^^^^^^^^^^^^^^^^^^^^^^^^^^^^
https://www.tekniknet.se/reservdelar-xperia-tablet-modeller/
^^^^^^^^^^^^^^^^^^^^^^^^^^^^^^^^^^^^^^^^^^^^^^^^^^
https://www.tekniknet.se/reservdelar-xperia-x-modeller/
^^^^^^^^^^^^^^^^^^^^^^^^^^^^^^^^^^^^^^^^^^^^^^^^^^
https://www.tekniknet.se/reservdelar-xperia-xa-modeller/
^^^^^^^^^^^^^^^^^^^^^^^^^^^^^^^^^^^^^^^^^^^^^^^^^^
https://www.tekniknet.se/reservdelar-xperia-xz-modeller/
^^^^^^^^^^^^^^^^^^^^^^^^^^^^^^^^^^^^^^^^^^^^^^^^^^
https://www.tekniknet.se/reservdelar-xperia-z-modeller/
^^^^^^^^^^^^^^^^^^^^^^^^^^^^^^^^^^^^^^^^^^^^^^^^^^
https://www.tekniknet.se/galaxy-tab/
^^^^^^^^^^^^^^^^^^^^^^^^^^^^^^^^^^^^^^^^^^^^^^^^^^
https://www.tekniknet.se/ovriga-modeller/
^^^^^^^^^^^^^^^^^^^^^^^^^^^^^^^^^^^^^^^^^^^^^^^^^^
https://www.tekniknet.se/reservdelar-galaxy-s-modeller/
^^^^^^^^^^^^^^^^^^^^^^^^^^^^^^^^^^^^^^^^^^^^^^^^^^
https://www.tekniknet.se/reservdelar-galaxy-j-modeller/
^^^^^^^^^^^^^^^^^^^^^^^^^^^^^^^^^^^^^^^^^^^^^^^^^^
https://www.tekniknet.se/reservdelar-galaxy-a-modeller/
^^^^^^^^^^^^^^^^^^^^^^^^^^^^^^^^^^^^^^^^^^^^^^^^^^
https://www.tekniknet.se/reservdelar-galaxy-m-modeller/
^^^^^^^^^^^^^^^^^^^^^^^^^^^^^^^^^^^^^^^^^^^^^^^^^^
https://www.tekniknet.se/reservdelar-galaxy-xcover-modeller/
^^^^^^^^^^^^^^^^^^^^^^^^^^^^^^^^^^^^^^^^^^^^^^^^^^
https://www.tekniknet.se/reservdelar-galaxy-note-modeller/
^^^^^^^^^^^^^^^^^^^^^^^^^^^^^^^^^^^^^^^^^^^^^^^^^^
https://www.tekniknet.se/reservdelar-huawei-ascend-modeller/
^^^^^^^^^^^^^^^^^^^^^^^^^^^^^^^^^^^^^^^^^^^^^^^^^^
https://www.tekniknet.se/reservdelar-huawei-honor-modeller/
^^^^^^^^^^^^^^^^^^^^^^^^^^^^^^^^^^^^^^^^^^^^^^^^^^
https://www.tekniknet.se/reservdelar-huawei-mate-modeller/
^^^^^^^^^^^^^^^^^^^^^^^^^^^^^^^^^^^^^^^^^^^^^^^^^^
https://www.tekniknet.se/huawei-nova-modeller-1/
^^^^^^^^^^^^^^^^^^^^^^^^^^^^^^^^^^^^^^^^^^^^^^^^^^
https://www.tekniknet.se/reservdelar-huawei-p-modeller/
^^^^^^^^^^^^^^^^^^^^^^^^^^^^^^^^^^^^^^^^^^^^^^^^^^
https://www.tekniknet.se/reservdelar-huawei-y-modeller/
^^^^^^^^^^^^^^^^^^^^^^^^^^^^^^^^^^^^^^^^^^^^^^^^^^
https://www.tekniknet.se/reservdelar-huawei-nova-modeller/
^^^^^^^^^^^^^^^^^^^^^^^^^^^^^^^^^^^^^^^^^^^^^^^^^^
https://www.tekniknet.se/mobilreservdelar/lg/lg-g2-d802/
^^^^^^^^^^^^^^^^^^^^^^^^^^^^^^^^^^^^^^^^^^^^^^^^^^
https://www.tekniknet.se/lg-g3-d855/
^^^^^^^^^^^^^^^^^^^^^^^^^^^^^^^^^^^^^^^^^^^^^^^^^^
https://www.tekniknet.se/mobilreservdelar/lg/lg-g3-d855/
^^^^^^^^^^^^^^^^^^^^^^^^^^^^^^^^^^^^^^^^^^^^^^^^^^
https://www.tekniknet.se/lg-g4-h815/
^^^^^^^^^^^^^^^^^^^^^^^^^^^^^^^^^^^^^^^^^^^^^^^^^^
https://www.tekniknet.se/mobilreservdelar/lg/g5/
^^^^^^^^^^^^^^^^^^^^^^^^^^^^^^^^^^^^^^^^^^^^^^^^^^
https://www.tekniknet.se/lg-g6-h870/
^^^^^^^^^^^^^^^^^^^^^^^^^^^^^^^^^^^^^^^^^^^^^^^^^^
https://www.tekniknet.se/lg-g7-thinq/
^^^^^^^^^^^^^^^^^^^^^^^^^^^^^^^^^^^^^^^^^^^^^^^^^^
https://www.tekniknet.se/lg-k8-k350n/
^^^^^^^^^^^^^^^^^^^^^^^^^^^^^^^^^^^^^^^^^^^^^^^^^^
https://www.tekniknet.se/lg-v10-h960/
^^^^^^^^^^^^^^^^^^^^^^^^^^^^^^^^^^^^^^^^^^^^^^^^^^
https://www.tekniknet.se/lg-v30-reservdelar
^^^^^^^^^^^^^^^^^^^^^^^^^^^^^^^^^^^^^^^^^^^^^^^^^^
https://www.tekniknet.se/nexus-5/
^^^^^^^^^^^^^^^^^^^^^^^^^^^^^^^^^^^^^^^^^^^^^^^^^^
https://www.tekniknet.se/nexus-5x-h791/
^^^^^^^^^^^^^^^^^^^^^^^^^^^^^^^^^^^^^^^^^^^^^^^^^^
https://www.tekniknet.se/nexus-6-1/
^^^^^^^^^^^^^^^^^^^^^^^^^^^^^^^^^^^^^^^^^^^^^^^^^^
https://www.tekniknet.se/htc-10-1/
^^^^^^^^^^^^^^^^^^^^^^^^^^^^^^^^^^^^^^^^^^^^^^^^^^
https://www.tekniknet.se/htc-u11-reservdelar
^^^^^^^^^^^^^^^^^^^^^^^^^^^^^^^^^^^^^^^^^^^^^^^^^^
https://www.tekniknet.se/htc-ovriga-modeller/
^^^^^^^^^^^^^^^^^^^^^^^^^^^^^^^^^^^^^^^^^^^^^^^^^^
https://www.tekniknet.se/one-m7/
^^^^^^^^^^^^^^^^^^^^^^^^^^^^^^^^^^^^^^^^^^^^^^^^^^
https://www.tekniknet.se/one-m8-1/
^^^^^^^^^^^^^^^^^^^^^^^^^^^^^^^^^^^^^^^^^^^^^^^^^^
https://www.tekniknet.se/one-m9-1/
^^^^^^^^^^^^^^^^^^^^^^^^^^^^^^^^^^^^^^^^^^^^^^^^^^
https://www.tekniknet.se/one-x/
^^^^^^^^^^^^^^^^^^^^^^^^^^^^^^^^^^^^^^^^^^^^^^^^^^
https://www.tekniknet.se/tillbehor/lenovo/lenovo-tab-2-a10-30
^^^^^^^^^^^^^^^^^^^^^^^^^^^^^^^^^^^^^^^^^^^^^^^^^^
https://www.tekniknet.se/reservdelar/lenovo/tab-2-a10-70
^^^^^^^^^^^^^^^^^^^^^^^^^^^^^^^^^^^^^^^^^^^^^^^^^^
https://www.tekniknet.se/lenovo-yoga-tab-3/
^^^^^^^^^^^^^^^^^^^^^^^^^^^^^^^^^^^^^^^^^^^^^^^^^^
https://www.tekniknet.se/lumia-535/
^^^^^^^^^^^^^^^^^^^^^^^^^^^^^^^^^^^^^^^^^^^^^^^^^^
https://www.tekniknet.se/lumia-640/
^^^^^^^^^^^^^^^^^^^^^^^^^^^^^^^^^^^^^^^^^^^^^^^^^^
https://www.tekniknet.se/lumia-640-xl/
^^^^^^^^^^^^^^^^^^^^^^^^^^^^^^^^^^^^^^^^^^^^^^^^^^
https://www.tekniknet.se/lumia-950/
^^^^^^^^^^^^^^^^^^^^^^^^^^^^^^^^^^^^^^^^^^^^^^^^^^
https://www.tekniknet.se/lumia-950-xl/
^^^^^^^^^^^^^^^^^^^^^^^^^^^^^^^^^^^^^^^^^^^^^^^^^^
https://www.tekniknet.se/lumia-1020/
^^^^^^^^^^^^^^^^^^^^^^^^^^^^^^^^^^^^^^^^^^^^^^^^^^
https://www.tekniknet.se/lumia-1320/
^^^^^^^^^^^^^^^^^^^^^^^^^^^^^^^^^^^^^^^^^^^^^^^^^^
https://www.tekniknet.se/lumia-1520/
^^^^^^^^^^^^^^^^^^^^^^^^^^^^^^^^^^^^^^^^^^^^^^^^^^
https://www.tekniknet.se/lumia-625/630/635/
^^^^^^^^^^^^^^^^^^^^^^^^^^^^^^^^^^^^^^^^^^^^^^^^^^
https://www.tekniknet.se/lumia-800/
^^^^^^^^^^^^^^^^^^^^^^^^^^^^^^^^^^^^^^^^^^^^^^^^^^
https://www.tekniknet.se/lumia-900/
^^^^^^^^^^^^^^^^^^^^^^^^^^^^^^^^^^^^^^^^^^^^^^^^^^
https://www.tekniknet.se/lumia-930/
^^^^^^^^^^^^^^^^^^^^^^^^^^^^^^^^^^^^^^^^^^^^^^^^^^
https://www.tekniknet.se/nokia-6-1/
^^^^^^^^^^^^^^^^^^^^^^^^^^^^^^^^^^^^^^^^^^^^^^^^^^
https://www.tekniknet.se/nokia-8-1/
^^^^^^^^^^^^^^^^^^^^^^^^^^^^^^^^^^^^^^^^^^^^^^^^^^
https://www.tekniknet.se/mobilreservdelar/nokia/nokia-ovriga-modeller/
^^^^^^^^^^^^^^^^^^^^^^^^^^^^^^^^^^^^^^^^^^^^^^^^^^
https://www.tekniknet.se/oneplus-one/
^^^^^^^^^^^^^^^^^^^^^^^^^^^^^^^^^^^^^^^^^^^^^^^^^^
https://www.tekniknet.se/oneplus-2-1/
^^^^^^^^^^^^^^^^^^^^^^^^^^^^^^^^^^^^^^^^^^^^^^^^^^
https://www.tekniknet.se/oneplus-3/
^^^^^^^^^^^^^^^^^^^^^^^^^^^^^^^^^^^^^^^^^^^^^^^^^^
https://www.tekniknet.se/oneplus-5-1/
^^^^^^^^^^^^^^^^^^^^^^^^^^^^^^^^^^^^^^^^^^^^^^^^^^
https://www.tekniknet.se/oneplus-5t-reservdelar
^^^^^^^^^^^^^^^^^^^^^^^^^^^^^^^^^^^^^^^^^^^^^^^^^^
https://www.tekniknet.se/reservdelar-oneplus-7t-pro-1/
^^^^^^^^^^^^^^^^^^^^^^^^^^^^^^^^^^^^^^^^^^^^^^^^^^
https://www.tekniknet.se/reservdelar-oneplus-7t-1/
^^^^^^^^^^^^^^^^^^^^^^^^^^^^^^^^^^^^^^^^^^^^^^^^^^
https://www.tekniknet.se/oneplus-7-pro-1/
^^^^^^^^^^^^^^^^^^^^^^^^^^^^^^^^^^^^^^^^^^^^^^^^^^
https://www.tekniknet.se/oneplus-7-1/
^^^^^^^^^^^^^^^^^^^^^^^^^^^^^^^^^^^^^^^^^^^^^^^^^^
https://www.tekniknet.se/oneplus-6t-1/
^^^^^^^^^^^^^^^^^^^^^^^^^^^^^^^^^^^^^^^^^^^^^^^^^^
https://www.tekniknet.se/oneplus-6-/
^^^^^^^^^^^^^^^^^^^^^^^^^^^^^^^^^^^^^^^^^^^^^^^^^^
https://www.tekniknet.se/oneplus-3t/
^^^^^^^^^^^^^^^^^^^^^^^^^^^^^^^^^^^^^^^^^^^^^^^^^^
https://www.tekniknet.se/reservdelar-motorola-moto-e5/
^^^^^^^^^^^^^^^^^^^^^^^^^^^^^^^^^^^^^^^^^^^^^^^^^^
https://www.tekniknet.se/moto-e5-play/
^^^^^^^^^^^^^^^^^^^^^^^^^^^^^^^^^^^^^^^^^^^^^^^^^^
https://www.tekniknet.se/moto-g4/
^^^^^^^^^^^^^^^^^^^^^^^^^^^^^^^^^^^^^^^^^^^^^^^^^^
https://www.tekniknet.se/reservdelar-moto-g6-play/
^^^^^^^^^^^^^^^^^^^^^^^^^^^^^^^^^^^^^^^^^^^^^^^^^^
https://www.tekniknet.se/moto-g7-g7-plus/
^^^^^^^^^^^^^^^^^^^^^^^^^^^^^^^^^^^^^^^^^^^^^^^^^^
https://www.tekniknet.se/moto-g7-play/
^^^^^^^^^^^^^^^^^^^^^^^^^^^^^^^^^^^^^^^^^^^^^^^^^^
https://www.tekniknet.se/moto-g7-power-1/
^^^^^^^^^^^^^^^^^^^^^^^^^^^^^^^^^^^^^^^^^^^^^^^^^^
https://www.tekniknet.se/moto-x4/
^^^^^^^^^^^^^^^^^^^^^^^^^^^^^^^^^^^^^^^^^^^^^^^^^^
https://www.tekniknet.se/reservdelar-motorola-moto-z2-force/
^^^^^^^^^^^^^^^^^^^^^^^^^^^^^^^^^^^^^^^^^^^^^^^^^^
https://www.tekniknet.se/moto-z-play-2/
^^^^^^^^^^^^^^^^^^^^^^^^^^^^^^^^^^^^^^^^^^^^^^^^^^
https://www.tekniknet.se/moto-z3/z3-play/
^^^^^^^^^^^^^^^^^^^^^^^^^^^^^^^^^^^^^^^^^^^^^^^^^^
https://www.tekniknet.se/motorola-moto-g5-/
^^^^^^^^^^^^^^^^^^^^^^^^^^^^^^^^^^^^^^^^^^^^^^^^^^
https://www.tekniknet.se/motorola-moto-g5-plus/
^^^^^^^^^^^^^^^^^^^^^^^^^^^^^^^^^^^^^^^^^^^^^^^^^^
https://www.tekniknet.se/mobilreservdelar/motorola-moto-g5s/
^^^^^^^^^^^^^^^^^^^^^^^^^^^^^^^^^^^^^^^^^^^^^^^^^^
https://www.tekniknet.se/motorola-moto-g5s-plus/
^^^^^^^^^^^^^^^^^^^^^^^^^^^^^^^^^^^^^^^^^^^^^^^^^^
https://www.tekniknet.se/motorola-moto-g6/
^^^^^^^^^^^^^^^^^^^^^^^^^^^^^^^^^^^^^^^^^^^^^^^^^^
https://www.tekniknet.se/motorola-moto-g6-plus/
^^^^^^^^^^^^^^^^^^^^^^^^^^^^^^^^^^^^^^^^^^^^^^^^^^
https://www.tekniknet.se/motorola-one-1/
^^^^^^^^^^^^^^^^^^^^^^^^^^^^^^^^^^^^^^^^^^^^^^^^^^
https://www.tekniknet.se/one-vision/
Message: no such element: Unable to locate element: {"method":"css selector","selector":".subLinks"}
  (Session info: chrome=80.0.3987.132)

^^^^^^^^^^^^^^^^^^^^^^^^^^^^^^^^^^^^^^^^^^^^^^^^^^
https://www.tekniknet.se/reservdelar-xiaomi-mi-modeller/
^^^^^^^^^^^^^^^^^^^^^^^^^^^^^^^^^^^^^^^^^^^^^^^^^^
https://www.tekniknet.se/xiaomi-pocophone-f1-1/
^^^^^^^^^^^^^^^^^^^^^^^^^^^^^^^^^^^^^^^^^^^^^^^^^^
https://www.tekniknet.se/reservdelar-xiaomi-redmi-modeller/
^^^^^^^^^^^^^^^^^^^^^^^^^^^^^^^^^^^^^^^^^^^^^^^^^^
https://www.tekniknet.se/reservdelar-xiaomi-redmi-note-modeller/
^^^^^^^^^^^^^^^^^^^^^^^^^^^^^^^^^^^^^^^^^^^^^^^^^^
https://www.tekniknet.se/ipod-touch-4g/
^^^^^^^^^^^^^^^^^^^^^^^^^^^^^^^^^^^^^^^^^^^^^^^^^^
https://www.tekniknet.se/ipod-touch-5/
^^^^^^^^^^^^^^^^^^^^^^^^^^^^^^^^^^^^^^^^^^^^^^^^^^
https://www.tekniknet.se/ipod-touch-6/
^^^^^^^^^^^^^^^^^^^^^^^^^^^^^^^^^^^^^^^^^^^^^^^^^^
https://www.tekniknet.se/reservdelar-pixel-3a/
^^^^^^^^^^^^^^^^^^^^^^^^^^^^^^^^^^^^^^^^^^^^^^^^^^
https://www.tekniknet.se/ipad-pro-12.9/
^^^^^^^^^^^^^^^^^^^^^^^^^^^^^^^^^^^^^^^^^^^^^^^^^^
https://www.tekniknet.se/ipad-pro-9.7-3/
^^^^^^^^^^^^^^^^^^^^^^^^^^^^^^^^^^^^^^^^^^^^^^^^^^
https://www.tekniknet.se/ipad-9.7-2017-1/
^^^^^^^^^^^^^^^^^^^^^^^^^^^^^^^^^^^^^^^^^^^^^^^^^^
https://www.tekniknet.se/ipad-mini-retina/
^^^^^^^^^^^^^^^^^^^^^^^^^^^^^^^^^^^^^^^^^^^^^^^^^^
https://www.tekniknet.se/ipad-2018-reservdelar/
^^^^^^^^^^^^^^^^^^^^^^^^^^^^^^^^^^^^^^^^^^^^^^^^^^
https://www.tekniknet.se/ipad-3/
^^^^^^^^^^^^^^^^^^^^^^^^^^^^^^^^^^^^^^^^^^^^^^^^^^
https://www.tekniknet.se/ipad-4/
^^^^^^^^^^^^^^^^^^^^^^^^^^^^^^^^^^^^^^^^^^^^^^^^^^
https://www.tekniknet.se/ipad-air/
^^^^^^^^^^^^^^^^^^^^^^^^^^^^^^^^^^^^^^^^^^^^^^^^^^
https://www.tekniknet.se/ipad-air-2/
^^^^^^^^^^^^^^^^^^^^^^^^^^^^^^^^^^^^^^^^^^^^^^^^^^
https://www.tekniknet.se/ipad-air-2019/
^^^^^^^^^^^^^^^^^^^^^^^^^^^^^^^^^^^^^^^^^^^^^^^^^^
https://www.tekniknet.se/ipad-mini-1/
^^^^^^^^^^^^^^^^^^^^^^^^^^^^^^^^^^^^^^^^^^^^^^^^^^
https://www.tekniknet.se/ipad-mini-2019/
^^^^^^^^^^^^^^^^^^^^^^^^^^^^^^^^^^^^^^^^^^^^^^^^^^
https://www.tekniknet.se/ipad-mini-3/
^^^^^^^^^^^^^^^^^^^^^^^^^^^^^^^^^^^^^^^^^^^^^^^^^^
https://www.tekniknet.se/mobilreservdelar/apple/ipad-mini-4/
^^^^^^^^^^^^^^^^^^^^^^^^^^^^^^^^^^^^^^^^^^^^^^^^^^
https://www.tekniknet.se/ipad-pro-10.5-1/
^^^^^^^^^^^^^^^^^^^^^^^^^^^^^^^^^^^^^^^^^^^^^^^^^^
https://www.tekniknet.se/Reservdelar/ipad-pro-11/
^^^^^^^^^^^^^^^^^^^^^^^^^^^^^^^^^^^^^^^^^^^^^^^^^^
https://www.tekniknet.se/ipad-2/
^^^^^^^^^^^^^^^^^^^^^^^^^^^^^^^^^^^^^^^^^^^^^^^^^^
https://www.tekniknet.se/ipad/
^^^^^^^^^^^^^^^^^^^^^^^^^^^^^^^^^^^^^^^^^^^^^^^^^^
https://www.tekniknet.se/ipad-10.22019-7th-gen/
^^^^^^^^^^^^^^^^^^^^^^^^^^^^^^^^^^^^^^^^^^^^^^^^^^
https://www.tekniknet.se/iphone-11-pro-max/
^^^^^^^^^^^^^^^^^^^^^^^^^^^^^^^^^^^^^^^^^^^^^^^^^^
https://www.tekniknet.se/iphone-11-pro/
^^^^^^^^^^^^^^^^^^^^^^^^^^^^^^^^^^^^^^^^^^^^^^^^^^
https://www.tekniknet.se/iphone-11/
^^^^^^^^^^^^^^^^^^^^^^^^^^^^^^^^^^^^^^^^^^^^^^^^^^
https://www.tekniknet.se/iphone-x-1/
^^^^^^^^^^^^^^^^^^^^^^^^^^^^^^^^^^^^^^^^^^^^^^^^^^
https://www.tekniknet.se/iphone-xs-max/
^^^^^^^^^^^^^^^^^^^^^^^^^^^^^^^^^^^^^^^^^^^^^^^^^^
https://www.tekniknet.se/iphone-xr/
^^^^^^^^^^^^^^^^^^^^^^^^^^^^^^^^^^^^^^^^^^^^^^^^^^
https://www.tekniknet.se/iphone-8-plus/
^^^^^^^^^^^^^^^^^^^^^^^^^^^^^^^^^^^^^^^^^^^^^^^^^^
https://www.tekniknet.se/iphone-8/
^^^^^^^^^^^^^^^^^^^^^^^^^^^^^^^^^^^^^^^^^^^^^^^^^^
https://www.tekniknet.se/iphone-7-plus-3/
^^^^^^^^^^^^^^^^^^^^^^^^^^^^^^^^^^^^^^^^^^^^^^^^^^
https://www.tekniknet.se/iphone-7-3/
^^^^^^^^^^^^^^^^^^^^^^^^^^^^^^^^^^^^^^^^^^^^^^^^^^
https://www.tekniknet.se/iphone-6/6s-plus/
^^^^^^^^^^^^^^^^^^^^^^^^^^^^^^^^^^^^^^^^^^^^^^^^^^
https://www.tekniknet.se/iphone-6/6s/
^^^^^^^^^^^^^^^^^^^^^^^^^^^^^^^^^^^^^^^^^^^^^^^^^^
https://www.tekniknet.se/iphone-5/5s/se/
^^^^^^^^^^^^^^^^^^^^^^^^^^^^^^^^^^^^^^^^^^^^^^^^^^
https://www.tekniknet.se/iphone-4/4s/
^^^^^^^^^^^^^^^^^^^^^^^^^^^^^^^^^^^^^^^^^^^^^^^^^^
https://www.tekniknet.se/iphone-5c/
^^^^^^^^^^^^^^^^^^^^^^^^^^^^^^^^^^^^^^^^^^^^^^^^^^
https://www.tekniknet.se/ipad-10.22019-7th-gen-1/
^^^^^^^^^^^^^^^^^^^^^^^^^^^^^^^^^^^^^^^^^^^^^^^^^^
https://www.tekniknet.se/tillbehor-ipad-pro-10.5-ipad-air-2019/
^^^^^^^^^^^^^^^^^^^^^^^^^^^^^^^^^^^^^^^^^^^^^^^^^^
https://www.tekniknet.se/mobiltillbehor-ipad-mini-2019/
^^^^^^^^^^^^^^^^^^^^^^^^^^^^^^^^^^^^^^^^^^^^^^^^^^
https://www.tekniknet.se/ipad-pro-11-1/
^^^^^^^^^^^^^^^^^^^^^^^^^^^^^^^^^^^^^^^^^^^^^^^^^^
https://www.tekniknet.se/ipad-9-7-2017-2018-tillbehor
^^^^^^^^^^^^^^^^^^^^^^^^^^^^^^^^^^^^^^^^^^^^^^^^^^
https://www.tekniknet.se/ipad-3/4/
^^^^^^^^^^^^^^^^^^^^^^^^^^^^^^^^^^^^^^^^^^^^^^^^^^
https://www.tekniknet.se/ipad-mini-1-2-3/
^^^^^^^^^^^^^^^^^^^^^^^^^^^^^^^^^^^^^^^^^^^^^^^^^^
https://www.tekniknet.se/ipad-2-1/
^^^^^^^^^^^^^^^^^^^^^^^^^^^^^^^^^^^^^^^^^^^^^^^^^^
https://www.tekniknet.se/ipad-air-1/
^^^^^^^^^^^^^^^^^^^^^^^^^^^^^^^^^^^^^^^^^^^^^^^^^^
https://www.tekniknet.se/ipad-air-2-2/
^^^^^^^^^^^^^^^^^^^^^^^^^^^^^^^^^^^^^^^^^^^^^^^^^^
https://www.tekniknet.se/ipad-mini-4/
^^^^^^^^^^^^^^^^^^^^^^^^^^^^^^^^^^^^^^^^^^^^^^^^^^
https://www.tekniknet.se/ipad-pro-1/
^^^^^^^^^^^^^^^^^^^^^^^^^^^^^^^^^^^^^^^^^^^^^^^^^^
https://www.tekniknet.se/ipad-pro-9.7-1/
^^^^^^^^^^^^^^^^^^^^^^^^^^^^^^^^^^^^^^^^^^^^^^^^^^
https://www.tekniknet.se/apple-watch-1/
^^^^^^^^^^^^^^^^^^^^^^^^^^^^^^^^^^^^^^^^^^^^^^^^^^
https://www.tekniknet.se/galaxy-a3/
^^^^^^^^^^^^^^^^^^^^^^^^^^^^^^^^^^^^^^^^^^^^^^^^^^
https://www.tekniknet.se/mobiltillbehor/samsung/galaxy-a3-2016/
^^^^^^^^^^^^^^^^^^^^^^^^^^^^^^^^^^^^^^^^^^^^^^^^^^
https://www.tekniknet.se/galaxy-a3-2017-3/
^^^^^^^^^^^^^^^^^^^^^^^^^^^^^^^^^^^^^^^^^^^^^^^^^^
https://www.tekniknet.se/galaxy-a5/
^^^^^^^^^^^^^^^^^^^^^^^^^^^^^^^^^^^^^^^^^^^^^^^^^^
https://www.tekniknet.se/galaxy-a5-2016-1/
^^^^^^^^^^^^^^^^^^^^^^^^^^^^^^^^^^^^^^^^^^^^^^^^^^
https://www.tekniknet.se/galaxy-a5-2017-3/
^^^^^^^^^^^^^^^^^^^^^^^^^^^^^^^^^^^^^^^^^^^^^^^^^^
https://www.tekniknet.se/galaxy-a80/
^^^^^^^^^^^^^^^^^^^^^^^^^^^^^^^^^^^^^^^^^^^^^^^^^^
https://www.tekniknet.se/galaxy-a70/
^^^^^^^^^^^^^^^^^^^^^^^^^^^^^^^^^^^^^^^^^^^^^^^^^^
https://www.tekniknet.se/tillbehor/samsung/
^^^^^^^^^^^^^^^^^^^^^^^^^^^^^^^^^^^^^^^^^^^^^^^^^^
https://www.tekniknet.se/galaxy-a40-1/
^^^^^^^^^^^^^^^^^^^^^^^^^^^^^^^^^^^^^^^^^^^^^^^^^^
https://www.tekniknet.se/samsung-galaxy-a20e-tillbehor/
^^^^^^^^^^^^^^^^^^^^^^^^^^^^^^^^^^^^^^^^^^^^^^^^^^
https://www.tekniknet.se/galaxy-a6-2018/
^^^^^^^^^^^^^^^^^^^^^^^^^^^^^^^^^^^^^^^^^^^^^^^^^^
https://www.tekniknet.se/galaxy-a6-plus-2018/
^^^^^^^^^^^^^^^^^^^^^^^^^^^^^^^^^^^^^^^^^^^^^^^^^^
https://www.tekniknet.se/galaxy-a7/
^^^^^^^^^^^^^^^^^^^^^^^^^^^^^^^^^^^^^^^^^^^^^^^^^^
https://www.tekniknet.se/galaxy-a7-2018/
^^^^^^^^^^^^^^^^^^^^^^^^^^^^^^^^^^^^^^^^^^^^^^^^^^
https://www.tekniknet.se/galaxy-a8/
^^^^^^^^^^^^^^^^^^^^^^^^^^^^^^^^^^^^^^^^^^^^^^^^^^
https://www.tekniknet.se/galaxy-a9-2018/
^^^^^^^^^^^^^^^^^^^^^^^^^^^^^^^^^^^^^^^^^^^^^^^^^^
https://www.tekniknet.se/galaxy-alpha/
^^^^^^^^^^^^^^^^^^^^^^^^^^^^^^^^^^^^^^^^^^^^^^^^^^
https://www.tekniknet.se/galaxy-j3-3/
^^^^^^^^^^^^^^^^^^^^^^^^^^^^^^^^^^^^^^^^^^^^^^^^^^
https://www.tekniknet.se/galaxy-j3-2016-1/
^^^^^^^^^^^^^^^^^^^^^^^^^^^^^^^^^^^^^^^^^^^^^^^^^^
https://www.tekniknet.se/galaxy-j3-2017-/
^^^^^^^^^^^^^^^^^^^^^^^^^^^^^^^^^^^^^^^^^^^^^^^^^^
https://www.tekniknet.se/galaxy-j4-plus-2018/
^^^^^^^^^^^^^^^^^^^^^^^^^^^^^^^^^^^^^^^^^^^^^^^^^^
https://www.tekniknet.se/galaxy-j5-3/
^^^^^^^^^^^^^^^^^^^^^^^^^^^^^^^^^^^^^^^^^^^^^^^^^^
https://www.tekniknet.se/galaxy-j5-2016-1/
^^^^^^^^^^^^^^^^^^^^^^^^^^^^^^^^^^^^^^^^^^^^^^^^^^
https://www.tekniknet.se/galaxy-j5-2017-1/
^^^^^^^^^^^^^^^^^^^^^^^^^^^^^^^^^^^^^^^^^^^^^^^^^^
https://www.tekniknet.se/galaxy-j6-2018/
^^^^^^^^^^^^^^^^^^^^^^^^^^^^^^^^^^^^^^^^^^^^^^^^^^
https://www.tekniknet.se/galaxy-j6-plus-2018/
^^^^^^^^^^^^^^^^^^^^^^^^^^^^^^^^^^^^^^^^^^^^^^^^^^
https://www.tekniknet.se/galaxy-j7-2017-/
^^^^^^^^^^^^^^^^^^^^^^^^^^^^^^^^^^^^^^^^^^^^^^^^^^
https://www.tekniknet.se/galaxy-note-3/
^^^^^^^^^^^^^^^^^^^^^^^^^^^^^^^^^^^^^^^^^^^^^^^^^^
https://www.tekniknet.se/galaxy-note-4/
^^^^^^^^^^^^^^^^^^^^^^^^^^^^^^^^^^^^^^^^^^^^^^^^^^
https://www.tekniknet.se/galaxy-note-8/
^^^^^^^^^^^^^^^^^^^^^^^^^^^^^^^^^^^^^^^^^^^^^^^^^^
https://www.tekniknet.se/galaxy-note-9/
^^^^^^^^^^^^^^^^^^^^^^^^^^^^^^^^^^^^^^^^^^^^^^^^^^
https://www.tekniknet.se/galaxy-note-edge-1/
^^^^^^^^^^^^^^^^^^^^^^^^^^^^^^^^^^^^^^^^^^^^^^^^^^
https://www.tekniknet.se/tillbehor-samsung-galaxy-s10
^^^^^^^^^^^^^^^^^^^^^^^^^^^^^^^^^^^^^^^^^^^^^^^^^^
https://www.tekniknet.se/tillbehor-galaxy-s10-plus
^^^^^^^^^^^^^^^^^^^^^^^^^^^^^^^^^^^^^^^^^^^^^^^^^^
https://www.tekniknet.se/galaxy-s10e/
^^^^^^^^^^^^^^^^^^^^^^^^^^^^^^^^^^^^^^^^^^^^^^^^^^
https://www.tekniknet.se/galaxy-s3/
^^^^^^^^^^^^^^^^^^^^^^^^^^^^^^^^^^^^^^^^^^^^^^^^^^
https://www.tekniknet.se/galaxy-s4/
^^^^^^^^^^^^^^^^^^^^^^^^^^^^^^^^^^^^^^^^^^^^^^^^^^
https://www.tekniknet.se/galaxy-s4-mini/
^^^^^^^^^^^^^^^^^^^^^^^^^^^^^^^^^^^^^^^^^^^^^^^^^^
https://www.tekniknet.se/galaxy-s5/
^^^^^^^^^^^^^^^^^^^^^^^^^^^^^^^^^^^^^^^^^^^^^^^^^^
https://www.tekniknet.se/galaxy-s5-mini/
^^^^^^^^^^^^^^^^^^^^^^^^^^^^^^^^^^^^^^^^^^^^^^^^^^
https://www.tekniknet.se/galaxy-s6/
^^^^^^^^^^^^^^^^^^^^^^^^^^^^^^^^^^^^^^^^^^^^^^^^^^
https://www.tekniknet.se/galaxy-s6-edge/
^^^^^^^^^^^^^^^^^^^^^^^^^^^^^^^^^^^^^^^^^^^^^^^^^^
https://www.tekniknet.se/galaxy-s6-edge-1/
^^^^^^^^^^^^^^^^^^^^^^^^^^^^^^^^^^^^^^^^^^^^^^^^^^
https://www.tekniknet.se/galaxy-s7/
^^^^^^^^^^^^^^^^^^^^^^^^^^^^^^^^^^^^^^^^^^^^^^^^^^
https://www.tekniknet.se/galaxy-s7-edge/
^^^^^^^^^^^^^^^^^^^^^^^^^^^^^^^^^^^^^^^^^^^^^^^^^^
https://www.tekniknet.se/tillbehor/samsung/galaxy-s8
^^^^^^^^^^^^^^^^^^^^^^^^^^^^^^^^^^^^^^^^^^^^^^^^^^
https://www.tekniknet.se/tillbehor/samsung/galaxy-s8-plus
^^^^^^^^^^^^^^^^^^^^^^^^^^^^^^^^^^^^^^^^^^^^^^^^^^
https://www.tekniknet.se/galaxy-s9/
^^^^^^^^^^^^^^^^^^^^^^^^^^^^^^^^^^^^^^^^^^^^^^^^^^
https://www.tekniknet.se/galaxy-s9-plus/
^^^^^^^^^^^^^^^^^^^^^^^^^^^^^^^^^^^^^^^^^^^^^^^^^^
https://www.tekniknet.se/galaxy-xcover-3-2/
^^^^^^^^^^^^^^^^^^^^^^^^^^^^^^^^^^^^^^^^^^^^^^^^^^
https://www.tekniknet.se/tillbehor/samsung/xcover-4
^^^^^^^^^^^^^^^^^^^^^^^^^^^^^^^^^^^^^^^^^^^^^^^^^^
https://www.tekniknet.se/ovriga-modeller-1/
^^^^^^^^^^^^^^^^^^^^^^^^^^^^^^^^^^^^^^^^^^^^^^^^^^
https://www.tekniknet.se/tillbehor-galaxy-s20/
^^^^^^^^^^^^^^^^^^^^^^^^^^^^^^^^^^^^^^^^^^^^^^^^^^
https://www.tekniknet.se/tillbehor-galaxy-s20-plus/
^^^^^^^^^^^^^^^^^^^^^^^^^^^^^^^^^^^^^^^^^^^^^^^^^^
https://www.tekniknet.se/tillbehor-galaxy-s20-ultra/
^^^^^^^^^^^^^^^^^^^^^^^^^^^^^^^^^^^^^^^^^^^^^^^^^^
https://www.tekniknet.se/mobiltillbehor/samsung-galaxy-xcover-pro
^^^^^^^^^^^^^^^^^^^^^^^^^^^^^^^^^^^^^^^^^^^^^^^^^^
https://www.tekniknet.se/mobiltillbehor/samsung-galaxy-s10-lite/
^^^^^^^^^^^^^^^^^^^^^^^^^^^^^^^^^^^^^^^^^^^^^^^^^^
https://www.tekniknet.se/mobiltillbehor/samsung-galaxy-note-10-lite/
^^^^^^^^^^^^^^^^^^^^^^^^^^^^^^^^^^^^^^^^^^^^^^^^^^
https://www.tekniknet.se/mobiltillbehor/samsung-galaxy-a51/
^^^^^^^^^^^^^^^^^^^^^^^^^^^^^^^^^^^^^^^^^^^^^^^^^^
https://www.tekniknet.se/mobiltillbehor/samsung-galaxy-a71
^^^^^^^^^^^^^^^^^^^^^^^^^^^^^^^^^^^^^^^^^^^^^^^^^^
https://www.tekniknet.se/mobiltillbehor-galaxy-a10/
^^^^^^^^^^^^^^^^^^^^^^^^^^^^^^^^^^^^^^^^^^^^^^^^^^
https://www.tekniknet.se/galaxy-note-10-plus/
^^^^^^^^^^^^^^^^^^^^^^^^^^^^^^^^^^^^^^^^^^^^^^^^^^
https://www.tekniknet.se/mobiltillbehor-samsung-galaxy-note-10/
^^^^^^^^^^^^^^^^^^^^^^^^^^^^^^^^^^^^^^^^^^^^^^^^^^
https://www.tekniknet.se/mobiltillbehor-galaxy-z-flip/
^^^^^^^^^^^^^^^^^^^^^^^^^^^^^^^^^^^^^^^^^^^^^^^^^^
https://www.tekniknet.se/tillbehor-tab-modeller/
^^^^^^^^^^^^^^^^^^^^^^^^^^^^^^^^^^^^^^^^^^^^^^^^^^
https://www.tekniknet.se/xperia-1/
^^^^^^^^^^^^^^^^^^^^^^^^^^^^^^^^^^^^^^^^^^^^^^^^^^
https://www.tekniknet.se/tillbehor/sony/xperia-10/
^^^^^^^^^^^^^^^^^^^^^^^^^^^^^^^^^^^^^^^^^^^^^^^^^^
https://www.tekniknet.se/mobiltillbehor/sony/xperia-10-plus/
^^^^^^^^^^^^^^^^^^^^^^^^^^^^^^^^^^^^^^^^^^^^^^^^^^
https://www.tekniknet.se/mobiltillbehor/sony-xperia-5/
^^^^^^^^^^^^^^^^^^^^^^^^^^^^^^^^^^^^^^^^^^^^^^^^^^
https://www.tekniknet.se/xperia-e4g-1/
^^^^^^^^^^^^^^^^^^^^^^^^^^^^^^^^^^^^^^^^^^^^^^^^^^
https://www.tekniknet.se/xperia-e5-1/
^^^^^^^^^^^^^^^^^^^^^^^^^^^^^^^^^^^^^^^^^^^^^^^^^^
https://www.tekniknet.se/sony-xperia-l1/
^^^^^^^^^^^^^^^^^^^^^^^^^^^^^^^^^^^^^^^^^^^^^^^^^^
https://www.tekniknet.se/xperia-l3-1/
^^^^^^^^^^^^^^^^^^^^^^^^^^^^^^^^^^^^^^^^^^^^^^^^^^
https://www.tekniknet.se/xperia-m4-aqua/
^^^^^^^^^^^^^^^^^^^^^^^^^^^^^^^^^^^^^^^^^^^^^^^^^^
https://www.tekniknet.se/xperia-x-2/
^^^^^^^^^^^^^^^^^^^^^^^^^^^^^^^^^^^^^^^^^^^^^^^^^^
https://www.tekniknet.se/xperia-x-compact-1/
^^^^^^^^^^^^^^^^^^^^^^^^^^^^^^^^^^^^^^^^^^^^^^^^^^
https://www.tekniknet.se/xperia-x-performance-1/
^^^^^^^^^^^^^^^^^^^^^^^^^^^^^^^^^^^^^^^^^^^^^^^^^^
https://www.tekniknet.se/xperia-xa/
^^^^^^^^^^^^^^^^^^^^^^^^^^^^^^^^^^^^^^^^^^^^^^^^^^
https://www.tekniknet.se/xperia-xa1/
^^^^^^^^^^^^^^^^^^^^^^^^^^^^^^^^^^^^^^^^^^^^^^^^^^
https://www.tekniknet.se/xperia-xa1-plus/
^^^^^^^^^^^^^^^^^^^^^^^^^^^^^^^^^^^^^^^^^^^^^^^^^^
https://www.tekniknet.se/xperia-xa1-ultra/
^^^^^^^^^^^^^^^^^^^^^^^^^^^^^^^^^^^^^^^^^^^^^^^^^^
https://www.tekniknet.se/sony-xperia-xa2-tillbehor
^^^^^^^^^^^^^^^^^^^^^^^^^^^^^^^^^^^^^^^^^^^^^^^^^^
https://www.tekniknet.se/sony-xperia-xa2-ultra-tillbehor
^^^^^^^^^^^^^^^^^^^^^^^^^^^^^^^^^^^^^^^^^^^^^^^^^^
https://www.tekniknet.se/xperia-xz-1/
^^^^^^^^^^^^^^^^^^^^^^^^^^^^^^^^^^^^^^^^^^^^^^^^^^
https://www.tekniknet.se/tillbehor/sony/xperia-xz-premium
^^^^^^^^^^^^^^^^^^^^^^^^^^^^^^^^^^^^^^^^^^^^^^^^^^
https://www.tekniknet.se/xperia-xz1/
^^^^^^^^^^^^^^^^^^^^^^^^^^^^^^^^^^^^^^^^^^^^^^^^^^
https://www.tekniknet.se/xperia-xz1-compact/
^^^^^^^^^^^^^^^^^^^^^^^^^^^^^^^^^^^^^^^^^^^^^^^^^^
https://www.tekniknet.se/sony-xperia-xz2-tillbehor
^^^^^^^^^^^^^^^^^^^^^^^^^^^^^^^^^^^^^^^^^^^^^^^^^^
https://www.tekniknet.se/sony-xperia-xz2-compact-tillbehor
^^^^^^^^^^^^^^^^^^^^^^^^^^^^^^^^^^^^^^^^^^^^^^^^^^
https://www.tekniknet.se/xperia-xz3/
^^^^^^^^^^^^^^^^^^^^^^^^^^^^^^^^^^^^^^^^^^^^^^^^^^
https://www.tekniknet.se/xperia-xz4-1/
^^^^^^^^^^^^^^^^^^^^^^^^^^^^^^^^^^^^^^^^^^^^^^^^^^
https://www.tekniknet.se/xperia-xz4-compact/
^^^^^^^^^^^^^^^^^^^^^^^^^^^^^^^^^^^^^^^^^^^^^^^^^^
https://www.tekniknet.se/tillbehor/sony/xperia-xzs
^^^^^^^^^^^^^^^^^^^^^^^^^^^^^^^^^^^^^^^^^^^^^^^^^^
https://www.tekniknet.se/xperia-z1/
^^^^^^^^^^^^^^^^^^^^^^^^^^^^^^^^^^^^^^^^^^^^^^^^^^
https://www.tekniknet.se/xperia-z1-compact/
^^^^^^^^^^^^^^^^^^^^^^^^^^^^^^^^^^^^^^^^^^^^^^^^^^
https://www.tekniknet.se/xperia-z2/
^^^^^^^^^^^^^^^^^^^^^^^^^^^^^^^^^^^^^^^^^^^^^^^^^^
https://www.tekniknet.se/xperia-z3/
^^^^^^^^^^^^^^^^^^^^^^^^^^^^^^^^^^^^^^^^^^^^^^^^^^
https://www.tekniknet.se/xperia-z3-compact/
^^^^^^^^^^^^^^^^^^^^^^^^^^^^^^^^^^^^^^^^^^^^^^^^^^
https://www.tekniknet.se/xperia-z3-3/
^^^^^^^^^^^^^^^^^^^^^^^^^^^^^^^^^^^^^^^^^^^^^^^^^^
https://www.tekniknet.se/sony-xperia-z4-tablet
^^^^^^^^^^^^^^^^^^^^^^^^^^^^^^^^^^^^^^^^^^^^^^^^^^
https://www.tekniknet.se/xperia-z5/
^^^^^^^^^^^^^^^^^^^^^^^^^^^^^^^^^^^^^^^^^^^^^^^^^^
https://www.tekniknet.se/xperia-z5-compact/
^^^^^^^^^^^^^^^^^^^^^^^^^^^^^^^^^^^^^^^^^^^^^^^^^^
https://www.tekniknet.se/xperia-z5-premium/
^^^^^^^^^^^^^^^^^^^^^^^^^^^^^^^^^^^^^^^^^^^^^^^^^^
https://www.tekniknet.se/xperia-ovriga-modeller/
^^^^^^^^^^^^^^^^^^^^^^^^^^^^^^^^^^^^^^^^^^^^^^^^^^
https://www.tekniknet.se/tillbehor/honor-10/
^^^^^^^^^^^^^^^^^^^^^^^^^^^^^^^^^^^^^^^^^^^^^^^^^^
https://www.tekniknet.se/honor-10-lite/
^^^^^^^^^^^^^^^^^^^^^^^^^^^^^^^^^^^^^^^^^^^^^^^^^^
https://www.tekniknet.se/honor-20-1/
^^^^^^^^^^^^^^^^^^^^^^^^^^^^^^^^^^^^^^^^^^^^^^^^^^
https://www.tekniknet.se/honor-20-pro-1/
^^^^^^^^^^^^^^^^^^^^^^^^^^^^^^^^^^^^^^^^^^^^^^^^^^
https://www.tekniknet.se/honor-5x-1/
^^^^^^^^^^^^^^^^^^^^^^^^^^^^^^^^^^^^^^^^^^^^^^^^^^
https://www.tekniknet.se/honor-6-2/
^^^^^^^^^^^^^^^^^^^^^^^^^^^^^^^^^^^^^^^^^^^^^^^^^^
https://www.tekniknet.se/honor-7-lite-1/
^^^^^^^^^^^^^^^^^^^^^^^^^^^^^^^^^^^^^^^^^^^^^^^^^^
https://www.tekniknet.se/honor-8-1/
^^^^^^^^^^^^^^^^^^^^^^^^^^^^^^^^^^^^^^^^^^^^^^^^^^
https://www.tekniknet.se/honor-8-lite-1/
^^^^^^^^^^^^^^^^^^^^^^^^^^^^^^^^^^^^^^^^^^^^^^^^^^
https://www.tekniknet.se/honor-8-pro/
^^^^^^^^^^^^^^^^^^^^^^^^^^^^^^^^^^^^^^^^^^^^^^^^^^
https://www.tekniknet.se/honor-9/
^^^^^^^^^^^^^^^^^^^^^^^^^^^^^^^^^^^^^^^^^^^^^^^^^^
https://www.tekniknet.se/huawei-honor-view-20-
^^^^^^^^^^^^^^^^^^^^^^^^^^^^^^^^^^^^^^^^^^^^^^^^^^
https://www.tekniknet.se/tillbehor/huawei/huawei-mediapad-m5/
^^^^^^^^^^^^^^^^^^^^^^^^^^^^^^^^^^^^^^^^^^^^^^^^^^
https://www.tekniknet.se/tillbehor/huawei/mediapad-m3
^^^^^^^^^^^^^^^^^^^^^^^^^^^^^^^^^^^^^^^^^^^^^^^^^^
https://www.tekniknet.se/huawei-p-smart-z-1/
^^^^^^^^^^^^^^^^^^^^^^^^^^^^^^^^^^^^^^^^^^^^^^^^^^
https://www.tekniknet.se/huawei-p10-1/
^^^^^^^^^^^^^^^^^^^^^^^^^^^^^^^^^^^^^^^^^^^^^^^^^^
https://www.tekniknet.se/huawei-p10-lite-1/
^^^^^^^^^^^^^^^^^^^^^^^^^^^^^^^^^^^^^^^^^^^^^^^^^^
https://www.tekniknet.se/huawei-p10-plus-1/
^^^^^^^^^^^^^^^^^^^^^^^^^^^^^^^^^^^^^^^^^^^^^^^^^^
https://www.tekniknet.se/huawei-p20-tillbehor
^^^^^^^^^^^^^^^^^^^^^^^^^^^^^^^^^^^^^^^^^^^^^^^^^^
https://www.tekniknet.se/huawei-p20-lite-tillbehor
^^^^^^^^^^^^^^^^^^^^^^^^^^^^^^^^^^^^^^^^^^^^^^^^^^
https://www.tekniknet.se/huawei-p20-pro
^^^^^^^^^^^^^^^^^^^^^^^^^^^^^^^^^^^^^^^^^^^^^^^^^^
https://www.tekniknet.se/huawei-p30-1/
^^^^^^^^^^^^^^^^^^^^^^^^^^^^^^^^^^^^^^^^^^^^^^^^^^
https://www.tekniknet.se/huawei-p30-lite-1/
^^^^^^^^^^^^^^^^^^^^^^^^^^^^^^^^^^^^^^^^^^^^^^^^^^
https://www.tekniknet.se/huawei-p30-pro-1/
^^^^^^^^^^^^^^^^^^^^^^^^^^^^^^^^^^^^^^^^^^^^^^^^^^
https://www.tekniknet.se/huawei-p40-1/
^^^^^^^^^^^^^^^^^^^^^^^^^^^^^^^^^^^^^^^^^^^^^^^^^^
https://www.tekniknet.se/huawei-p40-lite-1/
^^^^^^^^^^^^^^^^^^^^^^^^^^^^^^^^^^^^^^^^^^^^^^^^^^
https://www.tekniknet.se/huawei-p40-pro-1/
^^^^^^^^^^^^^^^^^^^^^^^^^^^^^^^^^^^^^^^^^^^^^^^^^^
https://www.tekniknet.se/huawei-p8-lite-1/
^^^^^^^^^^^^^^^^^^^^^^^^^^^^^^^^^^^^^^^^^^^^^^^^^^
https://www.tekniknet.se/tillbehor/huawei/huawei-p8-lite-2017
^^^^^^^^^^^^^^^^^^^^^^^^^^^^^^^^^^^^^^^^^^^^^^^^^^
https://www.tekniknet.se/huawei-p9-3/
^^^^^^^^^^^^^^^^^^^^^^^^^^^^^^^^^^^^^^^^^^^^^^^^^^
https://www.tekniknet.se/huawei-p9-lite-1/
^^^^^^^^^^^^^^^^^^^^^^^^^^^^^^^^^^^^^^^^^^^^^^^^^^
https://www.tekniknet.se/huawei-p9-lite-mini/
^^^^^^^^^^^^^^^^^^^^^^^^^^^^^^^^^^^^^^^^^^^^^^^^^^
https://www.tekniknet.se/huawei-p9-plus-1/
^^^^^^^^^^^^^^^^^^^^^^^^^^^^^^^^^^^^^^^^^^^^^^^^^^
https://www.tekniknet.se/huawei-y6-2017/
^^^^^^^^^^^^^^^^^^^^^^^^^^^^^^^^^^^^^^^^^^^^^^^^^^
https://www.tekniknet.se/huawei-y6-2018/
^^^^^^^^^^^^^^^^^^^^^^^^^^^^^^^^^^^^^^^^^^^^^^^^^^
https://www.tekniknet.se/huawei-y6-2019-y6-pro-2019-/
^^^^^^^^^^^^^^^^^^^^^^^^^^^^^^^^^^^^^^^^^^^^^^^^^^
https://www.tekniknet.se/huawei-y6-ii-1/
^^^^^^^^^^^^^^^^^^^^^^^^^^^^^^^^^^^^^^^^^^^^^^^^^^
https://www.tekniknet.se/huawei-y6-ii-compact-1/
^^^^^^^^^^^^^^^^^^^^^^^^^^^^^^^^^^^^^^^^^^^^^^^^^^
https://www.tekniknet.se/huawei-y6-pro-1/
^^^^^^^^^^^^^^^^^^^^^^^^^^^^^^^^^^^^^^^^^^^^^^^^^^
https://www.tekniknet.se/mate-10-lite/
^^^^^^^^^^^^^^^^^^^^^^^^^^^^^^^^^^^^^^^^^^^^^^^^^^
https://www.tekniknet.se/mate-10-pro/
^^^^^^^^^^^^^^^^^^^^^^^^^^^^^^^^^^^^^^^^^^^^^^^^^^
https://www.tekniknet.se/mate-20-lite/
^^^^^^^^^^^^^^^^^^^^^^^^^^^^^^^^^^^^^^^^^^^^^^^^^^
https://www.tekniknet.se/mate-20-pro/
^^^^^^^^^^^^^^^^^^^^^^^^^^^^^^^^^^^^^^^^^^^^^^^^^^
https://www.tekniknet.se/mate-s-3/
^^^^^^^^^^^^^^^^^^^^^^^^^^^^^^^^^^^^^^^^^^^^^^^^^^
https://www.tekniknet.se/medi/
^^^^^^^^^^^^^^^^^^^^^^^^^^^^^^^^^^^^^^^^^^^^^^^^^^
https://www.tekniknet.se/huawei-mediapad-t5/
^^^^^^^^^^^^^^^^^^^^^^^^^^^^^^^^^^^^^^^^^^^^^^^^^^
https://www.tekniknet.se/nexus-6p-2/
^^^^^^^^^^^^^^^^^^^^^^^^^^^^^^^^^^^^^^^^^^^^^^^^^^
https://www.tekniknet.se/p-smart-/
^^^^^^^^^^^^^^^^^^^^^^^^^^^^^^^^^^^^^^^^^^^^^^^^^^
https://www.tekniknet.se/p-smart-2019/
^^^^^^^^^^^^^^^^^^^^^^^^^^^^^^^^^^^^^^^^^^^^^^^^^^
https://www.tekniknet.se/y5ii-1/
^^^^^^^^^^^^^^^^^^^^^^^^^^^^^^^^^^^^^^^^^^^^^^^^^^
https://www.tekniknet.se/tillbehor/htc/htc-u-ultra
^^^^^^^^^^^^^^^^^^^^^^^^^^^^^^^^^^^^^^^^^^^^^^^^^^
https://www.tekniknet.se/htc-u11-tillbehor/
^^^^^^^^^^^^^^^^^^^^^^^^^^^^^^^^^^^^^^^^^^^^^^^^^^
https://www.tekniknet.se/one-a9/
^^^^^^^^^^^^^^^^^^^^^^^^^^^^^^^^^^^^^^^^^^^^^^^^^^
https://www.tekniknet.se/one-m8/
^^^^^^^^^^^^^^^^^^^^^^^^^^^^^^^^^^^^^^^^^^^^^^^^^^
https://www.tekniknet.se/one-m9/
^^^^^^^^^^^^^^^^^^^^^^^^^^^^^^^^^^^^^^^^^^^^^^^^^^
https://www.tekniknet.se/oneplus-5/
^^^^^^^^^^^^^^^^^^^^^^^^^^^^^^^^^^^^^^^^^^^^^^^^^^
https://www.tekniknet.se/oneplus-5t-tillbehor/
^^^^^^^^^^^^^^^^^^^^^^^^^^^^^^^^^^^^^^^^^^^^^^^^^^
https://www.tekniknet.se/oneplus-6-tillbehor/
^^^^^^^^^^^^^^^^^^^^^^^^^^^^^^^^^^^^^^^^^^^^^^^^^^
https://www.tekniknet.se/oneplus-6t/
^^^^^^^^^^^^^^^^^^^^^^^^^^^^^^^^^^^^^^^^^^^^^^^^^^
https://www.tekniknet.se/oneplus-7/
^^^^^^^^^^^^^^^^^^^^^^^^^^^^^^^^^^^^^^^^^^^^^^^^^^
https://www.tekniknet.se/oneplus-7-pro/
^^^^^^^^^^^^^^^^^^^^^^^^^^^^^^^^^^^^^^^^^^^^^^^^^^
https://www.tekniknet.se/oneplus-7t/
^^^^^^^^^^^^^^^^^^^^^^^^^^^^^^^^^^^^^^^^^^^^^^^^^^
https://www.tekniknet.se/oneplus-7t-pro/
^^^^^^^^^^^^^^^^^^^^^^^^^^^^^^^^^^^^^^^^^^^^^^^^^^
https://www.tekniknet.se/g4/
^^^^^^^^^^^^^^^^^^^^^^^^^^^^^^^^^^^^^^^^^^^^^^^^^^
https://www.tekniknet.se/mobiltillbehor/lg/g5/
^^^^^^^^^^^^^^^^^^^^^^^^^^^^^^^^^^^^^^^^^^^^^^^^^^
https://www.tekniknet.se/tillbehor/lg/lg-g6
^^^^^^^^^^^^^^^^^^^^^^^^^^^^^^^^^^^^^^^^^^^^^^^^^^
https://www.tekniknet.se/tillbehor-lg-g7/
^^^^^^^^^^^^^^^^^^^^^^^^^^^^^^^^^^^^^^^^^^^^^^^^^^
https://www.tekniknet.se/lg-k8-2017-tillbehor/
^^^^^^^^^^^^^^^^^^^^^^^^^^^^^^^^^^^^^^^^^^^^^^^^^^
https://www.tekniknet.se/lg-v30-tillbehor/
^^^^^^^^^^^^^^^^^^^^^^^^^^^^^^^^^^^^^^^^^^^^^^^^^^
https://www.tekniknet.se/lg-ovriga-modeller/
^^^^^^^^^^^^^^^^^^^^^^^^^^^^^^^^^^^^^^^^^^^^^^^^^^
https://www.tekniknet.se/nexus-5x/
^^^^^^^^^^^^^^^^^^^^^^^^^^^^^^^^^^^^^^^^^^^^^^^^^^
https://www.tekniknet.se/nexus-6/
^^^^^^^^^^^^^^^^^^^^^^^^^^^^^^^^^^^^^^^^^^^^^^^^^^
https://www.tekniknet.se/tillbehor/motorola/moto-e5-plus/
^^^^^^^^^^^^^^^^^^^^^^^^^^^^^^^^^^^^^^^^^^^^^^^^^^
https://www.tekniknet.se/moto-e5/g6-play/
^^^^^^^^^^^^^^^^^^^^^^^^^^^^^^^^^^^^^^^^^^^^^^^^^^
https://www.tekniknet.se/moto-g5-1/
^^^^^^^^^^^^^^^^^^^^^^^^^^^^^^^^^^^^^^^^^^^^^^^^^^
https://www.tekniknet.se/moto-g5-plus-1/
^^^^^^^^^^^^^^^^^^^^^^^^^^^^^^^^^^^^^^^^^^^^^^^^^^
https://www.tekniknet.se/moto-g5s/
^^^^^^^^^^^^^^^^^^^^^^^^^^^^^^^^^^^^^^^^^^^^^^^^^^
https://www.tekniknet.se/moto-g5s-plus/
^^^^^^^^^^^^^^^^^^^^^^^^^^^^^^^^^^^^^^^^^^^^^^^^^^
https://www.tekniknet.se/skal-fodral-moto-g6/
^^^^^^^^^^^^^^^^^^^^^^^^^^^^^^^^^^^^^^^^^^^^^^^^^^
https://www.tekniknet.se/skal-fodral-moto-g6-plus/
^^^^^^^^^^^^^^^^^^^^^^^^^^^^^^^^^^^^^^^^^^^^^^^^^^
https://www.tekniknet.se/moto-g7-play-eu/
^^^^^^^^^^^^^^^^^^^^^^^^^^^^^^^^^^^^^^^^^^^^^^^^^^
https://www.tekniknet.se/moto-g7-power/
^^^^^^^^^^^^^^^^^^^^^^^^^^^^^^^^^^^^^^^^^^^^^^^^^^
https://www.tekniknet.se/tillbehor/motorola/moto-g7-g7-plus/
^^^^^^^^^^^^^^^^^^^^^^^^^^^^^^^^^^^^^^^^^^^^^^^^^^
https://www.tekniknet.se/moto-z-1/
^^^^^^^^^^^^^^^^^^^^^^^^^^^^^^^^^^^^^^^^^^^^^^^^^^
https://www.tekniknet.se/moto-z-play-1/
^^^^^^^^^^^^^^^^^^^^^^^^^^^^^^^^^^^^^^^^^^^^^^^^^^
https://www.tekniknet.se/moto-z2-force/
^^^^^^^^^^^^^^^^^^^^^^^^^^^^^^^^^^^^^^^^^^^^^^^^^^
https://www.tekniknet.se/moto-z2-play/
^^^^^^^^^^^^^^^^^^^^^^^^^^^^^^^^^^^^^^^^^^^^^^^^^^
https://www.tekniknet.se/motorola-one/
^^^^^^^^^^^^^^^^^^^^^^^^^^^^^^^^^^^^^^^^^^^^^^^^^^
https://www.tekniknet.se/motorola-one-vision/
^^^^^^^^^^^^^^^^^^^^^^^^^^^^^^^^^^^^^^^^^^^^^^^^^^
https://www.tekniknet.se/motorola-one-zoom/
^^^^^^^^^^^^^^^^^^^^^^^^^^^^^^^^^^^^^^^^^^^^^^^^^^
https://www.tekniknet.se/lenovo-tab-m10/
^^^^^^^^^^^^^^^^^^^^^^^^^^^^^^^^^^^^^^^^^^^^^^^^^^
https://www.tekniknet.se/tab-2-a10-30-1/
^^^^^^^^^^^^^^^^^^^^^^^^^^^^^^^^^^^^^^^^^^^^^^^^^^
https://www.tekniknet.se/tab-2-a10-70-1/
^^^^^^^^^^^^^^^^^^^^^^^^^^^^^^^^^^^^^^^^^^^^^^^^^^
https://www.tekniknet.se/tab-3-10-plus/
^^^^^^^^^^^^^^^^^^^^^^^^^^^^^^^^^^^^^^^^^^^^^^^^^^
https://www.tekniknet.se/tab-4-10/
^^^^^^^^^^^^^^^^^^^^^^^^^^^^^^^^^^^^^^^^^^^^^^^^^^
https://www.tekniknet.se/tab-4-10-plus/
^^^^^^^^^^^^^^^^^^^^^^^^^^^^^^^^^^^^^^^^^^^^^^^^^^
https://www.tekniknet.se/tab-4-8-/
^^^^^^^^^^^^^^^^^^^^^^^^^^^^^^^^^^^^^^^^^^^^^^^^^^
https://www.tekniknet.se/tab-4-8-plus/
^^^^^^^^^^^^^^^^^^^^^^^^^^^^^^^^^^^^^^^^^^^^^^^^^^
https://www.tekniknet.se/tab-7-essential/
^^^^^^^^^^^^^^^^^^^^^^^^^^^^^^^^^^^^^^^^^^^^^^^^^^
https://www.tekniknet.se/tab-8/
^^^^^^^^^^^^^^^^^^^^^^^^^^^^^^^^^^^^^^^^^^^^^^^^^^
https://www.tekniknet.se/tab-e10/
^^^^^^^^^^^^^^^^^^^^^^^^^^^^^^^^^^^^^^^^^^^^^^^^^^
https://www.tekniknet.se/nokia-3-1/
^^^^^^^^^^^^^^^^^^^^^^^^^^^^^^^^^^^^^^^^^^^^^^^^^^
https://www.tekniknet.se/nokia-5/
^^^^^^^^^^^^^^^^^^^^^^^^^^^^^^^^^^^^^^^^^^^^^^^^^^
https://www.tekniknet.se/nokia-6/
^^^^^^^^^^^^^^^^^^^^^^^^^^^^^^^^^^^^^^^^^^^^^^^^^^
https://www.tekniknet.se/nokia-7/
^^^^^^^^^^^^^^^^^^^^^^^^^^^^^^^^^^^^^^^^^^^^^^^^^^
https://www.tekniknet.se/nokia-7.2/
^^^^^^^^^^^^^^^^^^^^^^^^^^^^^^^^^^^^^^^^^^^^^^^^^^
https://www.tekniknet.se/nokia-8/
^^^^^^^^^^^^^^^^^^^^^^^^^^^^^^^^^^^^^^^^^^^^^^^^^^
https://www.tekniknet.se/mobiltillbehor/nokia/skal-fodral/
^^^^^^^^^^^^^^^^^^^^^^^^^^^^^^^^^^^^^^^^^^^^^^^^^^
https://www.tekniknet.se/mobiltillbehor/nokia/skarmskydd/
^^^^^^^^^^^^^^^^^^^^^^^^^^^^^^^^^^^^^^^^^^^^^^^^^^
https://www.tekniknet.se/mobiltillbehor/google-pixel-2/
^^^^^^^^^^^^^^^^^^^^^^^^^^^^^^^^^^^^^^^^^^^^^^^^^^
https://www.tekniknet.se/mobiltillbehor/google-pixel-2-xl/
^^^^^^^^^^^^^^^^^^^^^^^^^^^^^^^^^^^^^^^^^^^^^^^^^^
https://www.tekniknet.se/mobiltillbehor/google-pixel-3/
^^^^^^^^^^^^^^^^^^^^^^^^^^^^^^^^^^^^^^^^^^^^^^^^^^
https://www.tekniknet.se/pixel-4/
^^^^^^^^^^^^^^^^^^^^^^^^^^^^^^^^^^^^^^^^^^^^^^^^^^
https://www.tekniknet.se/xiaomi-mi-8/
^^^^^^^^^^^^^^^^^^^^^^^^^^^^^^^^^^^^^^^^^^^^^^^^^^
https://www.tekniknet.se/reservdelar/samsung/xiaomi-mi-9/
^^^^^^^^^^^^^^^^^^^^^^^^^^^^^^^^^^^^^^^^^^^^^^^^^^
https://www.tekniknet.se/xiaomi-mi-9t-mi-9t-pro/
^^^^^^^^^^^^^^^^^^^^^^^^^^^^^^^^^^^^^^^^^^^^^^^^^^
https://www.tekniknet.se/xiaomi-mi-a2/
^^^^^^^^^^^^^^^^^^^^^^^^^^^^^^^^^^^^^^^^^^^^^^^^^^
https://www.tekniknet.se/xiaomi-mi-a2-lite/
^^^^^^^^^^^^^^^^^^^^^^^^^^^^^^^^^^^^^^^^^^^^^^^^^^
https://www.tekniknet.se/xiaomi-mi-band-3-/
^^^^^^^^^^^^^^^^^^^^^^^^^^^^^^^^^^^^^^^^^^^^^^^^^^
https://www.tekniknet.se/xiaomi-mi-mix-3/
^^^^^^^^^^^^^^^^^^^^^^^^^^^^^^^^^^^^^^^^^^^^^^^^^^
https://www.tekniknet.se/xiaomi-mi-note-10/
^^^^^^^^^^^^^^^^^^^^^^^^^^^^^^^^^^^^^^^^^^^^^^^^^^
https://www.tekniknet.se/xiaomi-pocophone-f1/
^^^^^^^^^^^^^^^^^^^^^^^^^^^^^^^^^^^^^^^^^^^^^^^^^^
https://www.tekniknet.se/xiaomi-redmi-note-7/
^^^^^^^^^^^^^^^^^^^^^^^^^^^^^^^^^^^^^^^^^^^^^^^^^^
https://www.tekniknet.se/xiaomi-redmi-note-8-pro/
^^^^^^^^^^^^^^^^^^^^^^^^^^^^^^^^^^^^^^^^^^^^^^^^^^
https://www.tekniknet.se/surface-pro-6/
^^^^^^^^^^^^^^^^^^^^^^^^^^^^^^^^^^^^^^^^^^^^^^^^^^
https://www.tekniknet.se/biltillbehor
^^^^^^^^^^^^^^^^^^^^^^^^^^^^^^^^^^^^^^^^^^^^^^^^^^
https://www.tekniknet.se/popsockets/
^^^^^^^^^^^^^^^^^^^^^^^^^^^^^^^^^^^^^^^^^^^^^^^^^^
https://www.tekniknet.se/mobilstativ/
^^^^^^^^^^^^^^^^^^^^^^^^^^^^^^^^^^^^^^^^^^^^^^^^^^
https://www.tekniknet.se/selfiesticks
^^^^^^^^^^^^^^^^^^^^^^^^^^^^^^^^^^^^^^^^^^^^^^^^^^
https://www.tekniknet.se/sportarmband
^^^^^^^^^^^^^^^^^^^^^^^^^^^^^^^^^^^^^^^^^^^^^^^^^^
https://www.tekniknet.se/touchpennor
^^^^^^^^^^^^^^^^^^^^^^^^^^^^^^^^^^^^^^^^^^^^^^^^^^
https://www.tekniknet.se/VRGlasogon
^^^^^^^^^^^^^^^^^^^^^^^^^^^^^^^^^^^^^^^^^^^^^^^^^^
https://www.tekniknet.se/tillbehor/ovrigt
^^^^^^^^^^^^^^^^^^^^^^^^^^^^^^^^^^^^^^^^^^^^^^^^^^
https://www.tekniknet.se/holdit-tilbehor-samsung/
^^^^^^^^^^^^^^^^^^^^^^^^^^^^^^^^^^^^^^^^^^^^^^^^^^
https://www.tekniknet.se/holdit-tilbehor-iphone/
Message: no such element: Unable to locate element: {"method":"css selector","selector":".subLinks"}
  (Session info: chrome=80.0.3987.132)

Message: no such element: Unable to locate element: {"method":"css selector","selector":".subLinks"}
  (Session info: chrome=80.0.3987.132)

Message: no such element: Unable to locate element: {"method":"css selector","selector":".subLinks"}
  (Session info: chrome=80.0.3987.132)

Message: no such element: Unable to locate element: {"method":"css selector","selector":".subLinks"}
  (Session info: chrome=80.0.3987.132)

Message: no such element: Unable to locate element: {"method":"css selector","selector":".subLinks"}
  (Session info: chrome=80.0.3987.132)

Message: no such element: Unable to locate element: {"method":"css selector","selector":".subLinks"}
  (Session info: chrome=80.0.3987.132)

Message: no such element: Unable to locate element: {"method":"css selector","selector":".subLinks"}
  (Session info: chrome=80.0.3987.132)

Message: no such element: Unable to locate element: {"method":"css selector","selector":".subLinks"}
  (Session info: chrome=80.0.3987.132)

Message: no such element: Unable to locate element: {"method":"css selector","selector":".subLinks"}
  (Session info: chrome=80.0.3987.132)

Message: no such element: Unable to locate element: {"method":"css selector","selector":".subLinks"}
  (Session info: chrome=80.0.3987.132)

Message: no such element: Unable to locate element: {"method":"css selector","selector":".subLinks"}
  (Session info: chrome=80.0.3987.132)

Message: no such element: Unable to locate element: {"method":"css selector","selector":".subLinks"}
  (Session info: chrome=80.0.3987.132)

Message: no such element: Unable to locate element: {"method":"css selector","selector":".subLinks"}
  (Session info: chrome=80.0.3987.132)

Message: no such element: Unable to locate element: {"method":"css selector","selector":".subLinks"}
  (Session info: chrome=80.0.3987.132)

Message: no such element: Unable to locate element: {"method":"css selector","selector":".subLinks"}
  (Session info: chrome=80.0.3987.132)

