Start
Input credentials
Create file
*************************************************
https://www.tekniknet.se/reservdelar-1/
*************************************************
https://www.tekniknet.se/tillbehor/
*************************************************
https://www.tekniknet.se/batterier-1/
*************************************************
https://www.tekniknet.se/verktyg-1/
*************************************************
https://www.tekniknet.se/kablar-headsets/
*************************************************
https://www.tekniknet.se/ljud-bild-3/
*************************************************
https://www.tekniknet.se/datortillbehor/
*************************************************
https://www.tekniknet.se/hem-fritid-1/
*************************************************
https://www.tekniknet.se/sign/
*************************************************
https://www.tekniknet.se/gamingtillbehor/
*************************************************
https://www.tekniknet.se/mypage.php
*************************************************
https://www.tekniknet.se/contact
*************************************************
https://www.tekniknet.se/returns
*************************************************
https://www.tekniknet.se/info/samarbeta-med-oss/
Get items
^^^^^^^^^^^^^^^^^^^^^^^^^^^^^^^^^^^^^^^^^^^^^^^^^^
https://www.tekniknet.se/iphone-xs-max-1/
^^^^^^^^^^^^^^^^^^^^^^^^^^^^^^^^^^^^^^^^^^^^^^^^^^
https://www.tekniknet.se/iphone-xs/
^^^^^^^^^^^^^^^^^^^^^^^^^^^^^^^^^^^^^^^^^^^^^^^^^^
https://www.tekniknet.se/iphone-xr-1/
^^^^^^^^^^^^^^^^^^^^^^^^^^^^^^^^^^^^^^^^^^^^^^^^^^
https://www.tekniknet.se/iphone-x/
^^^^^^^^^^^^^^^^^^^^^^^^^^^^^^^^^^^^^^^^^^^^^^^^^^
https://www.tekniknet.se/iphone-8-1/
^^^^^^^^^^^^^^^^^^^^^^^^^^^^^^^^^^^^^^^^^^^^^^^^^^
https://www.tekniknet.se/iphone-8-plus-1/
^^^^^^^^^^^^^^^^^^^^^^^^^^^^^^^^^^^^^^^^^^^^^^^^^^
https://www.tekniknet.se/iphone-7-1/
^^^^^^^^^^^^^^^^^^^^^^^^^^^^^^^^^^^^^^^^^^^^^^^^^^
https://www.tekniknet.se/iphone-7-plus-1/
^^^^^^^^^^^^^^^^^^^^^^^^^^^^^^^^^^^^^^^^^^^^^^^^^^
https://www.tekniknet.se/iphone-6s/
^^^^^^^^^^^^^^^^^^^^^^^^^^^^^^^^^^^^^^^^^^^^^^^^^^
https://www.tekniknet.se/iphone-6s-plus/
^^^^^^^^^^^^^^^^^^^^^^^^^^^^^^^^^^^^^^^^^^^^^^^^^^
https://www.tekniknet.se/iphone-6/
^^^^^^^^^^^^^^^^^^^^^^^^^^^^^^^^^^^^^^^^^^^^^^^^^^
https://www.tekniknet.se/iphone-6-plus/
^^^^^^^^^^^^^^^^^^^^^^^^^^^^^^^^^^^^^^^^^^^^^^^^^^
https://www.tekniknet.se/iphone-se
^^^^^^^^^^^^^^^^^^^^^^^^^^^^^^^^^^^^^^^^^^^^^^^^^^
https://www.tekniknet.se/iphone-5s/
^^^^^^^^^^^^^^^^^^^^^^^^^^^^^^^^^^^^^^^^^^^^^^^^^^
https://www.tekniknet.se/iphone-5c-1/
^^^^^^^^^^^^^^^^^^^^^^^^^^^^^^^^^^^^^^^^^^^^^^^^^^
https://www.tekniknet.se/iphone-5/
^^^^^^^^^^^^^^^^^^^^^^^^^^^^^^^^^^^^^^^^^^^^^^^^^^
https://www.tekniknet.se/iphone-4/
^^^^^^^^^^^^^^^^^^^^^^^^^^^^^^^^^^^^^^^^^^^^^^^^^^
https://www.tekniknet.se/iphone-4s/
^^^^^^^^^^^^^^^^^^^^^^^^^^^^^^^^^^^^^^^^^^^^^^^^^^
https://www.tekniknet.se/apple-watch/
^^^^^^^^^^^^^^^^^^^^^^^^^^^^^^^^^^^^^^^^^^^^^^^^^^
https://www.tekniknet.se/iphone-11-pro-1/
^^^^^^^^^^^^^^^^^^^^^^^^^^^^^^^^^^^^^^^^^^^^^^^^^^
https://www.tekniknet.se/iphone-11-pro-max-1/
^^^^^^^^^^^^^^^^^^^^^^^^^^^^^^^^^^^^^^^^^^^^^^^^^^
https://www.tekniknet.se/reservdelar-iphone-11/
^^^^^^^^^^^^^^^^^^^^^^^^^^^^^^^^^^^^^^^^^^^^^^^^^^
https://www.tekniknet.se/sony-xperia-ovriga-modeller/
^^^^^^^^^^^^^^^^^^^^^^^^^^^^^^^^^^^^^^^^^^^^^^^^^^
https://www.tekniknet.se/reservdelar-xperia-10-modeller/
^^^^^^^^^^^^^^^^^^^^^^^^^^^^^^^^^^^^^^^^^^^^^^^^^^
https://www.tekniknet.se/xperia-5-modeller/
^^^^^^^^^^^^^^^^^^^^^^^^^^^^^^^^^^^^^^^^^^^^^^^^^^
https://www.tekniknet.se/reservdelar-xperia-l-modeller/
^^^^^^^^^^^^^^^^^^^^^^^^^^^^^^^^^^^^^^^^^^^^^^^^^^
https://www.tekniknet.se/reservdelar-xperia-m-modeller/
^^^^^^^^^^^^^^^^^^^^^^^^^^^^^^^^^^^^^^^^^^^^^^^^^^
https://www.tekniknet.se/reservdelar-xperia-tablet-modeller/
^^^^^^^^^^^^^^^^^^^^^^^^^^^^^^^^^^^^^^^^^^^^^^^^^^
https://www.tekniknet.se/reservdelar-xperia-x-modeller/
^^^^^^^^^^^^^^^^^^^^^^^^^^^^^^^^^^^^^^^^^^^^^^^^^^
https://www.tekniknet.se/reservdelar-xperia-xa-modeller/
^^^^^^^^^^^^^^^^^^^^^^^^^^^^^^^^^^^^^^^^^^^^^^^^^^
https://www.tekniknet.se/reservdelar-xperia-xz-modeller/
^^^^^^^^^^^^^^^^^^^^^^^^^^^^^^^^^^^^^^^^^^^^^^^^^^
https://www.tekniknet.se/reservdelar-xperia-z-modeller/
^^^^^^^^^^^^^^^^^^^^^^^^^^^^^^^^^^^^^^^^^^^^^^^^^^
https://www.tekniknet.se/galaxy-tab/
^^^^^^^^^^^^^^^^^^^^^^^^^^^^^^^^^^^^^^^^^^^^^^^^^^
https://www.tekniknet.se/ovriga-modeller/
^^^^^^^^^^^^^^^^^^^^^^^^^^^^^^^^^^^^^^^^^^^^^^^^^^
https://www.tekniknet.se/reservdelar-galaxy-s-modeller/
^^^^^^^^^^^^^^^^^^^^^^^^^^^^^^^^^^^^^^^^^^^^^^^^^^
https://www.tekniknet.se/reservdelar-galaxy-j-modeller/
^^^^^^^^^^^^^^^^^^^^^^^^^^^^^^^^^^^^^^^^^^^^^^^^^^
https://www.tekniknet.se/reservdelar-galaxy-a-modeller/
^^^^^^^^^^^^^^^^^^^^^^^^^^^^^^^^^^^^^^^^^^^^^^^^^^
https://www.tekniknet.se/reservdelar-galaxy-m-modeller/
^^^^^^^^^^^^^^^^^^^^^^^^^^^^^^^^^^^^^^^^^^^^^^^^^^
https://www.tekniknet.se/reservdelar-galaxy-xcover-modeller/
^^^^^^^^^^^^^^^^^^^^^^^^^^^^^^^^^^^^^^^^^^^^^^^^^^
https://www.tekniknet.se/reservdelar-galaxy-note-modeller/
^^^^^^^^^^^^^^^^^^^^^^^^^^^^^^^^^^^^^^^^^^^^^^^^^^
https://www.tekniknet.se/reservdelar-huawei-ascend-modeller/
^^^^^^^^^^^^^^^^^^^^^^^^^^^^^^^^^^^^^^^^^^^^^^^^^^
https://www.tekniknet.se/reservdelar-huawei-honor-modeller/
^^^^^^^^^^^^^^^^^^^^^^^^^^^^^^^^^^^^^^^^^^^^^^^^^^
https://www.tekniknet.se/reservdelar-huawei-mate-modeller/
^^^^^^^^^^^^^^^^^^^^^^^^^^^^^^^^^^^^^^^^^^^^^^^^^^
https://www.tekniknet.se/huawei-nova-modeller-1/
^^^^^^^^^^^^^^^^^^^^^^^^^^^^^^^^^^^^^^^^^^^^^^^^^^
https://www.tekniknet.se/reservdelar-huawei-p-modeller/
^^^^^^^^^^^^^^^^^^^^^^^^^^^^^^^^^^^^^^^^^^^^^^^^^^
https://www.tekniknet.se/reservdelar-huawei-y-modeller/
^^^^^^^^^^^^^^^^^^^^^^^^^^^^^^^^^^^^^^^^^^^^^^^^^^
https://www.tekniknet.se/reservdelar-huawei-nova-modeller/
^^^^^^^^^^^^^^^^^^^^^^^^^^^^^^^^^^^^^^^^^^^^^^^^^^
https://www.tekniknet.se/mobilreservdelar/lg/lg-g2-d802/
^^^^^^^^^^^^^^^^^^^^^^^^^^^^^^^^^^^^^^^^^^^^^^^^^^
https://www.tekniknet.se/lg-g3-d855/
^^^^^^^^^^^^^^^^^^^^^^^^^^^^^^^^^^^^^^^^^^^^^^^^^^
https://www.tekniknet.se/mobilreservdelar/lg/lg-g3-d855/
^^^^^^^^^^^^^^^^^^^^^^^^^^^^^^^^^^^^^^^^^^^^^^^^^^
https://www.tekniknet.se/lg-g4-h815/
^^^^^^^^^^^^^^^^^^^^^^^^^^^^^^^^^^^^^^^^^^^^^^^^^^
https://www.tekniknet.se/mobilreservdelar/lg/g5/
^^^^^^^^^^^^^^^^^^^^^^^^^^^^^^^^^^^^^^^^^^^^^^^^^^
https://www.tekniknet.se/lg-g6-h870/
^^^^^^^^^^^^^^^^^^^^^^^^^^^^^^^^^^^^^^^^^^^^^^^^^^
https://www.tekniknet.se/lg-g7-thinq/
^^^^^^^^^^^^^^^^^^^^^^^^^^^^^^^^^^^^^^^^^^^^^^^^^^
https://www.tekniknet.se/lg-k8-k350n/
^^^^^^^^^^^^^^^^^^^^^^^^^^^^^^^^^^^^^^^^^^^^^^^^^^
https://www.tekniknet.se/lg-v10-h960/
^^^^^^^^^^^^^^^^^^^^^^^^^^^^^^^^^^^^^^^^^^^^^^^^^^
https://www.tekniknet.se/lg-v30-reservdelar
^^^^^^^^^^^^^^^^^^^^^^^^^^^^^^^^^^^^^^^^^^^^^^^^^^
https://www.tekniknet.se/nexus-5/
^^^^^^^^^^^^^^^^^^^^^^^^^^^^^^^^^^^^^^^^^^^^^^^^^^
https://www.tekniknet.se/nexus-5x-h791/
^^^^^^^^^^^^^^^^^^^^^^^^^^^^^^^^^^^^^^^^^^^^^^^^^^
https://www.tekniknet.se/nexus-6-1/
^^^^^^^^^^^^^^^^^^^^^^^^^^^^^^^^^^^^^^^^^^^^^^^^^^
https://www.tekniknet.se/htc-10-1/
^^^^^^^^^^^^^^^^^^^^^^^^^^^^^^^^^^^^^^^^^^^^^^^^^^
https://www.tekniknet.se/htc-u11-reservdelar
^^^^^^^^^^^^^^^^^^^^^^^^^^^^^^^^^^^^^^^^^^^^^^^^^^
https://www.tekniknet.se/htc-ovriga-modeller/
^^^^^^^^^^^^^^^^^^^^^^^^^^^^^^^^^^^^^^^^^^^^^^^^^^
https://www.tekniknet.se/one-m7/
^^^^^^^^^^^^^^^^^^^^^^^^^^^^^^^^^^^^^^^^^^^^^^^^^^
https://www.tekniknet.se/one-m8-1/
^^^^^^^^^^^^^^^^^^^^^^^^^^^^^^^^^^^^^^^^^^^^^^^^^^
https://www.tekniknet.se/one-m9-1/
^^^^^^^^^^^^^^^^^^^^^^^^^^^^^^^^^^^^^^^^^^^^^^^^^^
https://www.tekniknet.se/one-x/
^^^^^^^^^^^^^^^^^^^^^^^^^^^^^^^^^^^^^^^^^^^^^^^^^^
https://www.tekniknet.se/tillbehor/lenovo/lenovo-tab-2-a10-30
^^^^^^^^^^^^^^^^^^^^^^^^^^^^^^^^^^^^^^^^^^^^^^^^^^
https://www.tekniknet.se/reservdelar/lenovo/tab-2-a10-70
^^^^^^^^^^^^^^^^^^^^^^^^^^^^^^^^^^^^^^^^^^^^^^^^^^
https://www.tekniknet.se/lenovo-yoga-tab-3/
^^^^^^^^^^^^^^^^^^^^^^^^^^^^^^^^^^^^^^^^^^^^^^^^^^
https://www.tekniknet.se/lumia-535/
^^^^^^^^^^^^^^^^^^^^^^^^^^^^^^^^^^^^^^^^^^^^^^^^^^
https://www.tekniknet.se/lumia-640/
^^^^^^^^^^^^^^^^^^^^^^^^^^^^^^^^^^^^^^^^^^^^^^^^^^
https://www.tekniknet.se/lumia-640-xl/
^^^^^^^^^^^^^^^^^^^^^^^^^^^^^^^^^^^^^^^^^^^^^^^^^^
https://www.tekniknet.se/lumia-950/
^^^^^^^^^^^^^^^^^^^^^^^^^^^^^^^^^^^^^^^^^^^^^^^^^^
https://www.tekniknet.se/lumia-950-xl/
^^^^^^^^^^^^^^^^^^^^^^^^^^^^^^^^^^^^^^^^^^^^^^^^^^
https://www.tekniknet.se/lumia-1020/
^^^^^^^^^^^^^^^^^^^^^^^^^^^^^^^^^^^^^^^^^^^^^^^^^^
https://www.tekniknet.se/lumia-1320/
^^^^^^^^^^^^^^^^^^^^^^^^^^^^^^^^^^^^^^^^^^^^^^^^^^
https://www.tekniknet.se/lumia-1520/
^^^^^^^^^^^^^^^^^^^^^^^^^^^^^^^^^^^^^^^^^^^^^^^^^^
https://www.tekniknet.se/lumia-625/630/635/
^^^^^^^^^^^^^^^^^^^^^^^^^^^^^^^^^^^^^^^^^^^^^^^^^^
https://www.tekniknet.se/lumia-800/
^^^^^^^^^^^^^^^^^^^^^^^^^^^^^^^^^^^^^^^^^^^^^^^^^^
https://www.tekniknet.se/lumia-900/
^^^^^^^^^^^^^^^^^^^^^^^^^^^^^^^^^^^^^^^^^^^^^^^^^^
https://www.tekniknet.se/lumia-930/
^^^^^^^^^^^^^^^^^^^^^^^^^^^^^^^^^^^^^^^^^^^^^^^^^^
https://www.tekniknet.se/nokia-6-1/
^^^^^^^^^^^^^^^^^^^^^^^^^^^^^^^^^^^^^^^^^^^^^^^^^^
https://www.tekniknet.se/nokia-8-1/
^^^^^^^^^^^^^^^^^^^^^^^^^^^^^^^^^^^^^^^^^^^^^^^^^^
https://www.tekniknet.se/mobilreservdelar/nokia/nokia-ovriga-modeller/
^^^^^^^^^^^^^^^^^^^^^^^^^^^^^^^^^^^^^^^^^^^^^^^^^^
https://www.tekniknet.se/oneplus-one/
^^^^^^^^^^^^^^^^^^^^^^^^^^^^^^^^^^^^^^^^^^^^^^^^^^
https://www.tekniknet.se/oneplus-2-1/
^^^^^^^^^^^^^^^^^^^^^^^^^^^^^^^^^^^^^^^^^^^^^^^^^^
https://www.tekniknet.se/oneplus-3/
^^^^^^^^^^^^^^^^^^^^^^^^^^^^^^^^^^^^^^^^^^^^^^^^^^
https://www.tekniknet.se/oneplus-5-1/
^^^^^^^^^^^^^^^^^^^^^^^^^^^^^^^^^^^^^^^^^^^^^^^^^^
https://www.tekniknet.se/oneplus-5t-reservdelar
^^^^^^^^^^^^^^^^^^^^^^^^^^^^^^^^^^^^^^^^^^^^^^^^^^
https://www.tekniknet.se/reservdelar-oneplus-7t-pro-1/
^^^^^^^^^^^^^^^^^^^^^^^^^^^^^^^^^^^^^^^^^^^^^^^^^^
https://www.tekniknet.se/reservdelar-oneplus-7t-1/
^^^^^^^^^^^^^^^^^^^^^^^^^^^^^^^^^^^^^^^^^^^^^^^^^^
https://www.tekniknet.se/oneplus-7-pro-1/
^^^^^^^^^^^^^^^^^^^^^^^^^^^^^^^^^^^^^^^^^^^^^^^^^^
https://www.tekniknet.se/oneplus-7-1/
^^^^^^^^^^^^^^^^^^^^^^^^^^^^^^^^^^^^^^^^^^^^^^^^^^
https://www.tekniknet.se/oneplus-6t-1/
^^^^^^^^^^^^^^^^^^^^^^^^^^^^^^^^^^^^^^^^^^^^^^^^^^
https://www.tekniknet.se/oneplus-6-/
^^^^^^^^^^^^^^^^^^^^^^^^^^^^^^^^^^^^^^^^^^^^^^^^^^
https://www.tekniknet.se/oneplus-3t/
^^^^^^^^^^^^^^^^^^^^^^^^^^^^^^^^^^^^^^^^^^^^^^^^^^
https://www.tekniknet.se/reservdelar-motorola-moto-e5/
^^^^^^^^^^^^^^^^^^^^^^^^^^^^^^^^^^^^^^^^^^^^^^^^^^
https://www.tekniknet.se/moto-e5-play/
^^^^^^^^^^^^^^^^^^^^^^^^^^^^^^^^^^^^^^^^^^^^^^^^^^
https://www.tekniknet.se/moto-g4/
^^^^^^^^^^^^^^^^^^^^^^^^^^^^^^^^^^^^^^^^^^^^^^^^^^
https://www.tekniknet.se/reservdelar-moto-g6-play/
^^^^^^^^^^^^^^^^^^^^^^^^^^^^^^^^^^^^^^^^^^^^^^^^^^
https://www.tekniknet.se/moto-g7-g7-plus/
^^^^^^^^^^^^^^^^^^^^^^^^^^^^^^^^^^^^^^^^^^^^^^^^^^
https://www.tekniknet.se/moto-g7-play/
^^^^^^^^^^^^^^^^^^^^^^^^^^^^^^^^^^^^^^^^^^^^^^^^^^
https://www.tekniknet.se/moto-g7-power-1/
^^^^^^^^^^^^^^^^^^^^^^^^^^^^^^^^^^^^^^^^^^^^^^^^^^
https://www.tekniknet.se/moto-x4/
^^^^^^^^^^^^^^^^^^^^^^^^^^^^^^^^^^^^^^^^^^^^^^^^^^
https://www.tekniknet.se/reservdelar-motorola-moto-z2-force/
^^^^^^^^^^^^^^^^^^^^^^^^^^^^^^^^^^^^^^^^^^^^^^^^^^
https://www.tekniknet.se/moto-z-play-2/
^^^^^^^^^^^^^^^^^^^^^^^^^^^^^^^^^^^^^^^^^^^^^^^^^^
https://www.tekniknet.se/moto-z3/z3-play/
^^^^^^^^^^^^^^^^^^^^^^^^^^^^^^^^^^^^^^^^^^^^^^^^^^
https://www.tekniknet.se/motorola-moto-g5-/
^^^^^^^^^^^^^^^^^^^^^^^^^^^^^^^^^^^^^^^^^^^^^^^^^^
https://www.tekniknet.se/motorola-moto-g5-plus/
^^^^^^^^^^^^^^^^^^^^^^^^^^^^^^^^^^^^^^^^^^^^^^^^^^
https://www.tekniknet.se/mobilreservdelar/motorola-moto-g5s/
^^^^^^^^^^^^^^^^^^^^^^^^^^^^^^^^^^^^^^^^^^^^^^^^^^
https://www.tekniknet.se/motorola-moto-g5s-plus/
^^^^^^^^^^^^^^^^^^^^^^^^^^^^^^^^^^^^^^^^^^^^^^^^^^
https://www.tekniknet.se/motorola-moto-g6/
^^^^^^^^^^^^^^^^^^^^^^^^^^^^^^^^^^^^^^^^^^^^^^^^^^
https://www.tekniknet.se/motorola-moto-g6-plus/
^^^^^^^^^^^^^^^^^^^^^^^^^^^^^^^^^^^^^^^^^^^^^^^^^^
https://www.tekniknet.se/motorola-one-1/
^^^^^^^^^^^^^^^^^^^^^^^^^^^^^^^^^^^^^^^^^^^^^^^^^^
https://www.tekniknet.se/one-vision/
Message: no such element: Unable to locate element: {"method":"css selector","selector":".subLinks"}
  (Session info: chrome=80.0.3987.132)

^^^^^^^^^^^^^^^^^^^^^^^^^^^^^^^^^^^^^^^^^^^^^^^^^^
https://www.tekniknet.se/reservdelar-xiaomi-mi-modeller/
^^^^^^^^^^^^^^^^^^^^^^^^^^^^^^^^^^^^^^^^^^^^^^^^^^
https://www.tekniknet.se/xiaomi-pocophone-f1-1/
^^^^^^^^^^^^^^^^^^^^^^^^^^^^^^^^^^^^^^^^^^^^^^^^^^
https://www.tekniknet.se/reservdelar-xiaomi-redmi-modeller/
^^^^^^^^^^^^^^^^^^^^^^^^^^^^^^^^^^^^^^^^^^^^^^^^^^
https://www.tekniknet.se/reservdelar-xiaomi-redmi-note-modeller/
^^^^^^^^^^^^^^^^^^^^^^^^^^^^^^^^^^^^^^^^^^^^^^^^^^
https://www.tekniknet.se/ipod-touch-4g/
^^^^^^^^^^^^^^^^^^^^^^^^^^^^^^^^^^^^^^^^^^^^^^^^^^
https://www.tekniknet.se/ipod-touch-5/
^^^^^^^^^^^^^^^^^^^^^^^^^^^^^^^^^^^^^^^^^^^^^^^^^^
https://www.tekniknet.se/ipod-touch-6/
^^^^^^^^^^^^^^^^^^^^^^^^^^^^^^^^^^^^^^^^^^^^^^^^^^
https://www.tekniknet.se/reservdelar-pixel-3a/
^^^^^^^^^^^^^^^^^^^^^^^^^^^^^^^^^^^^^^^^^^^^^^^^^^
https://www.tekniknet.se/ipad-pro-12.9/
^^^^^^^^^^^^^^^^^^^^^^^^^^^^^^^^^^^^^^^^^^^^^^^^^^
https://www.tekniknet.se/ipad-pro-9.7-3/
^^^^^^^^^^^^^^^^^^^^^^^^^^^^^^^^^^^^^^^^^^^^^^^^^^
https://www.tekniknet.se/ipad-9.7-2017-1/
^^^^^^^^^^^^^^^^^^^^^^^^^^^^^^^^^^^^^^^^^^^^^^^^^^
https://www.tekniknet.se/ipad-mini-retina/
^^^^^^^^^^^^^^^^^^^^^^^^^^^^^^^^^^^^^^^^^^^^^^^^^^
https://www.tekniknet.se/ipad-2018-reservdelar/
^^^^^^^^^^^^^^^^^^^^^^^^^^^^^^^^^^^^^^^^^^^^^^^^^^
https://www.tekniknet.se/ipad-3/
^^^^^^^^^^^^^^^^^^^^^^^^^^^^^^^^^^^^^^^^^^^^^^^^^^
https://www.tekniknet.se/ipad-4/
^^^^^^^^^^^^^^^^^^^^^^^^^^^^^^^^^^^^^^^^^^^^^^^^^^
https://www.tekniknet.se/ipad-air/
^^^^^^^^^^^^^^^^^^^^^^^^^^^^^^^^^^^^^^^^^^^^^^^^^^
https://www.tekniknet.se/ipad-air-2/
^^^^^^^^^^^^^^^^^^^^^^^^^^^^^^^^^^^^^^^^^^^^^^^^^^
https://www.tekniknet.se/ipad-air-2019/
^^^^^^^^^^^^^^^^^^^^^^^^^^^^^^^^^^^^^^^^^^^^^^^^^^
https://www.tekniknet.se/ipad-mini-1/
^^^^^^^^^^^^^^^^^^^^^^^^^^^^^^^^^^^^^^^^^^^^^^^^^^
https://www.tekniknet.se/ipad-mini-2019/
^^^^^^^^^^^^^^^^^^^^^^^^^^^^^^^^^^^^^^^^^^^^^^^^^^
https://www.tekniknet.se/ipad-mini-3/
^^^^^^^^^^^^^^^^^^^^^^^^^^^^^^^^^^^^^^^^^^^^^^^^^^
https://www.tekniknet.se/mobilreservdelar/apple/ipad-mini-4/
^^^^^^^^^^^^^^^^^^^^^^^^^^^^^^^^^^^^^^^^^^^^^^^^^^
https://www.tekniknet.se/ipad-pro-10.5-1/
^^^^^^^^^^^^^^^^^^^^^^^^^^^^^^^^^^^^^^^^^^^^^^^^^^
https://www.tekniknet.se/Reservdelar/ipad-pro-11/
^^^^^^^^^^^^^^^^^^^^^^^^^^^^^^^^^^^^^^^^^^^^^^^^^^
https://www.tekniknet.se/ipad-2/
^^^^^^^^^^^^^^^^^^^^^^^^^^^^^^^^^^^^^^^^^^^^^^^^^^
https://www.tekniknet.se/ipad/
^^^^^^^^^^^^^^^^^^^^^^^^^^^^^^^^^^^^^^^^^^^^^^^^^^
https://www.tekniknet.se/ipad-10.22019-7th-gen/
^^^^^^^^^^^^^^^^^^^^^^^^^^^^^^^^^^^^^^^^^^^^^^^^^^
https://www.tekniknet.se/iphone-11-pro-max/
^^^^^^^^^^^^^^^^^^^^^^^^^^^^^^^^^^^^^^^^^^^^^^^^^^
https://www.tekniknet.se/iphone-11-pro/
^^^^^^^^^^^^^^^^^^^^^^^^^^^^^^^^^^^^^^^^^^^^^^^^^^
https://www.tekniknet.se/iphone-11/
^^^^^^^^^^^^^^^^^^^^^^^^^^^^^^^^^^^^^^^^^^^^^^^^^^
https://www.tekniknet.se/iphone-x-1/
^^^^^^^^^^^^^^^^^^^^^^^^^^^^^^^^^^^^^^^^^^^^^^^^^^
https://www.tekniknet.se/iphone-xs-max/
^^^^^^^^^^^^^^^^^^^^^^^^^^^^^^^^^^^^^^^^^^^^^^^^^^
https://www.tekniknet.se/iphone-xr/
^^^^^^^^^^^^^^^^^^^^^^^^^^^^^^^^^^^^^^^^^^^^^^^^^^
https://www.tekniknet.se/iphone-8-plus/
^^^^^^^^^^^^^^^^^^^^^^^^^^^^^^^^^^^^^^^^^^^^^^^^^^
https://www.tekniknet.se/iphone-8/
^^^^^^^^^^^^^^^^^^^^^^^^^^^^^^^^^^^^^^^^^^^^^^^^^^
https://www.tekniknet.se/iphone-7-plus-3/
^^^^^^^^^^^^^^^^^^^^^^^^^^^^^^^^^^^^^^^^^^^^^^^^^^
https://www.tekniknet.se/iphone-7-3/
^^^^^^^^^^^^^^^^^^^^^^^^^^^^^^^^^^^^^^^^^^^^^^^^^^
https://www.tekniknet.se/iphone-6/6s-plus/
^^^^^^^^^^^^^^^^^^^^^^^^^^^^^^^^^^^^^^^^^^^^^^^^^^
https://www.tekniknet.se/iphone-6/6s/
^^^^^^^^^^^^^^^^^^^^^^^^^^^^^^^^^^^^^^^^^^^^^^^^^^
https://www.tekniknet.se/iphone-5/5s/se/
^^^^^^^^^^^^^^^^^^^^^^^^^^^^^^^^^^^^^^^^^^^^^^^^^^
https://www.tekniknet.se/iphone-4/4s/
^^^^^^^^^^^^^^^^^^^^^^^^^^^^^^^^^^^^^^^^^^^^^^^^^^
https://www.tekniknet.se/iphone-5c/
^^^^^^^^^^^^^^^^^^^^^^^^^^^^^^^^^^^^^^^^^^^^^^^^^^
https://www.tekniknet.se/ipad-10.22019-7th-gen-1/
^^^^^^^^^^^^^^^^^^^^^^^^^^^^^^^^^^^^^^^^^^^^^^^^^^
https://www.tekniknet.se/tillbehor-ipad-pro-10.5-ipad-air-2019/
^^^^^^^^^^^^^^^^^^^^^^^^^^^^^^^^^^^^^^^^^^^^^^^^^^
https://www.tekniknet.se/mobiltillbehor-ipad-mini-2019/
^^^^^^^^^^^^^^^^^^^^^^^^^^^^^^^^^^^^^^^^^^^^^^^^^^
https://www.tekniknet.se/ipad-pro-11-1/
^^^^^^^^^^^^^^^^^^^^^^^^^^^^^^^^^^^^^^^^^^^^^^^^^^
https://www.tekniknet.se/ipad-9-7-2017-2018-tillbehor
^^^^^^^^^^^^^^^^^^^^^^^^^^^^^^^^^^^^^^^^^^^^^^^^^^
https://www.tekniknet.se/ipad-3/4/
^^^^^^^^^^^^^^^^^^^^^^^^^^^^^^^^^^^^^^^^^^^^^^^^^^
https://www.tekniknet.se/ipad-mini-1-2-3/
^^^^^^^^^^^^^^^^^^^^^^^^^^^^^^^^^^^^^^^^^^^^^^^^^^
https://www.tekniknet.se/ipad-2-1/
^^^^^^^^^^^^^^^^^^^^^^^^^^^^^^^^^^^^^^^^^^^^^^^^^^
https://www.tekniknet.se/ipad-air-1/
^^^^^^^^^^^^^^^^^^^^^^^^^^^^^^^^^^^^^^^^^^^^^^^^^^
https://www.tekniknet.se/ipad-air-2-2/
^^^^^^^^^^^^^^^^^^^^^^^^^^^^^^^^^^^^^^^^^^^^^^^^^^
https://www.tekniknet.se/ipad-mini-4/
^^^^^^^^^^^^^^^^^^^^^^^^^^^^^^^^^^^^^^^^^^^^^^^^^^
https://www.tekniknet.se/ipad-pro-1/
^^^^^^^^^^^^^^^^^^^^^^^^^^^^^^^^^^^^^^^^^^^^^^^^^^
https://www.tekniknet.se/ipad-pro-9.7-1/
^^^^^^^^^^^^^^^^^^^^^^^^^^^^^^^^^^^^^^^^^^^^^^^^^^
https://www.tekniknet.se/apple-watch-1/
^^^^^^^^^^^^^^^^^^^^^^^^^^^^^^^^^^^^^^^^^^^^^^^^^^
https://www.tekniknet.se/galaxy-a3/
^^^^^^^^^^^^^^^^^^^^^^^^^^^^^^^^^^^^^^^^^^^^^^^^^^
https://www.tekniknet.se/mobiltillbehor/samsung/galaxy-a3-2016/
^^^^^^^^^^^^^^^^^^^^^^^^^^^^^^^^^^^^^^^^^^^^^^^^^^
https://www.tekniknet.se/galaxy-a3-2017-3/
^^^^^^^^^^^^^^^^^^^^^^^^^^^^^^^^^^^^^^^^^^^^^^^^^^
https://www.tekniknet.se/galaxy-a5/
^^^^^^^^^^^^^^^^^^^^^^^^^^^^^^^^^^^^^^^^^^^^^^^^^^
https://www.tekniknet.se/galaxy-a5-2016-1/
^^^^^^^^^^^^^^^^^^^^^^^^^^^^^^^^^^^^^^^^^^^^^^^^^^
https://www.tekniknet.se/galaxy-a5-2017-3/
^^^^^^^^^^^^^^^^^^^^^^^^^^^^^^^^^^^^^^^^^^^^^^^^^^
https://www.tekniknet.se/galaxy-a80/
^^^^^^^^^^^^^^^^^^^^^^^^^^^^^^^^^^^^^^^^^^^^^^^^^^
https://www.tekniknet.se/galaxy-a70/
^^^^^^^^^^^^^^^^^^^^^^^^^^^^^^^^^^^^^^^^^^^^^^^^^^
https://www.tekniknet.se/tillbehor/samsung/
^^^^^^^^^^^^^^^^^^^^^^^^^^^^^^^^^^^^^^^^^^^^^^^^^^
https://www.tekniknet.se/galaxy-a40-1/
^^^^^^^^^^^^^^^^^^^^^^^^^^^^^^^^^^^^^^^^^^^^^^^^^^
https://www.tekniknet.se/samsung-galaxy-a20e-tillbehor/
^^^^^^^^^^^^^^^^^^^^^^^^^^^^^^^^^^^^^^^^^^^^^^^^^^
https://www.tekniknet.se/galaxy-a6-2018/
^^^^^^^^^^^^^^^^^^^^^^^^^^^^^^^^^^^^^^^^^^^^^^^^^^
https://www.tekniknet.se/galaxy-a6-plus-2018/
^^^^^^^^^^^^^^^^^^^^^^^^^^^^^^^^^^^^^^^^^^^^^^^^^^
https://www.tekniknet.se/galaxy-a7/
^^^^^^^^^^^^^^^^^^^^^^^^^^^^^^^^^^^^^^^^^^^^^^^^^^
https://www.tekniknet.se/galaxy-a7-2018/
^^^^^^^^^^^^^^^^^^^^^^^^^^^^^^^^^^^^^^^^^^^^^^^^^^
https://www.tekniknet.se/galaxy-a8/
^^^^^^^^^^^^^^^^^^^^^^^^^^^^^^^^^^^^^^^^^^^^^^^^^^
https://www.tekniknet.se/galaxy-a9-2018/
^^^^^^^^^^^^^^^^^^^^^^^^^^^^^^^^^^^^^^^^^^^^^^^^^^
https://www.tekniknet.se/galaxy-alpha/
^^^^^^^^^^^^^^^^^^^^^^^^^^^^^^^^^^^^^^^^^^^^^^^^^^
https://www.tekniknet.se/galaxy-j3-3/
^^^^^^^^^^^^^^^^^^^^^^^^^^^^^^^^^^^^^^^^^^^^^^^^^^
https://www.tekniknet.se/galaxy-j3-2016-1/
^^^^^^^^^^^^^^^^^^^^^^^^^^^^^^^^^^^^^^^^^^^^^^^^^^
https://www.tekniknet.se/galaxy-j3-2017-/
^^^^^^^^^^^^^^^^^^^^^^^^^^^^^^^^^^^^^^^^^^^^^^^^^^
https://www.tekniknet.se/galaxy-j4-plus-2018/
^^^^^^^^^^^^^^^^^^^^^^^^^^^^^^^^^^^^^^^^^^^^^^^^^^
https://www.tekniknet.se/galaxy-j5-3/
^^^^^^^^^^^^^^^^^^^^^^^^^^^^^^^^^^^^^^^^^^^^^^^^^^
https://www.tekniknet.se/galaxy-j5-2016-1/
^^^^^^^^^^^^^^^^^^^^^^^^^^^^^^^^^^^^^^^^^^^^^^^^^^
https://www.tekniknet.se/galaxy-j5-2017-1/
^^^^^^^^^^^^^^^^^^^^^^^^^^^^^^^^^^^^^^^^^^^^^^^^^^
https://www.tekniknet.se/galaxy-j6-2018/
^^^^^^^^^^^^^^^^^^^^^^^^^^^^^^^^^^^^^^^^^^^^^^^^^^
https://www.tekniknet.se/galaxy-j6-plus-2018/
^^^^^^^^^^^^^^^^^^^^^^^^^^^^^^^^^^^^^^^^^^^^^^^^^^
https://www.tekniknet.se/galaxy-j7-2017-/
^^^^^^^^^^^^^^^^^^^^^^^^^^^^^^^^^^^^^^^^^^^^^^^^^^
https://www.tekniknet.se/galaxy-note-3/
^^^^^^^^^^^^^^^^^^^^^^^^^^^^^^^^^^^^^^^^^^^^^^^^^^
https://www.tekniknet.se/galaxy-note-4/
^^^^^^^^^^^^^^^^^^^^^^^^^^^^^^^^^^^^^^^^^^^^^^^^^^
https://www.tekniknet.se/galaxy-note-8/
^^^^^^^^^^^^^^^^^^^^^^^^^^^^^^^^^^^^^^^^^^^^^^^^^^
https://www.tekniknet.se/galaxy-note-9/
^^^^^^^^^^^^^^^^^^^^^^^^^^^^^^^^^^^^^^^^^^^^^^^^^^
https://www.tekniknet.se/galaxy-note-edge-1/
^^^^^^^^^^^^^^^^^^^^^^^^^^^^^^^^^^^^^^^^^^^^^^^^^^
https://www.tekniknet.se/tillbehor-samsung-galaxy-s10
^^^^^^^^^^^^^^^^^^^^^^^^^^^^^^^^^^^^^^^^^^^^^^^^^^
https://www.tekniknet.se/tillbehor-galaxy-s10-plus
^^^^^^^^^^^^^^^^^^^^^^^^^^^^^^^^^^^^^^^^^^^^^^^^^^
https://www.tekniknet.se/galaxy-s10e/
^^^^^^^^^^^^^^^^^^^^^^^^^^^^^^^^^^^^^^^^^^^^^^^^^^
https://www.tekniknet.se/galaxy-s3/
^^^^^^^^^^^^^^^^^^^^^^^^^^^^^^^^^^^^^^^^^^^^^^^^^^
https://www.tekniknet.se/galaxy-s4/
^^^^^^^^^^^^^^^^^^^^^^^^^^^^^^^^^^^^^^^^^^^^^^^^^^
https://www.tekniknet.se/galaxy-s4-mini/
^^^^^^^^^^^^^^^^^^^^^^^^^^^^^^^^^^^^^^^^^^^^^^^^^^
https://www.tekniknet.se/galaxy-s5/
^^^^^^^^^^^^^^^^^^^^^^^^^^^^^^^^^^^^^^^^^^^^^^^^^^
https://www.tekniknet.se/galaxy-s5-mini/
^^^^^^^^^^^^^^^^^^^^^^^^^^^^^^^^^^^^^^^^^^^^^^^^^^
https://www.tekniknet.se/galaxy-s6/
^^^^^^^^^^^^^^^^^^^^^^^^^^^^^^^^^^^^^^^^^^^^^^^^^^
https://www.tekniknet.se/galaxy-s6-edge/
^^^^^^^^^^^^^^^^^^^^^^^^^^^^^^^^^^^^^^^^^^^^^^^^^^
https://www.tekniknet.se/galaxy-s6-edge-1/
^^^^^^^^^^^^^^^^^^^^^^^^^^^^^^^^^^^^^^^^^^^^^^^^^^
https://www.tekniknet.se/galaxy-s7/
^^^^^^^^^^^^^^^^^^^^^^^^^^^^^^^^^^^^^^^^^^^^^^^^^^
https://www.tekniknet.se/galaxy-s7-edge/
^^^^^^^^^^^^^^^^^^^^^^^^^^^^^^^^^^^^^^^^^^^^^^^^^^
https://www.tekniknet.se/tillbehor/samsung/galaxy-s8
^^^^^^^^^^^^^^^^^^^^^^^^^^^^^^^^^^^^^^^^^^^^^^^^^^
https://www.tekniknet.se/tillbehor/samsung/galaxy-s8-plus
^^^^^^^^^^^^^^^^^^^^^^^^^^^^^^^^^^^^^^^^^^^^^^^^^^
https://www.tekniknet.se/galaxy-s9/
^^^^^^^^^^^^^^^^^^^^^^^^^^^^^^^^^^^^^^^^^^^^^^^^^^
https://www.tekniknet.se/galaxy-s9-plus/
^^^^^^^^^^^^^^^^^^^^^^^^^^^^^^^^^^^^^^^^^^^^^^^^^^
https://www.tekniknet.se/galaxy-xcover-3-2/
^^^^^^^^^^^^^^^^^^^^^^^^^^^^^^^^^^^^^^^^^^^^^^^^^^
https://www.tekniknet.se/tillbehor/samsung/xcover-4
^^^^^^^^^^^^^^^^^^^^^^^^^^^^^^^^^^^^^^^^^^^^^^^^^^
https://www.tekniknet.se/ovriga-modeller-1/
^^^^^^^^^^^^^^^^^^^^^^^^^^^^^^^^^^^^^^^^^^^^^^^^^^
https://www.tekniknet.se/tillbehor-galaxy-s20/
^^^^^^^^^^^^^^^^^^^^^^^^^^^^^^^^^^^^^^^^^^^^^^^^^^
https://www.tekniknet.se/tillbehor-galaxy-s20-plus/
^^^^^^^^^^^^^^^^^^^^^^^^^^^^^^^^^^^^^^^^^^^^^^^^^^
https://www.tekniknet.se/tillbehor-galaxy-s20-ultra/
^^^^^^^^^^^^^^^^^^^^^^^^^^^^^^^^^^^^^^^^^^^^^^^^^^
https://www.tekniknet.se/mobiltillbehor/samsung-galaxy-xcover-pro
^^^^^^^^^^^^^^^^^^^^^^^^^^^^^^^^^^^^^^^^^^^^^^^^^^
https://www.tekniknet.se/mobiltillbehor/samsung-galaxy-s10-lite/
^^^^^^^^^^^^^^^^^^^^^^^^^^^^^^^^^^^^^^^^^^^^^^^^^^
https://www.tekniknet.se/mobiltillbehor/samsung-galaxy-note-10-lite/
^^^^^^^^^^^^^^^^^^^^^^^^^^^^^^^^^^^^^^^^^^^^^^^^^^
https://www.tekniknet.se/mobiltillbehor/samsung-galaxy-a51/
^^^^^^^^^^^^^^^^^^^^^^^^^^^^^^^^^^^^^^^^^^^^^^^^^^
https://www.tekniknet.se/mobiltillbehor/samsung-galaxy-a71
^^^^^^^^^^^^^^^^^^^^^^^^^^^^^^^^^^^^^^^^^^^^^^^^^^
https://www.tekniknet.se/mobiltillbehor-galaxy-a10/
^^^^^^^^^^^^^^^^^^^^^^^^^^^^^^^^^^^^^^^^^^^^^^^^^^
https://www.tekniknet.se/galaxy-note-10-plus/
^^^^^^^^^^^^^^^^^^^^^^^^^^^^^^^^^^^^^^^^^^^^^^^^^^
https://www.tekniknet.se/mobiltillbehor-samsung-galaxy-note-10/
^^^^^^^^^^^^^^^^^^^^^^^^^^^^^^^^^^^^^^^^^^^^^^^^^^
https://www.tekniknet.se/mobiltillbehor-galaxy-z-flip/
^^^^^^^^^^^^^^^^^^^^^^^^^^^^^^^^^^^^^^^^^^^^^^^^^^
https://www.tekniknet.se/tillbehor-tab-modeller/
^^^^^^^^^^^^^^^^^^^^^^^^^^^^^^^^^^^^^^^^^^^^^^^^^^
https://www.tekniknet.se/xperia-1/
^^^^^^^^^^^^^^^^^^^^^^^^^^^^^^^^^^^^^^^^^^^^^^^^^^
https://www.tekniknet.se/tillbehor/sony/xperia-10/
^^^^^^^^^^^^^^^^^^^^^^^^^^^^^^^^^^^^^^^^^^^^^^^^^^
https://www.tekniknet.se/mobiltillbehor/sony/xperia-10-plus/
^^^^^^^^^^^^^^^^^^^^^^^^^^^^^^^^^^^^^^^^^^^^^^^^^^
https://www.tekniknet.se/mobiltillbehor/sony-xperia-5/
^^^^^^^^^^^^^^^^^^^^^^^^^^^^^^^^^^^^^^^^^^^^^^^^^^
https://www.tekniknet.se/xperia-e4g-1/
^^^^^^^^^^^^^^^^^^^^^^^^^^^^^^^^^^^^^^^^^^^^^^^^^^
https://www.tekniknet.se/xperia-e5-1/
^^^^^^^^^^^^^^^^^^^^^^^^^^^^^^^^^^^^^^^^^^^^^^^^^^
https://www.tekniknet.se/sony-xperia-l1/
^^^^^^^^^^^^^^^^^^^^^^^^^^^^^^^^^^^^^^^^^^^^^^^^^^
https://www.tekniknet.se/xperia-l3-1/
^^^^^^^^^^^^^^^^^^^^^^^^^^^^^^^^^^^^^^^^^^^^^^^^^^
https://www.tekniknet.se/xperia-m4-aqua/
^^^^^^^^^^^^^^^^^^^^^^^^^^^^^^^^^^^^^^^^^^^^^^^^^^
https://www.tekniknet.se/xperia-x-2/
^^^^^^^^^^^^^^^^^^^^^^^^^^^^^^^^^^^^^^^^^^^^^^^^^^
https://www.tekniknet.se/xperia-x-compact-1/
^^^^^^^^^^^^^^^^^^^^^^^^^^^^^^^^^^^^^^^^^^^^^^^^^^
https://www.tekniknet.se/xperia-x-performance-1/
^^^^^^^^^^^^^^^^^^^^^^^^^^^^^^^^^^^^^^^^^^^^^^^^^^
https://www.tekniknet.se/xperia-xa/
^^^^^^^^^^^^^^^^^^^^^^^^^^^^^^^^^^^^^^^^^^^^^^^^^^
https://www.tekniknet.se/xperia-xa1/
^^^^^^^^^^^^^^^^^^^^^^^^^^^^^^^^^^^^^^^^^^^^^^^^^^
https://www.tekniknet.se/xperia-xa1-plus/
^^^^^^^^^^^^^^^^^^^^^^^^^^^^^^^^^^^^^^^^^^^^^^^^^^
https://www.tekniknet.se/xperia-xa1-ultra/
^^^^^^^^^^^^^^^^^^^^^^^^^^^^^^^^^^^^^^^^^^^^^^^^^^
https://www.tekniknet.se/sony-xperia-xa2-tillbehor
^^^^^^^^^^^^^^^^^^^^^^^^^^^^^^^^^^^^^^^^^^^^^^^^^^
https://www.tekniknet.se/sony-xperia-xa2-ultra-tillbehor
^^^^^^^^^^^^^^^^^^^^^^^^^^^^^^^^^^^^^^^^^^^^^^^^^^
https://www.tekniknet.se/xperia-xz-1/
^^^^^^^^^^^^^^^^^^^^^^^^^^^^^^^^^^^^^^^^^^^^^^^^^^
https://www.tekniknet.se/tillbehor/sony/xperia-xz-premium
^^^^^^^^^^^^^^^^^^^^^^^^^^^^^^^^^^^^^^^^^^^^^^^^^^
https://www.tekniknet.se/xperia-xz1/
^^^^^^^^^^^^^^^^^^^^^^^^^^^^^^^^^^^^^^^^^^^^^^^^^^
https://www.tekniknet.se/xperia-xz1-compact/
^^^^^^^^^^^^^^^^^^^^^^^^^^^^^^^^^^^^^^^^^^^^^^^^^^
https://www.tekniknet.se/sony-xperia-xz2-tillbehor
^^^^^^^^^^^^^^^^^^^^^^^^^^^^^^^^^^^^^^^^^^^^^^^^^^
https://www.tekniknet.se/sony-xperia-xz2-compact-tillbehor
^^^^^^^^^^^^^^^^^^^^^^^^^^^^^^^^^^^^^^^^^^^^^^^^^^
https://www.tekniknet.se/xperia-xz3/
^^^^^^^^^^^^^^^^^^^^^^^^^^^^^^^^^^^^^^^^^^^^^^^^^^
https://www.tekniknet.se/xperia-xz4-1/
^^^^^^^^^^^^^^^^^^^^^^^^^^^^^^^^^^^^^^^^^^^^^^^^^^
https://www.tekniknet.se/xperia-xz4-compact/
^^^^^^^^^^^^^^^^^^^^^^^^^^^^^^^^^^^^^^^^^^^^^^^^^^
https://www.tekniknet.se/tillbehor/sony/xperia-xzs
^^^^^^^^^^^^^^^^^^^^^^^^^^^^^^^^^^^^^^^^^^^^^^^^^^
https://www.tekniknet.se/xperia-z1/
^^^^^^^^^^^^^^^^^^^^^^^^^^^^^^^^^^^^^^^^^^^^^^^^^^
https://www.tekniknet.se/xperia-z1-compact/
^^^^^^^^^^^^^^^^^^^^^^^^^^^^^^^^^^^^^^^^^^^^^^^^^^
https://www.tekniknet.se/xperia-z2/
^^^^^^^^^^^^^^^^^^^^^^^^^^^^^^^^^^^^^^^^^^^^^^^^^^
https://www.tekniknet.se/xperia-z3/
^^^^^^^^^^^^^^^^^^^^^^^^^^^^^^^^^^^^^^^^^^^^^^^^^^
https://www.tekniknet.se/xperia-z3-compact/
^^^^^^^^^^^^^^^^^^^^^^^^^^^^^^^^^^^^^^^^^^^^^^^^^^
https://www.tekniknet.se/xperia-z3-3/
^^^^^^^^^^^^^^^^^^^^^^^^^^^^^^^^^^^^^^^^^^^^^^^^^^
https://www.tekniknet.se/sony-xperia-z4-tablet
^^^^^^^^^^^^^^^^^^^^^^^^^^^^^^^^^^^^^^^^^^^^^^^^^^
https://www.tekniknet.se/xperia-z5/
^^^^^^^^^^^^^^^^^^^^^^^^^^^^^^^^^^^^^^^^^^^^^^^^^^
https://www.tekniknet.se/xperia-z5-compact/
^^^^^^^^^^^^^^^^^^^^^^^^^^^^^^^^^^^^^^^^^^^^^^^^^^
https://www.tekniknet.se/xperia-z5-premium/
^^^^^^^^^^^^^^^^^^^^^^^^^^^^^^^^^^^^^^^^^^^^^^^^^^
https://www.tekniknet.se/xperia-ovriga-modeller/
^^^^^^^^^^^^^^^^^^^^^^^^^^^^^^^^^^^^^^^^^^^^^^^^^^
https://www.tekniknet.se/tillbehor/honor-10/
^^^^^^^^^^^^^^^^^^^^^^^^^^^^^^^^^^^^^^^^^^^^^^^^^^
https://www.tekniknet.se/honor-10-lite/
^^^^^^^^^^^^^^^^^^^^^^^^^^^^^^^^^^^^^^^^^^^^^^^^^^
https://www.tekniknet.se/honor-20-1/
^^^^^^^^^^^^^^^^^^^^^^^^^^^^^^^^^^^^^^^^^^^^^^^^^^
https://www.tekniknet.se/honor-20-pro-1/
^^^^^^^^^^^^^^^^^^^^^^^^^^^^^^^^^^^^^^^^^^^^^^^^^^
https://www.tekniknet.se/honor-5x-1/
^^^^^^^^^^^^^^^^^^^^^^^^^^^^^^^^^^^^^^^^^^^^^^^^^^
https://www.tekniknet.se/honor-6-2/
^^^^^^^^^^^^^^^^^^^^^^^^^^^^^^^^^^^^^^^^^^^^^^^^^^
https://www.tekniknet.se/honor-7-lite-1/
^^^^^^^^^^^^^^^^^^^^^^^^^^^^^^^^^^^^^^^^^^^^^^^^^^
https://www.tekniknet.se/honor-8-1/
^^^^^^^^^^^^^^^^^^^^^^^^^^^^^^^^^^^^^^^^^^^^^^^^^^
https://www.tekniknet.se/honor-8-lite-1/
^^^^^^^^^^^^^^^^^^^^^^^^^^^^^^^^^^^^^^^^^^^^^^^^^^
https://www.tekniknet.se/honor-8-pro/
^^^^^^^^^^^^^^^^^^^^^^^^^^^^^^^^^^^^^^^^^^^^^^^^^^
https://www.tekniknet.se/honor-9/
^^^^^^^^^^^^^^^^^^^^^^^^^^^^^^^^^^^^^^^^^^^^^^^^^^
https://www.tekniknet.se/huawei-honor-view-20-
^^^^^^^^^^^^^^^^^^^^^^^^^^^^^^^^^^^^^^^^^^^^^^^^^^
https://www.tekniknet.se/tillbehor/huawei/huawei-mediapad-m5/
^^^^^^^^^^^^^^^^^^^^^^^^^^^^^^^^^^^^^^^^^^^^^^^^^^
https://www.tekniknet.se/tillbehor/huawei/mediapad-m3
^^^^^^^^^^^^^^^^^^^^^^^^^^^^^^^^^^^^^^^^^^^^^^^^^^
https://www.tekniknet.se/huawei-p-smart-z-1/
^^^^^^^^^^^^^^^^^^^^^^^^^^^^^^^^^^^^^^^^^^^^^^^^^^
https://www.tekniknet.se/huawei-p10-1/
^^^^^^^^^^^^^^^^^^^^^^^^^^^^^^^^^^^^^^^^^^^^^^^^^^
https://www.tekniknet.se/huawei-p10-lite-1/
^^^^^^^^^^^^^^^^^^^^^^^^^^^^^^^^^^^^^^^^^^^^^^^^^^
https://www.tekniknet.se/huawei-p10-plus-1/
^^^^^^^^^^^^^^^^^^^^^^^^^^^^^^^^^^^^^^^^^^^^^^^^^^
https://www.tekniknet.se/huawei-p20-tillbehor
^^^^^^^^^^^^^^^^^^^^^^^^^^^^^^^^^^^^^^^^^^^^^^^^^^
https://www.tekniknet.se/huawei-p20-lite-tillbehor
^^^^^^^^^^^^^^^^^^^^^^^^^^^^^^^^^^^^^^^^^^^^^^^^^^
https://www.tekniknet.se/huawei-p20-pro
^^^^^^^^^^^^^^^^^^^^^^^^^^^^^^^^^^^^^^^^^^^^^^^^^^
https://www.tekniknet.se/huawei-p30-1/
^^^^^^^^^^^^^^^^^^^^^^^^^^^^^^^^^^^^^^^^^^^^^^^^^^
https://www.tekniknet.se/huawei-p30-lite-1/
^^^^^^^^^^^^^^^^^^^^^^^^^^^^^^^^^^^^^^^^^^^^^^^^^^
https://www.tekniknet.se/huawei-p30-pro-1/
^^^^^^^^^^^^^^^^^^^^^^^^^^^^^^^^^^^^^^^^^^^^^^^^^^
https://www.tekniknet.se/huawei-p40-1/
^^^^^^^^^^^^^^^^^^^^^^^^^^^^^^^^^^^^^^^^^^^^^^^^^^
https://www.tekniknet.se/huawei-p40-lite-1/
^^^^^^^^^^^^^^^^^^^^^^^^^^^^^^^^^^^^^^^^^^^^^^^^^^
https://www.tekniknet.se/huawei-p40-pro-1/
^^^^^^^^^^^^^^^^^^^^^^^^^^^^^^^^^^^^^^^^^^^^^^^^^^
https://www.tekniknet.se/huawei-p8-lite-1/
^^^^^^^^^^^^^^^^^^^^^^^^^^^^^^^^^^^^^^^^^^^^^^^^^^
https://www.tekniknet.se/tillbehor/huawei/huawei-p8-lite-2017
^^^^^^^^^^^^^^^^^^^^^^^^^^^^^^^^^^^^^^^^^^^^^^^^^^
https://www.tekniknet.se/huawei-p9-3/
^^^^^^^^^^^^^^^^^^^^^^^^^^^^^^^^^^^^^^^^^^^^^^^^^^
https://www.tekniknet.se/huawei-p9-lite-1/
^^^^^^^^^^^^^^^^^^^^^^^^^^^^^^^^^^^^^^^^^^^^^^^^^^
https://www.tekniknet.se/huawei-p9-lite-mini/
^^^^^^^^^^^^^^^^^^^^^^^^^^^^^^^^^^^^^^^^^^^^^^^^^^
https://www.tekniknet.se/huawei-p9-plus-1/
^^^^^^^^^^^^^^^^^^^^^^^^^^^^^^^^^^^^^^^^^^^^^^^^^^
https://www.tekniknet.se/huawei-y6-2017/
^^^^^^^^^^^^^^^^^^^^^^^^^^^^^^^^^^^^^^^^^^^^^^^^^^
https://www.tekniknet.se/huawei-y6-2018/
^^^^^^^^^^^^^^^^^^^^^^^^^^^^^^^^^^^^^^^^^^^^^^^^^^
https://www.tekniknet.se/huawei-y6-2019-y6-pro-2019-/
^^^^^^^^^^^^^^^^^^^^^^^^^^^^^^^^^^^^^^^^^^^^^^^^^^
https://www.tekniknet.se/huawei-y6-ii-1/
^^^^^^^^^^^^^^^^^^^^^^^^^^^^^^^^^^^^^^^^^^^^^^^^^^
https://www.tekniknet.se/huawei-y6-ii-compact-1/
^^^^^^^^^^^^^^^^^^^^^^^^^^^^^^^^^^^^^^^^^^^^^^^^^^
https://www.tekniknet.se/huawei-y6-pro-1/
^^^^^^^^^^^^^^^^^^^^^^^^^^^^^^^^^^^^^^^^^^^^^^^^^^
https://www.tekniknet.se/mate-10-lite/
^^^^^^^^^^^^^^^^^^^^^^^^^^^^^^^^^^^^^^^^^^^^^^^^^^
https://www.tekniknet.se/mate-10-pro/
^^^^^^^^^^^^^^^^^^^^^^^^^^^^^^^^^^^^^^^^^^^^^^^^^^
https://www.tekniknet.se/mate-20-lite/
^^^^^^^^^^^^^^^^^^^^^^^^^^^^^^^^^^^^^^^^^^^^^^^^^^
https://www.tekniknet.se/mate-20-pro/
^^^^^^^^^^^^^^^^^^^^^^^^^^^^^^^^^^^^^^^^^^^^^^^^^^
https://www.tekniknet.se/mate-s-3/
^^^^^^^^^^^^^^^^^^^^^^^^^^^^^^^^^^^^^^^^^^^^^^^^^^
https://www.tekniknet.se/medi/
^^^^^^^^^^^^^^^^^^^^^^^^^^^^^^^^^^^^^^^^^^^^^^^^^^
https://www.tekniknet.se/huawei-mediapad-t5/
^^^^^^^^^^^^^^^^^^^^^^^^^^^^^^^^^^^^^^^^^^^^^^^^^^
https://www.tekniknet.se/nexus-6p-2/
^^^^^^^^^^^^^^^^^^^^^^^^^^^^^^^^^^^^^^^^^^^^^^^^^^
https://www.tekniknet.se/p-smart-/
^^^^^^^^^^^^^^^^^^^^^^^^^^^^^^^^^^^^^^^^^^^^^^^^^^
https://www.tekniknet.se/p-smart-2019/
^^^^^^^^^^^^^^^^^^^^^^^^^^^^^^^^^^^^^^^^^^^^^^^^^^
https://www.tekniknet.se/y5ii-1/
^^^^^^^^^^^^^^^^^^^^^^^^^^^^^^^^^^^^^^^^^^^^^^^^^^
https://www.tekniknet.se/tillbehor/htc/htc-u-ultra
^^^^^^^^^^^^^^^^^^^^^^^^^^^^^^^^^^^^^^^^^^^^^^^^^^
https://www.tekniknet.se/htc-u11-tillbehor/
^^^^^^^^^^^^^^^^^^^^^^^^^^^^^^^^^^^^^^^^^^^^^^^^^^
https://www.tekniknet.se/one-a9/
^^^^^^^^^^^^^^^^^^^^^^^^^^^^^^^^^^^^^^^^^^^^^^^^^^
https://www.tekniknet.se/one-m8/
^^^^^^^^^^^^^^^^^^^^^^^^^^^^^^^^^^^^^^^^^^^^^^^^^^
https://www.tekniknet.se/one-m9/
^^^^^^^^^^^^^^^^^^^^^^^^^^^^^^^^^^^^^^^^^^^^^^^^^^
https://www.tekniknet.se/oneplus-5/
^^^^^^^^^^^^^^^^^^^^^^^^^^^^^^^^^^^^^^^^^^^^^^^^^^
https://www.tekniknet.se/oneplus-5t-tillbehor/
^^^^^^^^^^^^^^^^^^^^^^^^^^^^^^^^^^^^^^^^^^^^^^^^^^
https://www.tekniknet.se/oneplus-6-tillbehor/
^^^^^^^^^^^^^^^^^^^^^^^^^^^^^^^^^^^^^^^^^^^^^^^^^^
https://www.tekniknet.se/oneplus-6t/
^^^^^^^^^^^^^^^^^^^^^^^^^^^^^^^^^^^^^^^^^^^^^^^^^^
https://www.tekniknet.se/oneplus-7/
^^^^^^^^^^^^^^^^^^^^^^^^^^^^^^^^^^^^^^^^^^^^^^^^^^
https://www.tekniknet.se/oneplus-7-pro/
^^^^^^^^^^^^^^^^^^^^^^^^^^^^^^^^^^^^^^^^^^^^^^^^^^
https://www.tekniknet.se/oneplus-7t/
^^^^^^^^^^^^^^^^^^^^^^^^^^^^^^^^^^^^^^^^^^^^^^^^^^
https://www.tekniknet.se/oneplus-7t-pro/
^^^^^^^^^^^^^^^^^^^^^^^^^^^^^^^^^^^^^^^^^^^^^^^^^^
https://www.tekniknet.se/g4/
^^^^^^^^^^^^^^^^^^^^^^^^^^^^^^^^^^^^^^^^^^^^^^^^^^
https://www.tekniknet.se/mobiltillbehor/lg/g5/
^^^^^^^^^^^^^^^^^^^^^^^^^^^^^^^^^^^^^^^^^^^^^^^^^^
https://www.tekniknet.se/tillbehor/lg/lg-g6
^^^^^^^^^^^^^^^^^^^^^^^^^^^^^^^^^^^^^^^^^^^^^^^^^^
https://www.tekniknet.se/tillbehor-lg-g7/
^^^^^^^^^^^^^^^^^^^^^^^^^^^^^^^^^^^^^^^^^^^^^^^^^^
https://www.tekniknet.se/lg-k8-2017-tillbehor/
^^^^^^^^^^^^^^^^^^^^^^^^^^^^^^^^^^^^^^^^^^^^^^^^^^
https://www.tekniknet.se/lg-v30-tillbehor/
^^^^^^^^^^^^^^^^^^^^^^^^^^^^^^^^^^^^^^^^^^^^^^^^^^
https://www.tekniknet.se/lg-ovriga-modeller/
^^^^^^^^^^^^^^^^^^^^^^^^^^^^^^^^^^^^^^^^^^^^^^^^^^
https://www.tekniknet.se/nexus-5x/
^^^^^^^^^^^^^^^^^^^^^^^^^^^^^^^^^^^^^^^^^^^^^^^^^^
https://www.tekniknet.se/nexus-6/
^^^^^^^^^^^^^^^^^^^^^^^^^^^^^^^^^^^^^^^^^^^^^^^^^^
https://www.tekniknet.se/tillbehor/motorola/moto-e5-plus/
^^^^^^^^^^^^^^^^^^^^^^^^^^^^^^^^^^^^^^^^^^^^^^^^^^
https://www.tekniknet.se/moto-e5/g6-play/
^^^^^^^^^^^^^^^^^^^^^^^^^^^^^^^^^^^^^^^^^^^^^^^^^^
https://www.tekniknet.se/moto-g5-1/
^^^^^^^^^^^^^^^^^^^^^^^^^^^^^^^^^^^^^^^^^^^^^^^^^^
https://www.tekniknet.se/moto-g5-plus-1/
^^^^^^^^^^^^^^^^^^^^^^^^^^^^^^^^^^^^^^^^^^^^^^^^^^
https://www.tekniknet.se/moto-g5s/
^^^^^^^^^^^^^^^^^^^^^^^^^^^^^^^^^^^^^^^^^^^^^^^^^^
https://www.tekniknet.se/moto-g5s-plus/
^^^^^^^^^^^^^^^^^^^^^^^^^^^^^^^^^^^^^^^^^^^^^^^^^^
https://www.tekniknet.se/skal-fodral-moto-g6/
^^^^^^^^^^^^^^^^^^^^^^^^^^^^^^^^^^^^^^^^^^^^^^^^^^
https://www.tekniknet.se/skal-fodral-moto-g6-plus/
^^^^^^^^^^^^^^^^^^^^^^^^^^^^^^^^^^^^^^^^^^^^^^^^^^
https://www.tekniknet.se/moto-g7-play-eu/
^^^^^^^^^^^^^^^^^^^^^^^^^^^^^^^^^^^^^^^^^^^^^^^^^^
https://www.tekniknet.se/moto-g7-power/
^^^^^^^^^^^^^^^^^^^^^^^^^^^^^^^^^^^^^^^^^^^^^^^^^^
https://www.tekniknet.se/tillbehor/motorola/moto-g7-g7-plus/
^^^^^^^^^^^^^^^^^^^^^^^^^^^^^^^^^^^^^^^^^^^^^^^^^^
https://www.tekniknet.se/moto-z-1/
^^^^^^^^^^^^^^^^^^^^^^^^^^^^^^^^^^^^^^^^^^^^^^^^^^
https://www.tekniknet.se/moto-z-play-1/
^^^^^^^^^^^^^^^^^^^^^^^^^^^^^^^^^^^^^^^^^^^^^^^^^^
https://www.tekniknet.se/moto-z2-force/
^^^^^^^^^^^^^^^^^^^^^^^^^^^^^^^^^^^^^^^^^^^^^^^^^^
https://www.tekniknet.se/moto-z2-play/
^^^^^^^^^^^^^^^^^^^^^^^^^^^^^^^^^^^^^^^^^^^^^^^^^^
https://www.tekniknet.se/motorola-one/
^^^^^^^^^^^^^^^^^^^^^^^^^^^^^^^^^^^^^^^^^^^^^^^^^^
https://www.tekniknet.se/motorola-one-vision/
^^^^^^^^^^^^^^^^^^^^^^^^^^^^^^^^^^^^^^^^^^^^^^^^^^
https://www.tekniknet.se/motorola-one-zoom/
^^^^^^^^^^^^^^^^^^^^^^^^^^^^^^^^^^^^^^^^^^^^^^^^^^
https://www.tekniknet.se/lenovo-tab-m10/
^^^^^^^^^^^^^^^^^^^^^^^^^^^^^^^^^^^^^^^^^^^^^^^^^^
https://www.tekniknet.se/tab-2-a10-30-1/
^^^^^^^^^^^^^^^^^^^^^^^^^^^^^^^^^^^^^^^^^^^^^^^^^^
https://www.tekniknet.se/tab-2-a10-70-1/
^^^^^^^^^^^^^^^^^^^^^^^^^^^^^^^^^^^^^^^^^^^^^^^^^^
https://www.tekniknet.se/tab-3-10-plus/
^^^^^^^^^^^^^^^^^^^^^^^^^^^^^^^^^^^^^^^^^^^^^^^^^^
https://www.tekniknet.se/tab-4-10/
^^^^^^^^^^^^^^^^^^^^^^^^^^^^^^^^^^^^^^^^^^^^^^^^^^
https://www.tekniknet.se/tab-4-10-plus/
^^^^^^^^^^^^^^^^^^^^^^^^^^^^^^^^^^^^^^^^^^^^^^^^^^
https://www.tekniknet.se/tab-4-8-/
^^^^^^^^^^^^^^^^^^^^^^^^^^^^^^^^^^^^^^^^^^^^^^^^^^
https://www.tekniknet.se/tab-4-8-plus/
^^^^^^^^^^^^^^^^^^^^^^^^^^^^^^^^^^^^^^^^^^^^^^^^^^
https://www.tekniknet.se/tab-7-essential/
^^^^^^^^^^^^^^^^^^^^^^^^^^^^^^^^^^^^^^^^^^^^^^^^^^
https://www.tekniknet.se/tab-8/
^^^^^^^^^^^^^^^^^^^^^^^^^^^^^^^^^^^^^^^^^^^^^^^^^^
https://www.tekniknet.se/tab-e10/
^^^^^^^^^^^^^^^^^^^^^^^^^^^^^^^^^^^^^^^^^^^^^^^^^^
https://www.tekniknet.se/nokia-3-1/
^^^^^^^^^^^^^^^^^^^^^^^^^^^^^^^^^^^^^^^^^^^^^^^^^^
https://www.tekniknet.se/nokia-5/
^^^^^^^^^^^^^^^^^^^^^^^^^^^^^^^^^^^^^^^^^^^^^^^^^^
https://www.tekniknet.se/nokia-6/
^^^^^^^^^^^^^^^^^^^^^^^^^^^^^^^^^^^^^^^^^^^^^^^^^^
https://www.tekniknet.se/nokia-7/
^^^^^^^^^^^^^^^^^^^^^^^^^^^^^^^^^^^^^^^^^^^^^^^^^^
https://www.tekniknet.se/nokia-7.2/
^^^^^^^^^^^^^^^^^^^^^^^^^^^^^^^^^^^^^^^^^^^^^^^^^^
https://www.tekniknet.se/nokia-8/
^^^^^^^^^^^^^^^^^^^^^^^^^^^^^^^^^^^^^^^^^^^^^^^^^^
https://www.tekniknet.se/mobiltillbehor/nokia/skal-fodral/
^^^^^^^^^^^^^^^^^^^^^^^^^^^^^^^^^^^^^^^^^^^^^^^^^^
https://www.tekniknet.se/mobiltillbehor/nokia/skarmskydd/
^^^^^^^^^^^^^^^^^^^^^^^^^^^^^^^^^^^^^^^^^^^^^^^^^^
https://www.tekniknet.se/mobiltillbehor/google-pixel-2/
^^^^^^^^^^^^^^^^^^^^^^^^^^^^^^^^^^^^^^^^^^^^^^^^^^
https://www.tekniknet.se/mobiltillbehor/google-pixel-2-xl/
^^^^^^^^^^^^^^^^^^^^^^^^^^^^^^^^^^^^^^^^^^^^^^^^^^
https://www.tekniknet.se/mobiltillbehor/google-pixel-3/
^^^^^^^^^^^^^^^^^^^^^^^^^^^^^^^^^^^^^^^^^^^^^^^^^^
https://www.tekniknet.se/pixel-4/
^^^^^^^^^^^^^^^^^^^^^^^^^^^^^^^^^^^^^^^^^^^^^^^^^^
https://www.tekniknet.se/xiaomi-mi-8/
^^^^^^^^^^^^^^^^^^^^^^^^^^^^^^^^^^^^^^^^^^^^^^^^^^
https://www.tekniknet.se/reservdelar/samsung/xiaomi-mi-9/
^^^^^^^^^^^^^^^^^^^^^^^^^^^^^^^^^^^^^^^^^^^^^^^^^^
https://www.tekniknet.se/xiaomi-mi-9t-mi-9t-pro/
^^^^^^^^^^^^^^^^^^^^^^^^^^^^^^^^^^^^^^^^^^^^^^^^^^
https://www.tekniknet.se/xiaomi-mi-a2/
^^^^^^^^^^^^^^^^^^^^^^^^^^^^^^^^^^^^^^^^^^^^^^^^^^
https://www.tekniknet.se/xiaomi-mi-a2-lite/
^^^^^^^^^^^^^^^^^^^^^^^^^^^^^^^^^^^^^^^^^^^^^^^^^^
https://www.tekniknet.se/xiaomi-mi-band-3-/
^^^^^^^^^^^^^^^^^^^^^^^^^^^^^^^^^^^^^^^^^^^^^^^^^^
https://www.tekniknet.se/xiaomi-mi-mix-3/
^^^^^^^^^^^^^^^^^^^^^^^^^^^^^^^^^^^^^^^^^^^^^^^^^^
https://www.tekniknet.se/xiaomi-mi-note-10/
^^^^^^^^^^^^^^^^^^^^^^^^^^^^^^^^^^^^^^^^^^^^^^^^^^
https://www.tekniknet.se/xiaomi-pocophone-f1/
^^^^^^^^^^^^^^^^^^^^^^^^^^^^^^^^^^^^^^^^^^^^^^^^^^
https://www.tekniknet.se/xiaomi-redmi-note-7/
^^^^^^^^^^^^^^^^^^^^^^^^^^^^^^^^^^^^^^^^^^^^^^^^^^
https://www.tekniknet.se/xiaomi-redmi-note-8-pro/
^^^^^^^^^^^^^^^^^^^^^^^^^^^^^^^^^^^^^^^^^^^^^^^^^^
https://www.tekniknet.se/surface-pro-6/
^^^^^^^^^^^^^^^^^^^^^^^^^^^^^^^^^^^^^^^^^^^^^^^^^^
https://www.tekniknet.se/biltillbehor
^^^^^^^^^^^^^^^^^^^^^^^^^^^^^^^^^^^^^^^^^^^^^^^^^^
https://www.tekniknet.se/popsockets/
^^^^^^^^^^^^^^^^^^^^^^^^^^^^^^^^^^^^^^^^^^^^^^^^^^
https://www.tekniknet.se/mobilstativ/
^^^^^^^^^^^^^^^^^^^^^^^^^^^^^^^^^^^^^^^^^^^^^^^^^^
https://www.tekniknet.se/selfiesticks
^^^^^^^^^^^^^^^^^^^^^^^^^^^^^^^^^^^^^^^^^^^^^^^^^^
https://www.tekniknet.se/sportarmband
^^^^^^^^^^^^^^^^^^^^^^^^^^^^^^^^^^^^^^^^^^^^^^^^^^
https://www.tekniknet.se/touchpennor
^^^^^^^^^^^^^^^^^^^^^^^^^^^^^^^^^^^^^^^^^^^^^^^^^^
https://www.tekniknet.se/VRGlasogon
^^^^^^^^^^^^^^^^^^^^^^^^^^^^^^^^^^^^^^^^^^^^^^^^^^
https://www.tekniknet.se/tillbehor/ovrigt
^^^^^^^^^^^^^^^^^^^^^^^^^^^^^^^^^^^^^^^^^^^^^^^^^^
https://www.tekniknet.se/holdit-tilbehor-samsung/
^^^^^^^^^^^^^^^^^^^^^^^^^^^^^^^^^^^^^^^^^^^^^^^^^^
https://www.tekniknet.se/holdit-tilbehor-iphone/
Message: no such element: Unable to locate element: {"method":"css selector","selector":".subLinks"}
  (Session info: chrome=80.0.3987.132)

Message: no such element: Unable to locate element: {"method":"css selector","selector":".subLinks"}
  (Session info: chrome=80.0.3987.132)

Message: no such element: Unable to locate element: {"method":"css selector","selector":".subLinks"}
  (Session info: chrome=80.0.3987.132)

Message: no such element: Unable to locate element: {"method":"css selector","selector":".subLinks"}
  (Session info: chrome=80.0.3987.132)

Message: no such element: Unable to locate element: {"method":"css selector","selector":".subLinks"}
  (Session info: chrome=80.0.3987.132)

Message: no such element: Unable to locate element: {"method":"css selector","selector":".subLinks"}
  (Session info: chrome=80.0.3987.132)

Message: no such element: Unable to locate element: {"method":"css selector","selector":".subLinks"}
  (Session info: chrome=80.0.3987.132)

Message: no such element: Unable to locate element: {"method":"css selector","selector":".subLinks"}
  (Session info: chrome=80.0.3987.132)

Message: no such element: Unable to locate element: {"method":"css selector","selector":".subLinks"}
  (Session info: chrome=80.0.3987.132)

Message: no such element: Unable to locate element: {"method":"css selector","selector":".subLinks"}
  (Session info: chrome=80.0.3987.132)

Message: no such element: Unable to locate element: {"method":"css selector","selector":".subLinks"}
  (Session info: chrome=80.0.3987.132)

Message: no such element: Unable to locate element: {"method":"css selector","selector":".subLinks"}
  (Session info: chrome=80.0.3987.132)

Message: no such element: Unable to locate element: {"method":"css selector","selector":".subLinks"}
  (Session info: chrome=80.0.3987.132)

Message: no such element: Unable to locate element: {"method":"css selector","selector":".subLinks"}
  (Session info: chrome=80.0.3987.132)

Message: no such element: Unable to locate element: {"method":"css selector","selector":".subLinks"}
  (Session info: chrome=80.0.3987.132)

Message: no such element: Unable to locate element: {"method":"css selector","selector":".subLinks"}
  (Session info: chrome=80.0.3987.132)

Message: no such element: Unable to locate element: {"method":"css selector","selector":".subLinks"}
  (Session info: chrome=80.0.3987.132)

Message: no such element: Unable to locate element: {"method":"css selector","selector":".subLinks"}
  (Session info: chrome=80.0.3987.132)

Message: no such element: Unable to locate element: {"method":"css selector","selector":".subLinks"}
  (Session info: chrome=80.0.3987.132)

Message: no such element: Unable to locate element: {"method":"css selector","selector":".subLinks"}
  (Session info: chrome=80.0.3987.132)

Message: no such element: Unable to locate element: {"method":"css selector","selector":".subLinks"}
  (Session info: chrome=80.0.3987.132)

Message: no such element: Unable to locate element: {"method":"css selector","selector":".subLinks"}
  (Session info: chrome=80.0.3987.132)

Message: no such element: Unable to locate element: {"method":"css selector","selector":".subLinks"}
  (Session info: chrome=80.0.3987.132)

Message: no such element: Unable to locate element: {"method":"css selector","selector":".subLinks"}
  (Session info: chrome=80.0.3987.132)

Message: no such element: Unable to locate element: {"method":"css selector","selector":".subLinks"}
  (Session info: chrome=80.0.3987.132)

Message: no such element: Unable to locate element: {"method":"css selector","selector":".subLinks"}
  (Session info: chrome=80.0.3987.132)

Message: no such element: Unable to locate element: {"method":"css selector","selector":".subLinks"}
  (Session info: chrome=80.0.3987.132)

Message: no such element: Unable to locate element: {"method":"css selector","selector":".subLinks"}
  (Session info: chrome=80.0.3987.132)

***********-----------      0      ******************************
&&&&&&&&&&&&&&&&&&&&&&&&&&&&&&&&&&&&&&&&&&&&&&&&&&&&&
https://www.tekniknet.se/iphone-xs-max-livstids
&&&&&&&&&&&&&&&&&&&&&&&&&&&&&&&&&&&&&&&&&&&&&&&&&&&&&
https://www.tekniknet.se/iphone-xs-max-skarm-original
&&&&&&&&&&&&&&&&&&&&&&&&&&&&&&&&&&&&&&&&&&&&&&&&&&&&&
https://www.tekniknet.se/sign-iphone-xs-max-batteri
&&&&&&&&&&&&&&&&&&&&&&&&&&&&&&&&&&&&&&&&&&&&&&&&&&&&&
https://www.tekniknet.se/iphone-xs-max-display
&&&&&&&&&&&&&&&&&&&&&&&&&&&&&&&&&&&&&&&&&&&&&&&&&&&&&
https://www.tekniknet.se/iphone-xs-max-mellanram-sjalvhaftande-tejp
&&&&&&&&&&&&&&&&&&&&&&&&&&&&&&&&&&&&&&&&&&&&&&&&&&&&&
https://www.tekniknet.se/glaslins-for-bakre-kamera-till-iphone-xs-/-xs-max-svart
&&&&&&&&&&&&&&&&&&&&&&&&&&&&&&&&&&&&&&&&&&&&&&&&&&&&&
https://www.tekniknet.se/iphone-xs-max-volym-flexkabel
&&&&&&&&&&&&&&&&&&&&&&&&&&&&&&&&&&&&&&&&&&&&&&&&&&&&&
https://www.tekniknet.se/iphone-xs-max-baksida-glas-svart
&&&&&&&&&&&&&&&&&&&&&&&&&&&&&&&&&&&&&&&&&&&&&&&&&&&&&
https://www.tekniknet.se/iphone-xs-max-sjalvhaftande-batteri-tejp
&&&&&&&&&&&&&&&&&&&&&&&&&&&&&&&&&&&&&&&&&&&&&&&&&&&&&
https://www.tekniknet.se/iphone-xs-max-skruvset-laddkontakt-guld
&&&&&&&&&&&&&&&&&&&&&&&&&&&&&&&&&&&&&&&&&&&&&&&&&&&&&
https://www.tekniknet.se/iphone-xs-max-skruvset-laddkontakt-gra
&&&&&&&&&&&&&&&&&&&&&&&&&&&&&&&&&&&&&&&&&&&&&&&&&&&&&
https://www.tekniknet.se/iphone-xs-max-kamera-bakre-1
&&&&&&&&&&&&&&&&&&&&&&&&&&&&&&&&&&&&&&&&&&&&&&&&&&&&&
https://www.tekniknet.se/product.php/400028023
&&&&&&&&&&&&&&&&&&&&&&&&&&&&&&&&&&&&&&&&&&&&&&&&&&&&&
https://www.tekniknet.se/iphone-xs-max-intern-hogtalare-med-flexkabel
&&&&&&&&&&&&&&&&&&&&&&&&&&&&&&&&&&&&&&&&&&&&&&&&&&&&&
https://www.tekniknet.se/baksida/batterilucka-till-iphone-xs-max-transparent
&&&&&&&&&&&&&&&&&&&&&&&&&&&&&&&&&&&&&&&&&&&&&&&&&&&&&
https://www.tekniknet.se/iphone-xs-max-hogtalare-intern
&&&&&&&&&&&&&&&&&&&&&&&&&&&&&&&&&&&&&&&&&&&&&&&&&&&&&
https://www.tekniknet.se/iphone-xs-max-baksida-glas-silver
&&&&&&&&&&&&&&&&&&&&&&&&&&&&&&&&&&&&&&&&&&&&&&&&&&&&&
https://www.tekniknet.se/iphone-xs-max-skarm-original-med-lcd-svart
&&&&&&&&&&&&&&&&&&&&&&&&&&&&&&&&&&&&&&&&&&&&&&&&&&&&&
https://www.tekniknet.se/iphone-xs-max-baksida-glas-guld
&&&&&&&&&&&&&&&&&&&&&&&&&&&&&&&&&&&&&&&&&&&&&&&&&&&&&
https://www.tekniknet.se/iphone-xs-max-simkortshallare-svart-1
&&&&&&&&&&&&&&&&&&&&&&&&&&&&&&&&&&&&&&&&&&&&&&&&&&&&&
https://www.tekniknet.se/product.php/400028006
&&&&&&&&&&&&&&&&&&&&&&&&&&&&&&&&&&&&&&&&&&&&&&&&&&&&&
https://www.tekniknet.se/iphone-xs-max-vibrator
&&&&&&&&&&&&&&&&&&&&&&&&&&&&&&&&&&&&&&&&&&&&&&&&&&&&&
https://www.tekniknet.se/product.php/400028008
&&&&&&&&&&&&&&&&&&&&&&&&&&&&&&&&&&&&&&&&&&&&&&&&&&&&&
https://www.tekniknet.se/glaslins-for-bakre-kamera-till-iphone-xs-/-xs-max-guld
&&&&&&&&&&&&&&&&&&&&&&&&&&&&&&&&&&&&&&&&&&&&&&&&&&&&&
https://www.tekniknet.se/iphone-xs-max-laddkontakt-svart
&&&&&&&&&&&&&&&&&&&&&&&&&&&&&&&&&&&&&&&&&&&&&&&&&&&&&
https://www.tekniknet.se/iphone-xs-/-xs-max-linsskydd-for-bakre-kamera-silver
&&&&&&&&&&&&&&&&&&&&&&&&&&&&&&&&&&&&&&&&&&&&&&&&&&&&&
https://www.tekniknet.se/iphone-xs-/-xs-max-linsskydd-for-bakre-kamera-guld
&&&&&&&&&&&&&&&&&&&&&&&&&&&&&&&&&&&&&&&&&&&&&&&&&&&&&
https://www.tekniknet.se/iphone-xs-max-fram-kamera
&&&&&&&&&&&&&&&&&&&&&&&&&&&&&&&&&&&&&&&&&&&&&&&&&&&&&
https://www.tekniknet.se/linsskydd-for-iphone-x/xs/xs-max
&&&&&&&&&&&&&&&&&&&&&&&&&&&&&&&&&&&&&&&&&&&&&&&&&&&&&
https://www.tekniknet.se/iphone-xs-/-xs-max-linsskydd-for-bakre-kamera-svart
&&&&&&&&&&&&&&&&&&&&&&&&&&&&&&&&&&&&&&&&&&&&&&&&&&&&&
https://www.tekniknet.se/iphone-xs-max-baksida-med-glas-svart
&&&&&&&&&&&&&&&&&&&&&&&&&&&&&&&&&&&&&&&&&&&&&&&&&&&&&
https://www.tekniknet.se/iphone-xs-max-baksida-med-glas-silver
&&&&&&&&&&&&&&&&&&&&&&&&&&&&&&&&&&&&&&&&&&&&&&&&&&&&&
https://www.tekniknet.se/glaslins-for-bakre-kamera-till-iphone-xs-/-xs-max
&&&&&&&&&&&&&&&&&&&&&&&&&&&&&&&&&&&&&&&&&&&&&&&&&&&&&
https://www.tekniknet.se/iphone-xs-max-laddningskontakt-och-flexkabel
&&&&&&&&&&&&&&&&&&&&&&&&&&&&&&&&&&&&&&&&&&&&&&&&&&&&&
https://www.tekniknet.se/product.php/400038450
&&&&&&&&&&&&&&&&&&&&&&&&&&&&&&&&&&&&&&&&&&&&&&&&&&&&&
https://www.tekniknet.se/iphone-xs-max-laddkontakt-gra
&&&&&&&&&&&&&&&&&&&&&&&&&&&&&&&&&&&&&&&&&&&&&&&&&&&&&
https://www.tekniknet.se/iphone-xs-max-simkortshallare-silver
&&&&&&&&&&&&&&&&&&&&&&&&&&&&&&&&&&&&&&&&&&&&&&&&&&&&&
https://www.tekniknet.se/iphone-xs-max-laddkontakt-guld
&&&&&&&&&&&&&&&&&&&&&&&&&&&&&&&&&&&&&&&&&&&&&&&&&&&&&
https://www.tekniknet.se/iphone-xs-max-hogtalare-1
&&&&&&&&&&&&&&&&&&&&&&&&&&&&&&&&&&&&&&&&&&&&&&&&&&&&&
https://www.tekniknet.se/spigen-ultra-hybrid-mobilskal-till-iphone-xs-max
&&&&&&&&&&&&&&&&&&&&&&&&&&&&&&&&&&&&&&&&&&&&&&&&&&&&&
https://www.tekniknet.se/iphone-xs-max-power-flexkabel
&&&&&&&&&&&&&&&&&&&&&&&&&&&&&&&&&&&&&&&&&&&&&&&&&&&&&
https://www.tekniknet.se/spigen-ultra-hybrid-mobilskal-till-iphone-xs-max-svart
&&&&&&&&&&&&&&&&&&&&&&&&&&&&&&&&&&&&&&&&&&&&&&&&&&&&&
https://www.tekniknet.se/iphone-xs-max-nfc-modul
&&&&&&&&&&&&&&&&&&&&&&&&&&&&&&&&&&&&&&&&&&&&&&&&&&&&&
https://www.tekniknet.se/spigen-ultra-hybrid-mobilskal-till-iphone-xs-max-rosa
&&&&&&&&&&&&&&&&&&&&&&&&&&&&&&&&&&&&&&&&&&&&&&&&&&&&&
https://www.tekniknet.se/iphone-xs-max-hogtalare-med-flexkabel
&&&&&&&&&&&&&&&&&&&&&&&&&&&&&&&&&&&&&&&&&&&&&&&&&&&&&
https://www.tekniknet.se/iphone-xs-max-komplett-baksida-i-glas-med-ram-guld
&&&&&&&&&&&&&&&&&&&&&&&&&&&&&&&&&&&&&&&&&&&&&&&&&&&&&
https://www.tekniknet.se/spigen-rugged-armor-mobilskal-till-iphone-xs-max-svart
&&&&&&&&&&&&&&&&&&&&&&&&&&&&&&&&&&&&&&&&&&&&&&&&&&&&&
https://www.tekniknet.se/iphone-xs-max-glaslins-svart
&&&&&&&&&&&&&&&&&&&&&&&&&&&&&&&&&&&&&&&&&&&&&&&&&&&&&
https://www.tekniknet.se/iphone-xs-max-bluetooth-flexkabel
&&&&&&&&&&&&&&&&&&&&&&&&&&&&&&&&&&&&&&&&&&&&&&&&&&&&&
https://www.tekniknet.se/mellanram-ersattningsdel-till-iphone-xs-max
&&&&&&&&&&&&&&&&&&&&&&&&&&&&&&&&&&&&&&&&&&&&&&&&&&&&&
https://www.tekniknet.se/iphone-xs-max-simkortshallare-svart
&&&&&&&&&&&&&&&&&&&&&&&&&&&&&&&&&&&&&&&&&&&&&&&&&&&&&
https://www.tekniknet.se/iphone-xs-max-xs-sidoknapp-set-volym-stromknapp-svart
&&&&&&&&&&&&&&&&&&&&&&&&&&&&&&&&&&&&&&&&&&&&&&&&&&&&&
https://www.tekniknet.se/flexkabel-till-hogtalare-och-vibration-for-iphone-xs-max
&&&&&&&&&&&&&&&&&&&&&&&&&&&&&&&&&&&&&&&&&&&&&&&&&&&&&
https://www.tekniknet.se/iphone-xs-max-simkortshallare-guld
&&&&&&&&&&&&&&&&&&&&&&&&&&&&&&&&&&&&&&&&&&&&&&&&&&&&&
https://www.tekniknet.se/product.php/400038446
***********-----------      1      ******************************
&&&&&&&&&&&&&&&&&&&&&&&&&&&&&&&&&&&&&&&&&&&&&&&&&&&&&
https://www.tekniknet.se/iphone-xs-livstids
&&&&&&&&&&&&&&&&&&&&&&&&&&&&&&&&&&&&&&&&&&&&&&&&&&&&&
https://www.tekniknet.se/iphone-xs-skarm-med-glas-svart
&&&&&&&&&&&&&&&&&&&&&&&&&&&&&&&&&&&&&&&&&&&&&&&&&&&&&
https://www.tekniknet.se/sign-iphone-xs-batteri
&&&&&&&&&&&&&&&&&&&&&&&&&&&&&&&&&&&&&&&&&&&&&&&&&&&&&
https://www.tekniknet.se/iphone-xs-display-original-lcd-assembled
&&&&&&&&&&&&&&&&&&&&&&&&&&&&&&&&&&&&&&&&&&&&&&&&&&&&&
https://www.tekniknet.se/glaslins-for-bakre-kamera-till-iphone-xs-/-xs-max-svart
&&&&&&&&&&&&&&&&&&&&&&&&&&&&&&&&&&&&&&&&&&&&&&&&&&&&&
https://www.tekniknet.se/product.php/400027999
&&&&&&&&&&&&&&&&&&&&&&&&&&&&&&&&&&&&&&&&&&&&&&&&&&&&&
https://www.tekniknet.se/iphone-xs-hogtalare-internmed-kabel
&&&&&&&&&&&&&&&&&&&&&&&&&&&&&&&&&&&&&&&&&&&&&&&&&&&&&
https://www.tekniknet.se/iphone-xs-baksida-glas-svart
&&&&&&&&&&&&&&&&&&&&&&&&&&&&&&&&&&&&&&&&&&&&&&&&&&&&&
https://www.tekniknet.se/iphone-xs-display-lcd-original-svart
&&&&&&&&&&&&&&&&&&&&&&&&&&&&&&&&&&&&&&&&&&&&&&&&&&&&&
https://www.tekniknet.se/iphone-xs-kamera-bakre
&&&&&&&&&&&&&&&&&&&&&&&&&&&&&&&&&&&&&&&&&&&&&&&&&&&&&
https://www.tekniknet.se/iphone-xs-oronhogtalare
&&&&&&&&&&&&&&&&&&&&&&&&&&&&&&&&&&&&&&&&&&&&&&&&&&&&&
https://www.tekniknet.se/iphone-xs-volym-flexkabel
&&&&&&&&&&&&&&&&&&&&&&&&&&&&&&&&&&&&&&&&&&&&&&&&&&&&&
https://www.tekniknet.se/iphone-xs-laddkontakt-flex
&&&&&&&&&&&&&&&&&&&&&&&&&&&&&&&&&&&&&&&&&&&&&&&&&&&&&
https://www.tekniknet.se/iphone-xs-baksida-glas-silver
&&&&&&&&&&&&&&&&&&&&&&&&&&&&&&&&&&&&&&&&&&&&&&&&&&&&&
https://www.tekniknet.se/iphone-xs-baksida-glas-guld
&&&&&&&&&&&&&&&&&&&&&&&&&&&&&&&&&&&&&&&&&&&&&&&&&&&&&
https://www.tekniknet.se/iphone-xs-kamera-framre
&&&&&&&&&&&&&&&&&&&&&&&&&&&&&&&&&&&&&&&&&&&&&&&&&&&&&
https://www.tekniknet.se/iphone-xs-simkortshallare-vit
&&&&&&&&&&&&&&&&&&&&&&&&&&&&&&&&&&&&&&&&&&&&&&&&&&&&&
https://www.tekniknet.se/product.php/400028006
&&&&&&&&&&&&&&&&&&&&&&&&&&&&&&&&&&&&&&&&&&&&&&&&&&&&&
https://www.tekniknet.se/iphone-xs-laddkontakt-svart
&&&&&&&&&&&&&&&&&&&&&&&&&&&&&&&&&&&&&&&&&&&&&&&&&&&&&
https://www.tekniknet.se/skarm-/-glas-till-iphone-xs
&&&&&&&&&&&&&&&&&&&&&&&&&&&&&&&&&&&&&&&&&&&&&&&&&&&&&
https://www.tekniknet.se/product.php/400028025
&&&&&&&&&&&&&&&&&&&&&&&&&&&&&&&&&&&&&&&&&&&&&&&&&&&&&
https://www.tekniknet.se/iphone-xs-max-hogtalare
&&&&&&&&&&&&&&&&&&&&&&&&&&&&&&&&&&&&&&&&&&&&&&&&&&&&&
https://www.tekniknet.se/iphone-xs-hogtalare-intern
&&&&&&&&&&&&&&&&&&&&&&&&&&&&&&&&&&&&&&&&&&&&&&&&&&&&&
https://www.tekniknet.se/iphone-xs-komplett-baksida-i-glas-med-ram-guld
&&&&&&&&&&&&&&&&&&&&&&&&&&&&&&&&&&&&&&&&&&&&&&&&&&&&&
https://www.tekniknet.se/iphone-xs-bluetooth-flexkabel
&&&&&&&&&&&&&&&&&&&&&&&&&&&&&&&&&&&&&&&&&&&&&&&&&&&&&
https://www.tekniknet.se/iphone-xs-/-xs-max-linsskydd-for-bakre-kamera-guld
&&&&&&&&&&&&&&&&&&&&&&&&&&&&&&&&&&&&&&&&&&&&&&&&&&&&&
https://www.tekniknet.se/iphone-xs-/-xs-max-linsskydd-for-bakre-kamera-svart
&&&&&&&&&&&&&&&&&&&&&&&&&&&&&&&&&&&&&&&&&&&&&&&&&&&&&
https://www.tekniknet.se/cmzwt-skydd-for-kameralins-till-iphone-x-vit
&&&&&&&&&&&&&&&&&&&&&&&&&&&&&&&&&&&&&&&&&&&&&&&&&&&&&
https://www.tekniknet.se/cmzwt-skydd-for-kameralins-till-iphone-x-gra
&&&&&&&&&&&&&&&&&&&&&&&&&&&&&&&&&&&&&&&&&&&&&&&&&&&&&
https://www.tekniknet.se/iphone-xs-nfc-modul
&&&&&&&&&&&&&&&&&&&&&&&&&&&&&&&&&&&&&&&&&&&&&&&&&&&&&
https://www.tekniknet.se/product.php/400028008
&&&&&&&&&&&&&&&&&&&&&&&&&&&&&&&&&&&&&&&&&&&&&&&&&&&&&
https://www.tekniknet.se/product.php/400028024
&&&&&&&&&&&&&&&&&&&&&&&&&&&&&&&&&&&&&&&&&&&&&&&&&&&&&
https://www.tekniknet.se/glaslins-for-bakre-kamera-till-iphone-xs-/-xs-max
&&&&&&&&&&&&&&&&&&&&&&&&&&&&&&&&&&&&&&&&&&&&&&&&&&&&&
https://www.tekniknet.se/glaslins-for-bakre-kamera-till-iphone-xs-/-xs-max-guld
&&&&&&&&&&&&&&&&&&&&&&&&&&&&&&&&&&&&&&&&&&&&&&&&&&&&&
https://www.tekniknet.se/linsskydd-for-iphone-x/xs/xs-max
&&&&&&&&&&&&&&&&&&&&&&&&&&&&&&&&&&&&&&&&&&&&&&&&&&&&&
https://www.tekniknet.se/iphone-xs-batteritejp
&&&&&&&&&&&&&&&&&&&&&&&&&&&&&&&&&&&&&&&&&&&&&&&&&&&&&
https://www.tekniknet.se/iphone-xs-simkortshallare-guld
&&&&&&&&&&&&&&&&&&&&&&&&&&&&&&&&&&&&&&&&&&&&&&&&&&&&&
https://www.tekniknet.se/iphone-xs-/-xs-max-linsskydd-for-bakre-kamera-silver
&&&&&&&&&&&&&&&&&&&&&&&&&&&&&&&&&&&&&&&&&&&&&&&&&&&&&
https://www.tekniknet.se/iphone-xs-hogtalare-med-flexkabel
&&&&&&&&&&&&&&&&&&&&&&&&&&&&&&&&&&&&&&&&&&&&&&&&&&&&&
https://www.tekniknet.se/iphone-xs-komplett-baksida-i-glas-med-ram-svart
&&&&&&&&&&&&&&&&&&&&&&&&&&&&&&&&&&&&&&&&&&&&&&&&&&&&&
https://www.tekniknet.se/iphone-xs-lcd-ram
&&&&&&&&&&&&&&&&&&&&&&&&&&&&&&&&&&&&&&&&&&&&&&&&&&&&&
https://www.tekniknet.se/iphone-xs-simkortshallare-svart-1
&&&&&&&&&&&&&&&&&&&&&&&&&&&&&&&&&&&&&&&&&&&&&&&&&&&&&
https://www.tekniknet.se/iphone-xs-vibrator
&&&&&&&&&&&&&&&&&&&&&&&&&&&&&&&&&&&&&&&&&&&&&&&&&&&&&
https://www.tekniknet.se/iphone-xs-max-xs-sidoknapp-set-volym-stromknapp-svart
&&&&&&&&&&&&&&&&&&&&&&&&&&&&&&&&&&&&&&&&&&&&&&&&&&&&&
https://www.tekniknet.se/iphone-xs-wifi-flexkabel
&&&&&&&&&&&&&&&&&&&&&&&&&&&&&&&&&&&&&&&&&&&&&&&&&&&&&
https://www.tekniknet.se/iphone-xs-laddkontakt-guld
&&&&&&&&&&&&&&&&&&&&&&&&&&&&&&&&&&&&&&&&&&&&&&&&&&&&&
https://www.tekniknet.se/iphone-xs-komplett-skruvset-silver
&&&&&&&&&&&&&&&&&&&&&&&&&&&&&&&&&&&&&&&&&&&&&&&&&&&&&
https://www.tekniknet.se/baksida/batterilucka-till-iphone-xs-transparent
&&&&&&&&&&&&&&&&&&&&&&&&&&&&&&&&&&&&&&&&&&&&&&&&&&&&&
https://www.tekniknet.se/iphone-xs-laddkontakt-gra
&&&&&&&&&&&&&&&&&&&&&&&&&&&&&&&&&&&&&&&&&&&&&&&&&&&&&
https://www.tekniknet.se/product.php/400038451
&&&&&&&&&&&&&&&&&&&&&&&&&&&&&&&&&&&&&&&&&&&&&&&&&&&&&
https://www.tekniknet.se/product.php/400028026
&&&&&&&&&&&&&&&&&&&&&&&&&&&&&&&&&&&&&&&&&&&&&&&&&&&&&
https://www.tekniknet.se/iphone-xs-wi-fi-kabel
&&&&&&&&&&&&&&&&&&&&&&&&&&&&&&&&&&&&&&&&&&&&&&&&&&&&&
https://www.tekniknet.se/iphone-xs-simkortshallare-svart
&&&&&&&&&&&&&&&&&&&&&&&&&&&&&&&&&&&&&&&&&&&&&&&&&&&&&
https://www.tekniknet.se/iphone-xs-komplett-baksida-i-glas-med-ram-silver
***********-----------      2      ******************************
&&&&&&&&&&&&&&&&&&&&&&&&&&&&&&&&&&&&&&&&&&&&&&&&&&&&&
https://www.tekniknet.se/iphone-xr-display-original-svart
&&&&&&&&&&&&&&&&&&&&&&&&&&&&&&&&&&&&&&&&&&&&&&&&&&&&&
https://www.tekniknet.se/iphone-xr-livstid
&&&&&&&&&&&&&&&&&&&&&&&&&&&&&&&&&&&&&&&&&&&&&&&&&&&&&
https://www.tekniknet.se/1-st-iphone-xr-vattentat-lcd-tejp
&&&&&&&&&&&&&&&&&&&&&&&&&&&&&&&&&&&&&&&&&&&&&&&&&&&&&
https://www.tekniknet.se/iphone-xr-display-black-aaa-quality
&&&&&&&&&&&&&&&&&&&&&&&&&&&&&&&&&&&&&&&&&&&&&&&&&&&&&
https://www.tekniknet.se/kameralins-till-iphone-xr-svart
&&&&&&&&&&&&&&&&&&&&&&&&&&&&&&&&&&&&&&&&&&&&&&&&&&&&&
https://www.tekniknet.se/sign-iphone-xr-batteri
&&&&&&&&&&&&&&&&&&&&&&&&&&&&&&&&&&&&&&&&&&&&&&&&&&&&&
https://www.tekniknet.se/iphone-xr-bakre-kamera
&&&&&&&&&&&&&&&&&&&&&&&&&&&&&&&&&&&&&&&&&&&&&&&&&&&&&
https://www.tekniknet.se/iphone-xr-laddkontakt-mikrofon-flex-svart
&&&&&&&&&&&&&&&&&&&&&&&&&&&&&&&&&&&&&&&&&&&&&&&&&&&&&
https://www.tekniknet.se/iphone-xr-internal-speaker-kit
&&&&&&&&&&&&&&&&&&&&&&&&&&&&&&&&&&&&&&&&&&&&&&&&&&&&&
https://www.tekniknet.se/iphone-xr-komplett-baksida-i-glas-med-ram-korall
&&&&&&&&&&&&&&&&&&&&&&&&&&&&&&&&&&&&&&&&&&&&&&&&&&&&&
https://www.tekniknet.se/iphone-xr-fram-kamera
&&&&&&&&&&&&&&&&&&&&&&&&&&&&&&&&&&&&&&&&&&&&&&&&&&&&&
https://www.tekniknet.se/iphone-xr-komplett-baksida-i-glas-med-ram-vit
&&&&&&&&&&&&&&&&&&&&&&&&&&&&&&&&&&&&&&&&&&&&&&&&&&&&&
https://www.tekniknet.se/iphone-xr-sjalvhaftande-batteri-tejp
&&&&&&&&&&&&&&&&&&&&&&&&&&&&&&&&&&&&&&&&&&&&&&&&&&&&&
https://www.tekniknet.se/iphone-xr-baksida-glas-gul
&&&&&&&&&&&&&&&&&&&&&&&&&&&&&&&&&&&&&&&&&&&&&&&&&&&&&
https://www.tekniknet.se/kameralins-till-iphone-xr-coral
&&&&&&&&&&&&&&&&&&&&&&&&&&&&&&&&&&&&&&&&&&&&&&&&&&&&&
https://www.tekniknet.se/iphone-xr-dammskydd-mesh-for-hogtalare
&&&&&&&&&&&&&&&&&&&&&&&&&&&&&&&&&&&&&&&&&&&&&&&&&&&&&
https://www.tekniknet.se/iphone-xr-flexkabel-for-volymknapp-stromknapp-flash
&&&&&&&&&&&&&&&&&&&&&&&&&&&&&&&&&&&&&&&&&&&&&&&&&&&&&
https://www.tekniknet.se/iphone-xr-flexkabel-hogtalare-och-vibration
&&&&&&&&&&&&&&&&&&&&&&&&&&&&&&&&&&&&&&&&&&&&&&&&&&&&&
https://www.tekniknet.se/iphone-xr-komplett-baksida-i-glas-med-ram-svart
&&&&&&&&&&&&&&&&&&&&&&&&&&&&&&&&&&&&&&&&&&&&&&&&&&&&&
https://www.tekniknet.se/iphone-xr-komplett-baksida-i-glas-med-ram-bla
&&&&&&&&&&&&&&&&&&&&&&&&&&&&&&&&&&&&&&&&&&&&&&&&&&&&&
https://www.tekniknet.se/iphone-xr-laddkontakt-med-antenn
&&&&&&&&&&&&&&&&&&&&&&&&&&&&&&&&&&&&&&&&&&&&&&&&&&&&&
https://www.tekniknet.se/iphone-xr-baksida-glas-svart
&&&&&&&&&&&&&&&&&&&&&&&&&&&&&&&&&&&&&&&&&&&&&&&&&&&&&
https://www.tekniknet.se/iphone-xr-baksida-glas-vit
&&&&&&&&&&&&&&&&&&&&&&&&&&&&&&&&&&&&&&&&&&&&&&&&&&&&&
https://www.tekniknet.se/iphone-xr-sidoknapp-set-volym-stromknapp-mute-svart
&&&&&&&&&&&&&&&&&&&&&&&&&&&&&&&&&&&&&&&&&&&&&&&&&&&&&
https://www.tekniknet.se/iphone-xr-kameralins-vit
&&&&&&&&&&&&&&&&&&&&&&&&&&&&&&&&&&&&&&&&&&&&&&&&&&&&&
https://www.tekniknet.se/iphone-xr-kameralins-rod
&&&&&&&&&&&&&&&&&&&&&&&&&&&&&&&&&&&&&&&&&&&&&&&&&&&&&
https://www.tekniknet.se/iphone-xr-baksida-glas-rod
&&&&&&&&&&&&&&&&&&&&&&&&&&&&&&&&&&&&&&&&&&&&&&&&&&&&&
https://www.tekniknet.se/iphone-xr-kameralins-bla
&&&&&&&&&&&&&&&&&&&&&&&&&&&&&&&&&&&&&&&&&&&&&&&&&&&&&
https://www.tekniknet.se/kameralins-till-iphone-xr-gul
&&&&&&&&&&&&&&&&&&&&&&&&&&&&&&&&&&&&&&&&&&&&&&&&&&&&&
https://www.tekniknet.se/iphone-xr-laddkontakt-med-flex-mikrofon-rod
&&&&&&&&&&&&&&&&&&&&&&&&&&&&&&&&&&&&&&&&&&&&&&&&&&&&&
https://www.tekniknet.se/iphone-xr-wi-fi-flexkabel
&&&&&&&&&&&&&&&&&&&&&&&&&&&&&&&&&&&&&&&&&&&&&&&&&&&&&
https://www.tekniknet.se/iphone-xr-komplett-baksida-i-glas-med-ram-rod
&&&&&&&&&&&&&&&&&&&&&&&&&&&&&&&&&&&&&&&&&&&&&&&&&&&&&
https://www.tekniknet.se/iphone-xr-reservdelsset-24-interna-delar
&&&&&&&&&&&&&&&&&&&&&&&&&&&&&&&&&&&&&&&&&&&&&&&&&&&&&
https://www.tekniknet.se/iphone-xr-simkortshallare-svart
&&&&&&&&&&&&&&&&&&&&&&&&&&&&&&&&&&&&&&&&&&&&&&&&&&&&&
https://www.tekniknet.se/iphone-xr-vibrationsmotor
&&&&&&&&&&&&&&&&&&&&&&&&&&&&&&&&&&&&&&&&&&&&&&&&&&&&&
https://www.tekniknet.se/iphone-xr-simkortshallare-silver
&&&&&&&&&&&&&&&&&&&&&&&&&&&&&&&&&&&&&&&&&&&&&&&&&&&&&
https://www.tekniknet.se/iphone-xr-laddkontakt-mikrofon-vit
&&&&&&&&&&&&&&&&&&&&&&&&&&&&&&&&&&&&&&&&&&&&&&&&&&&&&
https://www.tekniknet.se/iphone-xr-dual-simkortslasare
&&&&&&&&&&&&&&&&&&&&&&&&&&&&&&&&&&&&&&&&&&&&&&&&&&&&&
https://www.tekniknet.se/iphone-xr-simkortshallare-bla
&&&&&&&&&&&&&&&&&&&&&&&&&&&&&&&&&&&&&&&&&&&&&&&&&&&&&
https://www.tekniknet.se/iphone-xr-simkortshallare-rod
&&&&&&&&&&&&&&&&&&&&&&&&&&&&&&&&&&&&&&&&&&&&&&&&&&&&&
https://www.tekniknet.se/iphone-xr-simkortshallare-guld
&&&&&&&&&&&&&&&&&&&&&&&&&&&&&&&&&&&&&&&&&&&&&&&&&&&&&
https://www.tekniknet.se/iphone-xr-mellanram-stottande-svart
&&&&&&&&&&&&&&&&&&&&&&&&&&&&&&&&&&&&&&&&&&&&&&&&&&&&&
https://www.tekniknet.se/iphone-xr-simkortshallare-coral
&&&&&&&&&&&&&&&&&&&&&&&&&&&&&&&&&&&&&&&&&&&&&&&&&&&&&
https://www.tekniknet.se/iphone-xr-baksida-glas-bla
&&&&&&&&&&&&&&&&&&&&&&&&&&&&&&&&&&&&&&&&&&&&&&&&&&&&&
https://www.tekniknet.se/iphone-xr-sidoknapp-set-volym-stromknapp-mute-vit
&&&&&&&&&&&&&&&&&&&&&&&&&&&&&&&&&&&&&&&&&&&&&&&&&&&&&
https://www.tekniknet.se/iphone-xr-baksida-glas-rosa
&&&&&&&&&&&&&&&&&&&&&&&&&&&&&&&&&&&&&&&&&&&&&&&&&&&&&
https://www.tekniknet.se/iphone-xr-sidoknapp-set-volym-stromknapp-mute-rod
&&&&&&&&&&&&&&&&&&&&&&&&&&&&&&&&&&&&&&&&&&&&&&&&&&&&&
https://www.tekniknet.se/iphone-xr-sidoknapp-set-volym-stromknapp-mute-coral
&&&&&&&&&&&&&&&&&&&&&&&&&&&&&&&&&&&&&&&&&&&&&&&&&&&&&
https://www.tekniknet.se/iphone-xr-sidoknapp-set-volym-stromknapp-mute-gul
&&&&&&&&&&&&&&&&&&&&&&&&&&&&&&&&&&&&&&&&&&&&&&&&&&&&&
https://www.tekniknet.se/iphone-xr-sidoknapp-set-volym-stromknapp-mute-bla
&&&&&&&&&&&&&&&&&&&&&&&&&&&&&&&&&&&&&&&&&&&&&&&&&&&&&
https://www.tekniknet.se/iphone-xr-hogtalare
&&&&&&&&&&&&&&&&&&&&&&&&&&&&&&&&&&&&&&&&&&&&&&&&&&&&&
https://www.tekniknet.se/iphone-xr-komplett-skruvset-silver
&&&&&&&&&&&&&&&&&&&&&&&&&&&&&&&&&&&&&&&&&&&&&&&&&&&&&
https://www.tekniknet.se/iphone-xr-komplett-baksida-i-glas-med-ram-gul
&&&&&&&&&&&&&&&&&&&&&&&&&&&&&&&&&&&&&&&&&&&&&&&&&&&&&
https://www.tekniknet.se/iphone-xr-dammskydd-mesh-for-samtalshogtalare
***********-----------      3      ******************************
&&&&&&&&&&&&&&&&&&&&&&&&&&&&&&&&&&&&&&&&&&&&&&&&&&&&&
https://www.tekniknet.se/iphone-x-livstidsgaranti
&&&&&&&&&&&&&&&&&&&&&&&&&&&&&&&&&&&&&&&&&&&&&&&&&&&&&
https://www.tekniknet.se/iphone-x-skarm-med-glas-och-display-svart
&&&&&&&&&&&&&&&&&&&&&&&&&&&&&&&&&&&&&&&&&&&&&&&&&&&&&
https://www.tekniknet.se/iphone-x-skarm-lcd-display-original
&&&&&&&&&&&&&&&&&&&&&&&&&&&&&&&&&&&&&&&&&&&&&&&&&&&&&
https://www.tekniknet.se/iphone-x-batteri
&&&&&&&&&&&&&&&&&&&&&&&&&&&&&&&&&&&&&&&&&&&&&&&&&&&&&
https://www.tekniknet.se/iphone-x-vattentat-lcd-tejp
&&&&&&&&&&&&&&&&&&&&&&&&&&&&&&&&&&&&&&&&&&&&&&&&&&&&&
https://www.tekniknet.se/iphone-x-samtalshogtalare-1
&&&&&&&&&&&&&&&&&&&&&&&&&&&&&&&&&&&&&&&&&&&&&&&&&&&&&
https://www.tekniknet.se/iphone-x-lcd-display-original
&&&&&&&&&&&&&&&&&&&&&&&&&&&&&&&&&&&&&&&&&&&&&&&&&&&&&
https://www.tekniknet.se/iphone-x-laddkontakt-mikrofon
&&&&&&&&&&&&&&&&&&&&&&&&&&&&&&&&&&&&&&&&&&&&&&&&&&&&&
https://www.tekniknet.se/iphone-x-batterilucka-/-baksida-svart
&&&&&&&&&&&&&&&&&&&&&&&&&&&&&&&&&&&&&&&&&&&&&&&&&&&&&
https://www.tekniknet.se/iphone-x-kamera
&&&&&&&&&&&&&&&&&&&&&&&&&&&&&&&&&&&&&&&&&&&&&&&&&&&&&
https://www.tekniknet.se/ipartsbuy-for-iphone-x-front-camera-infrared-camera
&&&&&&&&&&&&&&&&&&&&&&&&&&&&&&&&&&&&&&&&&&&&&&&&&&&&&
https://www.tekniknet.se/iphone-x-batteritejp
&&&&&&&&&&&&&&&&&&&&&&&&&&&&&&&&&&&&&&&&&&&&&&&&&&&&&
https://www.tekniknet.se/iphone-x-wifi-antenn-1
&&&&&&&&&&&&&&&&&&&&&&&&&&&&&&&&&&&&&&&&&&&&&&&&&&&&&
https://www.tekniknet.se/iphone-x-simkortshallare-gra
&&&&&&&&&&&&&&&&&&&&&&&&&&&&&&&&&&&&&&&&&&&&&&&&&&&&&
https://www.tekniknet.se/iphone-x-simkortshallare-silver
&&&&&&&&&&&&&&&&&&&&&&&&&&&&&&&&&&&&&&&&&&&&&&&&&&&&&
https://www.tekniknet.se/iphone-x-bluetooth-flex
&&&&&&&&&&&&&&&&&&&&&&&&&&&&&&&&&&&&&&&&&&&&&&&&&&&&&
https://www.tekniknet.se/iphone-x-internal-speaker-with-sensor-flex
&&&&&&&&&&&&&&&&&&&&&&&&&&&&&&&&&&&&&&&&&&&&&&&&&&&&&
https://www.tekniknet.se/iphone-x-komplett-skruvset-med-bottenskruvar-svart
&&&&&&&&&&&&&&&&&&&&&&&&&&&&&&&&&&&&&&&&&&&&&&&&&&&&&
https://www.tekniknet.se/iphone-x-batterilucka-/-baksida-vit
&&&&&&&&&&&&&&&&&&&&&&&&&&&&&&&&&&&&&&&&&&&&&&&&&&&&&
https://www.tekniknet.se/iphone-8/8-plus-x-laddnings-ic-chip-sn2501
&&&&&&&&&&&&&&&&&&&&&&&&&&&&&&&&&&&&&&&&&&&&&&&&&&&&&
https://www.tekniknet.se/iphone-x-komplett-batterilucka-/-baksida-ram-svart
&&&&&&&&&&&&&&&&&&&&&&&&&&&&&&&&&&&&&&&&&&&&&&&&&&&&&
https://www.tekniknet.se/iphone-x-bottenskruvar-vit
&&&&&&&&&&&&&&&&&&&&&&&&&&&&&&&&&&&&&&&&&&&&&&&&&&&&&
https://www.tekniknet.se/iphone-x-sensorflex
&&&&&&&&&&&&&&&&&&&&&&&&&&&&&&&&&&&&&&&&&&&&&&&&&&&&&
https://www.tekniknet.se/iphone-x-komplett-skruvset-med-bottenskruvar-vit
&&&&&&&&&&&&&&&&&&&&&&&&&&&&&&&&&&&&&&&&&&&&&&&&&&&&&
https://www.tekniknet.se/iphone-x-kameralins-silver
&&&&&&&&&&&&&&&&&&&&&&&&&&&&&&&&&&&&&&&&&&&&&&&&&&&&&
https://www.tekniknet.se/iphone-x-vibrator
&&&&&&&&&&&&&&&&&&&&&&&&&&&&&&&&&&&&&&&&&&&&&&&&&&&&&
https://www.tekniknet.se/iphone-8/8-plus/x-ic-chip-for-ljud-stora
&&&&&&&&&&&&&&&&&&&&&&&&&&&&&&&&&&&&&&&&&&&&&&&&&&&&&
https://www.tekniknet.se/iphone-x-framkamera
&&&&&&&&&&&&&&&&&&&&&&&&&&&&&&&&&&&&&&&&&&&&&&&&&&&&&
https://www.tekniknet.se/iphone-x-baksideglas-transparent
&&&&&&&&&&&&&&&&&&&&&&&&&&&&&&&&&&&&&&&&&&&&&&&&&&&&&
https://www.tekniknet.se/iphone-x-nfc-antenn
&&&&&&&&&&&&&&&&&&&&&&&&&&&&&&&&&&&&&&&&&&&&&&&&&&&&&
https://www.tekniknet.se/iphone-x-tejp-for-batterilucka/baksida
&&&&&&&&&&&&&&&&&&&&&&&&&&&&&&&&&&&&&&&&&&&&&&&&&&&&&
https://www.tekniknet.se/iphone-x-komplett-batterilucka-/-baksida-ram-vit
&&&&&&&&&&&&&&&&&&&&&&&&&&&&&&&&&&&&&&&&&&&&&&&&&&&&&
https://www.tekniknet.se/iphone-x-hogtalare-och-vibration-flexkabel
&&&&&&&&&&&&&&&&&&&&&&&&&&&&&&&&&&&&&&&&&&&&&&&&&&&&&
https://www.tekniknet.se/iphone-x-bottenskruvar-svart
&&&&&&&&&&&&&&&&&&&&&&&&&&&&&&&&&&&&&&&&&&&&&&&&&&&&&
https://www.tekniknet.se/iphone-x-lasknapp-flash-mikrofon-flex
&&&&&&&&&&&&&&&&&&&&&&&&&&&&&&&&&&&&&&&&&&&&&&&&&&&&&
https://www.tekniknet.se/iphone-x-volymknapp-flexkabel
&&&&&&&&&&&&&&&&&&&&&&&&&&&&&&&&&&&&&&&&&&&&&&&&&&&&&
https://www.tekniknet.se/iphone-x-kameralins-svart
&&&&&&&&&&&&&&&&&&&&&&&&&&&&&&&&&&&&&&&&&&&&&&&&&&&&&
https://www.tekniknet.se/cmzwt-skydd-for-kameralins-till-iphone-x-vit
&&&&&&&&&&&&&&&&&&&&&&&&&&&&&&&&&&&&&&&&&&&&&&&&&&&&&
https://www.tekniknet.se/cmzwt-skydd-for-kameralins-till-iphone-x-gra
&&&&&&&&&&&&&&&&&&&&&&&&&&&&&&&&&&&&&&&&&&&&&&&&&&&&&
https://www.tekniknet.se/iphone-x-simkortshallare-sidoknappar-svart
&&&&&&&&&&&&&&&&&&&&&&&&&&&&&&&&&&&&&&&&&&&&&&&&&&&&&
https://www.tekniknet.se/iphone-xs-batteritejp
&&&&&&&&&&&&&&&&&&&&&&&&&&&&&&&&&&&&&&&&&&&&&&&&&&&&&
https://www.tekniknet.se/magnetisk-skruvmatta-till-iphone-x
&&&&&&&&&&&&&&&&&&&&&&&&&&&&&&&&&&&&&&&&&&&&&&&&&&&&&
https://www.tekniknet.se/linsskydd-for-iphone-x/xs/xs-max
&&&&&&&&&&&&&&&&&&&&&&&&&&&&&&&&&&&&&&&&&&&&&&&&&&&&&
https://www.tekniknet.se/iphone-x-glas
&&&&&&&&&&&&&&&&&&&&&&&&&&&&&&&&&&&&&&&&&&&&&&&&&&&&&
https://www.tekniknet.se/iphone-x-reservdelsset-21-interna-delar
&&&&&&&&&&&&&&&&&&&&&&&&&&&&&&&&&&&&&&&&&&&&&&&&&&&&&
https://www.tekniknet.se/iphone-x-laddkontakt-kabel
&&&&&&&&&&&&&&&&&&&&&&&&&&&&&&&&&&&&&&&&&&&&&&&&&&&&&
https://www.tekniknet.se/iphone-x-samtalshogtalare
&&&&&&&&&&&&&&&&&&&&&&&&&&&&&&&&&&&&&&&&&&&&&&&&&&&&&
https://www.tekniknet.se/iphone-x-lcd-touch-testflex
&&&&&&&&&&&&&&&&&&&&&&&&&&&&&&&&&&&&&&&&&&&&&&&&&&&&&
https://www.tekniknet.se/iphone-x-wifi-antenn
&&&&&&&&&&&&&&&&&&&&&&&&&&&&&&&&&&&&&&&&&&&&&&&&&&&&&
https://www.tekniknet.se/iphone-x-ram-for-lcd-skarm
&&&&&&&&&&&&&&&&&&&&&&&&&&&&&&&&&&&&&&&&&&&&&&&&&&&&&
https://www.tekniknet.se/iphone-x-laddkontakt-mikrofon-vit
&&&&&&&&&&&&&&&&&&&&&&&&&&&&&&&&&&&&&&&&&&&&&&&&&&&&&
https://www.tekniknet.se/iphone-x-mesh-for-samtalshogtalare
&&&&&&&&&&&&&&&&&&&&&&&&&&&&&&&&&&&&&&&&&&&&&&&&&&&&&
https://www.tekniknet.se/iphone-x-metallskydd-for-framkamera
&&&&&&&&&&&&&&&&&&&&&&&&&&&&&&&&&&&&&&&&&&&&&&&&&&&&&
https://www.tekniknet.se/iphone-8/8-plus/x-ic-chip-for-ljud
&&&&&&&&&&&&&&&&&&&&&&&&&&&&&&&&&&&&&&&&&&&&&&&&&&&&&
https://www.tekniknet.se/iphone-x-glas-ram-och-hallare-for-lcd
&&&&&&&&&&&&&&&&&&&&&&&&&&&&&&&&&&&&&&&&&&&&&&&&&&&&&
https://www.tekniknet.se/iphone-x-simkortshallare-sidoknappar-silver
&&&&&&&&&&&&&&&&&&&&&&&&&&&&&&&&&&&&&&&&&&&&&&&&&&&&&
https://www.tekniknet.se/iphone-x-kamera-sensor-ram
&&&&&&&&&&&&&&&&&&&&&&&&&&&&&&&&&&&&&&&&&&&&&&&&&&&&&
https://www.tekniknet.se/iphone-x-varmefilter-till-lcd
&&&&&&&&&&&&&&&&&&&&&&&&&&&&&&&&&&&&&&&&&&&&&&&&&&&&&
https://www.tekniknet.se/iphone-x-kontaktfaste-till-lcd
***********-----------      4      ******************************
&&&&&&&&&&&&&&&&&&&&&&&&&&&&&&&&&&&&&&&&&&&&&&&&&&&&&
https://www.tekniknet.se/iphone-8-skarm-med-display-samt-glas-vit
&&&&&&&&&&&&&&&&&&&&&&&&&&&&&&&&&&&&&&&&&&&&&&&&&&&&&
https://www.tekniknet.se/iphone-8-skarm-med-glas-och-display-vit
&&&&&&&&&&&&&&&&&&&&&&&&&&&&&&&&&&&&&&&&&&&&&&&&&&&&&
https://www.tekniknet.se/iphone-8-batteri
&&&&&&&&&&&&&&&&&&&&&&&&&&&&&&&&&&&&&&&&&&&&&&&&&&&&&
https://www.tekniknet.se/iphone-8-adhesiv-tejp-for-lcd
&&&&&&&&&&&&&&&&&&&&&&&&&&&&&&&&&&&&&&&&&&&&&&&&&&&&&
https://www.tekniknet.se/iphone-8-skarm-med-lcd-display-livstidsgaranti-svart
&&&&&&&&&&&&&&&&&&&&&&&&&&&&&&&&&&&&&&&&&&&&&&&&&&&&&
https://www.tekniknet.se/iphone-8-frontkamera-med-flex
&&&&&&&&&&&&&&&&&&&&&&&&&&&&&&&&&&&&&&&&&&&&&&&&&&&&&
https://www.tekniknet.se/iphone-8-glas-med-original-lcd-display-vit
&&&&&&&&&&&&&&&&&&&&&&&&&&&&&&&&&&&&&&&&&&&&&&&&&&&&&
https://www.tekniknet.se/iphone-8-skarm-med-lcd-display-livstidsgaranti-vit
&&&&&&&&&&&&&&&&&&&&&&&&&&&&&&&&&&&&&&&&&&&&&&&&&&&&&
https://www.tekniknet.se/iphone-8-glas-med-original-lcd-display-svart
&&&&&&&&&&&&&&&&&&&&&&&&&&&&&&&&&&&&&&&&&&&&&&&&&&&&&
https://www.tekniknet.se/iphone-7-8-och-iphone-7-8-plus-hemknapp-svart
&&&&&&&&&&&&&&&&&&&&&&&&&&&&&&&&&&&&&&&&&&&&&&&&&&&&&
https://www.tekniknet.se/iphone-8-laddkontakt-svart
&&&&&&&&&&&&&&&&&&&&&&&&&&&&&&&&&&&&&&&&&&&&&&&&&&&&&
https://www.tekniknet.se/iphone-8-lcd-display-original-taken-from-new-phoneblack
&&&&&&&&&&&&&&&&&&&&&&&&&&&&&&&&&&&&&&&&&&&&&&&&&&&&&
https://www.tekniknet.se/iphone-8-hogkapacitetsbatteri-1950mah
&&&&&&&&&&&&&&&&&&&&&&&&&&&&&&&&&&&&&&&&&&&&&&&&&&&&&
https://www.tekniknet.se/iphone-7-7-plus-8-8-plus-hemknapp-med-flex-guld
&&&&&&&&&&&&&&&&&&&&&&&&&&&&&&&&&&&&&&&&&&&&&&&&&&&&&
https://www.tekniknet.se/iphone-7-8-och-iphone-7-8-plus-hemknapp-vit
&&&&&&&&&&&&&&&&&&&&&&&&&&&&&&&&&&&&&&&&&&&&&&&&&&&&&
https://www.tekniknet.se/iphone-7-samtalshogtalare-oronhogtalare
&&&&&&&&&&&&&&&&&&&&&&&&&&&&&&&&&&&&&&&&&&&&&&&&&&&&&
https://www.tekniknet.se/iphone-7-8-och-iphone-7-8-plus-hemknapp-rosa
&&&&&&&&&&&&&&&&&&&&&&&&&&&&&&&&&&&&&&&&&&&&&&&&&&&&&
https://www.tekniknet.se/iphone-8-battery-adhesive
&&&&&&&&&&&&&&&&&&&&&&&&&&&&&&&&&&&&&&&&&&&&&&&&&&&&&
https://www.tekniknet.se/iphone-8-laddkontakt-guld
&&&&&&&&&&&&&&&&&&&&&&&&&&&&&&&&&&&&&&&&&&&&&&&&&&&&&
https://www.tekniknet.se/iphone-8-komplett-batterilucka-/-baksida-ram-svart
&&&&&&&&&&&&&&&&&&&&&&&&&&&&&&&&&&&&&&&&&&&&&&&&&&&&&
https://www.tekniknet.se/iphone-8-volym-lasknapp-med-flash
&&&&&&&&&&&&&&&&&&&&&&&&&&&&&&&&&&&&&&&&&&&&&&&&&&&&&
https://www.tekniknet.se/iphone-7/8-skydd-for-kameralins-bakre
&&&&&&&&&&&&&&&&&&&&&&&&&&&&&&&&&&&&&&&&&&&&&&&&&&&&&
https://www.tekniknet.se/iphone-8-bakkamera
&&&&&&&&&&&&&&&&&&&&&&&&&&&&&&&&&&&&&&&&&&&&&&&&&&&&&
https://www.tekniknet.se/iphone-8-simkortshallare-gra
&&&&&&&&&&&&&&&&&&&&&&&&&&&&&&&&&&&&&&&&&&&&&&&&&&&&&
https://www.tekniknet.se/iphone-8-batterilucka-/-baksida-guld
&&&&&&&&&&&&&&&&&&&&&&&&&&&&&&&&&&&&&&&&&&&&&&&&&&&&&
https://www.tekniknet.se/iphone-8-baksida-ram-silver
&&&&&&&&&&&&&&&&&&&&&&&&&&&&&&&&&&&&&&&&&&&&&&&&&&&&&
https://www.tekniknet.se/iphone-8-batteritejp
&&&&&&&&&&&&&&&&&&&&&&&&&&&&&&&&&&&&&&&&&&&&&&&&&&&&&
https://www.tekniknet.se/iphone-8-batterilucka-/-baksida-svart
&&&&&&&&&&&&&&&&&&&&&&&&&&&&&&&&&&&&&&&&&&&&&&&&&&&&&
https://www.tekniknet.se/iphone-8-lcd-display-original-taken-from-new-phone
&&&&&&&&&&&&&&&&&&&&&&&&&&&&&&&&&&&&&&&&&&&&&&&&&&&&&
https://www.tekniknet.se/iphone-8-laddkontakt-silver
&&&&&&&&&&&&&&&&&&&&&&&&&&&&&&&&&&&&&&&&&&&&&&&&&&&&&
https://www.tekniknet.se/iphone-8-baksida-ram-guld
&&&&&&&&&&&&&&&&&&&&&&&&&&&&&&&&&&&&&&&&&&&&&&&&&&&&&
https://www.tekniknet.se/iphone-8/8-plus-usb/u2-ic-krets-1612a1
&&&&&&&&&&&&&&&&&&&&&&&&&&&&&&&&&&&&&&&&&&&&&&&&&&&&&
https://www.tekniknet.se/iphone-8-front-kamera
&&&&&&&&&&&&&&&&&&&&&&&&&&&&&&&&&&&&&&&&&&&&&&&&&&&&&
https://www.tekniknet.se/iphone-8-batterilucka-/-baksida-silver
&&&&&&&&&&&&&&&&&&&&&&&&&&&&&&&&&&&&&&&&&&&&&&&&&&&&&
https://www.tekniknet.se/iphone-8-musikhogtalare
&&&&&&&&&&&&&&&&&&&&&&&&&&&&&&&&&&&&&&&&&&&&&&&&&&&&&
https://www.tekniknet.se/iphone-8-tejp-for-baksida
&&&&&&&&&&&&&&&&&&&&&&&&&&&&&&&&&&&&&&&&&&&&&&&&&&&&&
https://www.tekniknet.se/stativ-for-skarmbyte-universal
&&&&&&&&&&&&&&&&&&&&&&&&&&&&&&&&&&&&&&&&&&&&&&&&&&&&&
https://www.tekniknet.se/iphone-8/8-plus-x-laddnings-ic-chip-sn2501
&&&&&&&&&&&&&&&&&&&&&&&&&&&&&&&&&&&&&&&&&&&&&&&&&&&&&
https://www.tekniknet.se/iphone-8-mesh-for-hogtalare-mikrofon
&&&&&&&&&&&&&&&&&&&&&&&&&&&&&&&&&&&&&&&&&&&&&&&&&&&&&
https://www.tekniknet.se/iphone-8-kameralins-for-bakkamera
&&&&&&&&&&&&&&&&&&&&&&&&&&&&&&&&&&&&&&&&&&&&&&&&&&&&&
https://www.tekniknet.se/iphone-8-vibrator
&&&&&&&&&&&&&&&&&&&&&&&&&&&&&&&&&&&&&&&&&&&&&&&&&&&&&
https://www.tekniknet.se/sign-komplett-kit-for-batteribyte-iphone-8
&&&&&&&&&&&&&&&&&&&&&&&&&&&&&&&&&&&&&&&&&&&&&&&&&&&&&
https://www.tekniknet.se/iphone-8-plus-hemknapp-med-flex-guld
&&&&&&&&&&&&&&&&&&&&&&&&&&&&&&&&&&&&&&&&&&&&&&&&&&&&&
https://www.tekniknet.se/iphone-8-kameralins-rosguld
&&&&&&&&&&&&&&&&&&&&&&&&&&&&&&&&&&&&&&&&&&&&&&&&&&&&&
https://www.tekniknet.se/iphone-8/8-plus-tejp-for-ljussensor
&&&&&&&&&&&&&&&&&&&&&&&&&&&&&&&&&&&&&&&&&&&&&&&&&&&&&
https://www.tekniknet.se/iphone-8/8-plus-bottenskruvar-2-pcssvart
&&&&&&&&&&&&&&&&&&&&&&&&&&&&&&&&&&&&&&&&&&&&&&&&&&&&&
https://www.tekniknet.se/iphone-8/8-plus/x-ic-chip-for-ljud-stora
&&&&&&&&&&&&&&&&&&&&&&&&&&&&&&&&&&&&&&&&&&&&&&&&&&&&&
https://www.tekniknet.se/iphone-8-faste-for-framkamera
&&&&&&&&&&&&&&&&&&&&&&&&&&&&&&&&&&&&&&&&&&&&&&&&&&&&&
https://www.tekniknet.se/iphone-8-nfc-tradlos-laddningsmodul
&&&&&&&&&&&&&&&&&&&&&&&&&&&&&&&&&&&&&&&&&&&&&&&&&&&&&
https://www.tekniknet.se/iphone-8-metallhallare-for-hemknapp
&&&&&&&&&&&&&&&&&&&&&&&&&&&&&&&&&&&&&&&&&&&&&&&&&&&&&
https://www.tekniknet.se/iphone-8-lcd-skyddsplatta
&&&&&&&&&&&&&&&&&&&&&&&&&&&&&&&&&&&&&&&&&&&&&&&&&&&&&
https://www.tekniknet.se/iphone-8-hogtalare-och-vibration-flexkabel
&&&&&&&&&&&&&&&&&&&&&&&&&&&&&&&&&&&&&&&&&&&&&&&&&&&&&
https://www.tekniknet.se/iphone-8-simkortshallare-silver
&&&&&&&&&&&&&&&&&&&&&&&&&&&&&&&&&&&&&&&&&&&&&&&&&&&&&
https://www.tekniknet.se/iphone-8-kameralins-silver
&&&&&&&&&&&&&&&&&&&&&&&&&&&&&&&&&&&&&&&&&&&&&&&&&&&&&
https://www.tekniknet.se/iphone-8-kameralins-gra
&&&&&&&&&&&&&&&&&&&&&&&&&&&&&&&&&&&&&&&&&&&&&&&&&&&&&
https://www.tekniknet.se/iphone-8-simkortshallare-guld
&&&&&&&&&&&&&&&&&&&&&&&&&&&&&&&&&&&&&&&&&&&&&&&&&&&&&
https://www.tekniknet.se/iphone-8-lcd-skruvar
&&&&&&&&&&&&&&&&&&&&&&&&&&&&&&&&&&&&&&&&&&&&&&&&&&&&&
https://www.tekniknet.se/iphone-8-wifi-signalkontakt
&&&&&&&&&&&&&&&&&&&&&&&&&&&&&&&&&&&&&&&&&&&&&&&&&&&&&
https://www.tekniknet.se/iphone-8-magnetisk-skruvmatta-1
&&&&&&&&&&&&&&&&&&&&&&&&&&&&&&&&&&&&&&&&&&&&&&&&&&&&&
https://www.tekniknet.se/iphone-8-bluetooth-signalkontakt
&&&&&&&&&&&&&&&&&&&&&&&&&&&&&&&&&&&&&&&&&&&&&&&&&&&&&
https://www.tekniknet.se/iphone-8-glas
&&&&&&&&&&&&&&&&&&&&&&&&&&&&&&&&&&&&&&&&&&&&&&&&&&&&&
https://www.tekniknet.se/iphone-8-reservdelsset-21-interna-delar
&&&&&&&&&&&&&&&&&&&&&&&&&&&&&&&&&&&&&&&&&&&&&&&&&&&&&
https://www.tekniknet.se/iphone-8-antenn-for-laddningskontakt
&&&&&&&&&&&&&&&&&&&&&&&&&&&&&&&&&&&&&&&&&&&&&&&&&&&&&
https://www.tekniknet.se/iphone-8-komplett-skruvset-rosguld
&&&&&&&&&&&&&&&&&&&&&&&&&&&&&&&&&&&&&&&&&&&&&&&&&&&&&
https://www.tekniknet.se/bakgrundsbelysning-till-iphone-8-lcd
&&&&&&&&&&&&&&&&&&&&&&&&&&&&&&&&&&&&&&&&&&&&&&&&&&&&&
https://www.tekniknet.se/iphone-8-komplett-skruvset-svart
&&&&&&&&&&&&&&&&&&&&&&&&&&&&&&&&&&&&&&&&&&&&&&&&&&&&&
https://www.tekniknet.se/iphone-8/8-plus-hemknapp-med-flex-svart
&&&&&&&&&&&&&&&&&&&&&&&&&&&&&&&&&&&&&&&&&&&&&&&&&&&&&
https://www.tekniknet.se/iphone-8-komplett-skruvset-guld
&&&&&&&&&&&&&&&&&&&&&&&&&&&&&&&&&&&&&&&&&&&&&&&&&&&&&
https://www.tekniknet.se/iphone-8-skydd-for-samtalshogtalare-mesh
&&&&&&&&&&&&&&&&&&&&&&&&&&&&&&&&&&&&&&&&&&&&&&&&&&&&&
https://www.tekniknet.se/iphone-8-simkortshallare-sidoknappar-silver
&&&&&&&&&&&&&&&&&&&&&&&&&&&&&&&&&&&&&&&&&&&&&&&&&&&&&
https://www.tekniknet.se/iphone-8-lcd-testflex
&&&&&&&&&&&&&&&&&&&&&&&&&&&&&&&&&&&&&&&&&&&&&&&&&&&&&
https://www.tekniknet.se/iphone-8-metallhallare-for-samtalshogtalare
&&&&&&&&&&&&&&&&&&&&&&&&&&&&&&&&&&&&&&&&&&&&&&&&&&&&&
https://www.tekniknet.se/lcd-ram-for-iphone-8-svart
&&&&&&&&&&&&&&&&&&&&&&&&&&&&&&&&&&&&&&&&&&&&&&&&&&&&&
https://www.tekniknet.se/lcd-ram-for-iphone-8-vit
&&&&&&&&&&&&&&&&&&&&&&&&&&&&&&&&&&&&&&&&&&&&&&&&&&&&&
https://www.tekniknet.se/iphone-8/8-plus/x-ic-chip-for-ljud
&&&&&&&&&&&&&&&&&&&&&&&&&&&&&&&&&&&&&&&&&&&&&&&&&&&&&
https://www.tekniknet.se/glaslines-till-iphone-8-svart
&&&&&&&&&&&&&&&&&&&&&&&&&&&&&&&&&&&&&&&&&&&&&&&&&&&&&
https://www.tekniknet.se/iphone-8/8-plus-hemknapp-med-flex-silver
&&&&&&&&&&&&&&&&&&&&&&&&&&&&&&&&&&&&&&&&&&&&&&&&&&&&&
https://www.tekniknet.se/glas-till-iphone-8-vit
&&&&&&&&&&&&&&&&&&&&&&&&&&&&&&&&&&&&&&&&&&&&&&&&&&&&&
https://www.tekniknet.se/iphone-8-simkortshallare-sidoknappar-gra
&&&&&&&&&&&&&&&&&&&&&&&&&&&&&&&&&&&&&&&&&&&&&&&&&&&&&
https://www.tekniknet.se/iphone-8-varmefilter-till-lcd
&&&&&&&&&&&&&&&&&&&&&&&&&&&&&&&&&&&&&&&&&&&&&&&&&&&&&
https://www.tekniknet.se/iphone-8-simkortshallare-sidoknappar-rosguld
&&&&&&&&&&&&&&&&&&&&&&&&&&&&&&&&&&&&&&&&&&&&&&&&&&&&&
https://www.tekniknet.se/iphone-8-ram-for-lcd-vit
&&&&&&&&&&&&&&&&&&&&&&&&&&&&&&&&&&&&&&&&&&&&&&&&&&&&&
https://www.tekniknet.se/iphone-8-ram-for-lcd-8-svart
--------------------      0      ******************************
--------------------      1      ******************************
--------------------      2      ******************************
--------------------      3      ******************************
--------------------      4      ******************************
**********************      0      ******************************
list index out of range
error4
**********************      1      ******************************
list index out of range
error4
**********************      2      ******************************
list index out of range
error4
**********************      3      ******************************
list index out of range
error4
**********************      4      ******************************
list index out of range
error4
Crawled 2 pages (at 2 pages/min), scraped 0 items (at 0 items/min)
Closing spider (finished)
Dumping Scrapy stats:
{'downloader/request_bytes': 1550,
 'downloader/request_count': 6,
 'downloader/request_method_count/GET': 6,
 'downloader/response_bytes': 15003,
 'downloader/response_count': 6,
 'downloader/response_status_count/200': 2,
 'downloader/response_status_count/301': 2,
 'downloader/response_status_count/302': 2,
 'elapsed_time_seconds': 554.141187,
 'finish_reason': 'finished',
 'finish_time': datetime.datetime(2020, 3, 16, 14, 41, 56, 921262),
 'log_count/DEBUG': 23,
 'log_count/INFO': 1531,
 'response_received_count': 2,
 'robotstxt/request_count': 1,
 'robotstxt/response_count': 1,
 'robotstxt/response_status_count/200': 1,
 'scheduler/dequeued': 3,
 'scheduler/dequeued/memory': 3,
 'scheduler/enqueued': 3,
 'scheduler/enqueued/memory': 3,
 'start_time': datetime.datetime(2020, 3, 16, 14, 32, 42, 780075)}
Spider closed (finished)
