Start
60**********0***********
**********https://webshop.brightstar-2020.se/mobiltelefoner-1/android***********
60**********1***********
**********https://webshop.brightstar-2020.se/mobiltelefoner-1/iphone***********
60**********2***********
**********https://webshop.brightstar-2020.se/mobiltelefoner-1/knapptelefoner***********
60**********3***********
**********https://webshop.brightstar-2020.se/mobiltillbehor-1/others-2***********
60**********4***********
**********https://webshop.brightstar-2020.se/mobiltillbehor-1/sleeves-bags-6***********
60**********5***********
**********https://webshop.brightstar-2020.se/mobiltillbehor-1/horlurar-headset***********
60**********6***********
**********https://webshop.brightstar-2020.se/mobiltillbehor-1/hogtalare-2***********
60**********7***********
**********https://webshop.brightstar-2020.se/mobiltillbehor-1/skaermskydd-21***********
60**********8***********
**********https://webshop.brightstar-2020.se/mobiltillbehor-1/skydd-fodral***********
60**********9***********
**********https://webshop.brightstar-2020.se/mobiltillbehor-1/plaanbocker-vaeskor***********
60**********10***********
**********https://webshop.brightstar-2020.se/mobiltillbehor-1/wearables-1***********
60**********11***********
**********https://webshop.brightstar-2020.se/mobiltillbehor-1/laddare-batterier***********
60**********12***********
**********https://webshop.brightstar-2020.se/mobiltillbehor-1/haallare-biltillbehor-20***********
60**********13***********
**********https://webshop.brightstar-2020.se/mobiltillbehor-1/data-docking***********
60**********14***********
**********https://webshop.brightstar-2020.se/mobiltillbehor-1/gadgets***********
60**********15***********
**********https://webshop.brightstar-2020.se/surfplattor/android-2***********
60**********16***********
**********https://webshop.brightstar-2020.se/surfplattor/ios***********
60**********17***********
**********https://webshop.brightstar-2020.se/surfplattor/mellan-8-till-8-9-tum***********
60**********18***********
**********https://webshop.brightstar-2020.se/surfplattor/storre-aen-10-tum***********
60**********19***********
**********https://webshop.brightstar-2020.se/tillbehor-surfplattor/cables-adapters***********
60**********20***********
**********https://webshop.brightstar-2020.se/tillbehor-surfplattor/charging-1***********
60**********21***********
**********https://webshop.brightstar-2020.se/tillbehor-surfplattor/vaeskor-fodral***********
60**********22***********
**********https://webshop.brightstar-2020.se/tillbehor-surfplattor/skaermskydd-20***********
60**********23***********
**********https://webshop.brightstar-2020.se/tillbehor-surfplattor/tangentbord-1***********
60**********24***********
**********https://webshop.brightstar-2020.se/tillbehor-surfplattor/ovrigt-31***********
60**********25***********
**********https://webshop.brightstar-2020.se/smart-home/main-hubs***********
60**********26***********
**********https://webshop.brightstar-2020.se/smart-home/power***********
60**********27***********
**********https://webshop.brightstar-2020.se/smart-home/appliances***********
60**********28***********
**********https://webshop.brightstar-2020.se/smart-home/security-sensors***********
60**********29***********
**********https://webshop.brightstar-2020.se/smart-home/accessories-3***********
60**********30***********
**********https://webshop.brightstar-2020.se/datorer-tillbehor/cables***********
60**********31***********
**********https://webshop.brightstar-2020.se/datorer-tillbehor/fodral-vaeskor***********
60**********32***********
**********https://webshop.brightstar-2020.se/fast-telefoni-1/traadlosa-telefoner***********
60**********33***********
**********https://webshop.brightstar-2020.se/fast-telefoni-1/telefoner-4***********
60**********34***********
**********https://webshop.brightstar-2020.se/fast-telefoni-1/sip-telefoner***********
60**********35***********
**********https://webshop.brightstar-2020.se/fast-telefoni-1/tillbehor-7***********
60**********36***********
**********https://webshop.brightstar-2020.se/konferenstelefoner-3/conference-video-1***********
60**********37***********
**********https://webshop.brightstar-2020.se/konferenstelefoner-3/konferenstelefoner-2***********
60**********38***********
**********https://webshop.brightstar-2020.se/konferenstelefoner-3/konferenstillbehor***********
60**********39***********
**********https://webshop.brightstar-2020.se/professionella-headset/traadat-1***********
60**********40***********
**********https://webshop.brightstar-2020.se/professionella-headset/traadlosa-3***********
60**********41***********
**********https://webshop.brightstar-2020.se/professionella-headset/usb-med-sladd***********
60**********42***********
**********https://webshop.brightstar-2020.se/professionella-headset/tillbehor-6***********
60**********43***********
**********https://webshop.brightstar-2020.se/professionella-headset/hogtalartelefon***********
60**********44***********
**********https://webshop.brightstar-2020.se/minneskort-lagring/usb-sticka***********
60**********45***********
**********https://webshop.brightstar-2020.se/minneskort-lagring/minneskort-14***********
60**********46***********
**********https://webshop.brightstar-2020.se/minneskort-lagring/tillbehor-8***********
60**********47***********
**********https://webshop.brightstar-2020.se/mobilt-bredband/usb-modem***********
60**********48***********
**********https://webshop.brightstar-2020.se/mobilt-bredband/routrar-1***********
60**********49***********
**********https://webshop.brightstar-2020.se/mobilt-bredband/antenner***********
60**********50***********
**********https://webshop.brightstar-2020.se/mobilt-bredband/ovrigt-28***********
60**********51***********
**********https://webshop.brightstar-2020.se/naetverk/modem-gateway***********
60**********52***********
**********https://webshop.brightstar-2020.se/naetverk/switchtar***********
60**********53***********
**********https://webshop.brightstar-2020.se/konsumentelektronik/audio-video***********
60**********54***********
**********https://webshop.brightstar-2020.se/konsumentelektronik/bevakning-styrning***********
60**********55***********
**********https://webshop.brightstar-2020.se/konsumentelektronik/multimedia-1***********
60**********56***********
**********https://webshop.brightstar-2020.se/konsumentelektronik/radio-kommunikation-1***********
60**********57***********
**********https://webshop.brightstar-2020.se/mervaerdestjaenster/sales-kit-bundling***********
60**********58***********
**********https://webshop.brightstar-2020.se/mervaerdestjaenster/haardvarukonfiguration***********
60**********59***********
**********https://webshop.brightstar-2020.se/mervaerdestjaenster/3pl-tredjepartslogistik***********
3967**********0***********
**********https://webshop.brightstar-2020.se/huawei-p40-lite-4g-1***********
description non-exist
3967**********1***********
**********https://webshop.brightstar-2020.se/huawei-p40-lite-4g***********
3967**********2***********
**********https://webshop.brightstar-2020.se/huawei-p40-lite-4g-2***********
3967**********3***********
**********https://webshop.brightstar-2020.se/huawei-p40-pro-5g-2***********
description non-exist
3967**********4***********
**********https://webshop.brightstar-2020.se/huawei-p40-pro-5g-1***********
description non-exist
3967**********5***********
**********https://webshop.brightstar-2020.se/huawei-p40-pro-5g***********
description non-exist
3967**********6***********
**********https://webshop.brightstar-2020.se/asus-rog-phone-ii-8-128gb-1***********
description non-exist
3967**********7***********
**********https://webshop.brightstar-2020.se/samsung-galaxy-s20-4g-1***********
3967**********8***********
**********https://webshop.brightstar-2020.se/samsung-galaxy-s20-4g-2***********
3967**********9***********
**********https://webshop.brightstar-2020.se/samsung-galaxy-s20-5g-12-128g***********
3967**********10***********
**********https://webshop.brightstar-2020.se/samsung-galaxy-s20-5g-5***********
3967**********11***********
**********https://webshop.brightstar-2020.se/samsung-galaxy-s20-5g-1***********
3967**********12***********
**********https://webshop.brightstar-2020.se/samsung-galaxy-s20-5g-3***********
3967**********13***********
**********https://webshop.brightstar-2020.se/samsung-galaxy-s20-5g***********
3967**********14***********
**********https://webshop.brightstar-2020.se/samsung-galaxy-s20-5g-2***********
3967**********15***********
**********https://webshop.brightstar-2020.se/samsung-galaxy-s20-5g-4***********
3967**********16***********
**********https://webshop.brightstar-2020.se/samsung-galaxy-s20-4g***********
3967**********17***********
**********https://webshop.brightstar-2020.se/samsung-galaxy-s20-1***********
3967**********18***********
**********https://webshop.brightstar-2020.se/samsung-galaxy-s20***********
3967**********19***********
**********https://webshop.brightstar-2020.se/huawei-y6s-orchid-blue***********
3967**********20***********
**********https://webshop.brightstar-2020.se/huawei-y6s-starry-black***********
3967**********21***********
**********https://webshop.brightstar-2020.se/motorola-g8-power-4-64gb-1***********
3967**********22***********
**********https://webshop.brightstar-2020.se/samsung-sm-g973-galaxy-s10-7***********
3967**********23***********
**********https://webshop.brightstar-2020.se/motorola-g8-power-4-64gb***********
3967**********24***********
**********https://webshop.brightstar-2020.se/samsung-galaxy-note10-lite***********
3967**********25***********
**********https://webshop.brightstar-2020.se/samsung-galaxy-s10-lite***********
3967**********26***********
**********https://webshop.brightstar-2020.se/samsung-sm-a515-galaxy-a51-2***********
3967**********27***********
**********https://webshop.brightstar-2020.se/samsung-sm-a515-galaxy-a51-1***********
3967**********28***********
**********https://webshop.brightstar-2020.se/samsung-sm-a715-galaxy-a71-1***********
3967**********29***********
**********https://webshop.brightstar-2020.se/samsung-galaxy-note-10-lite***********
3967**********30***********
**********https://webshop.brightstar-2020.se/samsung-sm-a715-galaxy-a71***********
3967**********31***********
**********https://webshop.brightstar-2020.se/samsung-sm-a715-galaxy-a71-2***********
3967**********32***********
**********https://webshop.brightstar-2020.se/samsung-galaxy-note-10-lite-1***********
3967**********33***********
**********https://webshop.brightstar-2020.se/samsung-sm-g715-galaxy***********
3967**********34***********
**********https://webshop.brightstar-2020.se/samsung-sm-a515-galaxy-a51***********
3967**********35***********
**********https://webshop.brightstar-2020.se/samsung-sm-g770-galaxy-s10***********
3967**********36***********
**********https://webshop.brightstar-2020.se/samsung-sm-g770-galaxy-s10-1***********
3967**********37***********
**********https://webshop.brightstar-2020.se/motorola-one-hyper-4-128gb-1***********
3967**********38***********
**********https://webshop.brightstar-2020.se/motorola-one-hyper-4-128gb***********
3967**********39***********
**********https://webshop.brightstar-2020.se/huawei-p-smart-pro-midnight***********
3967**********40***********
**********https://webshop.brightstar-2020.se/huawei-p-smart-pro-breathing***********
3967**********41***********
**********https://webshop.brightstar-2020.se/asus-rog-phone-ii-8-128gb***********
3967**********42***********
**********https://webshop.brightstar-2020.se/xiaomi-mi-note-10-pro-2***********
3967**********43***********
**********https://webshop.brightstar-2020.se/xiaomi-mi-note-10-pro-1***********
3967**********44***********
**********https://webshop.brightstar-2020.se/xiaomi-mi-note-10-pro***********
3967**********45***********
**********https://webshop.brightstar-2020.se/xiaomi-redmi-note-8t-1***********
3967**********46***********
**********https://webshop.brightstar-2020.se/xiaomi-redmi-note-8t-2***********
3967**********47***********
**********https://webshop.brightstar-2020.se/xiaomi-redmi-note-8t***********
3967**********48***********
**********https://webshop.brightstar-2020.se/xiaomi-redmi-8***********
3967**********49***********
**********https://webshop.brightstar-2020.se/xiaomi-redmi-8-2***********
3967**********50***********
**********https://webshop.brightstar-2020.se/xiaomi-mi-9-lite-1***********
3967**********51***********
**********https://webshop.brightstar-2020.se/xiaomi-mi-note-10-2***********
3967**********52***********
**********https://webshop.brightstar-2020.se/xiaomi-mi-note-10-1***********
3967**********53***********
**********https://webshop.brightstar-2020.se/xiaomi-mi-note-10***********
3967**********54***********
**********https://webshop.brightstar-2020.se/xiaomi-mi-9-lite***********
3967**********55***********
**********https://webshop.brightstar-2020.se/xiaomi-mi-9-lite-2***********
3967**********56***********
**********https://webshop.brightstar-2020.se/motorola-g8-plus-4-64gb-1***********
3967**********57***********
**********https://webshop.brightstar-2020.se/caterpillar-s52-dual-sim***********
3967**********58***********
**********https://webshop.brightstar-2020.se/motorola-one-macro-4-64gb-1***********
3967**********59***********
**********https://webshop.brightstar-2020.se/motorola-one-macro-4-64gb***********
3967**********60***********
**********https://webshop.brightstar-2020.se/motorola-e6-play-2-32gb***********
3967**********61***********
**********https://webshop.brightstar-2020.se/samsung-sm-g975-galaxy-s10-10***********
3967**********62***********
**********https://webshop.brightstar-2020.se/samsung-sm-g970-galaxy-s10e-11***********
3967**********63***********
**********https://webshop.brightstar-2020.se/huawei-nova-5t-6-128gb***********
3967**********64***********
**********https://webshop.brightstar-2020.se/huawei-nova-5t-6-128gb-1***********
3967**********65***********
**********https://webshop.brightstar-2020.se/xiaomi-redmi-note-8-pro-7***********
3967**********66***********
**********https://webshop.brightstar-2020.se/xiaomi-redmi-note-8-pro-4***********
3967**********67***********
**********https://webshop.brightstar-2020.se/xiaomi-redmi-note-8-pro-6***********
3967**********68***********
**********https://webshop.brightstar-2020.se/xiaomi-mi-9t-pro-1***********
3967**********69***********
**********https://webshop.brightstar-2020.se/xiaomi-mi-9t-pro-2***********
3967**********70***********
**********https://webshop.brightstar-2020.se/xiaomi-mi-9t-pro***********
3967**********71***********
**********https://webshop.brightstar-2020.se/motorola-e6-plus-2-32gb***********
3967**********72***********
**********https://webshop.brightstar-2020.se/doro-8080-black-copper***********
3967**********73***********
**********https://webshop.brightstar-2020.se/asus-rog-phone-ii-12-512gb***********
3967**********74***********
**********https://webshop.brightstar-2020.se/sony-xperia-pf43***********
3967**********75***********
**********https://webshop.brightstar-2020.se/sony-xperia-pf43-1***********
3967**********76***********
**********https://webshop.brightstar-2020.se/motorola-one-action-4-128gb***********
3967**********77***********
**********https://webshop.brightstar-2020.se/motorola-one-action-4-128gb-1***********
3967**********78***********
**********https://webshop.brightstar-2020.se/samsung-galaxy-note-10-4***********
3967**********79***********
**********https://webshop.brightstar-2020.se/samsung-galaxy-note-10-2***********
3967**********80***********
**********https://webshop.brightstar-2020.se/samsung-galaxy-note-10-3***********
3967**********81***********
**********https://webshop.brightstar-2020.se/huawei-p-smart-2019***********
3967**********82***********
**********https://webshop.brightstar-2020.se/huawei-p-smart-2019-1***********
3967**********83***********
**********https://webshop.brightstar-2020.se/huawei-p-smart-2019-aurora-1***********
3967**********84***********
**********https://webshop.brightstar-2020.se/huawei-p-smart-z-midnight***********
3967**********85***********
**********https://webshop.brightstar-2020.se/huawei-p-smart-z-sapphire***********
3967**********86***********
**********https://webshop.brightstar-2020.se/huawei-p-smart-z-emerald-green***********
3967**********87***********
**********https://webshop.brightstar-2020.se/huawei-p30-6-128gb-3***********
3967**********88***********
**********https://webshop.brightstar-2020.se/huawei-p30-pro-6-128gb-3***********
3967**********89***********
**********https://webshop.brightstar-2020.se/samsung-sm-g398-galaxy***********
3967**********90***********
**********https://webshop.brightstar-2020.se/asus-zenfone-6-6gb-128gb***********
3967**********91***********
**********https://webshop.brightstar-2020.se/asus-zenfone-6-8gb-256gb***********
3967**********92***********
**********https://webshop.brightstar-2020.se/asus-zenfone-6-6gb-64gb***********
3967**********93***********
**********https://webshop.brightstar-2020.se/asus-zenfone-6-6gb-128gb-1***********
3967**********94***********
**********https://webshop.brightstar-2020.se/asus-zenfone-6-8gb-256gb-1***********
3967**********95***********
**********https://webshop.brightstar-2020.se/asus-zenfone-6-6gb-64gb-1***********
3967**********96***********
**********https://webshop.brightstar-2020.se/samsung-sm-g970-galaxy-s10e-6***********
3967**********97***********
**********https://webshop.brightstar-2020.se/samsung-sm-a105-galaxy-a10-1***********
3967**********98***********
**********https://webshop.brightstar-2020.se/samsung-sm-a105-galaxy-a10***********
3967**********99***********
**********https://webshop.brightstar-2020.se/samsung-sm-a405-galaxy-a40-4***********
3967**********100***********
**********https://webshop.brightstar-2020.se/sony-j9110-xperia-1-2***********
3967**********101***********
**********https://webshop.brightstar-2020.se/samsung-sm-a202-galaxy-a20e-1***********
3967**********102***********
**********https://webshop.brightstar-2020.se/samsung-sm-a202-galaxy-a20e***********
3967**********103***********
**********https://webshop.brightstar-2020.se/samsung-sm-a202-galaxy-a20e-2***********
3967**********104***********
**********https://webshop.brightstar-2020.se/samsung-sm-a202-galaxy-a20e-3***********
3967**********105***********
**********https://webshop.brightstar-2020.se/samsung-sm-a405-galaxy-a40-1***********
3967**********106***********
**********https://webshop.brightstar-2020.se/samsung-sm-a405-galaxy-a40***********
3967**********107***********
**********https://webshop.brightstar-2020.se/samsung-sm-a405-galaxy-a40-2***********
3967**********108***********
**********https://webshop.brightstar-2020.se/samsung-sm-a405-galaxy-a40-3***********
3967**********109***********
**********https://webshop.brightstar-2020.se/huawei-p30-pro-6-128gb-2***********
3967**********110***********
**********https://webshop.brightstar-2020.se/huawei-p30-6-128gb-2***********
3967**********111***********
**********https://webshop.brightstar-2020.se/huawei-p30-pro-8-256gb-1***********
3967**********112***********
**********https://webshop.brightstar-2020.se/huawei-p30-pro-6-128gb-1***********
3967**********113***********
**********https://webshop.brightstar-2020.se/huawei-p30-6-128gb-1***********
3967**********114***********
**********https://webshop.brightstar-2020.se/huawei-p30-pro-8-256gb-2***********
3967**********115***********
**********https://webshop.brightstar-2020.se/huawei-p30-pro-6-128gb***********
3967**********116***********
**********https://webshop.brightstar-2020.se/huawei-p30-6-128gb***********
3967**********117***********
**********https://webshop.brightstar-2020.se/huawei-p30-pro-8-256gb***********
3967**********118***********
**********https://webshop.brightstar-2020.se/huawei-y6-2019-midnight-black***********
3967**********119***********
**********https://webshop.brightstar-2020.se/huawei-y6-2019-sapphire-blue***********
3967**********120***********
**********https://webshop.brightstar-2020.se/huawei-y6-2019-amber-brown***********
3967**********121***********
**********https://webshop.brightstar-2020.se/huawei-p30-lite-pearl-white***********
3967**********122***********
**********https://webshop.brightstar-2020.se/huawei-p30-lite-midnight-black***********
3967**********123***********
**********https://webshop.brightstar-2020.se/huawei-p30-lite-peacock-blue***********
3967**********124***********
**********https://webshop.brightstar-2020.se/sony-i4113-xperia-10-1***********
file write error!
3967**********125***********
**********https://webshop.brightstar-2020.se/samsung-sm-g970-galaxy-s10e-1***********
3967**********126***********
**********https://webshop.brightstar-2020.se/samsung-sm-g970-galaxy-s10e***********
3967**********127***********
**********https://webshop.brightstar-2020.se/samsung-sm-g970-galaxy-s10e-2***********
3967**********128***********
**********https://webshop.brightstar-2020.se/samsung-sm-g973-galaxy-s10***********
3967**********129***********
**********https://webshop.brightstar-2020.se/samsung-sm-g975-galaxy-s10-2***********
3967**********130***********
**********https://webshop.brightstar-2020.se/samsung-sm-g973-galaxy-s10-1***********
3967**********131***********
**********https://webshop.brightstar-2020.se/samsung-sm-g975-galaxy-s10-3***********
3967**********132***********
**********https://webshop.brightstar-2020.se/motorola-moto-g7-plus-4-64gb***********
3967**********133***********
**********https://webshop.brightstar-2020.se/motorola-moto-g7-plus-4-64gb-1***********
3967**********134***********
**********https://webshop.brightstar-2020.se/huawei-mate-20-pro-midnight***********
3967**********135***********
**********https://webshop.brightstar-2020.se/asus-zenfone-max-pro-m1-3-32gb***********
3967**********136***********
**********https://webshop.brightstar-2020.se/samsung-sm-n960-galaxy-note-9-1***********
3967**********137***********
**********https://webshop.brightstar-2020.se/caterpillar-s61-4g***********
3967**********138***********
**********https://webshop.brightstar-2020.se/htc-u12-6-64gb***********
3967**********139***********
**********https://webshop.brightstar-2020.se/motorola-moto-g6-3-32gb***********
3967**********140***********
**********https://webshop.brightstar-2020.se/doro-8035-metallic-blue***********
3967**********141***********
**********https://webshop.brightstar-2020.se/caterpillar-s31-dual-sim***********
3967**********142***********
**********https://webshop.brightstar-2020.se/caterpillar-s41-dual-sim***********
3967**********143***********
**********https://webshop.brightstar-2020.se/doro-8040-graphite***********
3967**********144***********
**********https://webshop.brightstar-2020.se/happy-plugs-blue-3-5mm***********
3967**********145***********
**********https://webshop.brightstar-2020.se/iphone-11-pro-max-256gb-space-3***********
3967**********146***********
**********https://webshop.brightstar-2020.se/iphone-8-64gb-gold-6***********
description non-exist
3967**********147***********
**********https://webshop.brightstar-2020.se/iphone-8-128gb-space-grey-1***********
description non-exist
3967**********148***********
**********https://webshop.brightstar-2020.se/iphone-11-pro-64gb-silver***********
3967**********149***********
**********https://webshop.brightstar-2020.se/iphone-11-pro-64gb-gold***********
3967**********150***********
**********https://webshop.brightstar-2020.se/iphone-11-pro-64gb-green***********
3967**********151***********
**********https://webshop.brightstar-2020.se/iphone-11-pro-256gb-space-grey***********
3967**********152***********
**********https://webshop.brightstar-2020.se/iphone-11-pro-256gb-silver***********
3967**********153***********
**********https://webshop.brightstar-2020.se/iphone-11-pro-256gb-gold***********
3967**********154***********
**********https://webshop.brightstar-2020.se/iphone-11-pro-256gb-green***********
3967**********155***********
**********https://webshop.brightstar-2020.se/iphone-11-pro-512gb-space-grey***********
3967**********156***********
**********https://webshop.brightstar-2020.se/iphone-11-pro-512gb-silver***********
3967**********157***********
**********https://webshop.brightstar-2020.se/iphone-11-pro-512gb-gold***********
3967**********158***********
**********https://webshop.brightstar-2020.se/iphone-11-pro-512gb-green***********
3967**********159***********
**********https://webshop.brightstar-2020.se/iphone-11-pro-max-64gb-space-g***********
3967**********160***********
**********https://webshop.brightstar-2020.se/iphone-11-pro-max-64gb-silver***********
3967**********161***********
**********https://webshop.brightstar-2020.se/iphone-11-pro-max-64gb-gold***********
3967**********162***********
**********https://webshop.brightstar-2020.se/iphone-11-pro-max-64gb-green***********
3967**********163***********
**********https://webshop.brightstar-2020.se/iphone-11-pro-max-256gb-silver***********
3967**********164***********
**********https://webshop.brightstar-2020.se/iphone-11-pro-max-256gb-gold***********
3967**********165***********
**********https://webshop.brightstar-2020.se/iphone-11-pro-max-256gb-green***********
3967**********166***********
**********https://webshop.brightstar-2020.se/iphone-11-pro-max-512gb-space***********
3967**********167***********
**********https://webshop.brightstar-2020.se/iphone-11-pro-max-512gb-silver***********
3967**********168***********
**********https://webshop.brightstar-2020.se/iphone-11-pro-max-512gb-gold***********
3967**********169***********
**********https://webshop.brightstar-2020.se/iphone-11-pro-max-512gb-green***********
3967**********170***********
**********https://webshop.brightstar-2020.se/iphone-11-64gb-black***********
3967**********171***********
**********https://webshop.brightstar-2020.se/iphone-11-64gb-white***********
3967**********172***********
**********https://webshop.brightstar-2020.se/iphone-11-64gb-product-red***********
3967**********173***********
**********https://webshop.brightstar-2020.se/iphone-11-64gb-yellow***********
3967**********174***********
**********https://webshop.brightstar-2020.se/iphone-11-64gb-purple***********
3967**********175***********
**********https://webshop.brightstar-2020.se/iphone-11-64gb-green***********
3967**********176***********
**********https://webshop.brightstar-2020.se/iphone-11-128gb-black***********
3967**********177***********
**********https://webshop.brightstar-2020.se/iphone-11-128gb-white***********
3967**********178***********
**********https://webshop.brightstar-2020.se/iphone-11-128gb-product-red***********
3967**********179***********
**********https://webshop.brightstar-2020.se/iphone-11-128gb-yellow***********
3967**********180***********
**********https://webshop.brightstar-2020.se/iphone-11-128gb-purple***********
3967**********181***********
**********https://webshop.brightstar-2020.se/iphone-11-128gb-green***********
3967**********182***********
**********https://webshop.brightstar-2020.se/iphone-11-256gb-black***********
3967**********183***********
**********https://webshop.brightstar-2020.se/iphone-11-256gb-white***********
3967**********184***********
**********https://webshop.brightstar-2020.se/iphone-11-256gb-product-red***********
3967**********185***********
**********https://webshop.brightstar-2020.se/iphone-11-256gb-yellow***********
3967**********186***********
**********https://webshop.brightstar-2020.se/iphone-11-256gb-purple***********
3967**********187***********
**********https://webshop.brightstar-2020.se/iphone-11-256gb-green***********
3967**********188***********
**********https://webshop.brightstar-2020.se/iphone-8-128gb-space-grey***********
3967**********189***********
**********https://webshop.brightstar-2020.se/iphone-8-128gb-silver***********
3967**********190***********
**********https://webshop.brightstar-2020.se/iphone-8-128gb-gold***********
3967**********191***********
**********https://webshop.brightstar-2020.se/iphone-8-plus-128gb-space-grey***********
3967**********192***********
**********https://webshop.brightstar-2020.se/iphone-8-plus-128gb-silver***********
3967**********193***********
**********https://webshop.brightstar-2020.se/iphone-8-plus-128gb-gold***********
3967**********194***********
**********https://webshop.brightstar-2020.se/iphone-11-pro-64gb-silver-1***********
description non-exist
3967**********195***********
**********https://webshop.brightstar-2020.se/iphone-11-pro-64gb-gold-1***********
description non-exist
3967**********196***********
**********https://webshop.brightstar-2020.se/iphone-11-pro-64gb-green-1***********
description non-exist
3967**********197***********
**********https://webshop.brightstar-2020.se/iphone-11-pro-256gb-space-grey-1***********
description non-exist
3967**********198***********
**********https://webshop.brightstar-2020.se/iphone-11-pro-256gb-silver-1***********
description non-exist
3967**********199***********
**********https://webshop.brightstar-2020.se/iphone-11-pro-256gb-gold-1***********
description non-exist
3967**********200***********
**********https://webshop.brightstar-2020.se/iphone-11-pro-256gb-green-1***********
description non-exist
3967**********201***********
**********https://webshop.brightstar-2020.se/iphone-11-pro-512gb-space-grey-1***********
description non-exist
3967**********202***********
**********https://webshop.brightstar-2020.se/iphone-11-pro-512gb-silver-1***********
description non-exist
3967**********203***********
**********https://webshop.brightstar-2020.se/iphone-11-pro-512gb-gold-1***********
description non-exist
3967**********204***********
**********https://webshop.brightstar-2020.se/iphone-11-pro-512gb-green-1***********
description non-exist
3967**********205***********
**********https://webshop.brightstar-2020.se/iphone-11-pro-max-64gb-space-g-1***********
description non-exist
3967**********206***********
**********https://webshop.brightstar-2020.se/iphone-11-pro-max-64gb-silver-1***********
description non-exist
3967**********207***********
**********https://webshop.brightstar-2020.se/iphone-11-pro-max-64gb-gold-1***********
description non-exist
3967**********208***********
**********https://webshop.brightstar-2020.se/iphone-11-pro-max-64gb-green-1***********
description non-exist
3967**********209***********
**********https://webshop.brightstar-2020.se/iphone-11-pro-max-256gb-space***********
description non-exist
3967**********210***********
**********https://webshop.brightstar-2020.se/iphone-11-pro-max-256gb-gold-1***********
description non-exist
3967**********211***********
**********https://webshop.brightstar-2020.se/iphone-11-pro-max-256gb-green-1***********
description non-exist
3967**********212***********
**********https://webshop.brightstar-2020.se/iphone-11-pro-max-512gb-space-1***********
description non-exist
3967**********213***********
**********https://webshop.brightstar-2020.se/iphone-11-pro-max-512gb-silver-1***********
description non-exist
3967**********214***********
**********https://webshop.brightstar-2020.se/iphone-11-pro-max-512gb-gold-1***********
description non-exist
3967**********215***********
**********https://webshop.brightstar-2020.se/iphone-11-pro-max-512gb-green-1***********
description non-exist
3967**********216***********
**********https://webshop.brightstar-2020.se/iphone-11-64gb-black-1***********
description non-exist
3967**********217***********
**********https://webshop.brightstar-2020.se/iphone-11-64gb-white-1***********
description non-exist
3967**********218***********
**********https://webshop.brightstar-2020.se/iphone-11-64gb-product-red-1***********
description non-exist
3967**********219***********
**********https://webshop.brightstar-2020.se/iphone-11-64gb-yellow-1***********
description non-exist
3967**********220***********
**********https://webshop.brightstar-2020.se/iphone-11-128gb-black-1***********
description non-exist
3967**********221***********
**********https://webshop.brightstar-2020.se/iphone-11-128gb-white-1***********
description non-exist
3967**********222***********
**********https://webshop.brightstar-2020.se/iphone-11-128gb-product-red-1***********
description non-exist
3967**********223***********
**********https://webshop.brightstar-2020.se/iphone-11-128gb-purple-1***********
description non-exist
3967**********224***********
**********https://webshop.brightstar-2020.se/iphone-11-128gb-green-1***********
description non-exist
3967**********225***********
**********https://webshop.brightstar-2020.se/iphone-11-256gb-black-1***********
description non-exist
3967**********226***********
**********https://webshop.brightstar-2020.se/iphone-11-256gb-white-1***********
description non-exist
3967**********227***********
**********https://webshop.brightstar-2020.se/iphone-11-256gb-purple-1***********
description non-exist
3967**********228***********
**********https://webshop.brightstar-2020.se/iphone-11-pro-64gb-space-grey***********
3967**********229***********
**********https://webshop.brightstar-2020.se/iphone-11-pro-64gb-space-grey-1***********
description non-exist
3967**********230***********
**********https://webshop.brightstar-2020.se/iphone-xs-max-64gb-space-grey***********
description non-exist
3967**********231***********
**********https://webshop.brightstar-2020.se/iphone-7-32gb-silver-5***********
description non-exist
3967**********232***********
**********https://webshop.brightstar-2020.se/iphone-xs-64gb-space-gray-3***********
description non-exist
3967**********233***********
**********https://webshop.brightstar-2020.se/iphone-xs-64gb-silver-3***********
description non-exist
3967**********234***********
**********https://webshop.brightstar-2020.se/iphone-xs-64gb-gold-3***********
description non-exist
3967**********235***********
**********https://webshop.brightstar-2020.se/iphone-xs-256gb-space-gray-3***********
description non-exist
3967**********236***********
**********https://webshop.brightstar-2020.se/iphone-xs-256gb-silver-3***********
description non-exist
3967**********237***********
**********https://webshop.brightstar-2020.se/iphone-xs-256gb-gold-3***********
description non-exist
3967**********238***********
**********https://webshop.brightstar-2020.se/iphone-xs-512gb-space-gray-3***********
description non-exist
3967**********239***********
**********https://webshop.brightstar-2020.se/iphone-xs-512gb-silver-3***********
description non-exist
3967**********240***********
**********https://webshop.brightstar-2020.se/iphone-xs-512gb-gold-3***********
description non-exist
3967**********241***********
**********https://webshop.brightstar-2020.se/iphone-xs-max-64gb-space-gray-3***********
description non-exist
3967**********242***********
**********https://webshop.brightstar-2020.se/iphone-xs-max-64gb-silver-3***********
description non-exist
3967**********243***********
**********https://webshop.brightstar-2020.se/iphone-xs-max-64gb-gold-3***********
description non-exist
3967**********244***********
**********https://webshop.brightstar-2020.se/iphone-xs-max-256gb-space-gray-3***********
description non-exist
3967**********245***********
**********https://webshop.brightstar-2020.se/iphone-xs-max-256gb-silver-3***********
description non-exist
3967**********246***********
**********https://webshop.brightstar-2020.se/iphone-xs-max-256gb-gold-3***********
description non-exist
3967**********247***********
**********https://webshop.brightstar-2020.se/iphone-xs-max-512gb-space-gray-3***********
description non-exist
3967**********248***********
**********https://webshop.brightstar-2020.se/iphone-xs-max-512gb-silver-3***********
description non-exist
3967**********249***********
**********https://webshop.brightstar-2020.se/iphone-xr-64gb-black-4***********
description non-exist
3967**********250***********
**********https://webshop.brightstar-2020.se/iphone-xr-64gb-white-3***********
description non-exist
3967**********251***********
**********https://webshop.brightstar-2020.se/iphone-xr-64gb-yellow-3***********
description non-exist
3967**********252***********
**********https://webshop.brightstar-2020.se/iphone-xr-64gb-coral-3***********
description non-exist
3967**********253***********
**********https://webshop.brightstar-2020.se/iphone-xr-64gb-blue-3***********
description non-exist
3967**********254***********
**********https://webshop.brightstar-2020.se/iphone-xr-128gb-black-3***********
description non-exist
3967**********255***********
**********https://webshop.brightstar-2020.se/iphone-xr-128gb-white-3***********
description non-exist
3967**********256***********
**********https://webshop.brightstar-2020.se/iphone-xr-128gb-product-red-3***********
description non-exist
3967**********257***********
**********https://webshop.brightstar-2020.se/iphone-xr-128gb-yellow-1***********
description non-exist
3967**********258***********
**********https://webshop.brightstar-2020.se/iphone-xr-128gb-coral-2***********
description non-exist
3967**********259***********
**********https://webshop.brightstar-2020.se/iphone-xr-128gb-blue-2***********
description non-exist
3967**********260***********
**********https://webshop.brightstar-2020.se/iphone-xr-256gb-black-2***********
description non-exist
3967**********261***********
**********https://webshop.brightstar-2020.se/iphone-xr-256gb-white-2***********
description non-exist
3967**********262***********
**********https://webshop.brightstar-2020.se/iphone-xr-256gb-product-red-2***********
description non-exist
3967**********263***********
**********https://webshop.brightstar-2020.se/iphone-xr-256gb-yellow-2***********
description non-exist
3967**********264***********
**********https://webshop.brightstar-2020.se/iphone-xr-256gb-coral-2***********
description non-exist
3967**********265***********
**********https://webshop.brightstar-2020.se/iphone-xr-256gb-blue-2***********
description non-exist
3967**********266***********
**********https://webshop.brightstar-2020.se/iphone-xr-128gb-black-1***********
description non-exist
3967**********267***********
**********https://webshop.brightstar-2020.se/iphone-xr-128gb-white-1***********
description non-exist
3967**********268***********
**********https://webshop.brightstar-2020.se/iphone-xr-64gb-black-1***********
description non-exist
3967**********269***********
**********https://webshop.brightstar-2020.se/iphone-xr-64gb-white-1***********
description non-exist
3967**********270***********
**********https://webshop.brightstar-2020.se/iphone-xr-64gb-product-red-1***********
description non-exist
3967**********271***********
**********https://webshop.brightstar-2020.se/iphone-xr-64gb-black***********
3967**********272***********
**********https://webshop.brightstar-2020.se/iphone-xr-64gb-white***********
3967**********273***********
**********https://webshop.brightstar-2020.se/iphone-xr-64gb-product-red***********
3967**********274***********
**********https://webshop.brightstar-2020.se/iphone-xr-64gb-yellow***********
3967**********275***********
**********https://webshop.brightstar-2020.se/iphone-xr-64gb-coral***********
3967**********276***********
**********https://webshop.brightstar-2020.se/iphone-xr-128gb-black***********
3967**********277***********
**********https://webshop.brightstar-2020.se/iphone-xr-64gb-blue***********
3967**********278***********
**********https://webshop.brightstar-2020.se/iphone-xr-128gb-white***********
3967**********279***********
**********https://webshop.brightstar-2020.se/iphone-xr-128gb-product-red***********
3967**********280***********
**********https://webshop.brightstar-2020.se/iphone-xr-128gb-yellow***********
3967**********281***********
**********https://webshop.brightstar-2020.se/iphone-xr-128gb-coral***********
3967**********282***********
**********https://webshop.brightstar-2020.se/iphone-xr-128gb-blue***********
3967**********283***********
**********https://webshop.brightstar-2020.se/iphone-xs-max-512gb-space-gray-2***********
description non-exist
3967**********284***********
**********https://webshop.brightstar-2020.se/iphone-xs-max-64gb-space-gray-2***********
description non-exist
3967**********285***********
**********https://webshop.brightstar-2020.se/iphone-xs-max-64gb-silver-2***********
description non-exist
3967**********286***********
**********https://webshop.brightstar-2020.se/iphone-xs-max-64gb-gold-2***********
description non-exist
3967**********287***********
**********https://webshop.brightstar-2020.se/iphone-xs-max-256gb-space-gray-2***********
description non-exist
3967**********288***********
**********https://webshop.brightstar-2020.se/iphone-xs-64gb-space-gray-2***********
description non-exist
3967**********289***********
**********https://webshop.brightstar-2020.se/iphone-xs-256gb-space-gray-2***********
description non-exist
3967**********290***********
**********https://webshop.brightstar-2020.se/iphone-xr-64gb-red***********
description non-exist
3967**********291***********
**********https://webshop.brightstar-2020.se/iphone-xs-max-64gb-gold***********
3967**********292***********
**********https://webshop.brightstar-2020.se/iphone-xs-max-256gb-silver***********
3967**********293***********
**********https://webshop.brightstar-2020.se/iphone-xs-max-512gb-silver***********
3967**********294***********
**********https://webshop.brightstar-2020.se/iphone-xs-max-64gb-space-gray***********
3967**********295***********
**********https://webshop.brightstar-2020.se/iphone-xs-256gb-silver***********
3967**********296***********
**********https://webshop.brightstar-2020.se/iphone-xs-256gb-gold***********
3967**********297***********
**********https://webshop.brightstar-2020.se/iphone-xs-64gb-space-gray***********
3967**********298***********
**********https://webshop.brightstar-2020.se/iphone-xs-64gb-silver***********
3967**********299***********
**********https://webshop.brightstar-2020.se/iphone-xs-64gb-gold***********
3967**********300***********
**********https://webshop.brightstar-2020.se/iphone-xs-256gb-space-gray***********
3967**********301***********
**********https://webshop.brightstar-2020.se/iphone-8-64gb-gold-5***********
description non-exist
3967**********302***********
**********https://webshop.brightstar-2020.se/iphone-8-64gb-space-grey-5***********
3967**********303***********
**********https://webshop.brightstar-2020.se/iphone-8-64gb-silver-3***********
description non-exist
3967**********304***********
**********https://webshop.brightstar-2020.se/iphone-8-64gb-gold-3***********
description non-exist
3967**********305***********
**********https://webshop.brightstar-2020.se/iphone-8-plus-64gb-space-grey-1***********
description non-exist
3967**********306***********
**********https://webshop.brightstar-2020.se/iphone-8-64gb-space-grey-1***********
description non-exist
3967**********307***********
**********https://webshop.brightstar-2020.se/iphone-8-64gb-gold-1***********
description non-exist
3967**********308***********
**********https://webshop.brightstar-2020.se/iphone-8-64gb-space-grey***********
3967**********309***********
**********https://webshop.brightstar-2020.se/iphone-8-64gb-silver***********
3967**********310***********
**********https://webshop.brightstar-2020.se/iphone-8-64gb-gold***********
3967**********311***********
**********https://webshop.brightstar-2020.se/iphone-8-256gb-space-grey***********
3967**********312***********
**********https://webshop.brightstar-2020.se/iphone-8-plus-64gb-space-grey***********
3967**********313***********
**********https://webshop.brightstar-2020.se/iphone-8-plus-64gb-silver***********
3967**********314***********
**********https://webshop.brightstar-2020.se/iphone-8-plus-64gb-gold***********
3967**********315***********
**********https://webshop.brightstar-2020.se/iphone-x-256gb-silver***********
3967**********316***********
**********https://webshop.brightstar-2020.se/iphone-7-32gb-black-1***********
description non-exist
3967**********317***********
**********https://webshop.brightstar-2020.se/iphone-7-plus-32gb-black***********
3967**********318***********
**********https://webshop.brightstar-2020.se/iphone-7-plus-32gb-silver***********
3967**********319***********
**********https://webshop.brightstar-2020.se/iphone-7-plus-32gb-gold***********
3967**********320***********
**********https://webshop.brightstar-2020.se/iphone-7-plus-32gb-rose-gold***********
3967**********321***********
**********https://webshop.brightstar-2020.se/iphone-6s-plus-32gb-gold***********
3967**********322***********
**********https://webshop.brightstar-2020.se/iphone-7-256gb-black***********
file write error!
3967**********323***********
**********https://webshop.brightstar-2020.se/iphone-7-256gb-jet-black***********
file write error!
3967**********324***********
**********https://webshop.brightstar-2020.se/iphone-7-32gb-silver***********
file write error!
3967**********325***********
**********https://webshop.brightstar-2020.se/iphone-7-32gb-gold***********
file write error!
3967**********326***********
**********https://webshop.brightstar-2020.se/iphone-7-32gb-rose-gold***********
file write error!
3967**********327***********
**********https://webshop.brightstar-2020.se/iphone-7-128gb-black***********
file write error!
3967**********328***********
**********https://webshop.brightstar-2020.se/iphone-7-128gb-silver***********
file write error!
3967**********329***********
**********https://webshop.brightstar-2020.se/iphone-7-128gb-gold***********
file write error!
3967**********330***********
**********https://webshop.brightstar-2020.se/iphone-7-128gb-rose-gold***********
file write error!
3967**********331***********
**********https://webshop.brightstar-2020.se/iphone-6s-32gb-silver***********
3967**********332***********
**********https://webshop.brightstar-2020.se/iphone-6s-32gb-rose-gold***********
3967**********333***********
**********https://webshop.brightstar-2020.se/iphone-7-32gb-black***********
file write error!
3967**********334***********
**********https://webshop.brightstar-2020.se/doro-6041-red-white***********
3967**********335***********
**********https://webshop.brightstar-2020.se/doro-6041-black***********
3967**********336***********
**********https://webshop.brightstar-2020.se/doro-6621-black-white***********
3967**********337***********
**********https://webshop.brightstar-2020.se/doro-7031-black***********
3967**********338***********
**********https://webshop.brightstar-2020.se/doro-7031-red-white***********
3967**********339***********
**********https://webshop.brightstar-2020.se/doro-7011-graphite***********
3967**********340***********
**********https://webshop.brightstar-2020.se/doro-7011-white***********
3967**********341***********
**********https://webshop.brightstar-2020.se/emporia-f220-flipbasic***********
3967**********342***********
**********https://webshop.brightstar-2020.se/caterpillar-b35-4g***********
3967**********343***********
**********https://webshop.brightstar-2020.se/doro-1372-graphite***********
3967**********344***********
**********https://webshop.brightstar-2020.se/doro-1372-white***********
3967**********345***********
**********https://webshop.brightstar-2020.se/doro-7070-1***********
3967**********346***********
**********https://webshop.brightstar-2020.se/doro-7070***********
3967**********347***********
**********https://webshop.brightstar-2020.se/doro-540x***********
3967**********348***********
**********https://webshop.brightstar-2020.se/doro-1362***********
3967**********349***********
**********https://webshop.brightstar-2020.se/doro-1362-1***********
3967**********350***********
**********https://webshop.brightstar-2020.se/doro-5517-graphite***********
3967**********351***********
**********https://webshop.brightstar-2020.se/doro-5031-1***********
3967**********352***********
**********https://webshop.brightstar-2020.se/doro-6031-1***********
3967**********353***********
**********https://webshop.brightstar-2020.se/happy-plugs-earbud-2***********
3967**********354***********
**********https://webshop.brightstar-2020.se/doro-secure-580***********
3967**********355***********
**********https://webshop.brightstar-2020.se/liquidnano-steri-wipe***********
description non-exist
3967**********356***********
**********https://webshop.brightstar-2020.se/panzerglass-spray-1***********
description non-exist
3967**********357***********
**********https://webshop.brightstar-2020.se/panzerglass-spray***********
description non-exist
3967**********358***********
**********https://webshop.brightstar-2020.se/celly-kit-spray-brush-30-ml***********
description non-exist
3967**********359***********
**********https://webshop.brightstar-2020.se/dbramante-kastrup-2-2***********
3967**********360***********
**********https://webshop.brightstar-2020.se/defunc-true-go-slim-2***********
description non-exist
3967**********361***********
**********https://webshop.brightstar-2020.se/defunc-true-go-slim***********
description non-exist
3967**********362***********
**********https://webshop.brightstar-2020.se/defunc-true-go-slim-1***********
description non-exist
3967**********363***********
**********https://webshop.brightstar-2020.se/samsung-galaxy-buds-3***********
3967**********364***********
**********https://webshop.brightstar-2020.se/samsung-galaxy-buds-2***********
3967**********365***********
**********https://webshop.brightstar-2020.se/samsung-galaxy-buds-4***********
3967**********366***********
**********https://webshop.brightstar-2020.se/huawei-freebuds-3-2***********
description non-exist
3967**********367***********
**********https://webshop.brightstar-2020.se/anker-soundcore-liberty-air-2***********
3967**********368***********
**********https://webshop.brightstar-2020.se/anker-soundcore-liberty-air-2-1***********
3967**********369***********
**********https://webshop.brightstar-2020.se/celly-bluetooth-air-neck-band***********
3967**********370***********
**********https://webshop.brightstar-2020.se/apple-airpods-pro***********
3967**********371***********
**********https://webshop.brightstar-2020.se/huawei-freebuds-3-1***********
3967**********372***********
**********https://webshop.brightstar-2020.se/huawei-freebuds-3***********
3967**********373***********
**********https://webshop.brightstar-2020.se/jays-t-four-wireless-2***********
3967**********374***********
**********https://webshop.brightstar-2020.se/jays-q-seven-wireless***********
3967**********375***********
**********https://webshop.brightstar-2020.se/jays-x-five-wireless***********
3967**********376***********
**********https://webshop.brightstar-2020.se/jays-m-seven-true-wireless-1***********
3967**********377***********
**********https://webshop.brightstar-2020.se/jays-m-seven-true-wireless-2***********
3967**********378***********
**********https://webshop.brightstar-2020.se/jays-m-seven-true-wireless-3***********
3967**********379***********
**********https://webshop.brightstar-2020.se/jays-m-seven-true-wireless***********
3967**********380***********
**********https://webshop.brightstar-2020.se/key-audio-premium-cable-1m***********
description non-exist
3967**********381***********
**********https://webshop.brightstar-2020.se/anker-soundcore-space-nc-b2b***********
3967**********382***********
**********https://webshop.brightstar-2020.se/apple-airpods-3***********
3967**********383***********
**********https://webshop.brightstar-2020.se/apple-airpods-2***********
3967**********384***********
**********https://webshop.brightstar-2020.se/jabra-talk-30***********
3967**********385***********
**********https://webshop.brightstar-2020.se/huawei-cm-33-stereo-headset***********
3967**********386***********
**********https://webshop.brightstar-2020.se/oneplus-bullets-2***********
3967**********387***********
**********https://webshop.brightstar-2020.se/anker-soundcore-liberty-air***********
3967**********388***********
**********https://webshop.brightstar-2020.se/anker-soundcore-liberty-air-1***********
3967**********389***********
**********https://webshop.brightstar-2020.se/samsung-galaxy-buds-1***********
3967**********390***********
**********https://webshop.brightstar-2020.se/samsung-galaxy-buds***********
3967**********391***********
**********https://webshop.brightstar-2020.se/sony-bt-nc-headphone-1***********
3967**********392***********
**********https://webshop.brightstar-2020.se/jays-m-six***********
3967**********393***********
**********https://webshop.brightstar-2020.se/anker-soundcore-siprit-pro***********
description non-exist
3967**********394***********
**********https://webshop.brightstar-2020.se/oneplus-bullets-earphones***********
3967**********395***********
**********https://webshop.brightstar-2020.se/jabra-talk-35-black***********
3967**********396***********
**********https://webshop.brightstar-2020.se/jabra-talk-55-black***********
3967**********397***********
**********https://webshop.brightstar-2020.se/jabra-talk-45-black***********
3967**********398***********
**********https://webshop.brightstar-2020.se/jabra-talk-45-silver***********
3967**********399***********
**********https://webshop.brightstar-2020.se/jabra-talk-5-black***********
3967**********400***********
**********https://webshop.brightstar-2020.se/jabra-talk-15-black***********
3967**********401***********
**********https://webshop.brightstar-2020.se/jabra-talk-25-black***********
3967**********402***********
**********https://webshop.brightstar-2020.se/jays-t-four-wireless***********
description non-exist
3967**********403***********
**********https://webshop.brightstar-2020.se/jays-t-four-wireless-1***********
description non-exist
3967**********404***********
**********https://webshop.brightstar-2020.se/huawei-usb-c***********
3967**********405***********
**********https://webshop.brightstar-2020.se/huawei-anc-headset***********
3967**********406***********
**********https://webshop.brightstar-2020.se/jays-a-six-wireless***********
3967**********407***********
**********https://webshop.brightstar-2020.se/jays-a-six-wireless-1***********
3967**********408***********
**********https://webshop.brightstar-2020.se/jays-u-jays-android-1***********
3967**********409***********
**********https://webshop.brightstar-2020.se/celly-true-wireless-earbuds***********
3967**********410***********
**********https://webshop.brightstar-2020.se/lexibook-stereo-heapdhones-2***********
3967**********411***********
**********https://webshop.brightstar-2020.se/lexibook-stereo-heapdhones-3***********
3967**********412***********
**********https://webshop.brightstar-2020.se/lexibook-stereo-heapdhones***********
description non-exist
3967**********413***********
**********https://webshop.brightstar-2020.se/monster-isport-achieve***********
3967**********414***********
**********https://webshop.brightstar-2020.se/apple-ear-pods-2***********
3967**********415***********
**********https://webshop.brightstar-2020.se/apple-ear-pods-lightning***********
3967**********416***********
**********https://webshop.brightstar-2020.se/celly-bt-headset-bh10***********
3967**********417***********
**********https://webshop.brightstar-2020.se/defunc-go-sport-1***********
3967**********418***********
**********https://webshop.brightstar-2020.se/plantronics-explorer-500***********
3967**********419***********
**********https://webshop.brightstar-2020.se/id2me-headset-zipper-3***********
description non-exist
3967**********420***********
**********https://webshop.brightstar-2020.se/a-jays-four-5***********
3967**********421***********
**********https://webshop.brightstar-2020.se/a-jays-four-3***********
3967**********422***********
**********https://webshop.brightstar-2020.se/a-jays-four-2***********
3967**********423***********
**********https://webshop.brightstar-2020.se/a-jays-four-1***********
3967**********424***********
**********https://webshop.brightstar-2020.se/a-jays-four***********
3967**********425***********
**********https://webshop.brightstar-2020.se/defunc-hybrid-2***********
3967**********426***********
**********https://webshop.brightstar-2020.se/defunc-hybrid-1***********
3967**********427***********
**********https://webshop.brightstar-2020.se/defunc-music-3***********
3967**********428***********
**********https://webshop.brightstar-2020.se/defunc-music-2***********
3967**********429***********
**********https://webshop.brightstar-2020.se/defunc-talk-1***********
3967**********430***********
**********https://webshop.brightstar-2020.se/samsung-headset-hybrid-2***********
3967**********431***********
**********https://webshop.brightstar-2020.se/samsung-headset-hybrid-1***********
3967**********432***********
**********https://webshop.brightstar-2020.se/samsung-ulc-wired-headset-with-4***********
3967**********433***********
**********https://webshop.brightstar-2020.se/samsung-ulc-wired-headset-with-3***********
3967**********434***********
**********https://webshop.brightstar-2020.se/samsung-ulc-wired-headset-with***********
3967**********435***********
**********https://webshop.brightstar-2020.se/samsung-ulc-wired-headset-with-2***********
3967**********436***********
**********https://webshop.brightstar-2020.se/samsung-ulc-wired-headset-with-1***********
3967**********437***********
**********https://webshop.brightstar-2020.se/jays-a-jays-one***********
3967**********438***********
**********https://webshop.brightstar-2020.se/jays-a-jays-one-1***********
3967**********439***********
**********https://webshop.brightstar-2020.se/soundcore-rave-mini***********
3967**********440***********
**********https://webshop.brightstar-2020.se/anker-soundcore-flare***********
3967**********441***********
**********https://webshop.brightstar-2020.se/jays-s-go-one***********
description non-exist
3967**********442***********
**********https://webshop.brightstar-2020.se/jays-s-go-three***********
description non-exist
3967**********443***********
**********https://webshop.brightstar-2020.se/jays-s-go-one-1***********
description non-exist
3967**********444***********
**********https://webshop.brightstar-2020.se/jays-s-go-three-1***********
description non-exist
3967**********445***********
**********https://webshop.brightstar-2020.se/anker-soundcore-mini-2-b2b***********
3967**********446***********
**********https://webshop.brightstar-2020.se/anker-soundcore-flare-b2b***********
3967**********447***********
**********https://webshop.brightstar-2020.se/celly-squiddy-speaker-1***********
3967**********448***********
**********https://webshop.brightstar-2020.se/celly-squiddy-speaker***********
3967**********449***********
**********https://webshop.brightstar-2020.se/huawei-165***********
3967**********450***********
**********https://webshop.brightstar-2020.se/anker-powerline-lightning-1***********
3967**********451***********
**********https://webshop.brightstar-2020.se/anker-powerline-lightning***********
3967**********452***********
**********https://webshop.brightstar-2020.se/anker-sound-core-2***********
3967**********453***********
**********https://webshop.brightstar-2020.se/jabra-tour***********
3967**********454***********
**********https://webshop.brightstar-2020.se/jabra-speak410-for-pc***********
3967**********455***********
**********https://webshop.brightstar-2020.se/jabra-freeway-bt***********
file write error!
3967**********456***********
**********https://webshop.brightstar-2020.se/jabra-drive-bt-black***********
3967**********457***********
**********https://webshop.brightstar-2020.se/key-flat-glass-2d-preikestolen-2***********
description non-exist
3967**********458***********
**********https://webshop.brightstar-2020.se/panzerglass-huawei-11***********
description non-exist
3967**********459***********
**********https://webshop.brightstar-2020.se/panzerglass-huawei-9***********
description non-exist
3967**********460***********
**********https://webshop.brightstar-2020.se/panzerglass-huawei-10***********
description non-exist
3967**********461***********
**********https://webshop.brightstar-2020.se/panzerglass-huawei-12***********
description non-exist
3967**********462***********
**********https://webshop.brightstar-2020.se/panzerglass-huawei-13***********
description non-exist
3967**********463***********
**********https://webshop.brightstar-2020.se/panzerglass-case-friendly***********
3967**********464***********
**********https://webshop.brightstar-2020.se/panzerglass-case-friendly-1***********
3967**********465***********
**********https://webshop.brightstar-2020.se/panzerglass-case-friendly-2***********
3967**********466***********
**********https://webshop.brightstar-2020.se/panzerglass-apple-22***********
description non-exist
3967**********467***********
**********https://webshop.brightstar-2020.se/panzerglass-smartwatch-42-5-mm***********
3967**********468***********
**********https://webshop.brightstar-2020.se/panzerglass-smartwatch-39-mm***********
3967**********469***********
**********https://webshop.brightstar-2020.se/panzerglass-smartwatch-36-mm***********
3967**********470***********
**********https://webshop.brightstar-2020.se/panzerglass-smartwatch-37-mm***********
3967**********471***********
**********https://webshop.brightstar-2020.se/panzerglass-smartwatch-40-5-mm***********
3967**********472***********
**********https://webshop.brightstar-2020.se/panzerglass-smartwatch-35-mm***********
3967**********473***********
**********https://webshop.brightstar-2020.se/panzerglass-smartwatch-34-mm***********
3967**********474***********
**********https://webshop.brightstar-2020.se/panzerglass-smartwatch-38-5-mm***********
3967**********475***********
**********https://webshop.brightstar-2020.se/panzerglass-apple-21***********
3967**********476***********
**********https://webshop.brightstar-2020.se/panzerglass-samsung-1***********
3967**********477***********
**********https://webshop.brightstar-2020.se/panzerglass-samsung-2***********
3967**********478***********
**********https://webshop.brightstar-2020.se/panzerglass-samsung-3***********
3967**********479***********
**********https://webshop.brightstar-2020.se/panzerglass-samsung-4***********
3967**********480***********
**********https://webshop.brightstar-2020.se/panzerglass-samsung-5***********
3967**********481***********
**********https://webshop.brightstar-2020.se/panzerglass-apple-20***********
3967**********482***********
**********https://webshop.brightstar-2020.se/key-flat-glass-2d-preikestolen-1***********
description non-exist
3967**********483***********
**********https://webshop.brightstar-2020.se/key-flat-glass-2d-preikestolen***********
description non-exist
3967**********484***********
**********https://webshop.brightstar-2020.se/key-curved-glass-5d-besseggen-9***********
description non-exist
3967**********485***********
**********https://webshop.brightstar-2020.se/tech21-impact-sheild-3***********
3967**********486***********
**********https://webshop.brightstar-2020.se/tech21-impact-sheild-6***********
3967**********487***********
**********https://webshop.brightstar-2020.se/tech21-impact-sheild-5***********
3967**********488***********
**********https://webshop.brightstar-2020.se/tech21-impact-sheild-4***********
3967**********489***********
**********https://webshop.brightstar-2020.se/panzerglass-apple-17***********
3967**********490***********
**********https://webshop.brightstar-2020.se/panzerglass-apple-16***********
3967**********491***********
**********https://webshop.brightstar-2020.se/panzerglass-apple-19***********
3967**********492***********
**********https://webshop.brightstar-2020.se/panzerglass-apple-11***********
3967**********493***********
**********https://webshop.brightstar-2020.se/panzerglass-apple-12***********
3967**********494***********
**********https://webshop.brightstar-2020.se/panzerglass-apple-13***********
3967**********495***********
**********https://webshop.brightstar-2020.se/panzerglass-apple-14***********
3967**********496***********
**********https://webshop.brightstar-2020.se/panzerglass-apple-15***********
3967**********497***********
**********https://webshop.brightstar-2020.se/panzerglass-apple-18***********
3967**********498***********
**********https://webshop.brightstar-2020.se/panzerglass-samsung-galaxy-25***********
3967**********499***********
**********https://webshop.brightstar-2020.se/panzerglass-samsung-galaxy-27***********
3967**********500***********
**********https://webshop.brightstar-2020.se/panzerglass-samsung-galaxy-26***********
3967**********501***********
**********https://webshop.brightstar-2020.se/panzerglass-oneplus-7-pro***********
3967**********502***********
**********https://webshop.brightstar-2020.se/panzerglass-sony-xperia-1***********
3967**********503***********
**********https://webshop.brightstar-2020.se/panzerglass-nokia-1***********
3967**********504***********
**********https://webshop.brightstar-2020.se/panzerglass-nokia***********
3967**********505***********
**********https://webshop.brightstar-2020.se/panzerglass-oneplus***********
3967**********506***********
**********https://webshop.brightstar-2020.se/panzerglass-oneplus-1***********
3967**********507***********
**********https://webshop.brightstar-2020.se/panzerglass-samsung-galaxy-2***********
3967**********508***********
**********https://webshop.brightstar-2020.se/panzerglass-samsung-galaxy-10***********
3967**********509***********
**********https://webshop.brightstar-2020.se/panzerglass-samsung-galaxy-6***********
3967**********510***********
**********https://webshop.brightstar-2020.se/panzerglass-samsung-galaxy-5***********
3967**********511***********
**********https://webshop.brightstar-2020.se/panzerglass-samsung-galaxy-17***********
3967**********512***********
**********https://webshop.brightstar-2020.se/panzerglass-samsung-galaxy-7***********
3967**********513***********
**********https://webshop.brightstar-2020.se/panzerglass-samsung-galaxy-16***********
3967**********514***********
**********https://webshop.brightstar-2020.se/panzerglass-samsung-galaxy-8***********
3967**********515***********
**********https://webshop.brightstar-2020.se/panzerglass-samsung***********
3967**********516***********
**********https://webshop.brightstar-2020.se/panzerglass-sony-xperia-2***********
3967**********517***********
**********https://webshop.brightstar-2020.se/panzerglass-8***********
3967**********518***********
**********https://webshop.brightstar-2020.se/panzerglass-samsung-galaxy-15***********
3967**********519***********
**********https://webshop.brightstar-2020.se/panzerglass-samsung-galaxy-13***********
3967**********520***********
**********https://webshop.brightstar-2020.se/panzerglass-samsung-galaxy-12***********
3967**********521***********
**********https://webshop.brightstar-2020.se/panzerglass-samsung-galaxy-3***********
3967**********522***********
**********https://webshop.brightstar-2020.se/panzerglass-samsung-galaxy-14***********
3967**********523***********
**********https://webshop.brightstar-2020.se/panzerglass-samsung-galaxy-4***********
3967**********524***********
**********https://webshop.brightstar-2020.se/panzerglass-samsung-galaxy-1***********
3967**********525***********
**********https://webshop.brightstar-2020.se/panzerglass-samsung-galaxy-21***********
3967**********526***********
**********https://webshop.brightstar-2020.se/panzerglass-samsung-galaxy-18***********
3967**********527***********
**********https://webshop.brightstar-2020.se/panzerglass-samsung-galaxy-23***********
3967**********528***********
**********https://webshop.brightstar-2020.se/panzerglass-samsung-galaxy-20***********
3967**********529***********
**********https://webshop.brightstar-2020.se/panzerglass-samsung-galaxy-22***********
3967**********530***********
**********https://webshop.brightstar-2020.se/panzerglass-samsung-galaxy-19***********
3967**********531***********
**********https://webshop.brightstar-2020.se/panzerglass-samsung-galaxy-11***********
3967**********532***********
**********https://webshop.brightstar-2020.se/panzerglass-samsung-galaxy-9***********
3967**********533***********
**********https://webshop.brightstar-2020.se/panzerglass-samsung-galaxy***********
3967**********534***********
**********https://webshop.brightstar-2020.se/panzerglass-samsung-galaxy-24***********
3967**********535***********
**********https://webshop.brightstar-2020.se/panzerglass-sony***********
3967**********536***********
**********https://webshop.brightstar-2020.se/panzerglass-sony-xperia***********
3967**********537***********
**********https://webshop.brightstar-2020.se/panzerglass-huawei-p-smart-z***********
3967**********538***********
**********https://webshop.brightstar-2020.se/panzerglass-huawei-8***********
3967**********539***********
**********https://webshop.brightstar-2020.se/panzerglass-huawei-2***********
3967**********540***********
**********https://webshop.brightstar-2020.se/panzerglass-huawei-3***********
3967**********541***********
**********https://webshop.brightstar-2020.se/panzerglass-huawei-p-smart-blk***********
3967**********542***********
**********https://webshop.brightstar-2020.se/panzerglass-huawei-4***********
3967**********543***********
**********https://webshop.brightstar-2020.se/panzerglass-huawei-5***********
3967**********544***********
**********https://webshop.brightstar-2020.se/panzerglass-huawei-6***********
3967**********545***********
**********https://webshop.brightstar-2020.se/panzerglass-huawei-y6-y6-pro***********
3967**********546***********
**********https://webshop.brightstar-2020.se/panzerglass-huawei-1***********
3967**********547***********
**********https://webshop.brightstar-2020.se/panzerglass-huawei-7***********
description non-exist
3967**********548***********
**********https://webshop.brightstar-2020.se/panzerglass-apple-2***********
3967**********549***********
**********https://webshop.brightstar-2020.se/panzerglass-apple-9***********
3967**********550***********
**********https://webshop.brightstar-2020.se/panzerglass-apple-10***********
3967**********551***********
**********https://webshop.brightstar-2020.se/panzerglass-apple-1***********
3967**********552***********
**********https://webshop.brightstar-2020.se/panzerglass-apple-3***********
3967**********553***********
**********https://webshop.brightstar-2020.se/panzerglass-apple***********
3967**********554***********
**********https://webshop.brightstar-2020.se/panzerglass-apple-4***********
3967**********555***********
**********https://webshop.brightstar-2020.se/panzerglass-apple-7***********
3967**********556***********
**********https://webshop.brightstar-2020.se/panzerglass-apple-5***********
3967**********557***********
**********https://webshop.brightstar-2020.se/panzerglass-apple-8***********
3967**********558***********
**********https://webshop.brightstar-2020.se/panzerglass-apple-6***********
3967**********559***********
**********https://webshop.brightstar-2020.se/panzerglass-asus***********
description non-exist
3967**********560***********
**********https://webshop.brightstar-2020.se/tech21-impact-sheild***********
3967**********561***********
**********https://webshop.brightstar-2020.se/tech21-impact-sheild-2***********
3967**********562***********
**********https://webshop.brightstar-2020.se/tech21-impact-sheild-1***********
3967**********563***********
**********https://webshop.brightstar-2020.se/copter-screenprotector-214***********
3967**********564***********
**********https://webshop.brightstar-2020.se/copter-screenprotector-bulk-5***********
3967**********565***********
**********https://webshop.brightstar-2020.se/copter-screenprotector-bulk-4***********
description non-exist
3967**********566***********
**********https://webshop.brightstar-2020.se/copter-exoglass-150***********
description non-exist
3967**********567***********
**********https://webshop.brightstar-2020.se/copter-exoglass-149***********
description non-exist
3967**********568***********
**********https://webshop.brightstar-2020.se/copter-exoglass-curved-frame-81***********
description non-exist
3967**********569***********
**********https://webshop.brightstar-2020.se/copter-exoglass-curved-frame-82***********
description non-exist
3967**********570***********
**********https://webshop.brightstar-2020.se/copter-exoglass-curved-frame-84***********
description non-exist
3967**********571***********
**********https://webshop.brightstar-2020.se/copter-exoglass-curved-frame-83***********
description non-exist
3967**********572***********
**********https://webshop.brightstar-2020.se/copter-exoglass-151***********
description non-exist
3967**********573***********
**********https://webshop.brightstar-2020.se/key-flat-glass-preikestolen-35***********
description non-exist
3967**********574***********
**********https://webshop.brightstar-2020.se/key-curved-glass-4d-besseggen-1***********
description non-exist
3967**********575***********
**********https://webshop.brightstar-2020.se/key-curved-glass-4d-besseggen***********
3967**********576***********
**********https://webshop.brightstar-2020.se/key-curved-glass-4d-besseggen-4***********
description non-exist
3967**********577***********
**********https://webshop.brightstar-2020.se/key-curved-glass-4d-besseggen-3***********
description non-exist
3967**********578***********
**********https://webshop.brightstar-2020.se/key-curved-glass-4d-besseggen-2***********
description non-exist
3967**********579***********
**********https://webshop.brightstar-2020.se/copter-exoglass-bulk-8***********
description non-exist
3967**********580***********
**********https://webshop.brightstar-2020.se/copter-exoglass-146***********
3967**********581***********
**********https://webshop.brightstar-2020.se/copter-exoglass-147***********
3967**********582***********
**********https://webshop.brightstar-2020.se/copter-screenprotector-209***********
3967**********583***********
**********https://webshop.brightstar-2020.se/copter-exoglass-148***********
description non-exist
3967**********584***********
**********https://webshop.brightstar-2020.se/copter-screenprotector-208***********
description non-exist
3967**********585***********
**********https://webshop.brightstar-2020.se/copter-screenprotector-211***********
description non-exist
3967**********586***********
**********https://webshop.brightstar-2020.se/copter-screenprotector-210***********
description non-exist
3967**********587***********
**********https://webshop.brightstar-2020.se/copter-screenprotector-212***********
description non-exist
3967**********588***********
**********https://webshop.brightstar-2020.se/copter-screenprotector-213***********
3967**********589***********
**********https://webshop.brightstar-2020.se/copter-exoglass-curved-frame-80***********
3967**********590***********
**********https://webshop.brightstar-2020.se/copter-exoglass-curved-frame-79***********
3967**********591***********
**********https://webshop.brightstar-2020.se/copter-exoglass-curved-frame-76***********
3967**********592***********
**********https://webshop.brightstar-2020.se/copter-exoglass-curved-frame-77***********
3967**********593***********
**********https://webshop.brightstar-2020.se/copter-exoglass-144***********
3967**********594***********
**********https://webshop.brightstar-2020.se/copter-exoglass-143***********
3967**********595***********
**********https://webshop.brightstar-2020.se/copter-exoglass-curved-frame-78***********
3967**********596***********
**********https://webshop.brightstar-2020.se/copter-exoglass-145***********
3967**********597***********
**********https://webshop.brightstar-2020.se/copter-exoglass-141***********
3967**********598***********
**********https://webshop.brightstar-2020.se/copter-exoglass-142***********
3967**********599***********
**********https://webshop.brightstar-2020.se/copter-exoglass-140***********
3967**********600***********
**********https://webshop.brightstar-2020.se/key-curved-glass-5d-besseggen-8***********
description non-exist
3967**********601***********
**********https://webshop.brightstar-2020.se/key-flat-glass-preikestolen-10***********
3967**********602***********
**********https://webshop.brightstar-2020.se/key-flat-glass-preikestolen-11***********
3967**********603***********
**********https://webshop.brightstar-2020.se/key-curved-glass-5d-besseggen-7***********
3967**********604***********
**********https://webshop.brightstar-2020.se/key-curved-glass-5d-besseggen-6***********
3967**********605***********
**********https://webshop.brightstar-2020.se/key-curved-glass-3d-besseggen-2***********
3967**********606***********
**********https://webshop.brightstar-2020.se/key-privacy-glass-senja-2***********
3967**********607***********
**********https://webshop.brightstar-2020.se/key-flat-glass-preikestolen-3***********
3967**********608***********
**********https://webshop.brightstar-2020.se/key-curved-glass-3d-besseggen-3***********
3967**********609***********
**********https://webshop.brightstar-2020.se/key-privacy-glass-senja-3***********
3967**********610***********
**********https://webshop.brightstar-2020.se/key-flat-glass-preikestolen-4***********
3967**********611***********
**********https://webshop.brightstar-2020.se/key-curved-glass-3d-besseggen-4***********
3967**********612***********
**********https://webshop.brightstar-2020.se/key-privacy-glass-senja-4***********
3967**********613***********
**********https://webshop.brightstar-2020.se/key-flat-glass-preikestolen-5***********
3967**********614***********
**********https://webshop.brightstar-2020.se/key-curved-glass-3d-besseggen***********
3967**********615***********
**********https://webshop.brightstar-2020.se/key-privacy-glass-senja***********
3967**********616***********
**********https://webshop.brightstar-2020.se/key-flat-glass-preikestolen-1***********
3967**********617***********
**********https://webshop.brightstar-2020.se/key-flat-glass-preikestolen-2***********
3967**********618***********
**********https://webshop.brightstar-2020.se/key-flat-glass-preikestolen-21***********
3967**********619***********
**********https://webshop.brightstar-2020.se/key-flat-glass-preikestolen-22***********
3967**********620***********
**********https://webshop.brightstar-2020.se/key-flat-glass-preikestolen-23***********
3967**********621***********
**********https://webshop.brightstar-2020.se/key-flat-glass-preikestolen-20***********
3967**********622***********
**********https://webshop.brightstar-2020.se/panzerglass-huawei***********
3967**********623***********
**********https://webshop.brightstar-2020.se/doro-screen-protector-2***********
description non-exist
3967**********624***********
**********https://webshop.brightstar-2020.se/doro-screen-protector-1***********
description non-exist
3967**********625***********
**********https://webshop.brightstar-2020.se/copter-exoglass-138***********
description non-exist
3967**********626***********
**********https://webshop.brightstar-2020.se/copter-exoglass-139***********
description non-exist
3967**********627***********
**********https://webshop.brightstar-2020.se/copter-exoglass-136***********
description non-exist
3967**********628***********
**********https://webshop.brightstar-2020.se/copter-exoglass-134***********
description non-exist
3967**********629***********
**********https://webshop.brightstar-2020.se/copter-exoglass-135***********
description non-exist
3967**********630***********
**********https://webshop.brightstar-2020.se/copter-exoglass-132***********
description non-exist
3967**********631***********
**********https://webshop.brightstar-2020.se/copter-exoglass-130***********
description non-exist
3967**********632***********
**********https://webshop.brightstar-2020.se/copter-exoglass-129***********
description non-exist
3967**********633***********
**********https://webshop.brightstar-2020.se/copter-exoglass-128***********
description non-exist
3967**********634***********
**********https://webshop.brightstar-2020.se/copter-exoglass-curved-frame-74***********
3967**********635***********
**********https://webshop.brightstar-2020.se/copter-exoglass-curved-frame-75***********
3967**********636***********
**********https://webshop.brightstar-2020.se/copter-screenprotector-bulk-3***********
description non-exist
3967**********637***********
**********https://webshop.brightstar-2020.se/oneplus-3d-tempered-glass-2***********
3967**********638***********
**********https://webshop.brightstar-2020.se/copter-screenprotector-204***********
description non-exist
3967**********639***********
**********https://webshop.brightstar-2020.se/copter-screenprotector-206***********
description non-exist
3967**********640***********
**********https://webshop.brightstar-2020.se/copter-screenprotector-207***********
description non-exist
3967**********641***********
**********https://webshop.brightstar-2020.se/copter-screenprotector-205***********
description non-exist
3967**********642***********
**********https://webshop.brightstar-2020.se/tech21-impact-shield-16***********
3967**********643***********
**********https://webshop.brightstar-2020.se/copter-exoglass-127***********
description non-exist
3967**********644***********
**********https://webshop.brightstar-2020.se/ideal-glass-7***********
description non-exist
3967**********645***********
**********https://webshop.brightstar-2020.se/ideal-glass-8***********
description non-exist
3967**********646***********
**********https://webshop.brightstar-2020.se/test-article***********
description non-exist
3967**********647***********
**********https://webshop.brightstar-2020.se/copter-exoglass-125***********
3967**********648***********
**********https://webshop.brightstar-2020.se/copter-exoglass-curved-frame-72***********
description non-exist
3967**********649***********
**********https://webshop.brightstar-2020.se/copter-screenprotector-203***********
description non-exist
3967**********650***********
**********https://webshop.brightstar-2020.se/copter-privacy-glass-15***********
description non-exist
3967**********651***********
**********https://webshop.brightstar-2020.se/copter-privacy-glass-13***********
description non-exist
3967**********652***********
**********https://webshop.brightstar-2020.se/copter-privacy-glass-14***********
description non-exist
3967**********653***********
**********https://webshop.brightstar-2020.se/tech21-impact-shield-15***********
3967**********654***********
**********https://webshop.brightstar-2020.se/tech21-impact-shield-14***********
3967**********655***********
**********https://webshop.brightstar-2020.se/copter-screenprotector-202***********
description non-exist
3967**********656***********
**********https://webshop.brightstar-2020.se/copter-exoglass-curved-frame-71***********
description non-exist
3967**********657***********
**********https://webshop.brightstar-2020.se/copter-exoglass-121***********
description non-exist
3967**********658***********
**********https://webshop.brightstar-2020.se/copter-screenprotector-bulk-2***********
description non-exist
3967**********659***********
**********https://webshop.brightstar-2020.se/copter-screenprotector-197***********
description non-exist
3967**********660***********
**********https://webshop.brightstar-2020.se/key-liquid-nano-glass***********
description non-exist
3967**********661***********
**********https://webshop.brightstar-2020.se/copter-privacy-glass-10***********
description non-exist
3967**********662***********
**********https://webshop.brightstar-2020.se/copter-privacy-glass-11***********
3967**********663***********
**********https://webshop.brightstar-2020.se/copter-privacy-glass-12***********
3967**********664***********
**********https://webshop.brightstar-2020.se/copter-privacy-glass-8***********
description non-exist
3967**********665***********
**********https://webshop.brightstar-2020.se/copter-privacy-glass-7***********
description non-exist
3967**********666***********
**********https://webshop.brightstar-2020.se/copter-screenprotector-194***********
description non-exist
3967**********667***********
**********https://webshop.brightstar-2020.se/oneplus-3d-tempered-glass-1***********
description non-exist
3967**********668***********
**********https://webshop.brightstar-2020.se/copter-screenprotector-190***********
description non-exist
3967**********669***********
**********https://webshop.brightstar-2020.se/copter-screenprotector-191***********
description non-exist
3967**********670***********
**********https://webshop.brightstar-2020.se/copter-exoglass-curved-frame-61***********
description non-exist
3967**********671***********
**********https://webshop.brightstar-2020.se/copter-exoglass-curved-frame-62***********
description non-exist
3967**********672***********
**********https://webshop.brightstar-2020.se/copter-exoglass-curved-frame-63***********
description non-exist
3967**********673***********
**********https://webshop.brightstar-2020.se/copter-exoglass-curved-frame-64***********
description non-exist
3967**********674***********
**********https://webshop.brightstar-2020.se/copter-exoglass-117***********
3967**********675***********
**********https://webshop.brightstar-2020.se/copter-exoglass-116***********
3967**********676***********
**********https://webshop.brightstar-2020.se/copter-exoglass-118***********
description non-exist
3967**********677***********
**********https://webshop.brightstar-2020.se/copter-exoglass-119***********
description non-exist
3967**********678***********
**********https://webshop.brightstar-2020.se/copter-screenprotector-189***********
3967**********679***********
**********https://webshop.brightstar-2020.se/copter-screenprotector-185***********
description non-exist
3967**********680***********
**********https://webshop.brightstar-2020.se/copter-screenprotector-186***********
3967**********681***********
**********https://webshop.brightstar-2020.se/copter-screenprotector-184***********
description non-exist
3967**********682***********
**********https://webshop.brightstar-2020.se/copter-privacyfilter-3***********
description non-exist
3967**********683***********
**********https://webshop.brightstar-2020.se/samsung-s10e-screen-protector***********
3967**********684***********
**********https://webshop.brightstar-2020.se/copter-exoglass-bulk-7***********
description non-exist
3967**********685***********
**********https://webshop.brightstar-2020.se/copter-screenprotector-182***********
3967**********686***********
**********https://webshop.brightstar-2020.se/copter-screenprotector-183***********
3967**********687***********
**********https://webshop.brightstar-2020.se/copter-exoglass-curved-frame-60***********
3967**********688***********
**********https://webshop.brightstar-2020.se/copter-screenprotector-181***********
3967**********689***********
**********https://webshop.brightstar-2020.se/copter-exoglass-curved-frame-59***********
3967**********690***********
**********https://webshop.brightstar-2020.se/copter-exoglass-114***********
3967**********691***********
**********https://webshop.brightstar-2020.se/copter-exoglass-curved-frame-58***********
3967**********692***********
**********https://webshop.brightstar-2020.se/copter-privacy-glass-2***********
3967**********693***********
**********https://webshop.brightstar-2020.se/copter-privacy-glass-1***********
3967**********694***********
**********https://webshop.brightstar-2020.se/copter-privacy-glass-3***********
3967**********695***********
**********https://webshop.brightstar-2020.se/copter-privacy-glass-6***********
3967**********696***********
**********https://webshop.brightstar-2020.se/copter-privacy-glass***********
3967**********697***********
**********https://webshop.brightstar-2020.se/copter-exoglass-113***********
3967**********698***********
**********https://webshop.brightstar-2020.se/copter-exoglass-bulk-10-pack***********
description non-exist
3967**********699***********
**********https://webshop.brightstar-2020.se/celly-fullglass-2***********
3967**********700***********
**********https://webshop.brightstar-2020.se/celly-fullglass-1***********
3967**********701***********
**********https://webshop.brightstar-2020.se/copter-screenprotector-177***********
3967**********702***********
**********https://webshop.brightstar-2020.se/copter-screenprotector-178***********
3967**********703***********
**********https://webshop.brightstar-2020.se/copter-screenprotector-179***********
3967**********704***********
**********https://webshop.brightstar-2020.se/copter-screenprotector-176***********
description non-exist
3967**********705***********
**********https://webshop.brightstar-2020.se/copter-exoglass-bulk-6***********
3967**********706***********
**********https://webshop.brightstar-2020.se/copter-screenprotector-174***********
3967**********707***********
**********https://webshop.brightstar-2020.se/ideal-glass-6***********
3967**********708***********
**********https://webshop.brightstar-2020.se/celly-easy-glass-14***********
3967**********709***********
**********https://webshop.brightstar-2020.se/celly-easy-glass-15***********
3967**********710***********
**********https://webshop.brightstar-2020.se/celly-full-glass-5***********
3967**********711***********
**********https://webshop.brightstar-2020.se/celly-easyglass***********
3967**********712***********
**********https://webshop.brightstar-2020.se/celly-full-glass-2***********
3967**********713***********
**********https://webshop.brightstar-2020.se/copter-exoglass-curved-frame-54***********
description non-exist
3967**********714***********
**********https://webshop.brightstar-2020.se/copter-screenprotector-172***********
description non-exist
3967**********715***********
**********https://webshop.brightstar-2020.se/copter-exoglass-bulk-5***********
description non-exist
3967**********716***********
**********https://webshop.brightstar-2020.se/copter-exoglass-107***********
description non-exist
3967**********717***********
**********https://webshop.brightstar-2020.se/copter-exoglass-curved-frame-52***********
3967**********718***********
**********https://webshop.brightstar-2020.se/copter-screenprotector-166***********
3967**********719***********
**********https://webshop.brightstar-2020.se/copter-screenprotector-164***********
3967**********720***********
**********https://webshop.brightstar-2020.se/oneplus-6t-screen-protector***********
description non-exist
3967**********721***********
**********https://webshop.brightstar-2020.se/copter-exoglass-curved-frame-50***********
3967**********722***********
**********https://webshop.brightstar-2020.se/copter-exoglass-curved-frame-51***********
description non-exist
3967**********723***********
**********https://webshop.brightstar-2020.se/copter-screenprotector-159***********
3967**********724***********
**********https://webshop.brightstar-2020.se/copter-screenprotector-158***********
description non-exist
3967**********725***********
**********https://webshop.brightstar-2020.se/copter-exoglass-curved-frame-49***********
3967**********726***********
**********https://webshop.brightstar-2020.se/copter-exoglass-104***********
3967**********727***********
**********https://webshop.brightstar-2020.se/copter-exoglass-curved-frame-47***********
3967**********728***********
**********https://webshop.brightstar-2020.se/copter-exoglass-103***********
3967**********729***********
**********https://webshop.brightstar-2020.se/copter-exoglass-curved-frame-46***********
3967**********730***********
**********https://webshop.brightstar-2020.se/copter-exoglass-105***********
3967**********731***********
**********https://webshop.brightstar-2020.se/copter-exoglass-curved-frame-48***********
3967**********732***********
**********https://webshop.brightstar-2020.se/copter-screenprotector-152***********
3967**********733***********
**********https://webshop.brightstar-2020.se/copter-screenprotector-153***********
3967**********734***********
**********https://webshop.brightstar-2020.se/copter-screenprotector-154***********
3967**********735***********
**********https://webshop.brightstar-2020.se/copter-exoglass-102***********
3967**********736***********
**********https://webshop.brightstar-2020.se/copter-exoglass-97***********
description non-exist
3967**********737***********
**********https://webshop.brightstar-2020.se/copter-screenprotector-151***********
3967**********738***********
**********https://webshop.brightstar-2020.se/copter-exoglass-93***********
3967**********739***********
**********https://webshop.brightstar-2020.se/copter-screenprotector-147***********
3967**********740***********
**********https://webshop.brightstar-2020.se/copter-exoglass-curved-frame-44***********
3967**********741***********
**********https://webshop.brightstar-2020.se/copter-exoglass-curved-frame-42***********
3967**********742***********
**********https://webshop.brightstar-2020.se/copter-exoglass-91***********
3967**********743***********
**********https://webshop.brightstar-2020.se/copter-exoglass-92***********
3967**********744***********
**********https://webshop.brightstar-2020.se/copter-exoglass-90***********
3967**********745***********
**********https://webshop.brightstar-2020.se/copter-screenprotector-146***********
3967**********746***********
**********https://webshop.brightstar-2020.se/copter-screenprotector-144***********
3967**********747***********
**********https://webshop.brightstar-2020.se/doro-screen-protector-8035***********
3967**********748***********
**********https://webshop.brightstar-2020.se/celly-glass-antiblueray-16***********
3967**********749***********
**********https://webshop.brightstar-2020.se/celly-glass-antiblueray-14***********
3967**********750***********
**********https://webshop.brightstar-2020.se/celly-glass-antiblueray-15***********
3967**********751***********
**********https://webshop.brightstar-2020.se/copter-screenprotector-134***********
3967**********752***********
**********https://webshop.brightstar-2020.se/celly-easy-glass-9***********
3967**********753***********
**********https://webshop.brightstar-2020.se/copter-screenprotector-129***********
3967**********754***********
**********https://webshop.brightstar-2020.se/celly-easy-glass-8***********
3967**********755***********
**********https://webshop.brightstar-2020.se/copter-screenprotector-127***********
3967**********756***********
**********https://webshop.brightstar-2020.se/copter-exoglass-89***********
3967**********757***********
**********https://webshop.brightstar-2020.se/celly-easy-glass-5***********
3967**********758***********
**********https://webshop.brightstar-2020.se/celly-glass-universal-xl***********
3967**********759***********
**********https://webshop.brightstar-2020.se/doro-8040-screen-protector-1***********
description non-exist
3967**********760***********
**********https://webshop.brightstar-2020.se/copter-impactprotector-10***********
3967**********761***********
**********https://webshop.brightstar-2020.se/key-supreme-glass-curved-fgl-2***********
3967**********762***********
**********https://webshop.brightstar-2020.se/copter-exoglass-curved-frame-37***********
3967**********763***********
**********https://webshop.brightstar-2020.se/copter-exoglass-curved-frame-36***********
3967**********764***********
**********https://webshop.brightstar-2020.se/copter-exoglass-74***********
Spider error processing <GET https://webshop.brightstar-2020.se/> (referer: None)
Traceback (most recent call last):
  File "c:\users\song\appdata\local\programs\python\python38-32\lib\site-packages\twisted\internet\defer.py", line 654, in _runCallbacks
    current.result = callback(current.result, *args, **kw)
  File "E:\Jenys_work\BRIGHTSTAR\scraping\spiders\brightstar(all).py", line 102, in parse
    self.driver.get(list2[j])
  File "c:\users\song\appdata\local\programs\python\python38-32\lib\site-packages\selenium\webdriver\remote\webdriver.py", line 333, in get
    self.execute(Command.GET, {'url': url})
  File "c:\users\song\appdata\local\programs\python\python38-32\lib\site-packages\selenium\webdriver\remote\webdriver.py", line 321, in execute
    self.error_handler.check_response(response)
  File "c:\users\song\appdata\local\programs\python\python38-32\lib\site-packages\selenium\webdriver\remote\errorhandler.py", line 242, in check_response
    raise exception_class(message, screen, stacktrace)
selenium.common.exceptions.WebDriverException: Message: unknown error: cannot determine loading status
from unknown error: cannot determine loading status
from disconnected: received Inspector.detached event
  (Session info: chrome=80.0.3987.149)

Crawled 2 pages (at 2 pages/min), scraped 0 items (at 0 items/min)
Closing spider (finished)
Dumping Scrapy stats:
{'downloader/request_bytes': 634,
 'downloader/request_count': 2,
 'downloader/request_method_count/GET': 2,
 'downloader/response_bytes': 4475,
 'downloader/response_count': 2,
 'downloader/response_status_count/200': 1,
 'downloader/response_status_count/404': 1,
 'elapsed_time_seconds': 11425.628612,
 'finish_reason': 'finished',
 'finish_time': datetime.datetime(2020, 4, 1, 1, 46, 42, 349272),
 'log_count/DEBUG': 6,
 'log_count/ERROR': 1,
 'log_count/INFO': 1881,
 'response_received_count': 2,
 'robotstxt/request_count': 1,
 'robotstxt/response_count': 1,
 'robotstxt/response_status_count/404': 1,
 'scheduler/dequeued': 1,
 'scheduler/dequeued/memory': 1,
 'scheduler/enqueued': 1,
 'scheduler/enqueued/memory': 1,
 'spider_exceptions/WebDriverException': 1,
 'start_time': datetime.datetime(2020, 3, 31, 22, 36, 16, 720660)}
Spider closed (finished)
