Start
60**********0***********
**********https://webshop.brightstar-2020.se/mobiltelefoner-1/android***********
60**********1***********
**********https://webshop.brightstar-2020.se/mobiltelefoner-1/iphone***********
60**********2***********
**********https://webshop.brightstar-2020.se/mobiltelefoner-1/knapptelefoner***********
60**********3***********
**********https://webshop.brightstar-2020.se/mobiltillbehor-1/others-2***********
60**********4***********
**********https://webshop.brightstar-2020.se/mobiltillbehor-1/sleeves-bags-6***********
60**********5***********
**********https://webshop.brightstar-2020.se/mobiltillbehor-1/horlurar-headset***********
60**********6***********
**********https://webshop.brightstar-2020.se/mobiltillbehor-1/hogtalare-2***********
60**********7***********
**********https://webshop.brightstar-2020.se/mobiltillbehor-1/skaermskydd-21***********
60**********8***********
**********https://webshop.brightstar-2020.se/mobiltillbehor-1/skydd-fodral***********
60**********9***********
**********https://webshop.brightstar-2020.se/mobiltillbehor-1/plaanbocker-vaeskor***********
60**********10***********
**********https://webshop.brightstar-2020.se/mobiltillbehor-1/wearables-1***********
60**********11***********
**********https://webshop.brightstar-2020.se/mobiltillbehor-1/laddare-batterier***********
60**********12***********
**********https://webshop.brightstar-2020.se/mobiltillbehor-1/haallare-biltillbehor-20***********
60**********13***********
**********https://webshop.brightstar-2020.se/mobiltillbehor-1/data-docking***********
60**********14***********
**********https://webshop.brightstar-2020.se/mobiltillbehor-1/gadgets***********
60**********15***********
**********https://webshop.brightstar-2020.se/surfplattor/android-2***********
60**********16***********
**********https://webshop.brightstar-2020.se/surfplattor/ios***********
60**********17***********
**********https://webshop.brightstar-2020.se/surfplattor/mellan-8-till-8-9-tum***********
60**********18***********
**********https://webshop.brightstar-2020.se/surfplattor/storre-aen-10-tum***********
60**********19***********
**********https://webshop.brightstar-2020.se/tillbehor-surfplattor/cables-adapters***********
60**********20***********
**********https://webshop.brightstar-2020.se/tillbehor-surfplattor/charging-1***********
60**********21***********
**********https://webshop.brightstar-2020.se/tillbehor-surfplattor/vaeskor-fodral***********
60**********22***********
**********https://webshop.brightstar-2020.se/tillbehor-surfplattor/skaermskydd-20***********
60**********23***********
**********https://webshop.brightstar-2020.se/tillbehor-surfplattor/tangentbord-1***********
60**********24***********
**********https://webshop.brightstar-2020.se/tillbehor-surfplattor/ovrigt-31***********
60**********25***********
**********https://webshop.brightstar-2020.se/smart-home/main-hubs***********
60**********26***********
**********https://webshop.brightstar-2020.se/smart-home/power***********
60**********27***********
**********https://webshop.brightstar-2020.se/smart-home/appliances***********
60**********28***********
**********https://webshop.brightstar-2020.se/smart-home/security-sensors***********
60**********29***********
**********https://webshop.brightstar-2020.se/smart-home/accessories-3***********
60**********30***********
**********https://webshop.brightstar-2020.se/datorer-tillbehor/cables***********
60**********31***********
**********https://webshop.brightstar-2020.se/datorer-tillbehor/fodral-vaeskor***********
60**********32***********
**********https://webshop.brightstar-2020.se/fast-telefoni-1/traadlosa-telefoner***********
60**********33***********
**********https://webshop.brightstar-2020.se/fast-telefoni-1/telefoner-4***********
60**********34***********
**********https://webshop.brightstar-2020.se/fast-telefoni-1/sip-telefoner***********
60**********35***********
**********https://webshop.brightstar-2020.se/fast-telefoni-1/tillbehor-7***********
60**********36***********
**********https://webshop.brightstar-2020.se/konferenstelefoner-3/conference-video-1***********
60**********37***********
**********https://webshop.brightstar-2020.se/konferenstelefoner-3/konferenstelefoner-2***********
60**********38***********
**********https://webshop.brightstar-2020.se/konferenstelefoner-3/konferenstillbehor***********
60**********39***********
**********https://webshop.brightstar-2020.se/professionella-headset/traadat-1***********
60**********40***********
**********https://webshop.brightstar-2020.se/professionella-headset/traadlosa-3***********
60**********41***********
**********https://webshop.brightstar-2020.se/professionella-headset/usb-med-sladd***********
60**********42***********
**********https://webshop.brightstar-2020.se/professionella-headset/tillbehor-6***********
60**********43***********
**********https://webshop.brightstar-2020.se/professionella-headset/hogtalartelefon***********
60**********44***********
**********https://webshop.brightstar-2020.se/minneskort-lagring/usb-sticka***********
60**********45***********
**********https://webshop.brightstar-2020.se/minneskort-lagring/minneskort-14***********
60**********46***********
**********https://webshop.brightstar-2020.se/minneskort-lagring/tillbehor-8***********
60**********47***********
**********https://webshop.brightstar-2020.se/mobilt-bredband/usb-modem***********
60**********48***********
**********https://webshop.brightstar-2020.se/mobilt-bredband/routrar-1***********
60**********49***********
**********https://webshop.brightstar-2020.se/mobilt-bredband/antenner***********
60**********50***********
**********https://webshop.brightstar-2020.se/mobilt-bredband/ovrigt-28***********
60**********51***********
**********https://webshop.brightstar-2020.se/naetverk/modem-gateway***********
60**********52***********
**********https://webshop.brightstar-2020.se/naetverk/switchtar***********
60**********53***********
**********https://webshop.brightstar-2020.se/konsumentelektronik/audio-video***********
60**********54***********
**********https://webshop.brightstar-2020.se/konsumentelektronik/bevakning-styrning***********
60**********55***********
**********https://webshop.brightstar-2020.se/konsumentelektronik/multimedia-1***********
60**********56***********
**********https://webshop.brightstar-2020.se/konsumentelektronik/radio-kommunikation-1***********
60**********57***********
**********https://webshop.brightstar-2020.se/mervaerdestjaenster/sales-kit-bundling***********
60**********58***********
**********https://webshop.brightstar-2020.se/mervaerdestjaenster/haardvarukonfiguration***********
60**********59***********
**********https://webshop.brightstar-2020.se/mervaerdestjaenster/3pl-tredjepartslogistik***********
3960**********2493***********
**********https://webshop.brightstar-2020.se/ideal-mayfair-clutch-12***********
3960**********2494***********
**********https://webshop.brightstar-2020.se/ideal-mayfair-clutch-13***********
3960**********2495***********
**********https://webshop.brightstar-2020.se/ideal-mayfair-clutch-14***********
3960**********2496***********
**********https://webshop.brightstar-2020.se/ideal-mayfair-clutch-10***********
description non-exist
3960**********2497***********
**********https://webshop.brightstar-2020.se/ideal-fashion-wallet-19***********
3960**********2498***********
**********https://webshop.brightstar-2020.se/ideal-fashion-wallet-20***********
3960**********2499***********
**********https://webshop.brightstar-2020.se/ideal-sthlm-wallet-7***********
description non-exist
3960**********2500***********
**********https://webshop.brightstar-2020.se/huawei-flip-cover-7***********
3960**********2501***********
**********https://webshop.brightstar-2020.se/huawei-flip-cover-6***********
3960**********2502***********
**********https://webshop.brightstar-2020.se/asus-folio-cover***********
3960**********2503***********
**********https://webshop.brightstar-2020.se/ideal-magnet-wallet-27***********
description non-exist
3960**********2504***********
**********https://webshop.brightstar-2020.se/krusell-sunne-4-card-wallet-4***********
description non-exist
3960**********2505***********
**********https://webshop.brightstar-2020.se/celly-wally-case-48***********
description non-exist
3960**********2506***********
**********https://webshop.brightstar-2020.se/celly-wally-case-45***********
3960**********2507***********
**********https://webshop.brightstar-2020.se/celly-wally-case-46***********
3960**********2508***********
**********https://webshop.brightstar-2020.se/otterbox-strada-shadow-1***********
3960**********2509***********
**********https://webshop.brightstar-2020.se/celly-wally-case-39***********
3960**********2510***********
**********https://webshop.brightstar-2020.se/samsung-wallet-cover-8***********
3960**********2511***********
**********https://webshop.brightstar-2020.se/celly-wally-case-38***********
description non-exist
3960**********2512***********
**********https://webshop.brightstar-2020.se/krusell-sunne-2-card-wallet-5***********
3960**********2513***********
**********https://webshop.brightstar-2020.se/krusell-pixbo-4-slimwallet-1***********
3960**********2514***********
**********https://webshop.brightstar-2020.se/krusell-pixbo-4-slimwallet***********
3960**********2515***********
**********https://webshop.brightstar-2020.se/celly-wally-case-37***********
description non-exist
3960**********2516***********
**********https://webshop.brightstar-2020.se/huawei-mate-20-pro-3***********
3960**********2517***********
**********https://webshop.brightstar-2020.se/dbramante-1928-copenhagen-30***********
3960**********2518***********
**********https://webshop.brightstar-2020.se/celly-prestige-case-4***********
3960**********2519***********
**********https://webshop.brightstar-2020.se/celly-prestige-case-1***********
3960**********2520***********
**********https://webshop.brightstar-2020.se/mayfair-clutch-velvet***********
3960**********2521***********
**********https://webshop.brightstar-2020.se/ideal-mayfair-clutch-9***********
3960**********2522***********
**********https://webshop.brightstar-2020.se/ideal-mayfair-clutch-velvet-3***********
3960**********2523***********
**********https://webshop.brightstar-2020.se/ercko-2-1-magnet-case-wallet-5***********
3960**********2524***********
**********https://webshop.brightstar-2020.se/ercko-2-1-magnet-case-wallet-2***********
description non-exist
3960**********2525***********
**********https://webshop.brightstar-2020.se/ercko-fixed-wallet***********
3960**********2526***********
**********https://webshop.brightstar-2020.se/ercko-fixed-wallet-1***********
description non-exist
3960**********2527***********
**********https://webshop.brightstar-2020.se/ercko-2-1-magnet-case-wallet***********
3960**********2528***********
**********https://webshop.brightstar-2020.se/samsung-galaxy-note-9-7***********
3960**********2529***********
**********https://webshop.brightstar-2020.se/samsung-galaxy-note-9-6***********
3960**********2530***********
**********https://webshop.brightstar-2020.se/celly-wally-21***********
description non-exist
3960**********2531***********
**********https://webshop.brightstar-2020.se/ideal-fashion-wallet-15***********
3960**********2532***********
**********https://webshop.brightstar-2020.se/ideal-mayfair-clutch-7***********
3960**********2533***********
**********https://webshop.brightstar-2020.se/ideal-mayfair-clutch-velvet-2***********
3960**********2534***********
**********https://webshop.brightstar-2020.se/ideal-magnet-wallet-23***********
3960**********2535***********
**********https://webshop.brightstar-2020.se/ideal-magnet-wallet-24***********
3960**********2536***********
**********https://webshop.brightstar-2020.se/ideal-fashion-wallet-16***********
3960**********2537***********
**********https://webshop.brightstar-2020.se/ideal-fashion-wallet-17***********
3960**********2538***********
**********https://webshop.brightstar-2020.se/ideal-mayfair-clutch-8***********
3960**********2539***********
**********https://webshop.brightstar-2020.se/ideal-magnet-wallet-25***********
3960**********2540***********
**********https://webshop.brightstar-2020.se/ideal-magnet-wallet-26***********
3960**********2541***********
**********https://webshop.brightstar-2020.se/ideal-fashion-wallet-18***********
3960**********2542***********
**********https://webshop.brightstar-2020.se/key-core-wallet-slim-pu-11***********
3960**********2543***********
**********https://webshop.brightstar-2020.se/key-premium-wallet-slim-20***********
3960**********2544***********
**********https://webshop.brightstar-2020.se/key-premium-wallet-slim-21***********
3960**********2545***********
**********https://webshop.brightstar-2020.se/dbramante-1928-milano-14***********
3960**********2546***********
**********https://webshop.brightstar-2020.se/dbramante-1928-milano-8***********
description non-exist
3960**********2547***********
**********https://webshop.brightstar-2020.se/dbramante-1928-new-york-1***********
3960**********2548***********
**********https://webshop.brightstar-2020.se/dbramante-1928-milano-9***********
description non-exist
3960**********2549***********
**********https://webshop.brightstar-2020.se/dbramante-1928-new-york-2***********
3960**********2550***********
**********https://webshop.brightstar-2020.se/dbramante-1928-new-york-3***********
3960**********2551***********
**********https://webshop.brightstar-2020.se/dbramante-1928-new-york-4***********
3960**********2552***********
**********https://webshop.brightstar-2020.se/dbramnate-1928-new-york-1***********
3960**********2553***********
**********https://webshop.brightstar-2020.se/dbramante-1928-lynge-30***********
3960**********2554***********
**********https://webshop.brightstar-2020.se/dbramante-1928-lynge-29***********
3960**********2555***********
**********https://webshop.brightstar-2020.se/dbramante-1928-milano-3***********
description non-exist
3960**********2556***********
**********https://webshop.brightstar-2020.se/dbramante-1928-copenhagen-26***********
3960**********2557***********
**********https://webshop.brightstar-2020.se/dbramante-1928-copenhagen-28***********
description non-exist
3960**********2558***********
**********https://webshop.brightstar-2020.se/celly-wally-20***********
3960**********2559***********
**********https://webshop.brightstar-2020.se/celly-wally-16***********
3960**********2560***********
**********https://webshop.brightstar-2020.se/celly-wally-17***********
description non-exist
3960**********2561***********
**********https://webshop.brightstar-2020.se/celly-wally-18***********
3960**********2562***********
**********https://webshop.brightstar-2020.se/celly-wally-15***********
3960**********2563***********
**********https://webshop.brightstar-2020.se/celly-wally-case-35***********
3960**********2564***********
**********https://webshop.brightstar-2020.se/celly-wally-13***********
3960**********2565***********
**********https://webshop.brightstar-2020.se/celly-wally-11***********
3960**********2566***********
**********https://webshop.brightstar-2020.se/celly-wally-12***********
3960**********2567***********
**********https://webshop.brightstar-2020.se/samsung-wallet-cover-5***********
3960**********2568***********
**********https://webshop.brightstar-2020.se/samsung-wallet-cover-6***********
3960**********2569***********
**********https://webshop.brightstar-2020.se/celly-waterproof-cover***********
3960**********2570***********
**********https://webshop.brightstar-2020.se/celly-wally-case-32***********
3960**********2571***********
**********https://webshop.brightstar-2020.se/celly-wally-case-31***********
3960**********2572***********
**********https://webshop.brightstar-2020.se/dbramante1928-new-york-3***********
3960**********2573***********
**********https://webshop.brightstar-2020.se/dbramante1928-copenhagen-23***********
3960**********2574***********
**********https://webshop.brightstar-2020.se/celly-wally-case-27***********
3960**********2575***********
**********https://webshop.brightstar-2020.se/celly-wally-case-29***********
3960**********2576***********
**********https://webshop.brightstar-2020.se/celly-wally-case-24***********
3960**********2577***********
**********https://webshop.brightstar-2020.se/otterbox-strada-folio-6***********
3960**********2578***********
**********https://webshop.brightstar-2020.se/samsung-wallet-cover-3***********
3960**********2579***********
**********https://webshop.brightstar-2020.se/samsung-wallet-cover-4***********
3960**********2580***********
**********https://webshop.brightstar-2020.se/samsung-wallet-cover-1***********
3960**********2581***********
**********https://webshop.brightstar-2020.se/celly-wally-case-23***********
3960**********2582***********
**********https://webshop.brightstar-2020.se/celly-wally-10***********
3960**********2583***********
**********https://webshop.brightstar-2020.se/krusell-sunne-2-card-wallet-1***********
3960**********2584***********
**********https://webshop.brightstar-2020.se/ideal-mayfair-clutch-6***********
3960**********2585***********
**********https://webshop.brightstar-2020.se/celly-wally-case-22***********
3960**********2586***********
**********https://webshop.brightstar-2020.se/doro-wallet-case-8035***********
3960**********2587***********
**********https://webshop.brightstar-2020.se/doro-flip-cover-8035***********
3960**********2588***********
**********https://webshop.brightstar-2020.se/doro-wallet-case-8035-1***********
3960**********2589***********
**********https://webshop.brightstar-2020.se/doro-flip-cover-8035-1***********
3960**********2590***********
**********https://webshop.brightstar-2020.se/celly-wally-case-17***********
3960**********2591***********
**********https://webshop.brightstar-2020.se/celly-wally-case-16***********
3960**********2592***********
**********https://webshop.brightstar-2020.se/celly-wally-case-14***********
3960**********2593***********
**********https://webshop.brightstar-2020.se/ideal-sthlm-wallet-6***********
3960**********2594***********
**********https://webshop.brightstar-2020.se/ideal-sthlm-wallet-5***********
3960**********2595***********
**********https://webshop.brightstar-2020.se/ideal-sthlm-wallet-3***********
3960**********2596***********
**********https://webshop.brightstar-2020.se/la-vie-avanti-wallet-8***********
3960**********2597***********
**********https://webshop.brightstar-2020.se/sony-style-cover-stand-7***********
3960**********2598***********
**********https://webshop.brightstar-2020.se/sony-style-cover-stand-6***********
3960**********2599***********
**********https://webshop.brightstar-2020.se/ideal-fashion-wallet-11***********
3960**********2600***********
**********https://webshop.brightstar-2020.se/ideal-fashion-wallet-12***********
3960**********2601***********
**********https://webshop.brightstar-2020.se/ideal-magnet-wallet-21***********
3960**********2602***********
**********https://webshop.brightstar-2020.se/ideal-magnet-wallet-18***********
3960**********2603***********
**********https://webshop.brightstar-2020.se/ideal-magnet-wallet-19***********
3960**********2604***********
**********https://webshop.brightstar-2020.se/samsung-clear-view-cover-5***********
3960**********2605***********
**********https://webshop.brightstar-2020.se/samsung-clear-view-cover-6***********
3960**********2606***********
**********https://webshop.brightstar-2020.se/samsung-clear-view-cover-1***********
3960**********2607***********
**********https://webshop.brightstar-2020.se/samsung-clear-view-cover-3***********
3960**********2608***********
**********https://webshop.brightstar-2020.se/key-core-wallet-slim-pu-3***********
3960**********2609***********
**********https://webshop.brightstar-2020.se/ercko-airflex-magnet-wallet-3***********
description non-exist
3960**********2610***********
**********https://webshop.brightstar-2020.se/ercko-fixed-wallet-case-1***********
3960**********2611***********
**********https://webshop.brightstar-2020.se/dbramante-1928-lynge-24***********
3960**********2612***********
**********https://webshop.brightstar-2020.se/dbramante-1928-lynge-23***********
3960**********2613***********
**********https://webshop.brightstar-2020.se/celly-wally-case-12***********
3960**********2614***********
**********https://webshop.brightstar-2020.se/ideal-fashion-wallet-8***********
3960**********2615***********
**********https://webshop.brightstar-2020.se/celly-wally-case-11***********
3960**********2616***********
**********https://webshop.brightstar-2020.se/otterbox-apple-strada-folio***********
3960**********2617***********
**********https://webshop.brightstar-2020.se/la-vie-fashion-folio-22***********
3960**********2618***********
**********https://webshop.brightstar-2020.se/la-vie-avanti-wallet-6***********
3960**********2619***********
**********https://webshop.brightstar-2020.se/la-vie-avanti-wallet-7***********
3960**********2620***********
**********https://webshop.brightstar-2020.se/la-vie-fashion-folio-19***********
3960**********2621***********
**********https://webshop.brightstar-2020.se/la-vie-fashion-folio-18***********
3960**********2622***********
**********https://webshop.brightstar-2020.se/la-vie-fashion-folio-21***********
3960**********2623***********
**********https://webshop.brightstar-2020.se/tech21-evo-wallet-12***********
3960**********2624***********
**********https://webshop.brightstar-2020.se/la-vie-leather-wallet-78***********
3960**********2625***********
**********https://webshop.brightstar-2020.se/la-vie-leather-wallet-77***********
3960**********2626***********
**********https://webshop.brightstar-2020.se/la-vie-leather-wallet-76***********
3960**********2627***********
**********https://webshop.brightstar-2020.se/la-vie-leather-wallet-75***********
3960**********2628***********
**********https://webshop.brightstar-2020.se/la-vie-leather-wallet-73***********
3960**********2629***********
**********https://webshop.brightstar-2020.se/la-vie-leather-wallet-74***********
3960**********2630***********
**********https://webshop.brightstar-2020.se/celly-wally-9***********
3960**********2631***********
**********https://webshop.brightstar-2020.se/tech-21-evo-wallet-1***********
3960**********2632***********
**********https://webshop.brightstar-2020.se/celly-wally-case-10***********
3960**********2633***********
**********https://webshop.brightstar-2020.se/dbramante1928-copenhagen-22***********
3960**********2634***********
**********https://webshop.brightstar-2020.se/dbramante-1928-lynge-22***********
3960**********2635***********
**********https://webshop.brightstar-2020.se/doro-8040-flip-cover***********
3960**********2636***********
**********https://webshop.brightstar-2020.se/doro-8040-wallet***********
3960**********2637***********
**********https://webshop.brightstar-2020.se/key-core-wallet-slim-8***********
3960**********2638***********
**********https://webshop.brightstar-2020.se/ideal-sthlm-wallet-1***********
3960**********2639***********
**********https://webshop.brightstar-2020.se/ideal-sthlm-wallet***********
3960**********2640***********
**********https://webshop.brightstar-2020.se/ideal-magnet-wallet-16***********
3960**********2641***********
**********https://webshop.brightstar-2020.se/sony-style-cover***********
3960**********2642***********
**********https://webshop.brightstar-2020.se/celly-wally-case-5***********
3960**********2643***********
**********https://webshop.brightstar-2020.se/uunique-folio-butterfly-1***********
3960**********2644***********
**********https://webshop.brightstar-2020.se/uunique-folio-shimmer***********
3960**********2645***********
**********https://webshop.brightstar-2020.se/uunique-folio-classic-2in1-1***********
3960**********2646***********
**********https://webshop.brightstar-2020.se/uunique-folio-classic-2in1-2***********
3960**********2647***********
**********https://webshop.brightstar-2020.se/uunique-folio-classic-2in1-3***********
3960**********2648***********
**********https://webshop.brightstar-2020.se/uunique-folio-classic-2in1-4***********
3960**********2649***********
**********https://webshop.brightstar-2020.se/uunique-folio-classic-2in1-5***********
3960**********2650***********
**********https://webshop.brightstar-2020.se/uunique-folio-classic-2in1-6***********
3960**********2651***********
**********https://webshop.brightstar-2020.se/samsung-clear***********
3960**********2652***********
**********https://webshop.brightstar-2020.se/ideal-mayfair-clutch-2***********
3960**********2653***********
**********https://webshop.brightstar-2020.se/ideal-mayfair-clutch-3***********
3960**********2654***********
**********https://webshop.brightstar-2020.se/ideal-fashion-wallet-6***********
3960**********2655***********
**********https://webshop.brightstar-2020.se/ideal-mayfair-clutch***********
3960**********2656***********
**********https://webshop.brightstar-2020.se/ideal-magnet-wallet-15***********
3960**********2657***********
**********https://webshop.brightstar-2020.se/ideal-fashion-wallet-7***********
3960**********2658***********
**********https://webshop.brightstar-2020.se/ideal-mayfair-clutch-1***********
3960**********2659***********
**********https://webshop.brightstar-2020.se/la-vie-leather-wallet-70***********
3960**********2660***********
**********https://webshop.brightstar-2020.se/celly-wally-case-3***********
3960**********2661***********
**********https://webshop.brightstar-2020.se/celly-hexawally-case***********
3960**********2662***********
**********https://webshop.brightstar-2020.se/key-core-wallet-hero-pu-2***********
description non-exist
3960**********2663***********
**********https://webshop.brightstar-2020.se/dbramante-1928-lynge-17***********
3960**********2664***********
**********https://webshop.brightstar-2020.se/dbramante-1928-lynge-13***********
3960**********2665***********
**********https://webshop.brightstar-2020.se/copter-exoglass-tab-7***********
3960**********2666***********
**********https://webshop.brightstar-2020.se/celly-wally-6***********
3960**********2667***********
**********https://webshop.brightstar-2020.se/dbramante-1928-lynge-12***********
3960**********2668***********
**********https://webshop.brightstar-2020.se/dbramante-1928-lynge-11***********
3960**********2669***********
**********https://webshop.brightstar-2020.se/ercko-rfid-blocker-magnet-case***********
description non-exist
3960**********2670***********
**********https://webshop.brightstar-2020.se/celly-wallet-case-19***********
3960**********2671***********
**********https://webshop.brightstar-2020.se/celly-wallet-case-18***********
3960**********2672***********
**********https://webshop.brightstar-2020.se/ideal-magnet-wallet-13***********
3960**********2673***********
**********https://webshop.brightstar-2020.se/la-vie-leather-wallet-63***********
3960**********2674***********
**********https://webshop.brightstar-2020.se/samsung-silicone-cover-1***********
3960**********2675***********
**********https://webshop.brightstar-2020.se/samsung-silicone-cover-9***********
3960**********2676***********
**********https://webshop.brightstar-2020.se/celly-wallet-case-16***********
3960**********2677***********
**********https://webshop.brightstar-2020.se/dbramante-1928-6***********
3960**********2678***********
**********https://webshop.brightstar-2020.se/ideal-fashion-wallet-5***********
3960**********2679***********
**********https://webshop.brightstar-2020.se/ideal-fashion-wallet-3***********
3960**********2680***********
**********https://webshop.brightstar-2020.se/ideal-fashion-wallet***********
3960**********2681***********
**********https://webshop.brightstar-2020.se/celly-wallet-case-10***********
3960**********2682***********
**********https://webshop.brightstar-2020.se/krusell-malmo-4-pocket-wallet***********
3960**********2683***********
**********https://webshop.brightstar-2020.se/samsung-galaxy-a5-2017***********
3960**********2684***********
**********https://webshop.brightstar-2020.se/ideal-london-wallet***********
3960**********2685***********
**********https://webshop.brightstar-2020.se/ideal-magnet-wallet-7***********
3960**********2686***********
**********https://webshop.brightstar-2020.se/ideal-magnet-wallet-8***********
3960**********2687***********
**********https://webshop.brightstar-2020.se/ideal-magnet-wallet-10***********
3960**********2688***********
**********https://webshop.brightstar-2020.se/uunique-folio-slider-wallet-2***********
3960**********2689***********
**********https://webshop.brightstar-2020.se/celly-wallet-case-6***********
3960**********2690***********
**********https://webshop.brightstar-2020.se/celly-air-flip-1***********
3960**********2691***********
**********https://webshop.brightstar-2020.se/celly-wallet-case***********
3960**********2692***********
**********https://webshop.brightstar-2020.se/la-vie-leather-wallet-3***********
3960**********2693***********
**********https://webshop.brightstar-2020.se/la-vie-leather-wallet-4***********
3960**********2694***********
**********https://webshop.brightstar-2020.se/doro-wallet-case-4***********
3960**********2695***********
**********https://webshop.brightstar-2020.se/uunique-mode-alu-edge-folio***********
3960**********2696***********
**********https://webshop.brightstar-2020.se/doro-wallet-case-2***********
3960**********2697***********
**********https://webshop.brightstar-2020.se/uunique-wooden-folio***********
3960**********2698***********
**********https://webshop.brightstar-2020.se/doro-carry-bag-for***********
3960**********2699***********
**********https://webshop.brightstar-2020.se/ideal-swipe-wallet-2***********
3960**********2700***********
**********https://webshop.brightstar-2020.se/dbramante-1928-fredriksberg-3***********
3960**********2701***********
**********https://webshop.brightstar-2020.se/krusell-hector-mobile-1-1***********
3960**********2702***********
**********https://webshop.brightstar-2020.se/krusell-hector-7***********
3960**********2703***********
**********https://webshop.brightstar-2020.se/samsung-galaxy-watch-active2-4***********
3960**********2704***********
**********https://webshop.brightstar-2020.se/samsung-galaxy-watch-active2-3***********
3960**********2705***********
**********https://webshop.brightstar-2020.se/samsung-galaxy-watch-active2-5***********
3960**********2706***********
**********https://webshop.brightstar-2020.se/samsung-galaxy-watch-active2-1***********
3960**********2707***********
**********https://webshop.brightstar-2020.se/samsung-galaxy-watch-active2***********
3960**********2708***********
**********https://webshop.brightstar-2020.se/samsung-galaxy-watch-active2-2***********
3960**********2709***********
**********https://webshop.brightstar-2020.se/dbramante-1928-madrid-3***********
3960**********2710***********
**********https://webshop.brightstar-2020.se/dbramante-1928-madrid***********
3960**********2711***********
**********https://webshop.brightstar-2020.se/dbramante-1928-madrid-1***********
3960**********2712***********
**********https://webshop.brightstar-2020.se/dbramante-1928-copenhagen-48***********
3960**********2713***********
**********https://webshop.brightstar-2020.se/dbramante-1928-copenhagen-47***********
3960**********2714***********
**********https://webshop.brightstar-2020.se/dbramante-1928-madrid-2***********
3960**********2715***********
**********https://webshop.brightstar-2020.se/dbramante-1928-bornholm-2***********
3960**********2716***********
**********https://webshop.brightstar-2020.se/huawei-band-3-pro***********
3960**********2717***********
**********https://webshop.brightstar-2020.se/huawei-watch-gt2-1***********
3960**********2718***********
**********https://webshop.brightstar-2020.se/huawei-watch-gt2***********
3960**********2719***********
**********https://webshop.brightstar-2020.se/huawei-band-4***********
3960**********2720***********
**********https://webshop.brightstar-2020.se/dbramante-1928-copenhagen-44***********
3960**********2721***********
**********https://webshop.brightstar-2020.se/samsung-galaxy-watch-active-2-4***********
3960**********2722***********
**********https://webshop.brightstar-2020.se/samsung-galaxy-watch-active-2-6***********
3960**********2723***********
**********https://webshop.brightstar-2020.se/samsung-galaxy-watch-active-2-2***********
3960**********2724***********
**********https://webshop.brightstar-2020.se/samsung-galaxy-watch-active-2-1***********
3960**********2725***********
**********https://webshop.brightstar-2020.se/samsung-galaxy-watch-active-2-3***********
3960**********2726***********
**********https://webshop.brightstar-2020.se/dbramante-1928-bornholm-1***********
3960**********2727***********
**********https://webshop.brightstar-2020.se/dbramante-1928-bornholm***********
3960**********2728***********
**********https://webshop.brightstar-2020.se/dbramante-1928-copenhagen-42***********
3960**********2729***********
**********https://webshop.brightstar-2020.se/dbramante-1928-copenhagen-43***********
3960**********2730***********
**********https://webshop.brightstar-2020.se/samsung-galaxy-fit***********
3960**********2731***********
**********https://webshop.brightstar-2020.se/samsung-galaxy-fit-e***********
3960**********2732***********
**********https://webshop.brightstar-2020.se/samsung-galaxy-watch-active-1***********
3960**********2733***********
**********https://webshop.brightstar-2020.se/samsung-galaxy-fit-1***********
3960**********2734***********
**********https://webshop.brightstar-2020.se/samsung-galaxy-watch-active-2***********
3960**********2735***********
**********https://webshop.brightstar-2020.se/samsung-galaxy-fit-e-1***********
3960**********2736***********
**********https://webshop.brightstar-2020.se/samsung-galaxy-watch-active***********
3960**********2737***********
**********https://webshop.brightstar-2020.se/huawei-watch-gt-1***********
3960**********2738***********
**********https://webshop.brightstar-2020.se/huawei-watch-gt***********
3960**********2739***********
**********https://webshop.brightstar-2020.se/celly-runbelt-view-duo-1***********
3960**********2740***********
**********https://webshop.brightstar-2020.se/celly-armband-1***********
3960**********2741***********
**********https://webshop.brightstar-2020.se/galaxy-watch-42mm-strap-6***********
3960**********2742***********
**********https://webshop.brightstar-2020.se/galaxy-watch-42mm-strap-7***********
3960**********2743***********
**********https://webshop.brightstar-2020.se/galaxy-watch-42mm-strap-3***********
3960**********2744***********
**********https://webshop.brightstar-2020.se/galaxy-watch-42mm-strap-4***********
3960**********2745***********
**********https://webshop.brightstar-2020.se/galaxy-watch-42mm-strap-5***********
3960**********2746***********
**********https://webshop.brightstar-2020.se/galaxy-watch-46mm-strap-2***********
3960**********2747***********
**********https://webshop.brightstar-2020.se/galaxy-watch-46mm-strap-1***********
3960**********2748***********
**********https://webshop.brightstar-2020.se/galaxy-watch-42mm-strap-1***********
3960**********2749***********
**********https://webshop.brightstar-2020.se/galaxy-watch-42mm-strap-2***********
3960**********2750***********
**********https://webshop.brightstar-2020.se/galaxy-watch-46mm-strap***********
3960**********2751***********
**********https://webshop.brightstar-2020.se/braloba-galaxy-watch-46mm-3***********
3960**********2752***********
**********https://webshop.brightstar-2020.se/braloba-galaxy-watch-42mm***********
3960**********2753***********
**********https://webshop.brightstar-2020.se/braloba-galaxy-watch-46mm-4***********
3960**********2754***********
**********https://webshop.brightstar-2020.se/braloba-galaxy-watch-42mm-3***********
3960**********2755***********
**********https://webshop.brightstar-2020.se/braloba-galaxy-watch-42mm-4***********
3960**********2756***********
**********https://webshop.brightstar-2020.se/braloba-galaxy-watch-42mm-5***********
3960**********2757***********
**********https://webshop.brightstar-2020.se/braloba-galaxy-watch-42mm-2***********
3960**********2758***********
**********https://webshop.brightstar-2020.se/braloba-galaxy-watch-46mm-1***********
3960**********2759***********
**********https://webshop.brightstar-2020.se/braloba-galaxy-watch-46mm-2***********
3960**********2760***********
**********https://webshop.brightstar-2020.se/doro-belt-case***********
description non-exist
3960**********2761***********
**********https://webshop.brightstar-2020.se/samsung-galaxy-watch-42-mm-1***********
3960**********2762***********
**********https://webshop.brightstar-2020.se/samsung-galaxy-watch-42-mm***********
3960**********2763***********
**********https://webshop.brightstar-2020.se/samsung-galaxy-watch-46-mm***********
3960**********2764***********
**********https://webshop.brightstar-2020.se/samsung-gear-icon-x-2018***********
3960**********2765***********
**********https://webshop.brightstar-2020.se/celly-390***********
3960**********2766***********
**********https://webshop.brightstar-2020.se/ifit-link***********
3960**********2767***********
**********https://webshop.brightstar-2020.se/samsung-wall-charger-3***********
3960**********2768***********
**********https://webshop.brightstar-2020.se/samsung-wall-charger-2***********
3960**********2769***********
**********https://webshop.brightstar-2020.se/celly-powerbank***********
3960**********2770***********
**********https://webshop.brightstar-2020.se/celly-powerbank-emoji-1***********
3960**********2771***********
**********https://webshop.brightstar-2020.se/celly-powerbank-emoji-2***********
3960**********2772***********
**********https://webshop.brightstar-2020.se/celly-powerbank-emoji-3***********
3960**********2773***********
**********https://webshop.brightstar-2020.se/celly-powerbank-emoji***********
description non-exist
3960**********2774***********
**********https://webshop.brightstar-2020.se/samsung-wireless-charger-4***********
3960**********2775***********
**********https://webshop.brightstar-2020.se/celly-dual-powerbank***********
3960**********2776***********
**********https://webshop.brightstar-2020.se/anker-powerport-1-1***********
description non-exist
3960**********2777***********
**********https://webshop.brightstar-2020.se/anker-poweline***********
3960**********2778***********
**********https://webshop.brightstar-2020.se/anker-powerport-atom-pd-2***********
description non-exist
3960**********2779***********
**********https://webshop.brightstar-2020.se/apple-lightning-to-9***********
3960**********2780***********
**********https://webshop.brightstar-2020.se/belkin-mixit-usb-c-usb-a-cable***********
3960**********2781***********
**********https://webshop.brightstar-2020.se/celly-power-bank***********
3960**********2782***********
**********https://webshop.brightstar-2020.se/celly-wireless-charger-1***********
3960**********2783***********
**********https://webshop.brightstar-2020.se/celly-3-in-1-cable***********
3960**********2784***********
**********https://webshop.brightstar-2020.se/key-power-wall-sl-1-usb-a-1m***********
description non-exist
3960**********2785***********
**********https://webshop.brightstar-2020.se/key-power-wall-sl-1-usb-a-1m-1***********
description non-exist
3960**********2786***********
**********https://webshop.brightstar-2020.se/key-power-wall-sl-1-usb-a-1m-2***********
description non-exist
3960**********2787***********
**********https://webshop.brightstar-2020.se/anker-powercore-fusion-1***********
3960**********2788***********
**********https://webshop.brightstar-2020.se/anker-powercore-fusion***********
3960**********2789***********
**********https://webshop.brightstar-2020.se/anker-powercore-20100***********
description non-exist
3960**********2790***********
**********https://webshop.brightstar-2020.se/belkin-18w-usb-c***********
3960**********2791***********
**********https://webshop.brightstar-2020.se/belkin30w-pd***********
3960**********2792***********
**********https://webshop.brightstar-2020.se/belkin-18w-car-charger***********
3960**********2793***********
**********https://webshop.brightstar-2020.se/belkin-mixit-up-lightning***********
3960**********2794***********
**********https://webshop.brightstar-2020.se/belkin-mixit-usb-c-to-a-cable***********
3960**********2795***********
**********https://webshop.brightstar-2020.se/belkin-usb-2-0-usb-c-to-usb-c***********
3960**********2796***********
**********https://webshop.brightstar-2020.se/belkin-18w-usb-c-home-charger***********
3960**********2797***********
**********https://webshop.brightstar-2020.se/belkin-30w-pd***********
3960**********2798***********
**********https://webshop.brightstar-2020.se/belkin-duratek-plus-cable***********
3960**********2799***********
**********https://webshop.brightstar-2020.se/belkin-duratek-plus-cable-1***********
3960**********2800***********
**********https://webshop.brightstar-2020.se/belkin-duratek-usb-c-to-a***********
3960**********2801***********
**********https://webshop.brightstar-2020.se/belkin-18w-standalone***********
3960**********2802***********
**********https://webshop.brightstar-2020.se/belkin-duratek-usb-c-cable***********
3960**********2803***********
**********https://webshop.brightstar-2020.se/anker-powerport-5-1***********
3960**********2804***********
**********https://webshop.brightstar-2020.se/anker-powerdrive-pd-2***********
3960**********2805***********
**********https://webshop.brightstar-2020.se/key-power-sync-charge-1m-9***********
description non-exist
3960**********2806***********
**********https://webshop.brightstar-2020.se/key-power-sync-charge-1m-10***********
description non-exist
3960**********2807***********
**********https://webshop.brightstar-2020.se/key-power-car-usb-c-type-c***********
description non-exist
3960**********2808***********
**********https://webshop.brightstar-2020.se/celly-cable***********
3960**********2809***********
**********https://webshop.brightstar-2020.se/celly-quick-travel-charger-1***********
3960**********2810***********
**********https://webshop.brightstar-2020.se/anker-powerport-5***********
description non-exist
3960**********2811***********
**********https://webshop.brightstar-2020.se/anker-powerport-1***********
description non-exist
3960**********2812***********
**********https://webshop.brightstar-2020.se/anker-powercore-26800-un-1***********
3960**********2813***********
**********https://webshop.brightstar-2020.se/key-power-car-2-usb-a***********
description non-exist
3960**********2814***********
**********https://webshop.brightstar-2020.se/key-power-bank-10k-mah-pd-qc***********
description non-exist
3960**********2815***********
**********https://webshop.brightstar-2020.se/key-power-bank-10k-mah-pd-qc-1***********
description non-exist
3960**********2816***********
**********https://webshop.brightstar-2020.se/key-power-bank-10k-mah-pd-qc-2***********
description non-exist
3960**********2817***********
**********https://webshop.brightstar-2020.se/samsung-wireless-charger-dock***********
3960**********2818***********
**********https://webshop.brightstar-2020.se/ideal-wireless-charger-7***********
3960**********2819***********
**********https://webshop.brightstar-2020.se/ideal-wireless-charger-8***********
3960**********2820***********
**********https://webshop.brightstar-2020.se/sony-quickcharger-usb***********
description non-exist
3960**********2821***********
**********https://webshop.brightstar-2020.se/anker-powercore-20100-usb-c***********
description non-exist
3960**********2822***********
**********https://webshop.brightstar-2020.se/anker-powerport-5-usb-c***********
3960**********2823***********
**********https://webshop.brightstar-2020.se/anker-astro-e1-5200mah***********
3960**********2824***********
**********https://webshop.brightstar-2020.se/anker-powerline***********
description non-exist
3960**********2825***********
**********https://webshop.brightstar-2020.se/anker-powerdrive-2-24w***********
3960**********2826***********
**********https://webshop.brightstar-2020.se/anker-powerdrive-2-24w-1***********
description non-exist
3960**********2827***********
**********https://webshop.brightstar-2020.se/anker-powercore-10000***********
3960**********2828***********
**********https://webshop.brightstar-2020.se/anker-powerline-micro-usb-1***********
description non-exist
3960**********2829***********
**********https://webshop.brightstar-2020.se/anker-powerline-lightning-2***********
3960**********2830***********
**********https://webshop.brightstar-2020.se/anker-powerline-lightning-3***********
3960**********2831***********
**********https://webshop.brightstar-2020.se/anker-powerline-micro-usb***********
description non-exist
3960**********2832***********
**********https://webshop.brightstar-2020.se/anker-powercore-10000-pd-piq***********
3960**********2833***********
**********https://webshop.brightstar-2020.se/anker-powercore***********
3960**********2834***********
**********https://webshop.brightstar-2020.se/anker-powercore-10400mah***********
description non-exist
3960**********2835***********
**********https://webshop.brightstar-2020.se/anker-powercore-speed-10000***********
description non-exist
3960**********2836***********
**********https://webshop.brightstar-2020.se/anker-powercore-26800-pd***********
3960**********2837***********
**********https://webshop.brightstar-2020.se/anker-60w-desktop-charger-1***********
3960**********2838***********
**********https://webshop.brightstar-2020.se/anker-powercore-speed-20000-pd***********
3960**********2839***********
**********https://webshop.brightstar-2020.se/volutz-armorcord-series-29***********
description non-exist
3960**********2840***********
**********https://webshop.brightstar-2020.se/volutz-armorcord-series-28***********
description non-exist
3960**********2841***********
**********https://webshop.brightstar-2020.se/volutz-armorcord-series-19***********
3960**********2842***********
**********https://webshop.brightstar-2020.se/volutz-armorcord-series-6***********
description non-exist
3960**********2843***********
**********https://webshop.brightstar-2020.se/key-power-sync-charge-3m-3***********
description non-exist
3960**********2844***********
**********https://webshop.brightstar-2020.se/key-power-sync-charge-1m-7***********
description non-exist
3960**********2845***********
**********https://webshop.brightstar-2020.se/15w-dual-port-powerport***********
3960**********2846***********
**********https://webshop.brightstar-2020.se/key-power-sync-charge-1m-6***********
description non-exist
3960**********2847***********
**********https://webshop.brightstar-2020.se/ideal-fashion-power-bank-6***********
3960**********2848***********
**********https://webshop.brightstar-2020.se/sunne-powerbank***********
3960**********2849***********
**********https://webshop.brightstar-2020.se/oneplus-warp-charge-1***********
3960**********2850***********
**********https://webshop.brightstar-2020.se/oneplus-warp-charge***********
3960**********2851***********
**********https://webshop.brightstar-2020.se/key-power-wall-2-usb-a-1***********
description non-exist
3960**********2852***********
**********https://webshop.brightstar-2020.se/belkin-boost-up-wireless-pad***********
3960**********2853***********
**********https://webshop.brightstar-2020.se/belkin-boost-up-wireless-stand***********
3960**********2854***********
**********https://webshop.brightstar-2020.se/belkin-boost-up-wireless-pad-1***********
3960**********2855***********
**********https://webshop.brightstar-2020.se/belkin-boost-up-wireless-stand-1***********
3960**********2856***********
**********https://webshop.brightstar-2020.se/belkin-wireless-car-charger***********
3960**********2857***********
**********https://webshop.brightstar-2020.se/belkin-usb-c-home-charger***********
3960**********2858***********
**********https://webshop.brightstar-2020.se/belkin-usb-c-car-charger***********
3960**********2859***********
**********https://webshop.brightstar-2020.se/belkin-lightning-to-usb-c-2***********
3960**********2860***********
**********https://webshop.brightstar-2020.se/belkin-lightning-to-usb-c-3***********
3960**********2861***********
**********https://webshop.brightstar-2020.se/samsung-wireless-charger-2***********
3960**********2862***********
**********https://webshop.brightstar-2020.se/samsung-wireless-charger-3***********
3960**********2863***********
**********https://webshop.brightstar-2020.se/anker-powercore-ii-20000mah***********
description non-exist
3960**********2864***********
**********https://webshop.brightstar-2020.se/key-power-wall-1-usb-a-1m-1***********
description non-exist
3960**********2865***********
**********https://webshop.brightstar-2020.se/key-power-wall-1-usb-a-1m-2***********
description non-exist
3960**********2866***********
**********https://webshop.brightstar-2020.se/key-power-sync-charge-3m-2***********
description non-exist
3960**********2867***********
**********https://webshop.brightstar-2020.se/key-power-wall-1-usb-a-1m***********
description non-exist
3960**********2868***********
**********https://webshop.brightstar-2020.se/key-power-sync-charge-1m-5***********
description non-exist
3960**********2869***********
**********https://webshop.brightstar-2020.se/key-power-sync-charge-1m-3***********
3960**********2870***********
**********https://webshop.brightstar-2020.se/key-power-sync-charge-3m***********
description non-exist
3960**********2871***********
**********https://webshop.brightstar-2020.se/key-power-bank-1-usb-a-1***********
description non-exist
3960**********2872***********
**********https://webshop.brightstar-2020.se/key-power-wireless-qi-1m***********
description non-exist
3960**********2873***********
**********https://webshop.brightstar-2020.se/key-power-bank-1-usb-a***********
description non-exist
3960**********2874***********
**********https://webshop.brightstar-2020.se/key-power-sync-charge-1m-2***********
description non-exist
3960**********2875***********
**********https://webshop.brightstar-2020.se/key-power-wall-eu-1-usb-c-1m***********
description non-exist
3960**********2876***********
**********https://webshop.brightstar-2020.se/key-power-sync-charge-1m***********
description non-exist
3960**********2877***********
**********https://webshop.brightstar-2020.se/celly-type-c-cable***********
description non-exist
3960**********2878***********
**********https://webshop.brightstar-2020.se/celly-lightning-cable***********
3960**********2879***********
**********https://webshop.brightstar-2020.se/celly-usb-c-to-usb-c-cable-1***********
3960**********2880***********
**********https://webshop.brightstar-2020.se/celly-quick-car-charger-1***********
3960**********2881***********
**********https://webshop.brightstar-2020.se/ideal-fashion-cable-8***********
3960**********2882***********
**********https://webshop.brightstar-2020.se/celly-powerstation-usb-c***********
3960**********2883***********
**********https://webshop.brightstar-2020.se/celly-quick-car-charger***********
3960**********2884***********
**********https://webshop.brightstar-2020.se/ideal-fashion-cable-7***********
3960**********2885***********
**********https://webshop.brightstar-2020.se/belkin-car-charger-2***********
3960**********2886***********
**********https://webshop.brightstar-2020.se/sunne-power-bank-1***********
3960**********2887***********
**********https://webshop.brightstar-2020.se/sunne-power-bank***********
3960**********2888***********
**********https://webshop.brightstar-2020.se/anker-powerline-usb-c-to-usb-c***********
3960**********2889***********
**********https://webshop.brightstar-2020.se/anker-powercore-nintendo***********
3960**********2890***********
**********https://webshop.brightstar-2020.se/ideal-wireless-charger***********
3960**********2891***********
**********https://webshop.brightstar-2020.se/ideal-wireless-charger-2***********
3960**********2892***********
**********https://webshop.brightstar-2020.se/ideal-wireless-charger-3***********
3960**********2893***********
**********https://webshop.brightstar-2020.se/ideal-wireless-charger-1***********
3960**********2894***********
**********https://webshop.brightstar-2020.se/oneplus-dash-charge***********
description non-exist
3960**********2895***********
**********https://webshop.brightstar-2020.se/oneplus-on-the-go-cable***********
3960**********2896***********
**********https://webshop.brightstar-2020.se/apple-lightning-to-usb-c-2***********
3960**********2897***********
**********https://webshop.brightstar-2020.se/casepower-lightning-cable***********
description non-exist
3960**********2898***********
**********https://webshop.brightstar-2020.se/casepower-3600mah-powerbank***********
description non-exist
3960**********2899***********
**********https://webshop.brightstar-2020.se/samsung-powerpack***********
3960**********2900***********
**********https://webshop.brightstar-2020.se/samsung-dex-cable***********
3960**********2901***********
**********https://webshop.brightstar-2020.se/samsung-wireless-charger-pad***********
3960**********2902***********
**********https://webshop.brightstar-2020.se/belkin-sync-charge-cable-1***********
3960**********2903***********
**********https://webshop.brightstar-2020.se/ideal-fashion-power-bank-4***********
3960**********2904***********
**********https://webshop.brightstar-2020.se/belkin-15-000mah-battery-pack***********
3960**********2905***********
**********https://webshop.brightstar-2020.se/belkin-mixit-up***********
3960**********2906***********
**********https://webshop.brightstar-2020.se/belkin-lightning-to-3-5mm-1***********
3960**********2907***********
**********https://webshop.brightstar-2020.se/celly-wall-charger-2***********
description non-exist
3960**********2908***********
**********https://webshop.brightstar-2020.se/belkin-lightning-to-3-5mm***********
3960**********2909***********
**********https://webshop.brightstar-2020.se/mixit-lightning-cable-1m-white***********
3960**********2910***********
**********https://webshop.brightstar-2020.se/belkin-quick-charge-3-0***********
3960**********2911***********
**********https://webshop.brightstar-2020.se/belkin-quick-charge-3-0-1***********
3960**********2912***********
**********https://webshop.brightstar-2020.se/belkin-car-charger-1***********
3960**********2913***********
**********https://webshop.brightstar-2020.se/belkin-mixit-up-1-2m-white***********
3960**********2914***********
**********https://webshop.brightstar-2020.se/celly-wireless-charger-pad***********
3960**********2915***********
**********https://webshop.brightstar-2020.se/sony-ec270-type-c-2-in-1-audio***********
3960**********2916***********
**********https://webshop.brightstar-2020.se/ideal-fashion-cable-5***********
3960**********2917***********
**********https://webshop.brightstar-2020.se/ideal-fashion-cable-1***********
3960**********2918***********
**********https://webshop.brightstar-2020.se/doro-battery-8035***********
3960**********2919***********
**********https://webshop.brightstar-2020.se/ideal-fashion-cable***********
3960**********2920***********
**********https://webshop.brightstar-2020.se/ideal-fashion-power-bank***********
3960**********2921***********
**********https://webshop.brightstar-2020.se/wall-charger-eu-quick-charge***********
3960**********2922***********
**********https://webshop.brightstar-2020.se/huawei-wall-quickcharger-usb-a***********
3960**********2923***********
**********https://webshop.brightstar-2020.se/belkin-power-pack-10000***********
3960**********2924***********
**********https://webshop.brightstar-2020.se/ercko-bracelet-type-charging***********
description non-exist
3960**********2925***********
**********https://webshop.brightstar-2020.se/ercko-bracelet-type-charging-c***********
description non-exist
3960**********2926***********
**********https://webshop.brightstar-2020.se/belkin-power-pack***********
3960**********2927***********
**********https://webshop.brightstar-2020.se/belkin-wall-charger-1***********
3960**********2928***********
**********https://webshop.brightstar-2020.se/celly-usb-cable-1***********
3960**********2929***********
**********https://webshop.brightstar-2020.se/celly-usb-cable***********
3960**********2930***********
**********https://webshop.brightstar-2020.se/belkin-3-5mm-charge-rockstar***********
3960**********2931***********
**********https://webshop.brightstar-2020.se/belkin-car-charger***********
3960**********2932***********
**********https://webshop.brightstar-2020.se/belkin-usb-c-premium***********
3960**********2933***********
**********https://webshop.brightstar-2020.se/belkin-micro-premium***********
3960**********2934***********
**********https://webshop.brightstar-2020.se/belkin-micro-premium-1***********
3960**********2935***********
**********https://webshop.brightstar-2020.se/anker-power***********
3960**********2936***********
**********https://webshop.brightstar-2020.se/celly-wall-charger-1***********
3960**********2937***********
**********https://webshop.brightstar-2020.se/anker-astro-e1***********
description non-exist
3960**********2938***********
**********https://webshop.brightstar-2020.se/samsung-dex-station***********
3960**********2939***********
**********https://webshop.brightstar-2020.se/key-power-car-quick-charge-3-0***********
3960**********2940***********
**********https://webshop.brightstar-2020.se/key-power-wall-with-cable-eu***********
3960**********2941***********
**********https://webshop.brightstar-2020.se/key-power-wall-dual-usb-eu***********
3960**********2942***********
**********https://webshop.brightstar-2020.se/celly-usb-lightning***********
3960**********2943***********
**********https://webshop.brightstar-2020.se/celly-usb-type-c***********
3960**********2944***********
**********https://webshop.brightstar-2020.se/celly-cable-usb***********
3960**********2945***********
**********https://webshop.brightstar-2020.se/celly-car-charger-turbo-1***********
3960**********2946***********
**********https://webshop.brightstar-2020.se/samsung-wall-charger-1***********
3960**********2947***********
**********https://webshop.brightstar-2020.se/belkin-rockstartm***********
3960**********2948***********
**********https://webshop.brightstar-2020.se/samsung-dual-12v-fast-charger***********
3960**********2949***********
**********https://webshop.brightstar-2020.se/celly-lightning-wall-charger***********
3960**********2950***********
**********https://webshop.brightstar-2020.se/celly-micro-usb-wall-charger***********
3960**********2951***********
**********https://webshop.brightstar-2020.se/celly-micro-usb-car-charger***********
3960**********2952***********
**********https://webshop.brightstar-2020.se/celly-micro-usb-car-charger-1***********
3960**********2953***********
**********https://webshop.brightstar-2020.se/huawei-ap32-quick-charger-whit***********
description non-exist
3960**********2954***********
**********https://webshop.brightstar-2020.se/doro-battery-2***********
3960**********2955***********
**********https://webshop.brightstar-2020.se/samsung-wall-charger***********
3960**********2956***********
**********https://webshop.brightstar-2020.se/belkin-mixit-2***********
3960**********2957***********
**********https://webshop.brightstar-2020.se/belkin-premium-usb-2***********
3960**********2958***********
**********https://webshop.brightstar-2020.se/belkin-usb-2-0***********
3960**********2959***********
**********https://webshop.brightstar-2020.se/belkin-lightning-premium-3***********
3960**********2960***********
**********https://webshop.brightstar-2020.se/belkin-lightning-premium***********
3960**********2961***********
**********https://webshop.brightstar-2020.se/belkin-lightning-premium-1***********
3960**********2962***********
**********https://webshop.brightstar-2020.se/celly-425***********
3960**********2963***********
**********https://webshop.brightstar-2020.se/celly-419***********
3960**********2964***********
**********https://webshop.brightstar-2020.se/celly-travel-charger-turbo-2***********
3960**********2965***********
**********https://webshop.brightstar-2020.se/celly-travel-charger-turbo***********
3960**********2966***********
**********https://webshop.brightstar-2020.se/celly-power-station***********
3960**********2967***********
**********https://webshop.brightstar-2020.se/celly-car-charger-turbo***********
3960**********2968***********
**********https://webshop.brightstar-2020.se/apple-lightning-to-6***********
3960**********2969***********
**********https://webshop.brightstar-2020.se/sony-wall-charger-uch20-usb-c***********
3960**********2970***********
**********https://webshop.brightstar-2020.se/celly-car-charger***********
3960**********2971***********
**********https://webshop.brightstar-2020.se/doro-battery-509-530x***********
3960**********2972***********
**********https://webshop.brightstar-2020.se/belkin-car-charge***********
3960**********2973***********
**********https://webshop.brightstar-2020.se/celly-413***********
3960**********2974***********
**********https://webshop.brightstar-2020.se/apple-lightning-to-5***********
3960**********2975***********
**********https://webshop.brightstar-2020.se/case-power-adapter-1***********
description non-exist
3960**********2976***********
**********https://webshop.brightstar-2020.se/apple-lightning-to-usb-c-1***********
3960**********2977***********
**********https://webshop.brightstar-2020.se/celly-316***********
3960**********2978***********
**********https://webshop.brightstar-2020.se/celly-287***********
3960**********2979***********
**********https://webshop.brightstar-2020.se/celly-238***********
3960**********2980***********
**********https://webshop.brightstar-2020.se/belkin-sync-charge-micro-usb-1***********
3960**********2981***********
**********https://webshop.brightstar-2020.se/belkin-wall-charger-plug***********
3960**********2982***********
**********https://webshop.brightstar-2020.se/belkin-sync-charge-lightning-3***********
3960**********2983***********
**********https://webshop.brightstar-2020.se/belkin-car-family-hub***********
3960**********2984***********
**********https://webshop.brightstar-2020.se/samsung-s-charger-pad-4***********
3960**********2985***********
**********https://webshop.brightstar-2020.se/samsung-adaptive-car***********
3960**********2986***********
**********https://webshop.brightstar-2020.se/samsung-adaptive-travel***********
3960**********2987***********
**********https://webshop.brightstar-2020.se/celly-106***********
3960**********2988***********
**********https://webshop.brightstar-2020.se/celly-107***********
3960**********2989***********
**********https://webshop.brightstar-2020.se/celly-21***********
3960**********2990***********
**********https://webshop.brightstar-2020.se/belkin-micro-usb-2m-purple***********
3960**********2991***********
**********https://webshop.brightstar-2020.se/belkin-micro-usb-2m-white***********
3960**********2992***********
**********https://webshop.brightstar-2020.se/belkin-lightning-1-2m-blue***********
3960**********2993***********
**********https://webshop.brightstar-2020.se/belkin-lightning-1-2m-purple***********
3960**********2994***********
**********https://webshop.brightstar-2020.se/belkin-lightning-1-2m-white***********
3960**********2995***********
**********https://webshop.brightstar-2020.se/belkin-wall-charger-lightning***********
3960**********2996***********
**********https://webshop.brightstar-2020.se/belkin-car-charge-lightning-6***********
3960**********2997***********
**********https://webshop.brightstar-2020.se/samsung-5v-2a-flat-ta-1***********
3960**********2998***********
**********https://webshop.brightstar-2020.se/samsung-travel-charger-micro-1***********
3960**********2999***********
**********https://webshop.brightstar-2020.se/belkin-car-charge-microusb***********
3960**********3000***********
**********https://webshop.brightstar-2020.se/belkin-wall-charge-lightning-1***********
3960**********3001***********
**********https://webshop.brightstar-2020.se/belkin-sync-charge-lightning***********
3960**********3002***********
**********https://webshop.brightstar-2020.se/belkin-sync-charge-lightning-1***********
3960**********3003***********
**********https://webshop.brightstar-2020.se/apple-usb-power***********
3960**********3004***********
**********https://webshop.brightstar-2020.se/doro-battery-614-615-680***********
3960**********3005***********
**********https://webshop.brightstar-2020.se/doro-charger-510-515-605-610***********
3960**********3006***********
**********https://webshop.brightstar-2020.se/celly-bike-holder-2***********
3960**********3007***********
**********https://webshop.brightstar-2020.se/celly-magnetic-holder-2***********
3960**********3008***********
**********https://webshop.brightstar-2020.se/celly-car-holder-3***********
3960**********3009***********
**********https://webshop.brightstar-2020.se/celly-desk-holder***********
3960**********3010***********
**********https://webshop.brightstar-2020.se/celly-wireless-car-holder***********
3960**********3011***********
**********https://webshop.brightstar-2020.se/celly-screen-dash-holder***********
3960**********3012***********
**********https://webshop.brightstar-2020.se/celly-screen-dash-holder-ex***********
3960**********3013***********
**********https://webshop.brightstar-2020.se/celly-screen-dash-holder-1***********
3960**********3014***********
**********https://webshop.brightstar-2020.se/celly-airvent-holder-360***********
3960**********3015***********
**********https://webshop.brightstar-2020.se/celly-airvent-holder***********
3960**********3016***********
**********https://webshop.brightstar-2020.se/celly-airvent-holder-plus***********
3960**********3017***********
**********https://webshop.brightstar-2020.se/celly-car-holder-1***********
3960**********3018***********
**********https://webshop.brightstar-2020.se/celly-car-holder-2***********
description non-exist
3960**********3019***********
**********https://webshop.brightstar-2020.se/celly-bike-holder-1***********
3960**********3020***********
**********https://webshop.brightstar-2020.se/celly-backseat-tablet-holder***********
3960**********3021***********
**********https://webshop.brightstar-2020.se/celly-magnetic-holder***********
3960**********3022***********
**********https://webshop.brightstar-2020.se/celly-magnetic-holder-1***********
3960**********3023***********
**********https://webshop.brightstar-2020.se/ideal-car-vent-mount-2***********
3960**********3024***********
**********https://webshop.brightstar-2020.se/celly-dashboard-magnetic***********
3960**********3025***********
**********https://webshop.brightstar-2020.se/celly-ghost-magnetic-holder-2***********
3960**********3026***********
**********https://webshop.brightstar-2020.se/celly-car-holder***********
3960**********3027***********
**********https://webshop.brightstar-2020.se/belkin-universal-car-mount***********
3960**********3028***********
**********https://webshop.brightstar-2020.se/celly-bike-holder***********
3960**********3029***********
**********https://webshop.brightstar-2020.se/ideal-car-vent-mount-1***********
3960**********3030***********
**********https://webshop.brightstar-2020.se/celly-ghost-magnetic-holder-1***********
3960**********3031***********
**********https://webshop.brightstar-2020.se/celly-ghost-magnetic-holder***********
3960**********3032***********
**********https://webshop.brightstar-2020.se/ideal-car-vent-mount***********
3960**********3033***********
**********https://webshop.brightstar-2020.se/belkin-universal***********
3960**********3034***********
**********https://webshop.brightstar-2020.se/ercko-magnet-bar***********
description non-exist
3960**********3035***********
**********https://webshop.brightstar-2020.se/celly-380***********
3960**********3036***********
**********https://webshop.brightstar-2020.se/ideal-magnetic-car-mount***********
3960**********3037***********
**********https://webshop.brightstar-2020.se/belkin-car-holder-cup***********
3960**********3038***********
**********https://webshop.brightstar-2020.se/samsung-universal-vehicle-3***********
3960**********3039***********
**********https://webshop.brightstar-2020.se/asus-desktop-dock-1***********
3960**********3040***********
**********https://webshop.brightstar-2020.se/celly-usb-adapter***********
3960**********3041***********
**********https://webshop.brightstar-2020.se/asus-desktop-dock***********
3960**********3042***********
**********https://webshop.brightstar-2020.se/samsung-s-pen-4***********
3960**********3043***********
**********https://webshop.brightstar-2020.se/apple-lighting-dock-4***********
3960**********3044***********
**********https://webshop.brightstar-2020.se/samsung-type-c-adapter***********
3960**********3045***********
**********https://webshop.brightstar-2020.se/doro-stylus-pen***********
3960**********3046***********
**********https://webshop.brightstar-2020.se/pokibot-smart-robot***********
description non-exist
3960**********3047***********
**********https://webshop.brightstar-2020.se/celly-flashlight-lens-kit***********
3960**********3048***********
**********https://webshop.brightstar-2020.se/anker-eufycam-2c-2-1***********
description non-exist
3960**********3049***********
**********https://webshop.brightstar-2020.se/anker-nebula-capsule-tripod***********
3960**********3050***********
**********https://webshop.brightstar-2020.se/ideal-magnetic-card-holder-8***********
3960**********3051***********
**********https://webshop.brightstar-2020.se/ideal-magnetic-card-holder-11***********
3960**********3052***********
**********https://webshop.brightstar-2020.se/ideal-magnetic-card-holder-7***********
3960**********3053***********
**********https://webshop.brightstar-2020.se/ideal-magnetic-card-holder-10***********
3960**********3054***********
**********https://webshop.brightstar-2020.se/ideal-magnetic-card-holder-6***********
3960**********3055***********
**********https://webshop.brightstar-2020.se/ideal-magnetic-card-holder-9***********
3960**********3056***********
**********https://webshop.brightstar-2020.se/anker-eufycam-2-add-on-camera***********
description non-exist
3960**********3057***********
**********https://webshop.brightstar-2020.se/anker-eufycam-2-kit-gray-white***********
description non-exist
3960**********3058***********
**********https://webshop.brightstar-2020.se/ideal-magnetic-card-holder-5***********
description non-exist
3960**********3059***********
**********https://webshop.brightstar-2020.se/anker-eufy-eufycam-kit***********
description non-exist
3960**********3060***********
**********https://webshop.brightstar-2020.se/anker-nebula-capsule***********
description non-exist
3960**********3061***********
**********https://webshop.brightstar-2020.se/anker-nebula-apollo-b2b***********
description non-exist
3960**********3062***********
**********https://webshop.brightstar-2020.se/ideal-magnetic-ring-mount-7***********
description non-exist
3960**********3063***********
**********https://webshop.brightstar-2020.se/ideal-magnetic-ring-mount-5***********
description non-exist
3960**********3064***********
**********https://webshop.brightstar-2020.se/ideal-magnetic-ring-mount-9***********
3960**********3065***********
**********https://webshop.brightstar-2020.se/ideal-magnetic-ring-mount-6***********
3960**********3066***********
**********https://webshop.brightstar-2020.se/ideal-magnetic-ring-mount-8***********
3960**********3067***********
**********https://webshop.brightstar-2020.se/ideal-magnetic-card-holder-4***********
3960**********3068***********
**********https://webshop.brightstar-2020.se/ideal-magnetic-card-holder-3***********
3960**********3069***********
**********https://webshop.brightstar-2020.se/ideal-magnetic-card-holder-2***********
description non-exist
3960**********3070***********
**********https://webshop.brightstar-2020.se/asus-twinview-dock-1***********
3960**********3071***********
**********https://webshop.brightstar-2020.se/asus-kunai-gamepad-controller***********
3960**********3072***********
**********https://webshop.brightstar-2020.se/anker-nebula-mars2-b2b***********
3960**********3073***********
**********https://webshop.brightstar-2020.se/anker-nebula-capsule-ii-b2b***********
3960**********3074***********
**********https://webshop.brightstar-2020.se/ideal-magnetic-ring-mount-3***********
description non-exist
3960**********3075***********
**********https://webshop.brightstar-2020.se/ideal-magnetic-ring-mount-4***********
description non-exist
3960**********3076***********
**********https://webshop.brightstar-2020.se/ideal-magnetic-ring-mount-2***********
description non-exist
3960**********3077***********
**********https://webshop.brightstar-2020.se/ideal-magnetic-card-holder-1***********
description non-exist
3960**********3078***********
**********https://webshop.brightstar-2020.se/ideal-magnetic-card-holder***********
description non-exist
3960**********3079***********
**********https://webshop.brightstar-2020.se/celly-zero-feeling***********
3960**********3080***********
**********https://webshop.brightstar-2020.se/ideal-magnetic-ring-mount-1***********
3960**********3081***********
**********https://webshop.brightstar-2020.se/ideal-magnetic-ring-mount***********
3960**********3082***********
**********https://webshop.brightstar-2020.se/celly-wireless-charging-lamp***********
description non-exist
3960**********3083***********
**********https://webshop.brightstar-2020.se/celly-wireless-charging-lamp-1***********
description non-exist
3960**********3084***********
**********https://webshop.brightstar-2020.se/oneplus-warp-type-c-1***********
3960**********3085***********
**********https://webshop.brightstar-2020.se/oneplus-warp-type-c***********
3960**********3086***********
**********https://webshop.brightstar-2020.se/anker-usb-c-hub-5-in-1***********
description non-exist
3960**********3087***********
**********https://webshop.brightstar-2020.se/celly-cleaning-kit-10ml***********
description non-exist
3960**********3088***********
**********https://webshop.brightstar-2020.se/motorola-moto-mods-jbl-1***********
3960**********3089***********
**********https://webshop.brightstar-2020.se/asus-professional-docking-1***********
3960**********3090***********
**********https://webshop.brightstar-2020.se/belkin-usb-c-to-hdmi-adapter***********
3960**********3091***********
**********https://webshop.brightstar-2020.se/belkin-premium-hdmi-cable***********
3960**********3092***********
**********https://webshop.brightstar-2020.se/asus-twinview-dock***********
3960**********3093***********
**********https://webshop.brightstar-2020.se/asus-wigig-display-dock***********
3960**********3094***********
**********https://webshop.brightstar-2020.se/asus-gamevice***********
3960**********3095***********
**********https://webshop.brightstar-2020.se/oneplus-6t-type-c-to-3-5mm***********
3960**********3096***********
**********https://webshop.brightstar-2020.se/celly-squiddy-flexible-holder***********
3960**********3097***********
**********https://webshop.brightstar-2020.se/fm-transmitter***********
description non-exist
3960**********3098***********
**********https://webshop.brightstar-2020.se/celly-bluetooth-remote-control***********
3960**********3099***********
**********https://webshop.brightstar-2020.se/celly-rfid-protection***********
description non-exist
3960**********3100***********
**********https://webshop.brightstar-2020.se/magnetic-ring-mount-1***********
3960**********3101***********
**********https://webshop.brightstar-2020.se/magnetic-ring-mount***********
3960**********3102***********
**********https://webshop.brightstar-2020.se/huawei-smart-body-1***********
3960**********3103***********
**********https://webshop.brightstar-2020.se/lexibook-digital-clock-project-5***********
3960**********3104***********
**********https://webshop.brightstar-2020.se/motorola-instaprint-mod***********
3960**********3105***********
**********https://webshop.brightstar-2020.se/gamepad-mod***********
3960**********3106***********
**********https://webshop.brightstar-2020.se/360-camera-mod***********
3960**********3107***********
**********https://webshop.brightstar-2020.se/black-eye-hd-combo***********
3960**********3108***********
**********https://webshop.brightstar-2020.se/black-eye-macro-20x***********
3960**********3109***********
**********https://webshop.brightstar-2020.se/black-eye-hd-wide-angle***********
3960**********3110***********
**********https://webshop.brightstar-2020.se/celly-358***********
3960**********3111***********
**********https://webshop.brightstar-2020.se/huawei-mediapad-t5-10-8***********
3960**********3112***********
**********https://webshop.brightstar-2020.se/lenovo-tab-m10-fhd-plus***********
3960**********3113***********
**********https://webshop.brightstar-2020.se/samsung-galaxy-tab-active-pro***********
3960**********3114***********
**********https://webshop.brightstar-2020.se/huawei-mediapad-t3-10-2***********
3960**********3115***********
**********https://webshop.brightstar-2020.se/huawei-mediapad-t5-10-3***********
3960**********3116***********
**********https://webshop.brightstar-2020.se/huawei-mediapad-t5-10-5***********
3960**********3117***********
**********https://webshop.brightstar-2020.se/huawei-t3-10-wifi-16gb-1***********
3960**********3118***********
**********https://webshop.brightstar-2020.se/huawei-mediapad-m5-lite-10-6***********
3960**********3119***********
**********https://webshop.brightstar-2020.se/huawei-mediapad-m5-lite-10-5***********
3960**********3120***********
**********https://webshop.brightstar-2020.se/huawei-mediapad-m5-lite-10-4***********
3960**********3121***********
**********https://webshop.brightstar-2020.se/lenovo-tab-m8-wifi***********
3960**********3122***********
**********https://webshop.brightstar-2020.se/lenovo-tab-m8-lte***********
3960**********3123***********
**********https://webshop.brightstar-2020.se/lenovo-tab-m7-wifi***********
3960**********3124***********
**********https://webshop.brightstar-2020.se/samsung-galaxy-tab-s6-4g-2***********
3960**********3125***********
**********https://webshop.brightstar-2020.se/samsung-galaxy-tab-s6-4g***********
3960**********3126***********
**********https://webshop.brightstar-2020.se/samsung-galaxy-tab-s6-4g-1***********
3960**********3127***********
**********https://webshop.brightstar-2020.se/samsung-galaxy-tab-s6-1***********
3960**********3128***********
**********https://webshop.brightstar-2020.se/samsung-galaxy-tab-s6***********
3960**********3129***********
**********https://webshop.brightstar-2020.se/samsung-galaxy-tab-s6-2***********
3960**********3130***********
**********https://webshop.brightstar-2020.se/lenovo-tab-m-10-hd-wifi***********
3960**********3131***********
**********https://webshop.brightstar-2020.se/samsung-galaxy-tab-a-10-1-2019-4***********
3960**********3132***********
**********https://webshop.brightstar-2020.se/samsung-galaxy-tab-a-10-1-2019-3***********
3960**********3133***********
**********https://webshop.brightstar-2020.se/samsung-galaxy-tab-a-10-1-2019-5***********
3960**********3134***********
**********https://webshop.brightstar-2020.se/samsung-galaxy-tab-a-10-1-2019-1***********
3960**********3135***********
**********https://webshop.brightstar-2020.se/samsung-galaxy-tab-a-10-1-2019***********
3960**********3136***********
**********https://webshop.brightstar-2020.se/samsung-galaxy-tab-a-10-1-2019-2***********
3960**********3137***********
**********https://webshop.brightstar-2020.se/lenovo-tab-p-10-wifi***********
3960**********3138***********
**********https://webshop.brightstar-2020.se/lenovo-tab-e-10-wifi-2***********
3960**********3139***********
**********https://webshop.brightstar-2020.se/lenovo-tab-m-10-fhd-wifi-3***********
3960**********3140***********
**********https://webshop.brightstar-2020.se/lenovo-tab-e-10-wifi-1***********
3960**********3141***********
**********https://webshop.brightstar-2020.se/lenovo-tab-m-10-fhd-wifi-2***********
3960**********3142***********
**********https://webshop.brightstar-2020.se/lenovo-yoga-book-10-8-wifi***********
3960**********3143***********
**********https://webshop.brightstar-2020.se/lenovo-tab-m-10-fhd-lte***********
3960**********3144***********
**********https://webshop.brightstar-2020.se/lenovo-tab-m-10-fhd-wifi-1***********
3960**********3145***********
**********https://webshop.brightstar-2020.se/samsung-galaxy-tab-a-10-5-3***********
3960**********3146***********
**********https://webshop.brightstar-2020.se/samsung-galaxy-tab-a-10-5-2***********
3960**********3147***********
**********https://webshop.brightstar-2020.se/samsung-galaxy-tab-a-10-5-1***********
3960**********3148***********
**********https://webshop.brightstar-2020.se/samsung-galaxy-tab-a-10-5***********
3960**********3149***********
**********https://webshop.brightstar-2020.se/galaxy-tab-active-2***********
3960**********3150***********
**********https://webshop.brightstar-2020.se/lenovo-tab-7-essential-wifi-1***********
3960**********3151***********
**********https://webshop.brightstar-2020.se/apple-ipad-6-wifi-1***********
description non-exist
3960**********3152***********
**********https://webshop.brightstar-2020.se/apple-ipad-6-wifi-3***********
description non-exist
3960**********3153***********
**********https://webshop.brightstar-2020.se/apple-ipad-6-wifi-2***********
description non-exist
3960**********3154***********
**********https://webshop.brightstar-2020.se/apple-ipad-6-wifi***********
description non-exist
3960**********3155***********
**********https://webshop.brightstar-2020.se/lenovo-tab-m10-fhd-plus-1***********
3960**********3156***********
**********https://webshop.brightstar-2020.se/lenovo-tab-m10-fhd-plus-2***********
3960**********3157***********
**********https://webshop.brightstar-2020.se/lenovo-tab-m-10-hd-lte***********
3960**********3158***********
**********https://webshop.brightstar-2020.se/lenovo-tab-p-10-lte-1***********
3960**********3159***********
**********https://webshop.brightstar-2020.se/belkin-ethernet-adapter***********
3960**********3160***********
**********https://webshop.brightstar-2020.se/belkin-usb-2-0-usb-c-to-usb-a***********
3960**********3161***********
**********https://webshop.brightstar-2020.se/apple-lightning-dig-av-adapter***********
3960**********3162***********
**********https://webshop.brightstar-2020.se/samsung-charging-dock***********
3960**********3163***********
**********https://webshop.brightstar-2020.se/apple-12w-usb-power-adapter***********
3960**********3164***********
**********https://webshop.brightstar-2020.se/dbramante1928-tokyo-6***********
3960**********3165***********
**********https://webshop.brightstar-2020.se/lenovo-plus-folio-case-film***********
description non-exist
3960**********3166***********
**********https://webshop.brightstar-2020.se/lenovo-smart-tab-sleev-folio***********
3960**********3167***********
**********https://webshop.brightstar-2020.se/lenovo-smart-tab-sleev-film***********
3960**********3168***********
**********https://webshop.brightstar-2020.se/lenovo-bumper-film***********
description non-exist
3960**********3169***********
**********https://webshop.brightstar-2020.se/dbramante1928-tokyo-3***********
description non-exist
3960**********3170***********
**********https://webshop.brightstar-2020.se/dbramante1928-tokyo-1***********
description non-exist
3960**********3171***********
**********https://webshop.brightstar-2020.se/dbramante1928-tokyo-2***********
description non-exist
3960**********3172***********
**********https://webshop.brightstar-2020.se/dbramante-1928-copenhagen-46***********
description non-exist
3960**********3173***********
**********https://webshop.brightstar-2020.se/samsung-book-cover-keyboard-4***********
3960**********3174***********
**********https://webshop.brightstar-2020.se/samsung-book-cover-29***********
3960**********3175***********
**********https://webshop.brightstar-2020.se/lenovo-tab-m10-hd***********
3960**********3176***********
**********https://webshop.brightstar-2020.se/dbramante-1928-skagen-pro-8***********
3960**********3177***********
**********https://webshop.brightstar-2020.se/dbramante-1928-skagen-pro-3***********
3960**********3178***********
**********https://webshop.brightstar-2020.se/dbramante-1928-skagen-pro-1***********
3960**********3179***********
**********https://webshop.brightstar-2020.se/dbramante-1928-la-purse***********
description non-exist
3960**********3180***********
**********https://webshop.brightstar-2020.se/dbramante-1928-la-purse-2***********
3960**********3181***********
**********https://webshop.brightstar-2020.se/dbramante-1928-la-purse-1***********
description non-exist
3960**********3182***********
**********https://webshop.brightstar-2020.se/dbramante-1928-la-purse-3***********
3960**********3183***********
**********https://webshop.brightstar-2020.se/dbramante-1928-la-purse-4***********
description non-exist
3960**********3184***********
**********https://webshop.brightstar-2020.se/samsung-book-cover-28***********
3960**********3185***********
**********https://webshop.brightstar-2020.se/apple-smart-folio-11-ipad-pro***********
3960**********3186***********
**********https://webshop.brightstar-2020.se/apple-ipad-mini-smart-cover-5***********
3960**********3187***********
**********https://webshop.brightstar-2020.se/samsung-book-cover-26***********
3960**********3188***********
**********https://webshop.brightstar-2020.se/samsung-book-cover-27***********
3960**********3189***********
**********https://webshop.brightstar-2020.se/samsung-slim-cover***********
3960**********3190***********
**********https://webshop.brightstar-2020.se/samsung-book-cover-keyboard-2***********
3960**********3191***********
**********https://webshop.brightstar-2020.se/dbramante1928-copenhagen-27***********
description non-exist
3960**********3192***********
**********https://webshop.brightstar-2020.se/dbramante1928-copenhagen-26***********
description non-exist
3960**********3193***********
**********https://webshop.brightstar-2020.se/dbramante-1928-copenhagen-40***********
description non-exist
3960**********3194***********
**********https://webshop.brightstar-2020.se/lenovo-tab-m10-bumper-film-1***********
3960**********3195***********
**********https://webshop.brightstar-2020.se/lenovo-tab-p10-bumper-film***********
3960**********3196***********
**********https://webshop.brightstar-2020.se/lenovo-tab-m10-folio-case-film***********
3960**********3197***********
**********https://webshop.brightstar-2020.se/lenovo-tab-e10-folio-case***********
3960**********3198***********
**********https://webshop.brightstar-2020.se/huawei-mediapad-m5-lite-10-2***********
3960**********3199***********
**********https://webshop.brightstar-2020.se/huawei-mediapad-t5***********
3960**********3200***********
**********https://webshop.brightstar-2020.se/dbramante-1928-copenhagen-2-12***********
3960**********3201***********
**********https://webshop.brightstar-2020.se/dbramante-1928-copenhagen-2-11***********
3960**********3202***********
**********https://webshop.brightstar-2020.se/samsung-book-cover-22***********
3960**********3203***********
**********https://webshop.brightstar-2020.se/samsung-book-cover-23***********
3960**********3204***********
**********https://webshop.brightstar-2020.se/tech21-evo-play-2***********
3960**********3205***********
**********https://webshop.brightstar-2020.se/celly-black-rock-tablet-case***********
3960**********3206***********
**********https://webshop.brightstar-2020.se/krusell-ekero-case-3***********
3960**********3207***********
**********https://webshop.brightstar-2020.se/key-tablet-pouch-stand***********
3960**********3208***********
**********https://webshop.brightstar-2020.se/key-tablet-pouch-stand-1***********
3960**********3209***********
**********https://webshop.brightstar-2020.se/huawei-mediapad-t3-10***********
3960**********3210***********
**********https://webshop.brightstar-2020.se/lenovo-tab4-10-plus-kids-kit-1***********
3960**********3211***********
**********https://webshop.brightstar-2020.se/lenovo-tab4-10-hd-kids-kit***********
3960**********3212***********
**********https://webshop.brightstar-2020.se/apple-ipad-smart-cover-8***********
3960**********3213***********
**********https://webshop.brightstar-2020.se/apple-ipad-smart-cover-9***********
3960**********3214***********
**********https://webshop.brightstar-2020.se/apple-ipad-smart-cover-6***********
3960**********3215***********
**********https://webshop.brightstar-2020.se/celly-universal-3***********
3960**********3216***********
**********https://webshop.brightstar-2020.se/celly-universal-2***********
3960**********3217***********
**********https://webshop.brightstar-2020.se/celly-universal-1***********
3960**********3218***********
**********https://webshop.brightstar-2020.se/samsung-book-cover-pu-black***********
3960**********3219***********
**********https://webshop.brightstar-2020.se/samsung-book-cover-pu-white***********
3960**********3220***********
**********https://webshop.brightstar-2020.se/krusell-malmo-case***********
3960**********3221***********
**********https://webshop.brightstar-2020.se/lenovo-yoga-tab-3-10-sleeve-1***********
3960**********3222***********
**********https://webshop.brightstar-2020.se/copter-screenprotector-tab-3***********
description non-exist
3960**********3223***********
**********https://webshop.brightstar-2020.se/copter-screenprotector-tab-2***********
description non-exist
3960**********3224***********
**********https://webshop.brightstar-2020.se/copter-exoglass-tab-11***********
description non-exist
3960**********3225***********
**********https://webshop.brightstar-2020.se/copter-exoglass-tab-8***********
3960**********3226***********
**********https://webshop.brightstar-2020.se/tech21-impact-clear-8***********
3960**********3227***********
**********https://webshop.brightstar-2020.se/copter-exoglass-64***********
3960**********3228***********
**********https://webshop.brightstar-2020.se/copter-exoglass-tab-5***********
3960**********3229***********
**********https://webshop.brightstar-2020.se/copter-screen-protector-293***********
3960**********3230***********
**********https://webshop.brightstar-2020.se/copter-exoglass-14***********
3960**********3231***********
**********https://webshop.brightstar-2020.se/copter-screen-protector-227***********
3960**********3232***********
**********https://webshop.brightstar-2020.se/xceed-coverkey-black-3***********
3960**********3233***********
**********https://webshop.brightstar-2020.se/xceed-coverkey-2-0-black***********
3960**********3234***********
**********https://webshop.brightstar-2020.se/xceed-coverkey-black-2***********
3960**********3235***********
**********https://webshop.brightstar-2020.se/xceed-coverkey-black-1***********
3960**********3236***********
**********https://webshop.brightstar-2020.se/xceed-keyboard-gold***********
3960**********3237***********
**********https://webshop.brightstar-2020.se/apple-pencil***********
3960**********3238***********
**********https://webshop.brightstar-2020.se/samsung-smartthings-7***********
3960**********3239***********
**********https://webshop.brightstar-2020.se/samsung-smartthings-4***********
3960**********3240***********
**********https://webshop.brightstar-2020.se/xiaomi-roborock-s6***********
description non-exist
3960**********3241***********
**********https://webshop.brightstar-2020.se/xiaomi-roborock-s5-max-1***********
description non-exist
3960**********3242***********
**********https://webshop.brightstar-2020.se/xiaomi-roborock-s6-1***********
description non-exist
3960**********3243***********
**********https://webshop.brightstar-2020.se/xiaomi-roborock-s5-max***********
description non-exist
3960**********3244***********
**********https://webshop.brightstar-2020.se/anker-eufy-robovac-r450***********
description non-exist
3960**********3245***********
**********https://webshop.brightstar-2020.se/anker-eufy-robovac-g10-hybrid***********
description non-exist
3960**********3246***********
**********https://webshop.brightstar-2020.se/anker-eufy-robovac-l70-hybrid***********
description non-exist
3960**********3247***********
**********https://webshop.brightstar-2020.se/anker-eufy-replacement-kit***********
3960**********3248***********
**********https://webshop.brightstar-2020.se/anker-eufy-robovac-35c***********
description non-exist
3960**********3249***********
**********https://webshop.brightstar-2020.se/anker-eufy-robovac-15t***********
3960**********3250***********
**********https://webshop.brightstar-2020.se/anker-eufy-robovac-11s***********
3960**********3251***********
**********https://webshop.brightstar-2020.se/anker-eufy-robovac-25c***********
description non-exist
3960**********3252***********
**********https://webshop.brightstar-2020.se/anker-eufy-robovac-11s-1***********
3960**********3253***********
**********https://webshop.brightstar-2020.se/samsung-smartthings-6***********
3960**********3254***********
**********https://webshop.brightstar-2020.se/samsung-smartthings-5***********
3960**********3255***********
**********https://webshop.brightstar-2020.se/samsung-smartthings-2***********
3960**********3256***********
**********https://webshop.brightstar-2020.se/samsung-smartthings-1***********
3960**********3257***********
**********https://webshop.brightstar-2020.se/samsung-smartthings***********
3960**********3258***********
**********https://webshop.brightstar-2020.se/samsung-smartthings-3***********
3960**********3259***********
**********https://webshop.brightstar-2020.se/belkin-pro-series-hispeed-usb***********
3960**********3260***********
**********https://webshop.brightstar-2020.se/dbramante-paris-1***********
description non-exist
3960**********3261***********
**********https://webshop.brightstar-2020.se/dbramante-paris***********
description non-exist
3960**********3262***********
**********https://webshop.brightstar-2020.se/dbramante-paris-2***********
description non-exist
3960**********3263***********
**********https://webshop.brightstar-2020.se/dbramante-rosenborg-1***********
3960**********3264***********
**********https://webshop.brightstar-2020.se/dbramante-rosenborg***********
description non-exist
3960**********3265***********
**********https://webshop.brightstar-2020.se/dbramante-1928-copenhagen-45***********
description non-exist
3960**********3266***********
**********https://webshop.brightstar-2020.se/dbramante1928-orchard-14-1***********
3960**********3267***********
**********https://webshop.brightstar-2020.se/dbramante-1928-nordborg-1***********
description non-exist
3960**********3268***********
**********https://webshop.brightstar-2020.se/dbramante-1928-nordborg***********
description non-exist
3960**********3269***********
**********https://webshop.brightstar-2020.se/dbramate1928-champs-elysees-1***********
description non-exist
3960**********3270***********
**********https://webshop.brightstar-2020.se/dbramante1928-fifth-avenue-1***********
3960**********3271***********
**********https://webshop.brightstar-2020.se/dbramante1928-stelvio-1***********
description non-exist
3960**********3272***********
**********https://webshop.brightstar-2020.se/ideal-louvre-computer-sleeve-2***********
3960**********3273***********
**********https://webshop.brightstar-2020.se/key-computer-sleeve-13-2***********
description non-exist
3960**********3274***********
**********https://webshop.brightstar-2020.se/dbramante1928-orchard-14***********
3960**********3275***********
**********https://webshop.brightstar-2020.se/dbramante1928-ginza-16***********
3960**********3276***********
**********https://webshop.brightstar-2020.se/dbramate1928-champs-elysees***********
3960**********3277***********
**********https://webshop.brightstar-2020.se/ideal-louvre-computer-sleeve-1***********
description non-exist
3960**********3278***********
**********https://webshop.brightstar-2020.se/dbramanate-amalienborg-14-1***********
description non-exist
3960**********3279***********
**********https://webshop.brightstar-2020.se/dbramanate-kronborg-14***********
3960**********3280***********
**********https://webshop.brightstar-2020.se/dbramanate-kronborg-16***********
3960**********3281***********
**********https://webshop.brightstar-2020.se/dbramanate-silkeborg-13***********
3960**********3282***********
**********https://webshop.brightstar-2020.se/dbramanate-marselisborg-14***********
3960**********3283***********
**********https://webshop.brightstar-2020.se/dbramanate-amalienborg-14***********
Spider error processing <GET https://webshop.brightstar-2020.se/> (referer: None)
Traceback (most recent call last):
  File "E:\Jenys_work\BRIGHTSTAR\scraping\spiders\brightstar(all).py", line 103, in parse
    self.driver.get(list2[j])
  File "c:\users\song\appdata\local\programs\python\python38-32\lib\site-packages\selenium\webdriver\remote\webdriver.py", line 333, in get
    self.execute(Command.GET, {'url': url})
  File "c:\users\song\appdata\local\programs\python\python38-32\lib\site-packages\selenium\webdriver\remote\webdriver.py", line 321, in execute
    self.error_handler.check_response(response)
  File "c:\users\song\appdata\local\programs\python\python38-32\lib\site-packages\selenium\webdriver\remote\errorhandler.py", line 242, in check_response
    raise exception_class(message, screen, stacktrace)
selenium.common.exceptions.WebDriverException: Message: unknown error: cannot determine loading status
from disconnected: received Inspector.detached event
  (Session info: chrome=80.0.3987.149)


During handling of the above exception, another exception occurred:

Traceback (most recent call last):
  File "c:\users\song\appdata\local\programs\python\python38-32\lib\site-packages\twisted\internet\defer.py", line 654, in _runCallbacks
    current.result = callback(current.result, *args, **kw)
  File "E:\Jenys_work\BRIGHTSTAR\scraping\spiders\brightstar(all).py", line 106, in parse
    self.driver.refresh()
  File "c:\users\song\appdata\local\programs\python\python38-32\lib\site-packages\selenium\webdriver\remote\webdriver.py", line 831, in refresh
    self.execute(Command.REFRESH)
  File "c:\users\song\appdata\local\programs\python\python38-32\lib\site-packages\selenium\webdriver\remote\webdriver.py", line 321, in execute
    self.error_handler.check_response(response)
  File "c:\users\song\appdata\local\programs\python\python38-32\lib\site-packages\selenium\webdriver\remote\errorhandler.py", line 242, in check_response
    raise exception_class(message, screen, stacktrace)
selenium.common.exceptions.TimeoutException: Message: timeout: Timed out receiving message from renderer: -0.001
  (Session info: chrome=80.0.3987.149)

Crawled 2 pages (at 2 pages/min), scraped 0 items (at 0 items/min)
Closing spider (finished)
Dumping Scrapy stats:
{'downloader/request_bytes': 634,
 'downloader/request_count': 2,
 'downloader/request_method_count/GET': 2,
 'downloader/response_bytes': 4473,
 'downloader/response_count': 2,
 'downloader/response_status_count/200': 1,
 'downloader/response_status_count/404': 1,
 'elapsed_time_seconds': 11049.151755,
 'finish_reason': 'finished',
 'finish_time': datetime.datetime(2020, 4, 2, 5, 46, 32, 747351),
 'log_count/DEBUG': 6,
 'log_count/ERROR': 1,
 'log_count/INFO': 1851,
 'response_received_count': 2,
 'robotstxt/request_count': 1,
 'robotstxt/response_count': 1,
 'robotstxt/response_status_count/404': 1,
 'scheduler/dequeued': 1,
 'scheduler/dequeued/memory': 1,
 'scheduler/enqueued': 1,
 'scheduler/enqueued/memory': 1,
 'spider_exceptions/TimeoutException': 1,
 'start_time': datetime.datetime(2020, 4, 2, 2, 42, 23, 595596)}
Spider closed (finished)
