Start
60**********0***********
**********https://webshop.brightstar-2020.se/mobiltelefoner-1/android***********
60**********1***********
**********https://webshop.brightstar-2020.se/mobiltelefoner-1/iphone***********
60**********2***********
**********https://webshop.brightstar-2020.se/mobiltelefoner-1/knapptelefoner***********
60**********3***********
**********https://webshop.brightstar-2020.se/mobiltillbehor-1/others-2***********
60**********4***********
**********https://webshop.brightstar-2020.se/mobiltillbehor-1/sleeves-bags-6***********
60**********5***********
**********https://webshop.brightstar-2020.se/mobiltillbehor-1/horlurar-headset***********
60**********6***********
**********https://webshop.brightstar-2020.se/mobiltillbehor-1/hogtalare-2***********
60**********7***********
**********https://webshop.brightstar-2020.se/mobiltillbehor-1/skaermskydd-21***********
60**********8***********
**********https://webshop.brightstar-2020.se/mobiltillbehor-1/skydd-fodral***********
60**********9***********
**********https://webshop.brightstar-2020.se/mobiltillbehor-1/plaanbocker-vaeskor***********
60**********10***********
**********https://webshop.brightstar-2020.se/mobiltillbehor-1/wearables-1***********
60**********11***********
**********https://webshop.brightstar-2020.se/mobiltillbehor-1/laddare-batterier***********
60**********12***********
**********https://webshop.brightstar-2020.se/mobiltillbehor-1/haallare-biltillbehor-20***********
60**********13***********
**********https://webshop.brightstar-2020.se/mobiltillbehor-1/data-docking***********
60**********14***********
**********https://webshop.brightstar-2020.se/mobiltillbehor-1/gadgets***********
60**********15***********
**********https://webshop.brightstar-2020.se/surfplattor/android-2***********
60**********16***********
**********https://webshop.brightstar-2020.se/surfplattor/ios***********
60**********17***********
**********https://webshop.brightstar-2020.se/surfplattor/mellan-8-till-8-9-tum***********
60**********18***********
**********https://webshop.brightstar-2020.se/surfplattor/storre-aen-10-tum***********
60**********19***********
**********https://webshop.brightstar-2020.se/tillbehor-surfplattor/cables-adapters***********
60**********20***********
**********https://webshop.brightstar-2020.se/tillbehor-surfplattor/charging-1***********
60**********21***********
**********https://webshop.brightstar-2020.se/tillbehor-surfplattor/vaeskor-fodral***********
60**********22***********
**********https://webshop.brightstar-2020.se/tillbehor-surfplattor/skaermskydd-20***********
60**********23***********
**********https://webshop.brightstar-2020.se/tillbehor-surfplattor/tangentbord-1***********
60**********24***********
**********https://webshop.brightstar-2020.se/tillbehor-surfplattor/ovrigt-31***********
60**********25***********
**********https://webshop.brightstar-2020.se/smart-home/main-hubs***********
60**********26***********
**********https://webshop.brightstar-2020.se/smart-home/power***********
60**********27***********
**********https://webshop.brightstar-2020.se/smart-home/appliances***********
60**********28***********
**********https://webshop.brightstar-2020.se/smart-home/security-sensors***********
60**********29***********
**********https://webshop.brightstar-2020.se/smart-home/accessories-3***********
60**********30***********
**********https://webshop.brightstar-2020.se/datorer-tillbehor/cables***********
60**********31***********
**********https://webshop.brightstar-2020.se/datorer-tillbehor/fodral-vaeskor***********
60**********32***********
**********https://webshop.brightstar-2020.se/fast-telefoni-1/traadlosa-telefoner***********
60**********33***********
**********https://webshop.brightstar-2020.se/fast-telefoni-1/telefoner-4***********
60**********34***********
**********https://webshop.brightstar-2020.se/fast-telefoni-1/sip-telefoner***********
60**********35***********
**********https://webshop.brightstar-2020.se/fast-telefoni-1/tillbehor-7***********
60**********36***********
**********https://webshop.brightstar-2020.se/konferenstelefoner-3/conference-video-1***********
60**********37***********
**********https://webshop.brightstar-2020.se/konferenstelefoner-3/konferenstelefoner-2***********
60**********38***********
**********https://webshop.brightstar-2020.se/konferenstelefoner-3/konferenstillbehor***********
60**********39***********
**********https://webshop.brightstar-2020.se/professionella-headset/traadat-1***********
60**********40***********
**********https://webshop.brightstar-2020.se/professionella-headset/traadlosa-3***********
60**********41***********
**********https://webshop.brightstar-2020.se/professionella-headset/usb-med-sladd***********
60**********42***********
**********https://webshop.brightstar-2020.se/professionella-headset/tillbehor-6***********
60**********43***********
**********https://webshop.brightstar-2020.se/professionella-headset/hogtalartelefon***********
60**********44***********
**********https://webshop.brightstar-2020.se/minneskort-lagring/usb-sticka***********
60**********45***********
**********https://webshop.brightstar-2020.se/minneskort-lagring/minneskort-14***********
60**********46***********
**********https://webshop.brightstar-2020.se/minneskort-lagring/tillbehor-8***********
60**********47***********
**********https://webshop.brightstar-2020.se/mobilt-bredband/usb-modem***********
60**********48***********
**********https://webshop.brightstar-2020.se/mobilt-bredband/routrar-1***********
60**********49***********
**********https://webshop.brightstar-2020.se/mobilt-bredband/antenner***********
60**********50***********
**********https://webshop.brightstar-2020.se/mobilt-bredband/ovrigt-28***********
60**********51***********
**********https://webshop.brightstar-2020.se/naetverk/modem-gateway***********
60**********52***********
**********https://webshop.brightstar-2020.se/naetverk/switchtar***********
60**********53***********
**********https://webshop.brightstar-2020.se/konsumentelektronik/audio-video***********
60**********54***********
**********https://webshop.brightstar-2020.se/konsumentelektronik/bevakning-styrning***********
60**********55***********
**********https://webshop.brightstar-2020.se/konsumentelektronik/multimedia-1***********
60**********56***********
**********https://webshop.brightstar-2020.se/konsumentelektronik/radio-kommunikation-1***********
60**********57***********
**********https://webshop.brightstar-2020.se/mervaerdestjaenster/sales-kit-bundling***********
60**********58***********
**********https://webshop.brightstar-2020.se/mervaerdestjaenster/haardvarukonfiguration***********
60**********59***********
**********https://webshop.brightstar-2020.se/mervaerdestjaenster/3pl-tredjepartslogistik***********
3960**********3283***********
**********https://webshop.brightstar-2020.se/dbramanate-amalienborg-14***********
description non-exist
3960**********3284***********
**********https://webshop.brightstar-2020.se/dbramanate-svendborg-16***********
3960**********3285***********
**********https://webshop.brightstar-2020.se/gigaset-e290***********
3960**********3286***********
**********https://webshop.brightstar-2020.se/gigaset-c530hx***********
3960**********3287***********
**********https://webshop.brightstar-2020.se/gigaset-a170-duo-black***********
3960**********3288***********
**********https://webshop.brightstar-2020.se/gigaset-a170-black***********
3960**********3289***********
**********https://webshop.brightstar-2020.se/gigaset-sl450***********
3960**********3290***********
**********https://webshop.brightstar-2020.se/gigaset-sl450hx***********
3960**********3291***********
**********https://webshop.brightstar-2020.se/gigaset-as405-duo***********
3960**********3292***********
**********https://webshop.brightstar-2020.se/gigaset-as405***********
3960**********3293***********
**********https://webshop.brightstar-2020.se/gigaset-c430-duo***********
3960**********3294***********
**********https://webshop.brightstar-2020.se/gigaset-c430***********
3960**********3295***********
**********https://webshop.brightstar-2020.se/doro-phoneeasy-100w-1***********
3960**********3296***********
**********https://webshop.brightstar-2020.se/doro-phoneeasy-100w-duo***********
3960**********3297***********
**********https://webshop.brightstar-2020.se/gigaset-da710***********
3960**********3298***********
**********https://webshop.brightstar-2020.se/gigaset-da310***********
3960**********3299***********
**********https://webshop.brightstar-2020.se/doro-comfort-3000***********
3960**********3300***********
**********https://webshop.brightstar-2020.se/gigaset-da210***********
3960**********3301***********
**********https://webshop.brightstar-2020.se/gigaset-dx800a***********
3960**********3302***********
**********https://webshop.brightstar-2020.se/doro-909c***********
3960**********3303***********
**********https://webshop.brightstar-2020.se/doro-901c***********
3960**********3304***********
**********https://webshop.brightstar-2020.se/doro-phoneeasy-311c***********
3960**********3305***********
**********https://webshop.brightstar-2020.se/doro-phoneeasy-312cs***********
3960**********3306***********
**********https://webshop.brightstar-2020.se/gigaset-r650h-pro-dect-handset***********
3960**********3307***********
**********https://webshop.brightstar-2020.se/gigaset-s650h-pro-dect-handset***********
file write error!
3960**********3308***********
**********https://webshop.brightstar-2020.se/gigaset-c530ip***********
3960**********3309***********
**********https://webshop.brightstar-2020.se/gigaset-repeater-hx***********
3960**********3310***********
**********https://webshop.brightstar-2020.se/doro-3500-alarm-trigger-1***********
3960**********3311***********
**********https://webshop.brightstar-2020.se/doro-handleeasy-312rc***********
3960**********3312***********
**********https://webshop.brightstar-2020.se/gigaset-mobiledock-lm550i***********
3960**********3313***********
**********https://webshop.brightstar-2020.se/mellanpropp-mini-rj11-2***********
3960**********3314***********
**********https://webshop.brightstar-2020.se/konftel-c50800-hybrid***********
3960**********3315***********
**********https://webshop.brightstar-2020.se/konftel-c50300-analog-hybrid***********
3960**********3316***********
**********https://webshop.brightstar-2020.se/konftel-c2055wx***********
3960**********3317***********
**********https://webshop.brightstar-2020.se/konftel-c50300wx-hybrid-1***********
3960**********3318***********
**********https://webshop.brightstar-2020.se/konftel-c2055***********
3960**********3319***********
**********https://webshop.brightstar-2020.se/konftel-c20ego***********
3960**********3320***********
**********https://webshop.brightstar-2020.se/konftel-c5055wx***********
3960**********3321***********
**********https://webshop.brightstar-2020.se/konftel-c50300mx-hybrid***********
3960**********3322***********
**********https://webshop.brightstar-2020.se/konftel-c50300ipx-hybrid***********
3960**********3323***********
**********https://webshop.brightstar-2020.se/konftel-occ-hub***********
3960**********3324***********
**********https://webshop.brightstar-2020.se/konftel-cam20***********
3960**********3325***********
**********https://webshop.brightstar-2020.se/konftel-cam50***********
3960**********3326***********
**********https://webshop.brightstar-2020.se/konftel-300wx-sip-inkl***********
3960**********3327***********
**********https://webshop.brightstar-2020.se/konftel-800***********
3960**********3328***********
**********https://webshop.brightstar-2020.se/konftel-300ipx***********
file write error!
3960**********3329***********
**********https://webshop.brightstar-2020.se/konftel-ego***********
3960**********3330***********
**********https://webshop.brightstar-2020.se/konftel-55wx***********
3960**********3331***********
**********https://webshop.brightstar-2020.se/konftel-300mx***********
3960**********3332***********
**********https://webshop.brightstar-2020.se/jabra-speak-810-ms***********
3960**********3333***********
**********https://webshop.brightstar-2020.se/jabra-speak-810-uc***********
3960**********3334***********
**********https://webshop.brightstar-2020.se/konftel-300ip-poe***********
3960**********3335***********
**********https://webshop.brightstar-2020.se/konftel-300wx-excl-dect-base***********
3960**********3336***********
**********https://webshop.brightstar-2020.se/konftel-300wx-incl-dect-base***********
3960**********3337***********
**********https://webshop.brightstar-2020.se/konftel-55***********
3960**********3338***********
**********https://webshop.brightstar-2020.se/konftel-300***********
3960**********3339***********
**********https://webshop.brightstar-2020.se/konftel-250***********
3960**********3340***********
**********https://webshop.brightstar-2020.se/konftel-800-daiss-chain-cables***********
3960**********3341***********
**********https://webshop.brightstar-2020.se/konftel-800-smart-microphone***********
3960**********3342***********
**********https://webshop.brightstar-2020.se/konftel-800-poe-injector-eu***********
3960**********3343***********
**********https://webshop.brightstar-2020.se/konftel-ego-locking-kit***********
3960**********3344***********
**********https://webshop.brightstar-2020.se/konftel-unite-adapter***********
3960**********3345***********
**********https://webshop.brightstar-2020.se/konftel-ac-adapter-5v***********
3960**********3346***********
**********https://webshop.brightstar-2020.se/konftel-extension-cables***********
3960**********3347***********
**********https://webshop.brightstar-2020.se/konftel-55-55wx***********
3960**********3348***********
**********https://webshop.brightstar-2020.se/konftel-ip-dect-10***********
3960**********3349***********
**********https://webshop.brightstar-2020.se/konftel-ip-dect-10-1***********
3960**********3350***********
**********https://webshop.brightstar-2020.se/konftel-soft-demo-travel-case-1***********
3960**********3351***********
**********https://webshop.brightstar-2020.se/konftel-300wx***********
3960**********3352***********
**********https://webshop.brightstar-2020.se/konftel-ac-adapter-14-v***********
3960**********3353***********
**********https://webshop.brightstar-2020.se/konftel-55-serie-1***********
3960**********3354***********
**********https://webshop.brightstar-2020.se/konftel-55-serie-2***********
3960**********3355***********
**********https://webshop.brightstar-2020.se/konftel-220-250-300***********
3960**********3356***********
**********https://webshop.brightstar-2020.se/konftel-300m-300w***********
3960**********3357***********
**********https://webshop.brightstar-2020.se/konftel-55w-300-serie***********
3960**********3358***********
**********https://webshop.brightstar-2020.se/konftel-300-300ip***********
3960**********3359***********
**********https://webshop.brightstar-2020.se/konftel-300-55-series-5***********
3960**********3360***********
**********https://webshop.brightstar-2020.se/konftel-300-55-series-7***********
3960**********3361***********
**********https://webshop.brightstar-2020.se/konftel-300ip***********
3960**********3362***********
**********https://webshop.brightstar-2020.se/konftel-300ip-300wx***********
3960**********3363***********
**********https://webshop.brightstar-2020.se/konftel-300m-300wx***********
3960**********3364***********
**********https://webshop.brightstar-2020.se/konftel-300-55-series-1***********
3960**********3365***********
**********https://webshop.brightstar-2020.se/jabra-biz-2300-duo-nc-qd-2***********
file write error!
3960**********3366***********
**********https://webshop.brightstar-2020.se/jabra-biz-2300-mono-nc-qd-1***********
file write error!
3960**********3367***********
**********https://webshop.brightstar-2020.se/jabra-evolve-30-duo***********
3960**********3368***********
**********https://webshop.brightstar-2020.se/jabra-evolve-30-mono***********
3960**********3369***********
**********https://webshop.brightstar-2020.se/jabra-biz-1500-mono-qd***********
3960**********3370***********
**********https://webshop.brightstar-2020.se/jabra-biz-1500-duo-qd***********
3960**********3371***********
**********https://webshop.brightstar-2020.se/jabra-biz-1500-mono-usb***********
3960**********3372***********
**********https://webshop.brightstar-2020.se/jabra-biz-1500-duo-usb***********
3960**********3373***********
**********https://webshop.brightstar-2020.se/plantronics-encore-pro-2***********
3960**********3374***********
**********https://webshop.brightstar-2020.se/plantronics-hw720-ad80-mo300***********
file write error!
3960**********3375***********
**********https://webshop.brightstar-2020.se/plantronics-hw710-da80-mo300***********
3960**********3376***********
**********https://webshop.brightstar-2020.se/jabra-biz-2400-ii-duo-2***********
3960**********3377***********
**********https://webshop.brightstar-2020.se/jabra-biz-2400-ii-mono-3-1***********
3960**********3378***********
**********https://webshop.brightstar-2020.se/jabra-biz-2400-ii-duo***********
3960**********3379***********
**********https://webshop.brightstar-2020.se/jabra-biz-2400-ii-mono-3-1-1***********
3960**********3380***********
**********https://webshop.brightstar-2020.se/jabra-biz-2400-ii-duo-1***********
3960**********3381***********
**********https://webshop.brightstar-2020.se/jabra-biz-2400-ii-mono-3-1-2***********
3960**********3382***********
**********https://webshop.brightstar-2020.se/plantronics-encore-pro***********
3960**********3383***********
**********https://webshop.brightstar-2020.se/plantronics-hw720***********
file write error!
3960**********3384***********
**********https://webshop.brightstar-2020.se/plantronics-hw710***********
3960**********3385***********
**********https://webshop.brightstar-2020.se/jabra-biz-2300-mono-nc-bal***********
file write error!
3960**********3386***********
**********https://webshop.brightstar-2020.se/jabra-biz-2300-duo-nc-qd***********
file write error!
3960**********3387***********
**********https://webshop.brightstar-2020.se/jabra-biz-2300-mono-nc-qd***********
file write error!
3960**********3388***********
**********https://webshop.brightstar-2020.se/jabra-gn2100-telecoil***********
3960**********3389***********
**********https://webshop.brightstar-2020.se/jabra-gn2100-mono-nc-qd-1***********
3960**********3390***********
**********https://webshop.brightstar-2020.se/jabra-gn2100-duo-nc-qd***********
3960**********3391***********
**********https://webshop.brightstar-2020.se/jabra-evolve2-65-14***********
3960**********3392***********
**********https://webshop.brightstar-2020.se/jabra-evolve2-65-15***********
3960**********3393***********
**********https://webshop.brightstar-2020.se/jabra-evolve2-65-12***********
3960**********3394***********
**********https://webshop.brightstar-2020.se/jabra-evolve2-65-13***********
3960**********3395***********
**********https://webshop.brightstar-2020.se/jabra-evolve2-65-30***********
3960**********3396***********
**********https://webshop.brightstar-2020.se/jabra-evolve2-85-14***********
3960**********3397***********
**********https://webshop.brightstar-2020.se/jabra-evolve2-65-31***********
3960**********3398***********
**********https://webshop.brightstar-2020.se/jabra-evolve2-85-15***********
3960**********3399***********
**********https://webshop.brightstar-2020.se/jabra-evolve2-65-28***********
3960**********3400***********
**********https://webshop.brightstar-2020.se/jabra-evolve2-85-12***********
3960**********3401***********
**********https://webshop.brightstar-2020.se/jabra-evolve2-65-29***********
3960**********3402***********
**********https://webshop.brightstar-2020.se/jabra-evolve2-85-13***********
3960**********3403***********
**********https://webshop.brightstar-2020.se/jabra-evolve2-65-6***********
3960**********3404***********
**********https://webshop.brightstar-2020.se/jabra-evolve2-65-7***********
3960**********3405***********
**********https://webshop.brightstar-2020.se/jabra-evolve2-65-4***********
3960**********3406***********
**********https://webshop.brightstar-2020.se/jabra-evolve2-65-5***********
3960**********3407***********
**********https://webshop.brightstar-2020.se/jabra-evolve2-65-22***********
3960**********3408***********
**********https://webshop.brightstar-2020.se/jabra-evolve2-85-6***********
3960**********3409***********
**********https://webshop.brightstar-2020.se/jabra-evolve2-65-23***********
3960**********3410***********
**********https://webshop.brightstar-2020.se/jabra-evolve2-85-7***********
3960**********3411***********
**********https://webshop.brightstar-2020.se/jabra-evolve2-65-20***********
3960**********3412***********
**********https://webshop.brightstar-2020.se/jabra-evolve2-85-4***********
3960**********3413***********
**********https://webshop.brightstar-2020.se/jabra-evolve2-65-21***********
3960**********3414***********
**********https://webshop.brightstar-2020.se/jabra-evolve2-85-5***********
3960**********3415***********
**********https://webshop.brightstar-2020.se/jabra-evolve2-65-10***********
3960**********3416***********
**********https://webshop.brightstar-2020.se/jabra-evolve2-65-11***********
3960**********3417***********
**********https://webshop.brightstar-2020.se/jabra-evolve2-65-8***********
3960**********3418***********
**********https://webshop.brightstar-2020.se/jabra-evolve2-65-9***********
3960**********3419***********
**********https://webshop.brightstar-2020.se/jabra-evolve2-65-26***********
3960**********3420***********
**********https://webshop.brightstar-2020.se/jabra-evolve2-85-10***********
3960**********3421***********
**********https://webshop.brightstar-2020.se/jabra-evolve2-65-27***********
3960**********3422***********
**********https://webshop.brightstar-2020.se/jabra-evolve2-85-11***********
3960**********3423***********
**********https://webshop.brightstar-2020.se/jabra-evolve2-65-24***********
3960**********3424***********
**********https://webshop.brightstar-2020.se/jabra-evolve2-85-8***********
3960**********3425***********
**********https://webshop.brightstar-2020.se/jabra-evolve2-65-25***********
3960**********3426***********
**********https://webshop.brightstar-2020.se/jabra-evolve2-85-9***********
3960**********3427***********
**********https://webshop.brightstar-2020.se/jabra-evolve2-65-2***********
3960**********3428***********
**********https://webshop.brightstar-2020.se/jabra-evolve2-65-3***********
3960**********3429***********
**********https://webshop.brightstar-2020.se/jabra-evolve2-65***********
3960**********3430***********
**********https://webshop.brightstar-2020.se/jabra-evolve2-65-1***********
3960**********3431***********
**********https://webshop.brightstar-2020.se/jabra-evolve2-65-18***********
3960**********3432***********
**********https://webshop.brightstar-2020.se/jabra-evolve2-85-2***********
3960**********3433***********
**********https://webshop.brightstar-2020.se/jabra-evolve2-65-19***********
3960**********3434***********
**********https://webshop.brightstar-2020.se/jabra-evolve2-85-3***********
3960**********3435***********
**********https://webshop.brightstar-2020.se/jabra-evolve2-65-16***********
3960**********3436***********
**********https://webshop.brightstar-2020.se/jabra-evolve2-85***********
3960**********3437***********
**********https://webshop.brightstar-2020.se/jabra-evolve2-65-17***********
3960**********3438***********
**********https://webshop.brightstar-2020.se/jabra-evolve2-85-1***********
3960**********3439***********
**********https://webshop.brightstar-2020.se/peltor-ws-alert-xpi-app***********
description non-exist
3960**********3440***********
**********https://webshop.brightstar-2020.se/peltor-hrxd7a-01***********
3960**********3441***********
**********https://webshop.brightstar-2020.se/blueparrot-b350-xt***********
3960**********3442***********
**********https://webshop.brightstar-2020.se/plantronics-backbeat-pro-2***********
3960**********3443***********
**********https://webshop.brightstar-2020.se/blueparrott-s450-xt***********
3960**********3444***********
**********https://webshop.brightstar-2020.se/plantronics-savi-w8220-m-dect***********
3960**********3445***********
**********https://webshop.brightstar-2020.se/plantronics-voyager-b3200-uc***********
3960**********3446***********
**********https://webshop.brightstar-2020.se/plantronics-voyager-b6200-uc-3***********
3960**********3447***********
**********https://webshop.brightstar-2020.se/plantronics-voyager-b6200-uc-2***********
3960**********3448***********
**********https://webshop.brightstar-2020.se/plantronics-voyager-b6200-uc-1***********
3960**********3449***********
**********https://webshop.brightstar-2020.se/plantronics-voyager-b6200-uc***********
3960**********3450***********
**********https://webshop.brightstar-2020.se/peltor-alert-xp-ws6-hjaelmfaeste***********
3960**********3451***********
**********https://webshop.brightstar-2020.se/jabra-evolve-65e-1***********
3960**********3452***********
**********https://webshop.brightstar-2020.se/jabra-evolve-65e***********
3960**********3453***********
**********https://webshop.brightstar-2020.se/blueparrott-c300-xt***********
3960**********3454***********
**********https://webshop.brightstar-2020.se/blueparrott-b550-xt***********
description non-exist
3960**********3455***********
**********https://webshop.brightstar-2020.se/jabra-evolve-65t***********
3960**********3456***********
**********https://webshop.brightstar-2020.se/jabra-evolve-65t-1***********
3960**********3457***********
**********https://webshop.brightstar-2020.se/plantronics-6b5200-voyager-uc***********
3960**********3458***********
**********https://webshop.brightstar-2020.se/peltor-comtac-xpi***********
3960**********3459***********
**********https://webshop.brightstar-2020.se/blueparrott-b250-xts***********
description non-exist
3960**********3460***********
**********https://webshop.brightstar-2020.se/blueparrott-b450-xt***********
3960**********3461***********
**********https://webshop.brightstar-2020.se/blueparrott-c400-xt***********
3960**********3462***********
**********https://webshop.brightstar-2020.se/peltor-alert-xp-ws6-hjaessbygel***********
3960**********3463***********
**********https://webshop.brightstar-2020.se/jabra-engage-65-1***********
3960**********3464***********
**********https://webshop.brightstar-2020.se/jabra-engage-75***********
file write error!
3960**********3465***********
**********https://webshop.brightstar-2020.se/jabra-engage-65***********
3960**********3466***********
**********https://webshop.brightstar-2020.se/jabra-engage-75-1***********
file write error!
3960**********3467***********
**********https://webshop.brightstar-2020.se/jabra-engage-65-2***********
3960**********3468***********
**********https://webshop.brightstar-2020.se/jabra-engage-75-2***********
file write error!
3960**********3469***********
**********https://webshop.brightstar-2020.se/plantronics-savi-w430-m***********
3960**********3470***********
**********https://webshop.brightstar-2020.se/jabra-evolve-75e***********
3960**********3471***********
**********https://webshop.brightstar-2020.se/jabra-evolve-75e-1***********
3960**********3472***********
**********https://webshop.brightstar-2020.se/plantronics-b8200w-voyager-uc***********
3960**********3473***********
**********https://webshop.brightstar-2020.se/plantronics-b8200-voyager-uc***********
3960**********3474***********
**********https://webshop.brightstar-2020.se/jabra-evolve-75-stereo-ms***********
3960**********3475***********
**********https://webshop.brightstar-2020.se/jabra-evolve-75-stereo-uc***********
3960**********3476***********
**********https://webshop.brightstar-2020.se/jbra-evolve-75***********
3960**********3477***********
**********https://webshop.brightstar-2020.se/jabra-evolve-75***********
3960**********3478***********
**********https://webshop.brightstar-2020.se/jabra-evolve-65-4***********
3960**********3479***********
**********https://webshop.brightstar-2020.se/jabra-evolve-65-5***********
3960**********3480***********
**********https://webshop.brightstar-2020.se/jabra-evolve-65-3***********
3960**********3481***********
**********https://webshop.brightstar-2020.se/jabra-evolve-65-2***********
3960**********3482***********
**********https://webshop.brightstar-2020.se/plantronics-voyager-5200***********
3960**********3483***********
**********https://webshop.brightstar-2020.se/plantronics-savi-w440-m-1***********
3960**********3484***********
**********https://webshop.brightstar-2020.se/plantronics-savi-w445***********
3960**********3485***********
**********https://webshop.brightstar-2020.se/plantronics-savi-w445-m***********
3960**********3486***********
**********https://webshop.brightstar-2020.se/plantronics-savi-w440-1***********
3960**********3487***********
**********https://webshop.brightstar-2020.se/voyager-focus-uc-moc-1***********
3960**********3488***********
**********https://webshop.brightstar-2020.se/voyager-focus-uc-1***********
3960**********3489***********
**********https://webshop.brightstar-2020.se/voyager-focus-uc-moc***********
3960**********3490***********
**********https://webshop.brightstar-2020.se/jabra-pro-930-duo-ms***********
3960**********3491***********
**********https://webshop.brightstar-2020.se/jabra-pro-930-duo***********
3960**********3492***********
**********https://webshop.brightstar-2020.se/jabra-pro-920-duo***********
3960**********3493***********
**********https://webshop.brightstar-2020.se/plantronics-savi-w440ml***********
3960**********3494***********
**********https://webshop.brightstar-2020.se/jabra-stealth-uc***********
3960**********3495***********
**********https://webshop.brightstar-2020.se/jabra-stealth-uc-ms***********
3960**********3496***********
**********https://webshop.brightstar-2020.se/plantronics-c565***********
file write error!
3960**********3497***********
**********https://webshop.brightstar-2020.se/jabra-evolve-65-ms-mono***********
3960**********3498***********
**********https://webshop.brightstar-2020.se/jabra-evolve-65-uc-mono***********
3960**********3499***********
**********https://webshop.brightstar-2020.se/jabra-evolve-65-ms-stereo***********
3960**********3500***********
**********https://webshop.brightstar-2020.se/jabra-evolve-65-uc-stereo***********
3960**********3501***********
**********https://webshop.brightstar-2020.se/plantronics-savi-w730-1***********
3960**********3502***********
**********https://webshop.brightstar-2020.se/plantronics-savi-w430a-usb***********
3960**********3503***********
**********https://webshop.brightstar-2020.se/peltor-fr09***********
description non-exist
3960**********3504***********
**********https://webshop.brightstar-2020.se/jabra-motion-office-ms***********
3960**********3505***********
**********https://webshop.brightstar-2020.se/plantronics-savi-w740-1***********
3960**********3506***********
**********https://webshop.brightstar-2020.se/jabra-pro-925-mono***********
3960**********3507***********
**********https://webshop.brightstar-2020.se/jabra-pro-935-mono-ms***********
3960**********3508***********
**********https://webshop.brightstar-2020.se/jabra-pro-935-mono***********
3960**********3509***********
**********https://webshop.brightstar-2020.se/plantronics-savi-w730m-moc-1***********
3960**********3510***********
**********https://webshop.brightstar-2020.se/plantronics-w420***********
3960**********3511***********
**********https://webshop.brightstar-2020.se/plantronics-savi-w410-m***********
3960**********3512***********
**********https://webshop.brightstar-2020.se/plantronics-savi-w410***********
3960**********3513***********
**********https://webshop.brightstar-2020.se/plantronics-w420-m***********
3960**********3514***********
**********https://webshop.brightstar-2020.se/plantronics-cs530***********
3960**********3515***********
**********https://webshop.brightstar-2020.se/plantronics-savi-w740m-moc-1***********
3960**********3516***********
**********https://webshop.brightstar-2020.se/plantronics-legend-uc-b235***********
3960**********3517***********
**********https://webshop.brightstar-2020.se/plantronics-legend-uc-b235-moc***********
3960**********3518***********
**********https://webshop.brightstar-2020.se/peltor-alert***********
description non-exist
3960**********3519***********
**********https://webshop.brightstar-2020.se/jabra-pro-920***********
3960**********3520***********
**********https://webshop.brightstar-2020.se/jabra-pro-930-ms-lync***********
3960**********3521***********
**********https://webshop.brightstar-2020.se/jabra-pro-930***********
3960**********3522***********
**********https://webshop.brightstar-2020.se/plantronics-cs510-mono***********
3960**********3523***********
**********https://webshop.brightstar-2020.se/plantronics-cs520-duo***********
3960**********3524***********
**********https://webshop.brightstar-2020.se/plantronics-cs540***********
3960**********3525***********
**********https://webshop.brightstar-2020.se/plantronics-cs540-inkl-hl10***********
3960**********3526***********
**********https://webshop.brightstar-2020.se/plantronics-cs540-inkl-apa22***********
3960**********3527***********
**********https://webshop.brightstar-2020.se/plantronics-cs540-inkl-aps10***********
3960**********3528***********
**********https://webshop.brightstar-2020.se/jabra-evolve2-40-7***********
3960**********3529***********
**********https://webshop.brightstar-2020.se/jabra-evolve2-40-6***********
3960**********3530***********
**********https://webshop.brightstar-2020.se/jabra-evolve2-40-3***********
3960**********3531***********
**********https://webshop.brightstar-2020.se/jabra-evolve2-40-5***********
3960**********3532***********
**********https://webshop.brightstar-2020.se/jabra-evolve2-40-2***********
3960**********3533***********
**********https://webshop.brightstar-2020.se/jabra-evolve2-40-4***********
3960**********3534***********
**********https://webshop.brightstar-2020.se/jabra-evolve2-40-1***********
3960**********3535***********
**********https://webshop.brightstar-2020.se/jabra-evolve2-40***********
3960**********3536***********
**********https://webshop.brightstar-2020.se/jabra-evolve-65t-earbuds***********
3960**********3537***********
**********https://webshop.brightstar-2020.se/jabra-engage-50-1***********
3960**********3538***********
**********https://webshop.brightstar-2020.se/jabra-engage-50***********
3960**********3539***********
**********https://webshop.brightstar-2020.se/plantronics-blackwire-c310-m-2***********
3960**********3540***********
**********https://webshop.brightstar-2020.se/plantronics-blackwire-c320-m-2***********
3960**********3541***********
**********https://webshop.brightstar-2020.se/jabra-evolve-80-stereo-ms***********
3960**********3542***********
**********https://webshop.brightstar-2020.se/jabra-evolve-80-stereo-uc***********
3960**********3543***********
**********https://webshop.brightstar-2020.se/jabra-evolve-40-ms-mono-1***********
description non-exist
3960**********3544***********
**********https://webshop.brightstar-2020.se/jabra-evolve-40-uc-mono-2***********
description non-exist
3960**********3545***********
**********https://webshop.brightstar-2020.se/jabra-evolve-40-ms-stereo-1***********
description non-exist
3960**********3546***********
**********https://webshop.brightstar-2020.se/jabra-evolve-40-uc-stereo-1***********
description non-exist
3960**********3547***********
**********https://webshop.brightstar-2020.se/jabra-biz-2300-mono-usb-c-uc***********
file write error!
3960**********3548***********
**********https://webshop.brightstar-2020.se/jabra-biz-2300-duo-usb-c-ms***********
file write error!
3960**********3549***********
**********https://webshop.brightstar-2020.se/jabra-biz-2300-duo-usb-c-uc***********
file write error!
3960**********3550***********
**********https://webshop.brightstar-2020.se/jabra-biz-2300-mono-usb-c-ms***********
file write error!
3960**********3551***********
**********https://webshop.brightstar-2020.se/plantronics-c5210-blackwire***********
3960**********3552***********
**********https://webshop.brightstar-2020.se/plantronics-c5210c-blackwire***********
3960**********3553***********
**********https://webshop.brightstar-2020.se/plantronics-c5220-blackwire***********
3960**********3554***********
**********https://webshop.brightstar-2020.se/plantronics-c3225-blackwire***********
3960**********3555***********
**********https://webshop.brightstar-2020.se/plantronics-c5220c-blackwire***********
3960**********3556***********
**********https://webshop.brightstar-2020.se/plantronics-c3225c-blackwire***********
3960**********3557***********
**********https://webshop.brightstar-2020.se/plantronics-c3215-blackwire***********
3960**********3558***********
**********https://webshop.brightstar-2020.se/plantronics-c6310c-blackwire***********
3960**********3559***********
**********https://webshop.brightstar-2020.se/plantronics-c3215c-blackwire***********
3960**********3560***********
**********https://webshop.brightstar-2020.se/jabra-evolve-20-ms-mono-1***********
3960**********3561***********
**********https://webshop.brightstar-2020.se/jabra-evolve-20-uc-mono-1***********
3960**********3562***********
**********https://webshop.brightstar-2020.se/jabra-evolve-20-ms-stereo-1***********
3960**********3563***********
**********https://webshop.brightstar-2020.se/jabra-evolve-20-uc-stereo-1***********
3960**********3564***********
**********https://webshop.brightstar-2020.se/jabra-evolve-30-ii-ms-mono***********
3960**********3565***********
**********https://webshop.brightstar-2020.se/jabra-evolve-30-ii-uc-stereo***********
3960**********3566***********
**********https://webshop.brightstar-2020.se/jabra-evolve-30-ii-1***********
3960**********3567***********
**********https://webshop.brightstar-2020.se/jabra-evolve-30-ii***********
3960**********3568***********
**********https://webshop.brightstar-2020.se/jabra-biz-2400-ii-usb-duo-ms-1***********
3960**********3569***********
**********https://webshop.brightstar-2020.se/jabra-biz-2400-ii-usb-duo***********
3960**********3570***********
**********https://webshop.brightstar-2020.se/jabra-biz-2400-ii-usb-duo-1***********
3960**********3571***********
**********https://webshop.brightstar-2020.se/jabra-biz-2400-ii-usb-mono-ms-1***********
3960**********3572***********
**********https://webshop.brightstar-2020.se/jabra-biz-2400-ii-usb-mono-1***********
3960**********3573***********
**********https://webshop.brightstar-2020.se/jabra-biz-2400-ii-usb-duo-ms***********
3960**********3574***********
**********https://webshop.brightstar-2020.se/jabra-biz-2400-ii-usb-mono-ms***********
3960**********3575***********
**********https://webshop.brightstar-2020.se/jabra-biz-2400-ii-usb-mono***********
3960**********3576***********
**********https://webshop.brightstar-2020.se/plantronics-blackwire-c725***********
3960**********3577***********
**********https://webshop.brightstar-2020.se/jabra-evolve-80-ms-stereo***********
3960**********3578***********
**********https://webshop.brightstar-2020.se/jabra-evolve-80-uc-stereo***********
3960**********3579***********
**********https://webshop.brightstar-2020.se/jabra-evolve-40-ms-mono***********
3960**********3580***********
**********https://webshop.brightstar-2020.se/jabra-evolve-40-uc-mono***********
3960**********3581***********
**********https://webshop.brightstar-2020.se/jabra-evolve-40-ms-stereo***********
3960**********3582***********
**********https://webshop.brightstar-2020.se/jabra-evolve-40-uc-stereo***********
3960**********3583***********
**********https://webshop.brightstar-2020.se/jabra-evolve-20-ms-stereo***********
3960**********3584***********
**********https://webshop.brightstar-2020.se/jabra-evolve-20-uc-stereo***********
3960**********3585***********
**********https://webshop.brightstar-2020.se/jabra-evolve-20-uc-mono***********
3960**********3586***********
**********https://webshop.brightstar-2020.se/jabra-evolve-20-ms-mono***********
3960**********3587***********
**********https://webshop.brightstar-2020.se/jabra-biz-2300-duo-usb-uc***********
file write error!
3960**********3588***********
**********https://webshop.brightstar-2020.se/jabra-biz-2300-mono-usb-uc***********
3960**********3589***********
**********https://webshop.brightstar-2020.se/jabra-biz-2300-duo-usb-ms***********
3960**********3590***********
**********https://webshop.brightstar-2020.se/jabra-biz-2300-mono-usb-ms***********
file write error!
3960**********3591***********
**********https://webshop.brightstar-2020.se/jabra-uc-voice-250-1***********
3960**********3592***********
**********https://webshop.brightstar-2020.se/jabra-evolve-30-ii-2***********
3960**********3593***********
**********https://webshop.brightstar-2020.se/jabra-evolve-30-ii-3***********
3960**********3594***********
**********https://webshop.brightstar-2020.se/jabra-evolve2-65-pouch***********
description non-exist
3960**********3595***********
**********https://webshop.brightstar-2020.se/jabra-evolve2-40-pouch***********
description non-exist
3960**********3596***********
**********https://webshop.brightstar-2020.se/jabra-ear-cushions-evolve2***********
description non-exist
3960**********3597***********
**********https://webshop.brightstar-2020.se/jabra-ear-cushions-evolve2-65***********
description non-exist
3960**********3598***********
**********https://webshop.brightstar-2020.se/jabra-evolve2-85-ear-cushion-1***********
description non-exist
3960**********3599***********
**********https://webshop.brightstar-2020.se/jabra-evolve2-85-carry-case-1***********
description non-exist
3960**********3600***********
**********https://webshop.brightstar-2020.se/jabra-evolve2-85-ear-cushion***********
description non-exist
3960**********3601***********
**********https://webshop.brightstar-2020.se/jabra-evolve2-85-carry-case***********
description non-exist
3960**********3602***********
**********https://webshop.brightstar-2020.se/jabra-link-380a***********
description non-exist
3960**********3603***********
**********https://webshop.brightstar-2020.se/jabra-link-380c***********
description non-exist
3960**********3604***********
**********https://webshop.brightstar-2020.se/jabra-link-380a-1***********
description non-exist
3960**********3605***********
**********https://webshop.brightstar-2020.se/jabra-link-380c-1***********
description non-exist
3960**********3606***********
**********https://webshop.brightstar-2020.se/jabra-evolve2-usb-cable-2***********
3960**********3607***********
**********https://webshop.brightstar-2020.se/jabra-evolve2-usb-cable***********
3960**********3608***********
**********https://webshop.brightstar-2020.se/jabraevolve2-65-deskstand***********
description non-exist
3960**********3609***********
**********https://webshop.brightstar-2020.se/jabra-evolve2-85-deskstand-2***********
description non-exist
3960**********3610***********
**********https://webshop.brightstar-2020.se/jabra-evolve2-65-deskstand***********
description non-exist
3960**********3611***********
**********https://webshop.brightstar-2020.se/jabra-evolve2-85-deskstand***********
description non-exist
3960**********3612***********
**********https://webshop.brightstar-2020.se/jabra-evolve2-usb-cable-3***********
3960**********3613***********
**********https://webshop.brightstar-2020.se/jabra-evolve2-usb-cable-1***********
3960**********3614***********
**********https://webshop.brightstar-2020.se/jabra-evolve2-65-deskstand-1***********
description non-exist
3960**********3615***********
**********https://webshop.brightstar-2020.se/jabra-evolve2-85-deskstand-3***********
description non-exist
3960**********3616***********
**********https://webshop.brightstar-2020.se/jabra-evolve2-65-deskstand-2***********
description non-exist
3960**********3617***********
**********https://webshop.brightstar-2020.se/jabra-evolve2-85-deskstand-1***********
description non-exist
3960**********3618***********
**********https://webshop.brightstar-2020.se/zodiac-peltor-litecom-pmr-446-1***********
description non-exist
3960**********3619***********
**********https://webshop.brightstar-2020.se/zodiac-peltor-litecom-pmr-446***********
3960**********3620***********
**********https://webshop.brightstar-2020.se/blueparrot-c300-xt***********
3960**********3621***********
**********https://webshop.brightstar-2020.se/blueparrot-b350-xt-1***********
3960**********3622***********
**********https://webshop.brightstar-2020.se/jabra-link-370-2***********
description non-exist
3960**********3623***********
**********https://webshop.brightstar-2020.se/jabra-evolve-usb-cable-tgr***********
3960**********3624***********
**********https://webshop.brightstar-2020.se/jabra-usb-cagle-tgr***********
3960**********3625***********
**********https://webshop.brightstar-2020.se/jabra-usb-cable-blk***********
3960**********3626***********
**********https://webshop.brightstar-2020.se/blueparrot-c300-xt-1***********
3960**********3627***********
**********https://webshop.brightstar-2020.se/jabra-usb-extension-cable***********
description non-exist
3960**********3628***********
**********https://webshop.brightstar-2020.se/jabra-link-950-usb-c***********
3960**********3629***********
**********https://webshop.brightstar-2020.se/jabra-link-950-power-supply-eu***********
3960**********3630***********
**********https://webshop.brightstar-2020.se/jabra-link-950-usb-a***********
3960**********3631***********
**********https://webshop.brightstar-2020.se/blueparrott-s450-xt-refr-kit***********
description non-exist
3960**********3632***********
**********https://webshop.brightstar-2020.se/plantronics-apu-76-cs500-ehs***********
3960**********3633***********
**********https://webshop.brightstar-2020.se/jabra-gn1218-ac***********
3960**********3634***********
**********https://webshop.brightstar-2020.se/jabra-evolve-65e-acc-pack***********
3960**********3635***********
**********https://webshop.brightstar-2020.se/jabra-engage-link-4***********
3960**********3636***********
**********https://webshop.brightstar-2020.se/jabra-engage-link-3***********
3960**********3637***********
**********https://webshop.brightstar-2020.se/jabra-link-extension-cord***********
3960**********3638***********
**********https://webshop.brightstar-2020.se/jabra-link-extension-cord-1***********
3960**********3639***********
**********https://webshop.brightstar-2020.se/jabra-engage-link***********
3960**********3640***********
**********https://webshop.brightstar-2020.se/jabra-engage-link-1***********
3960**********3641***********
**********https://webshop.brightstar-2020.se/jabra-evolve-80-link-ms***********
3960**********3642***********
**********https://webshop.brightstar-2020.se/jabra-evolve-80-link-uc***********
3960**********3643***********
**********https://webshop.brightstar-2020.se/peltor-vaeggadapter-usb-5v-3m***********
3960**********3644***********
**********https://webshop.brightstar-2020.se/jabra-evolve-40-link-ms***********
3960**********3645***********
**********https://webshop.brightstar-2020.se/jabra-evolve-40-link-uc***********
3960**********3646***********
**********https://webshop.brightstar-2020.se/jabra-engage-headset-2***********
3960**********3647***********
**********https://webshop.brightstar-2020.se/jabra-engage-headset-1***********
3960**********3648***********
**********https://webshop.brightstar-2020.se/jabra-engage-headset***********
3960**********3649***********
**********https://webshop.brightstar-2020.se/jabra-link-1***********
3960**********3650***********
**********https://webshop.brightstar-2020.se/jabra-evolve-75-1***********
3960**********3651***********
**********https://webshop.brightstar-2020.se/jabra-engage-conv-acc-pack***********
3960**********3652***********
**********https://webshop.brightstar-2020.se/jabra-engage-charger***********
3960**********3653***********
**********https://webshop.brightstar-2020.se/jabra-engage-neckband***********
3960**********3654***********
**********https://webshop.brightstar-2020.se/jabra-engage-headband***********
3960**********3655***********
**********https://webshop.brightstar-2020.se/jabra-engage-battery-pack***********
3960**********3656***********
**********https://webshop.brightstar-2020.se/jabra-engage-mono-neckband***********
3960**********3657***********
**********https://webshop.brightstar-2020.se/jabra-engage-mono-headband***********
3960**********3658***********
**********https://webshop.brightstar-2020.se/jabra-engage-ear-cushion-blk-1***********
3960**********3659***********
**********https://webshop.brightstar-2020.se/jabra-engage-ear-cushion-blk-2***********
3960**********3660***********
**********https://webshop.brightstar-2020.se/jabra-engage-headband-pad-blk***********
3960**********3661***********
**********https://webshop.brightstar-2020.se/jabra-engage-ear-cushion-blk***********
3960**********3662***********
**********https://webshop.brightstar-2020.se/jabra-engage-ear-cushions-blk***********
3960**********3663***********
**********https://webshop.brightstar-2020.se/blueparrott-c400-xt-1***********
3960**********3664***********
**********https://webshop.brightstar-2020.se/blueparrott-c400-xt-2***********
description non-exist
3960**********3665***********
**********https://webshop.brightstar-2020.se/blueparrott-b450-xt-1***********
3960**********3666***********
**********https://webshop.brightstar-2020.se/blueparrott-vxi***********
3960**********3667***********
**********https://webshop.brightstar-2020.se/plantronics-mda-1***********
3960**********3668***********
**********https://webshop.brightstar-2020.se/plantronics-mda***********
3960**********3669***********
**********https://webshop.brightstar-2020.se/plantronics-bt600-usb-adapter***********
3960**********3670***********
**********https://webshop.brightstar-2020.se/plantronics-apu-72-savi-ehs***********
3960**********3671***********
**********https://webshop.brightstar-2020.se/plantronics-apc-43-savi-ehs***********
3960**********3672***********
**********https://webshop.brightstar-2020.se/jabra-evolve-75e-acc-pack***********
3960**********3673***********
**********https://webshop.brightstar-2020.se/jabra-link-370***********
3960**********3674***********
**********https://webshop.brightstar-2020.se/jabra-link-370-1***********
3960**********3675***********
**********https://webshop.brightstar-2020.se/peltor-hygiensats-hy79***********
description non-exist
3960**********3676***********
**********https://webshop.brightstar-2020.se/charging-stand-e75***********
3960**********3677***********
**********https://webshop.brightstar-2020.se/charging-stand-e65***********
3960**********3678***********
**********https://webshop.brightstar-2020.se/plantronics-earcushion-d-1***********
3960**********3679***********
**********https://webshop.brightstar-2020.se/plantronics-earcushion-5***********
3960**********3680***********
**********https://webshop.brightstar-2020.se/plantronics-hic-adapterkabel-1***********
3960**********3681***********
**********https://webshop.brightstar-2020.se/jabra-noise-guide-3***********
3960**********3682***********
**********https://webshop.brightstar-2020.se/plantronics-earchushion-d-1***********
3960**********3683***********
**********https://webshop.brightstar-2020.se/jabra-evolve-4***********
3960**********3684***********
**********https://webshop.brightstar-2020.se/jabra-evolve-65-1***********
3960**********3685***********
**********https://webshop.brightstar-2020.se/plantronics-earchushion-2-pack***********
3960**********3686***********
**********https://webshop.brightstar-2020.se/jabra-pro-900-duo***********
3960**********3687***********
**********https://webshop.brightstar-2020.se/jabra-leatherette-ear-cushions***********
3960**********3688***********
**********https://webshop.brightstar-2020.se/jabra-pc-cord-qd-to-1x3-5mm***********
3960**********3689***********
**********https://webshop.brightstar-2020.se/jabra-link-mobile-qd-to-3-5mm***********
3960**********3690***********
**********https://webshop.brightstar-2020.se/jabra-supervisor-cord-w-mute***********
3960**********3691***********
**********https://webshop.brightstar-2020.se/jabra-noise-guide-2***********
3960**********3692***********
**********https://webshop.brightstar-2020.se/jabra-single-headset-pro-900***********
3960**********3693***********
**********https://webshop.brightstar-2020.se/jabra-stealth-uc-1***********
3960**********3694***********
**********https://webshop.brightstar-2020.se/jabra-pro-925-935***********
3960**********3695***********
**********https://webshop.brightstar-2020.se/jabra-pro-925-935-1***********
3960**********3696***********
**********https://webshop.brightstar-2020.se/jabra-evolve-80-2***********
3960**********3697***********
**********https://webshop.brightstar-2020.se/jabra-evolve-80-1***********
3960**********3698***********
**********https://webshop.brightstar-2020.se/jabra-biz-2400-ii-2***********
3960**********3699***********
**********https://webshop.brightstar-2020.se/jabra-biz-2400-ii-3***********
3960**********3700***********
**********https://webshop.brightstar-2020.se/jabra-ehs-adapter-2***********
3960**********3701***********
**********https://webshop.brightstar-2020.se/jabra-motion-1***********
3960**********3702***********
**********https://webshop.brightstar-2020.se/jabra-biz-2400-ii***********
3960**********3703***********
**********https://webshop.brightstar-2020.se/plantronics-da70***********
3960**********3704***********
**********https://webshop.brightstar-2020.se/plantronics-da80***********
3960**********3705***********
**********https://webshop.brightstar-2020.se/jabra-biiz-2400-ii***********
3960**********3706***********
**********https://webshop.brightstar-2020.se/jabra-link-860***********
3960**********3707***********
**********https://webshop.brightstar-2020.se/jabra-ehs-adapter-1***********
3960**********3708***********
**********https://webshop.brightstar-2020.se/plantronics-9***********
3960**********3709***********
**********https://webshop.brightstar-2020.se/jabra-power-supply***********
3960**********3710***********
**********https://webshop.brightstar-2020.se/jabra-evolve-40-uc-duo***********
3960**********3711***********
**********https://webshop.brightstar-2020.se/jabra-evolve-80-uc-duo***********
3960**********3712***********
**********https://webshop.brightstar-2020.se/jabra-evolve-40-uc-mono-1***********
3960**********3713***********
**********https://webshop.brightstar-2020.se/jabra-evolve-2***********
3960**********3714***********
**********https://webshop.brightstar-2020.se/jabra-evolve-20-65-1***********
3960**********3715***********
**********https://webshop.brightstar-2020.se/jabra-evolve-1***********
3960**********3716***********
**********https://webshop.brightstar-2020.se/jabra-evolve-20-65-2***********
3960**********3717***********
**********https://webshop.brightstar-2020.se/jabra-evolve-80***********
3960**********3718***********
**********https://webshop.brightstar-2020.se/plantronics-chmagl***********
3960**********3719***********
**********https://webshop.brightstar-2020.se/jabra-ehs-adapter***********
3960**********3720***********
**********https://webshop.brightstar-2020.se/jabra-gn2100-gn9120-3***********
3960**********3721***********
**********https://webshop.brightstar-2020.se/jabra-link-230-usb-adapter***********
3960**********3722***********
**********https://webshop.brightstar-2020.se/jabra-link-260-usb-adapter***********
3960**********3723***********
**********https://webshop.brightstar-2020.se/plantronics-mo300ip4ss***********
3960**********3724***********
**********https://webshop.brightstar-2020.se/jabra-pro925-pro935***********
3960**********3725***********
**********https://webshop.brightstar-2020.se/plantronics-blackwire-c700***********
3960**********3726***********
**********https://webshop.brightstar-2020.se/jabra-link-265-usb-qd***********
3960**********3727***********
**********https://webshop.brightstar-2020.se/jabra-biz-2300-2***********
3960**********3728***********
**********https://webshop.brightstar-2020.se/jabra-motion-uc-3***********
3960**********3729***********
**********https://webshop.brightstar-2020.se/jabra-biz-2300***********
3960**********3730***********
**********https://webshop.brightstar-2020.se/jabra-link-850-qd-mute-cable***********
3960**********3731***********
**********https://webshop.brightstar-2020.se/jabra-gn2100-5***********
3960**********3732***********
**********https://webshop.brightstar-2020.se/plantronics-savi-laddbas-1***********
3960**********3733***********
**********https://webshop.brightstar-2020.se/plantronics-w440-740-cs540-1***********
3960**********3734***********
**********https://webshop.brightstar-2020.se/plantronics-w440-740-cs540***********
3960**********3735***********
**********https://webshop.brightstar-2020.se/plantronics-savi-laddhaallare***********
3960**********3736***********
**********https://webshop.brightstar-2020.se/plantronics-savi-laddbas***********
3960**********3737***********
**********https://webshop.brightstar-2020.se/plantronics-battery-pack-1***********
3960**********3738***********
**********https://webshop.brightstar-2020.se/plantronics-savi-cs-d100a***********
3960**********3739***********
**********https://webshop.brightstar-2020.se/plantronics-wh500-w440***********
3960**********3740***********
**********https://webshop.brightstar-2020.se/plantronics-savi-cs-wh300b***********
3960**********3741***********
**********https://webshop.brightstar-2020.se/jabra-link-ehs-box-avaya***********
3960**********3742***********
**********https://webshop.brightstar-2020.se/jabra-gn-qd-cord-rak-0-5m***********
3960**********3743***********
**********https://webshop.brightstar-2020.se/jabra-supreme-uc-uc-ms***********
3960**********3744***********
**********https://webshop.brightstar-2020.se/jabra-uc-voice-750-mic-foam***********
3960**********3745***********
**********https://webshop.brightstar-2020.se/plantronics-headband-wh500***********
3960**********3746***********
**********https://webshop.brightstar-2020.se/plantronics-tbh-kit-cs540-w740***********
3960**********3747***********
**********https://webshop.brightstar-2020.se/plantronics-neckband-cs540***********
3960**********3748***********
**********https://webshop.brightstar-2020.se/jabra-link-850***********
3960**********3749***********
**********https://webshop.brightstar-2020.se/jabra-pro900-serie***********
3960**********3750***********
**********https://webshop.brightstar-2020.se/jabra-link-360-ms***********
3960**********3751***********
**********https://webshop.brightstar-2020.se/jabra-link-360***********
3960**********3752***********
**********https://webshop.brightstar-2020.se/jabra-gn-ehs-adapter-6***********
3960**********3753***********
**********https://webshop.brightstar-2020.se/plantronics-c540***********
3960**********3754***********
**********https://webshop.brightstar-2020.se/plantronics-his-adapterkabel-1***********
3960**********3755***********
**********https://webshop.brightstar-2020.se/jabra-pro-900-separate-headset***********
3960**********3756***********
**********https://webshop.brightstar-2020.se/plantronics-savi-separate-head***********
3960**********3757***********
**********https://webshop.brightstar-2020.se/jabra-pro-900-serie***********
3960**********3758***********
**********https://webshop.brightstar-2020.se/jabra-link-ehs-box-avaya-serie***********
3960**********3759***********
**********https://webshop.brightstar-2020.se/plantronics-qd-adapter-cable***********
3960**********3760***********
**********https://webshop.brightstar-2020.se/peltor-charger-for-ack03***********
3960**********3761***********
**********https://webshop.brightstar-2020.se/peltor-12v-car-charger***********
3960**********3762***********
**********https://webshop.brightstar-2020.se/peltor-battery-ack03***********
3960**********3763***********
**********https://webshop.brightstar-2020.se/jabra-gn-qd-cord***********
3960**********3764***********
**********https://webshop.brightstar-2020.se/jabra-gn-ehs-adapter***********
3960**********3765***********
**********https://webshop.brightstar-2020.se/plantronics-savi-extra-hs***********
3960**********3766***********
**********https://webshop.brightstar-2020.se/plantronics-lurlyftare***********
3960**********3767***********
**********https://webshop.brightstar-2020.se/jabra-uc-voice-150-biz360***********
3960**********3768***********
**********https://webshop.brightstar-2020.se/jabra-uc-voice-250***********
3960**********3769***********
**********https://webshop.brightstar-2020.se/jabra-link-ehs-cord***********
3960**********3770***********
**********https://webshop.brightstar-2020.se/jabra-link-ehs-cord-1***********
3960**********3771***********
**********https://webshop.brightstar-2020.se/jabra-gn-qd-cord-24***********
3960**********3772***********
**********https://webshop.brightstar-2020.se/jabra-gn-qd-cord-22***********
3960**********3773***********
**********https://webshop.brightstar-2020.se/jabra-gn9120-flex-nc-1***********
3960**********3774***********
**********https://webshop.brightstar-2020.se/jabra-gn9120-midi-1***********
3960**********3775***********
**********https://webshop.brightstar-2020.se/jabra-gn1216-avaya-96xx***********
3960**********3776***********
**********https://webshop.brightstar-2020.se/jabra-extension-cord-2xqd-plug***********
3960**********3777***********
**********https://webshop.brightstar-2020.se/jabra-gn-qd-cord-3***********
3960**********3778***********
**********https://webshop.brightstar-2020.se/jabra-gn-qd-cord-2***********
3960**********3779***********
**********https://webshop.brightstar-2020.se/jabra-gn-qd-cord-1***********
3960**********3780***********
**********https://webshop.brightstar-2020.se/jabra-gn1216-avaya-96xx-1***********
3960**********3781***********
**********https://webshop.brightstar-2020.se/jabra-gn-qd-cord-4***********
3960**********3782***********
**********https://webshop.brightstar-2020.se/jabra-gn-qd-cord-5***********
3960**********3783***********
**********https://webshop.brightstar-2020.se/jabra-gn-cord***********
3960**********3784***********
**********https://webshop.brightstar-2020.se/jabra-gn8210-ac-adapter***********
3960**********3785***********
**********https://webshop.brightstar-2020.se/jabra-gn-qd-cord-18***********
3960**********3786***********
**********https://webshop.brightstar-2020.se/jabra-gn-qd-cord-20***********
3960**********3787***********
**********https://webshop.brightstar-2020.se/jabra-gn1200-smart-cord-1***********
3960**********3788***********
**********https://webshop.brightstar-2020.se/jabra-gn-qd-cord-19***********
3960**********3789***********
**********https://webshop.brightstar-2020.se/jabra-gn-qd-cord-21***********
3960**********3790***********
**********https://webshop.brightstar-2020.se/plantronics-battery-pack***********
3960**********3791***********
**********https://webshop.brightstar-2020.se/plantronics-his-adapterkabel***********
3960**********3792***********
**********https://webshop.brightstar-2020.se/jabra-gn-qd-cord-10***********
3960**********3793***********
**********https://webshop.brightstar-2020.se/jabra-gn-qd-cord-11***********
3960**********3794***********
**********https://webshop.brightstar-2020.se/jabra-gn-danaswitch-1***********
3960**********3795***********
**********https://webshop.brightstar-2020.se/jabra-gn-qd-cord-7***********
3960**********3796***********
**********https://webshop.brightstar-2020.se/plantronics-adapterkabel-2***********
3960**********3797***********
**********https://webshop.brightstar-2020.se/plantronics-upptagenindikator***********
3960**********3798***********
**********https://webshop.brightstar-2020.se/jabra-gn-qd-cord-6***********
3960**********3799***********
**********https://webshop.brightstar-2020.se/jabra-gn-qd-cord-16***********
3960**********3800***********
**********https://webshop.brightstar-2020.se/jabra-gn1200-smart-cord***********
3960**********3801***********
**********https://webshop.brightstar-2020.se/jabra-busy-light-indicator***********
3960**********3802***********
**********https://webshop.brightstar-2020.se/plantronics-u10p-s-kabel***********
3960**********3803***********
**********https://webshop.brightstar-2020.se/jabra-gn-ac-adapter***********
3960**********3804***********
**********https://webshop.brightstar-2020.se/jabra-gn-ehs-adapter-1***********
3960**********3805***********
**********https://webshop.brightstar-2020.se/jabra-gn-ehs-adapter-dhsg***********
3960**********3806***********
**********https://webshop.brightstar-2020.se/jabra-gn-link-ehs-adapter***********
3960**********3807***********
**********https://webshop.brightstar-2020.se/jabra-pro-9400-serie-1***********
3960**********3808***********
**********https://webshop.brightstar-2020.se/jabra-pro-9400***********
3960**********3809***********
**********https://webshop.brightstar-2020.se/jabra-pro-9400-1***********
3960**********3810***********
**********https://webshop.brightstar-2020.se/plantronics-earhook-kit***********
3960**********3811***********
**********https://webshop.brightstar-2020.se/jabra-pro-9400-900-serie-2***********
3960**********3812***********
**********https://webshop.brightstar-2020.se/jabra-gn-ehs-adapter-4***********
3960**********3813***********
**********https://webshop.brightstar-2020.se/jabra-pro-9400-serie***********
3960**********3814***********
**********https://webshop.brightstar-2020.se/jabra-gn-ehs-adapter-2***********
3960**********3815***********
**********https://webshop.brightstar-2020.se/plantronics-u10p-s10***********
3960**********3816***********
**********https://webshop.brightstar-2020.se/jabra-gn-danaswitch***********
3960**********3817***********
**********https://webshop.brightstar-2020.se/jabra-gn-y-stycke-f-med***********
3960**********3818***********
**********https://webshop.brightstar-2020.se/plantronics-kabel-a10-med***********
3960**********3819***********
**********https://webshop.brightstar-2020.se/jabra-pro9400-go6400***********
3960**********3820***********
**********https://webshop.brightstar-2020.se/jabra-pro-9400-900-serie-1***********
3960**********3821***********
**********https://webshop.brightstar-2020.se/jabra-gn-ehs-adapter-3***********
3960**********3822***********
**********https://webshop.brightstar-2020.se/jabra-pro-9470***********
3960**********3823***********
**********https://webshop.brightstar-2020.se/jabra-pro-9460-9465-duo***********
3960**********3824***********
**********https://webshop.brightstar-2020.se/jabra-pro-9460***********
3960**********3825***********
**********https://webshop.brightstar-2020.se/plantronics-y-cable***********
3960**********3826***********
**********https://webshop.brightstar-2020.se/plantronics-laettviktskabel-1***********
3960**********3827***********
**********https://webshop.brightstar-2020.se/plantronics-laettviktskabel-2***********
3960**********3828***********
**********https://webshop.brightstar-2020.se/jabra-link-180-switch***********
3960**********3829***********
**********https://webshop.brightstar-2020.se/jabra-link-280***********
3960**********3830***********
**********https://webshop.brightstar-2020.se/jabra-pro-9400-900-serie***********
3960**********3831***********
**********https://webshop.brightstar-2020.se/jabra-gn2000-10-pack***********
3960**********3832***********
**********https://webshop.brightstar-2020.se/jabra-gn2000-10-pack-1***********
3960**********3833***********
**********https://webshop.brightstar-2020.se/jabra-gn2000-10-pcs***********
3960**********3834***********
**********https://webshop.brightstar-2020.se/jabra-gn-krok-liten-att***********
3960**********3835***********
**********https://webshop.brightstar-2020.se/jabra-gn2100-gn9120-2***********
3960**********3836***********
**********https://webshop.brightstar-2020.se/jabra-gn1000-rhl***********
3960**********3837***********
**********https://webshop.brightstar-2020.se/jabra-gn2100-2***********
3960**********3838***********
**********https://webshop.brightstar-2020.se/jabra-gn2100-3***********
3960**********3839***********
**********https://webshop.brightstar-2020.se/jabra-gn-m2250***********
3960**********3840***********
**********https://webshop.brightstar-2020.se/jabra-gn2100-gn9120***********
3960**********3841***********
**********https://webshop.brightstar-2020.se/jabra-gn9120-flex***********
3960**********3842***********
**********https://webshop.brightstar-2020.se/jabra-speak-750-uc***********
3960**********3843***********
**********https://webshop.brightstar-2020.se/jabra-speak-750-ms-teams***********
3960**********3844***********
**********https://webshop.brightstar-2020.se/plantronics-calisto-p7200***********
3960**********3845***********
**********https://webshop.brightstar-2020.se/usb-c-3-5-mm-speakerphone***********
3960**********3846***********
**********https://webshop.brightstar-2020.se/plantronics-calisto-p5200***********
3960**********3847***********
**********https://webshop.brightstar-2020.se/plantronics-calisto-p3200***********
3960**********3848***********
**********https://webshop.brightstar-2020.se/plantronics-calisto-p3200-1***********
3960**********3849***********
**********https://webshop.brightstar-2020.se/jabra-speak-510-ms-lync***********
3960**********3850***********
**********https://webshop.brightstar-2020.se/jabra-speak-510-uc***********
3960**********3851***********
**********https://webshop.brightstar-2020.se/jabra-speak-710-2***********
3960**********3852***********
**********https://webshop.brightstar-2020.se/jabra-speak-710***********
3960**********3853***********
**********https://webshop.brightstar-2020.se/jabra-speak-710-1***********
3960**********3854***********
**********https://webshop.brightstar-2020.se/jabra-speak-810***********
3960**********3855***********
**********https://webshop.brightstar-2020.se/plantronics-calisto-7***********
3960**********3856***********
**********https://webshop.brightstar-2020.se/jabra-speak-510-uc-1***********
3960**********3857***********
**********https://webshop.brightstar-2020.se/jabra-speak-510-ms***********
3960**********3858***********
**********https://webshop.brightstar-2020.se/jabra-speak-410-510***********
3960**********3859***********
**********https://webshop.brightstar-2020.se/plantronics-calisto-4***********
3960**********3860***********
**********https://webshop.brightstar-2020.se/plantronics-calisto-5***********
3960**********3861***********
**********https://webshop.brightstar-2020.se/plantronics-voyager-pro-legend***********
3960**********3862***********
**********https://webshop.brightstar-2020.se/jabra-speak-410-ms-lync***********
3960**********3863***********
**********https://webshop.brightstar-2020.se/jabra-speak-410-uc***********
3960**********3864***********
**********https://webshop.brightstar-2020.se/plantronics-calisto-laddare***********
3960**********3865***********
**********https://webshop.brightstar-2020.se/jabra-speak-410-cord***********
3960**********3866***********
**********https://webshop.brightstar-2020.se/samsung-duo-plus-128gb-usb-c***********
3960**********3867***********
**********https://webshop.brightstar-2020.se/samsung-duo-plus-256gb-usb-c***********
3960**********3868***********
**********https://webshop.brightstar-2020.se/samsung-duo-plus-32gb-usb-c***********
3960**********3869***********
**********https://webshop.brightstar-2020.se/samsung-duo-plus-64gb-usb-c***********
3960**********3870***********
**********https://webshop.brightstar-2020.se/leef-ibridge-air-black-256gb***********
description non-exist
3960**********3871***********
**********https://webshop.brightstar-2020.se/leef-ibridge-air-black-512gb***********
description non-exist
3960**********3872***********
**********https://webshop.brightstar-2020.se/leef-ibridge-air-black-64gb***********
description non-exist
3960**********3873***********
**********https://webshop.brightstar-2020.se/leef-ibridge-air-black-32gb***********
description non-exist
3960**********3874***********
**********https://webshop.brightstar-2020.se/leef-bridge-type-c-black-128gb***********
3960**********3875***********
**********https://webshop.brightstar-2020.se/leef-bridge-type-c-black-32gb***********
3960**********3876***********
**********https://webshop.brightstar-2020.se/leef-ibridge3-128gb-black***********
3960**********3877***********
**********https://webshop.brightstar-2020.se/huawei-nano-memory-card***********
3960**********3878***********
**********https://webshop.brightstar-2020.se/samsung-microsd-evo-plus-512gb***********
3960**********3879***********
**********https://webshop.brightstar-2020.se/samsung-pro-endurance***********
3960**********3880***********
**********https://webshop.brightstar-2020.se/samsung-pro-endurance-1***********
3960**********3881***********
**********https://webshop.brightstar-2020.se/samsung-pro-endurance-2***********
3960**********3882***********
**********https://webshop.brightstar-2020.se/samsung-microsd-evo-128gb***********
3960**********3883***********
**********https://webshop.brightstar-2020.se/samsung-microsd-evo-64gb***********
3960**********3884***********
**********https://webshop.brightstar-2020.se/samsung-microsd-evo-plus-256gb***********
3960**********3885***********
**********https://webshop.brightstar-2020.se/samsung-microsd-evo-32gb***********
3960**********3886***********
**********https://webshop.brightstar-2020.se/leef-pro-sdhc-uhs-1-300x-2***********
3960**********3887***********
**********https://webshop.brightstar-2020.se/leef-pro-sdhc-uhs-1-300x***********
3960**********3888***********
**********https://webshop.brightstar-2020.se/leef-pro-sdhc-uhs-1-300x-1***********
3960**********3889***********
**********https://webshop.brightstar-2020.se/leef-iaccess-mobile-card***********
3960**********3890***********
**********https://webshop.brightstar-2020.se/huawei-e3372h-153-4g-usb-modem-3***********
3960**********3891***********
**********https://webshop.brightstar-2020.se/zte-mf286d***********
description non-exist
3960**********3892***********
**********https://webshop.brightstar-2020.se/huawei-e5576-320-wifi-4g-cat4***********
description non-exist
3960**********3893***********
**********https://webshop.brightstar-2020.se/huawei-wifi-mesh-q2-pro***********
description non-exist
3960**********3894***********
**********https://webshop.brightstar-2020.se/huawei-router-ws5200-v2***********
description non-exist
3960**********3895***********
**********https://webshop.brightstar-2020.se/huawei-4g-router-b535-cat-6***********
3960**********3896***********
**********https://webshop.brightstar-2020.se/huawei-e5577s-321-4g-router-2***********
description non-exist
3960**********3897***********
**********https://webshop.brightstar-2020.se/net1-4g-wifi-router***********
3960**********3898***********
**********https://webshop.brightstar-2020.se/smarteq-summer-house-antenna-1***********
description non-exist
3960**********3899***********
**********https://webshop.brightstar-2020.se/net1-bilantenn-liten***********
description non-exist
3960**********3900***********
**********https://webshop.brightstar-2020.se/net1-laegenhetsantenn***********
description non-exist
3960**********3901***********
**********https://webshop.brightstar-2020.se/smarteq-portable-antenna***********
3960**********3902***********
**********https://webshop.brightstar-2020.se/net-1-antennpaket***********
3960**********3903***********
**********https://webshop.brightstar-2020.se/net-1-antennpaket-baat***********
3960**********3904***********
**********https://webshop.brightstar-2020.se/net-1-antennpaket-hus***********
3960**********3905***********
**********https://webshop.brightstar-2020.se/net1-ac-adapter-4g-wifi-router***********
3960**********3906***********
**********https://webshop.brightstar-2020.se/net1-batteri-4g-wifi-router***********
3960**********3907***********
**********https://webshop.brightstar-2020.se/net1-billaddare-4g-wifi-router***********
3960**********3908***********
**********https://webshop.brightstar-2020.se/gw6600v-all-sfp-rfs***********
description non-exist
3960**********3909***********
**********https://webshop.brightstar-2020.se/gw6600v-isdn-sfp-rfs***********
description non-exist
3960**********3910***********
**********https://webshop.brightstar-2020.se/belkin-usb-c-multimedia-hub***********
3960**********3911***********
**********https://webshop.brightstar-2020.se/av1***********
description non-exist
3960**********3912***********
**********https://webshop.brightstar-2020.se/denver-frameo-slim-3***********
3960**********3913***********
**********https://webshop.brightstar-2020.se/denver-frameo-classic-1***********
3960**********3914***********
**********https://webshop.brightstar-2020.se/belkin-hdmi-1-4-digital-video***********
3960**********3915***********
**********https://webshop.brightstar-2020.se/telldus-plug-in-receiver***********
3960**********3916***********
**********https://webshop.brightstar-2020.se/proove-indoor-outdoor-hygro-1***********
3960**********3917***********
**********https://webshop.brightstar-2020.se/xiaomi-mi-box-s-4k-ultra-hd***********
3960**********3918***********
**********https://webshop.brightstar-2020.se/zodiac-neo-31-mhz***********
3960**********3919***********
**********https://webshop.brightstar-2020.se/zodiac-neo-155-mhz***********
3960**********3920***********
**********https://webshop.brightstar-2020.se/zodiac-neo-bt-31-mhz***********
3960**********3921***********
**********https://webshop.brightstar-2020.se/zodiac-neo-bt-155-mhz***********
3960**********3922***********
**********https://webshop.brightstar-2020.se/komp***********
description non-exist
3960**********3923***********
**********https://webshop.brightstar-2020.se/zodiac-6-facksladdare-fm***********
3960**********3924***********
**********https://webshop.brightstar-2020.se/secret-service-freetalk-mini***********
3960**********3925***********
**********https://webshop.brightstar-2020.se/zodiac-vaeska-freetalk-mini***********
description non-exist
3960**********3926***********
**********https://webshop.brightstar-2020.se/zodiac-high-end-monofon-extrem***********
3960**********3927***********
**********https://webshop.brightstar-2020.se/zodiac-secret-service-profe***********
3960**********3928***********
**********https://webshop.brightstar-2020.se/zodiac-secret-service-hf-3***********
description non-exist
3960**********3929***********
**********https://webshop.brightstar-2020.se/zodiac-micro-446-rod***********
3960**********3930***********
**********https://webshop.brightstar-2020.se/zodiac-micro-446-svart***********
description non-exist
3960**********3931***********
**********https://webshop.brightstar-2020.se/zodiac-transport-80-66-88-mhz***********
description non-exist
3960**********3932***********
**********https://webshop.brightstar-2020.se/zodiac-skogsantenn-5***********
3960**********3933***********
**********https://webshop.brightstar-2020.se/zodiac-snabb-bordsladdare***********
3960**********3934***********
**********https://webshop.brightstar-2020.se/zodiac-freetalk-mini***********
3960**********3935***********
**********https://webshop.brightstar-2020.se/zodiac-skogsantenn-4***********
3960**********3936***********
**********https://webshop.brightstar-2020.se/zodiac-proline-400***********
3960**********3937***********
**********https://webshop.brightstar-2020.se/zodiac-monofon***********
3960**********3938***********
**********https://webshop.brightstar-2020.se/zodiac-laddare-1***********
3960**********3939***********
**********https://webshop.brightstar-2020.se/zodiac-laddare-2***********
description non-exist
3960**********3940***********
**********https://webshop.brightstar-2020.se/zodiac-freetalk-pro-exkl***********
3960**********3941***********
**********https://webshop.brightstar-2020.se/zodiac-freetalk-pro-exkl-1***********
3960**********3942***********
**********https://webshop.brightstar-2020.se/zodiac-secret-service-hf-2***********
3960**********3943***********
**********https://webshop.brightstar-2020.se/zodiac-batteri***********
3960**********3944***********
**********https://webshop.brightstar-2020.se/zodiac-laddare***********
3960**********3945***********
**********https://webshop.brightstar-2020.se/zodiac-byggmonofon***********
3960**********3946***********
**********https://webshop.brightstar-2020.se/zodiac-stubbantenn***********
3960**********3947***********
**********https://webshop.brightstar-2020.se/zodiac-raeckviddssele***********
3960**********3948***********
**********https://webshop.brightstar-2020.se/triosim-tre***********
description non-exist
3960**********3949***********
**********https://webshop.brightstar-2020.se/android-zero-touch-enrollment-1***********
description non-exist
3960**********3950***********
**********https://webshop.brightstar-2020.se/device-enrollment-program-2***********
description non-exist
3960**********3951***********
**********https://webshop.brightstar-2020.se/knox-mobile-enrollment***********
description non-exist
3960**********3952***********
**********https://webshop.brightstar-2020.se/forkonfiguration-for-3***********
description non-exist
3960**********3953***********
**********https://webshop.brightstar-2020.se/swap24-for-apple***********
3960**********3954***********
**********https://webshop.brightstar-2020.se/montering-av-displayskydd-1***********
description non-exist
3960**********3955***********
**********https://webshop.brightstar-2020.se/swap24***********
description non-exist
3960**********3956***********
**********https://webshop.brightstar-2020.se/montering-av-displayskydd***********
3960**********3957***********
**********https://webshop.brightstar-2020.se/simkort-mobilizera***********
description non-exist
3960**********3958***********
**********https://webshop.brightstar-2020.se/kartong-mobilizera***********
description non-exist
3960**********3959***********
**********https://webshop.brightstar-2020.se/combosim-no-pin***********
description non-exist
Crawled 2 pages (at 2 pages/min), scraped 0 items (at 0 items/min)
Closing spider (finished)
Dumping Scrapy stats:
{'downloader/request_bytes': 634,
 'downloader/request_count': 2,
 'downloader/request_method_count/GET': 2,
 'downloader/response_bytes': 4472,
 'downloader/response_count': 2,
 'downloader/response_status_count/200': 1,
 'downloader/response_status_count/404': 1,
 'elapsed_time_seconds': 8792.973606,
 'finish_reason': 'finished',
 'finish_time': datetime.datetime(2020, 4, 2, 10, 41, 44, 641200),
 'log_count/DEBUG': 6,
 'log_count/INFO': 1572,
 'response_received_count': 2,
 'robotstxt/request_count': 1,
 'robotstxt/response_count': 1,
 'robotstxt/response_status_count/404': 1,
 'scheduler/dequeued': 1,
 'scheduler/dequeued/memory': 1,
 'scheduler/enqueued': 1,
 'scheduler/enqueued/memory': 1,
 'start_time': datetime.datetime(2020, 4, 2, 8, 15, 11, 667594)}
Spider closed (finished)
