Start
58**********0***********
**********https://webshop.brightstar-2020.se/mobiltelefoner-1/android***********
58**********1***********
**********https://webshop.brightstar-2020.se/mobiltelefoner-1/iphone***********
58**********2***********
**********https://webshop.brightstar-2020.se/mobiltelefoner-1/knapptelefoner***********
58**********3***********
**********https://webshop.brightstar-2020.se/mobiltillbehor-1/horlurar-headset***********
58**********4***********
**********https://webshop.brightstar-2020.se/mobiltillbehor-1/hogtalare-2***********
58**********5***********
**********https://webshop.brightstar-2020.se/mobiltillbehor-1/skaermskydd-21***********
58**********6***********
**********https://webshop.brightstar-2020.se/mobiltillbehor-1/skydd-fodral***********
58**********7***********
**********https://webshop.brightstar-2020.se/mobiltillbehor-1/plaanbocker-vaeskor***********
58**********8***********
**********https://webshop.brightstar-2020.se/mobiltillbehor-1/wearables-1***********
58**********9***********
**********https://webshop.brightstar-2020.se/mobiltillbehor-1/laddare-batterier***********
58**********10***********
**********https://webshop.brightstar-2020.se/mobiltillbehor-1/haallare-biltillbehor-20***********
58**********11***********
**********https://webshop.brightstar-2020.se/mobiltillbehor-1/data-docking***********
58**********12***********
**********https://webshop.brightstar-2020.se/mobiltillbehor-1/gadgets***********
58**********13***********
**********https://webshop.brightstar-2020.se/surfplattor/android-2***********
58**********14***********
**********https://webshop.brightstar-2020.se/surfplattor/ios***********
58**********15***********
**********https://webshop.brightstar-2020.se/surfplattor/mellan-8-till-8-9-tum***********
58**********16***********
**********https://webshop.brightstar-2020.se/surfplattor/storre-aen-10-tum***********
58**********17***********
**********https://webshop.brightstar-2020.se/tillbehor-surfplattor/cables-adapters***********
58**********18***********
**********https://webshop.brightstar-2020.se/tillbehor-surfplattor/charging-1***********
58**********19***********
**********https://webshop.brightstar-2020.se/tillbehor-surfplattor/vaeskor-fodral***********
58**********20***********
**********https://webshop.brightstar-2020.se/tillbehor-surfplattor/skaermskydd-20***********
58**********21***********
**********https://webshop.brightstar-2020.se/tillbehor-surfplattor/tangentbord-1***********
58**********22***********
**********https://webshop.brightstar-2020.se/tillbehor-surfplattor/ovrigt-31***********
58**********23***********
**********https://webshop.brightstar-2020.se/smart-home/main-hubs***********
58**********24***********
**********https://webshop.brightstar-2020.se/smart-home/power***********
58**********25***********
**********https://webshop.brightstar-2020.se/smart-home/appliances***********
58**********26***********
**********https://webshop.brightstar-2020.se/smart-home/security-sensors***********
58**********27***********
**********https://webshop.brightstar-2020.se/smart-home/accessories-3***********
58**********28***********
**********https://webshop.brightstar-2020.se/datorer-tillbehor/cables***********
58**********29***********
**********https://webshop.brightstar-2020.se/datorer-tillbehor/fodral-vaeskor***********
58**********30***********
**********https://webshop.brightstar-2020.se/fast-telefoni-1/traadlosa-telefoner***********
58**********31***********
**********https://webshop.brightstar-2020.se/fast-telefoni-1/telefoner-4***********
58**********32***********
**********https://webshop.brightstar-2020.se/fast-telefoni-1/sip-telefoner***********
58**********33***********
**********https://webshop.brightstar-2020.se/fast-telefoni-1/tillbehor-7***********
58**********34***********
**********https://webshop.brightstar-2020.se/konferenstelefoner-3/conference-video-1***********
58**********35***********
**********https://webshop.brightstar-2020.se/konferenstelefoner-3/konferenstelefoner-2***********
58**********36***********
**********https://webshop.brightstar-2020.se/konferenstelefoner-3/konferenstillbehor***********
58**********37***********
**********https://webshop.brightstar-2020.se/professionella-headset/traadat-1***********
58**********38***********
**********https://webshop.brightstar-2020.se/professionella-headset/traadlosa-3***********
58**********39***********
**********https://webshop.brightstar-2020.se/professionella-headset/usb-med-sladd***********
58**********40***********
**********https://webshop.brightstar-2020.se/professionella-headset/tillbehor-6***********
58**********41***********
**********https://webshop.brightstar-2020.se/professionella-headset/hogtalartelefon***********
58**********42***********
**********https://webshop.brightstar-2020.se/minneskort-lagring/usb-sticka***********
58**********43***********
**********https://webshop.brightstar-2020.se/minneskort-lagring/minneskort-14***********
58**********44***********
**********https://webshop.brightstar-2020.se/minneskort-lagring/tillbehor-8***********
58**********45***********
**********https://webshop.brightstar-2020.se/mobilt-bredband/usb-modem***********
58**********46***********
**********https://webshop.brightstar-2020.se/mobilt-bredband/routrar-1***********
58**********47***********
**********https://webshop.brightstar-2020.se/mobilt-bredband/antenner***********
58**********48***********
**********https://webshop.brightstar-2020.se/mobilt-bredband/ovrigt-28***********
58**********49***********
**********https://webshop.brightstar-2020.se/naetverk/modem-gateway***********
58**********50***********
**********https://webshop.brightstar-2020.se/naetverk/switchtar***********
58**********51***********
**********https://webshop.brightstar-2020.se/konsumentelektronik/audio-video***********
58**********52***********
**********https://webshop.brightstar-2020.se/konsumentelektronik/bevakning-styrning***********
58**********53***********
**********https://webshop.brightstar-2020.se/konsumentelektronik/multimedia-1***********
58**********54***********
**********https://webshop.brightstar-2020.se/konsumentelektronik/radio-kommunikation-1***********
58**********55***********
**********https://webshop.brightstar-2020.se/mervaerdestjaenster/sales-kit-bundling***********
58**********56***********
**********https://webshop.brightstar-2020.se/mervaerdestjaenster/haardvarukonfiguration***********
58**********57***********
**********https://webshop.brightstar-2020.se/mervaerdestjaenster/3pl-tredjepartslogistik***********
3963**********0***********
**********https://webshop.brightstar-2020.se/huawei-p40-lite-4g-1***********
description non-exist
3963**********1***********
**********https://webshop.brightstar-2020.se/huawei-p40-lite-4g***********
3963**********2***********
**********https://webshop.brightstar-2020.se/huawei-p40-lite-4g-2***********
3963**********3***********
**********https://webshop.brightstar-2020.se/huawei-p40-pro-5g-2***********
description non-exist
3963**********4***********
**********https://webshop.brightstar-2020.se/huawei-p40-pro-5g-1***********
description non-exist
3963**********5***********
**********https://webshop.brightstar-2020.se/huawei-p40-pro-5g***********
description non-exist
3963**********6***********
**********https://webshop.brightstar-2020.se/asus-rog-phone-ii-8-128gb-1***********
description non-exist
3963**********7***********
**********https://webshop.brightstar-2020.se/samsung-galaxy-s20-4g-1***********
3963**********8***********
**********https://webshop.brightstar-2020.se/samsung-galaxy-s20-4g-2***********
3963**********9***********
**********https://webshop.brightstar-2020.se/samsung-galaxy-s20-5g-12-128g***********
3963**********10***********
**********https://webshop.brightstar-2020.se/samsung-galaxy-s20-5g-5***********
3963**********11***********
**********https://webshop.brightstar-2020.se/samsung-galaxy-s20-5g-1***********
3963**********12***********
**********https://webshop.brightstar-2020.se/samsung-galaxy-s20-5g-3***********
3963**********13***********
**********https://webshop.brightstar-2020.se/samsung-galaxy-s20-5g***********
3963**********14***********
**********https://webshop.brightstar-2020.se/samsung-galaxy-s20-5g-2***********
3963**********15***********
**********https://webshop.brightstar-2020.se/samsung-galaxy-s20-5g-4***********
3963**********16***********
**********https://webshop.brightstar-2020.se/samsung-galaxy-s20-4g***********
3963**********17***********
**********https://webshop.brightstar-2020.se/samsung-galaxy-s20-1***********
3963**********18***********
**********https://webshop.brightstar-2020.se/samsung-galaxy-s20***********
3963**********19***********
**********https://webshop.brightstar-2020.se/huawei-y6s-orchid-blue***********
3963**********20***********
**********https://webshop.brightstar-2020.se/huawei-y6s-starry-black***********
3963**********21***********
**********https://webshop.brightstar-2020.se/motorola-g8-power-4-64gb-1***********
3963**********22***********
**********https://webshop.brightstar-2020.se/samsung-sm-g973-galaxy-s10-7***********
3963**********23***********
**********https://webshop.brightstar-2020.se/motorola-g8-power-4-64gb***********
3963**********24***********
**********https://webshop.brightstar-2020.se/samsung-galaxy-note10-lite***********
3963**********25***********
**********https://webshop.brightstar-2020.se/samsung-galaxy-s10-lite***********
3963**********26***********
**********https://webshop.brightstar-2020.se/samsung-sm-a515-galaxy-a51-2***********
3963**********27***********
**********https://webshop.brightstar-2020.se/samsung-sm-a515-galaxy-a51-1***********
3963**********28***********
**********https://webshop.brightstar-2020.se/samsung-sm-a715-galaxy-a71-1***********
3963**********29***********
**********https://webshop.brightstar-2020.se/samsung-galaxy-note-10-lite***********
3963**********30***********
**********https://webshop.brightstar-2020.se/samsung-sm-a715-galaxy-a71***********
3963**********31***********
**********https://webshop.brightstar-2020.se/samsung-sm-a715-galaxy-a71-2***********
3963**********32***********
**********https://webshop.brightstar-2020.se/samsung-galaxy-note-10-lite-1***********
3963**********33***********
**********https://webshop.brightstar-2020.se/samsung-sm-g715-galaxy***********
3963**********34***********
**********https://webshop.brightstar-2020.se/samsung-sm-a515-galaxy-a51***********
3963**********35***********
**********https://webshop.brightstar-2020.se/samsung-sm-g770-galaxy-s10***********
3963**********36***********
**********https://webshop.brightstar-2020.se/samsung-sm-g770-galaxy-s10-1***********
3963**********37***********
**********https://webshop.brightstar-2020.se/motorola-one-hyper-4-128gb-1***********
3963**********38***********
**********https://webshop.brightstar-2020.se/motorola-one-hyper-4-128gb***********
3963**********39***********
**********https://webshop.brightstar-2020.se/huawei-p-smart-pro-midnight***********
3963**********40***********
**********https://webshop.brightstar-2020.se/huawei-p-smart-pro-breathing***********
3963**********41***********
**********https://webshop.brightstar-2020.se/asus-rog-phone-ii-8-128gb***********
3963**********42***********
**********https://webshop.brightstar-2020.se/xiaomi-mi-note-10-pro-2***********
3963**********43***********
**********https://webshop.brightstar-2020.se/xiaomi-mi-note-10-pro-1***********
3963**********44***********
**********https://webshop.brightstar-2020.se/xiaomi-mi-note-10-pro***********
3963**********45***********
**********https://webshop.brightstar-2020.se/xiaomi-redmi-note-8t-1***********
3963**********46***********
**********https://webshop.brightstar-2020.se/xiaomi-redmi-note-8t-2***********
3963**********47***********
**********https://webshop.brightstar-2020.se/xiaomi-redmi-note-8t***********
3963**********48***********
**********https://webshop.brightstar-2020.se/xiaomi-redmi-8***********
3963**********49***********
**********https://webshop.brightstar-2020.se/xiaomi-redmi-8-2***********
3963**********50***********
**********https://webshop.brightstar-2020.se/xiaomi-mi-9-lite-1***********
3963**********51***********
**********https://webshop.brightstar-2020.se/xiaomi-mi-note-10-2***********
3963**********52***********
**********https://webshop.brightstar-2020.se/xiaomi-mi-note-10-1***********
3963**********53***********
**********https://webshop.brightstar-2020.se/xiaomi-mi-note-10***********
3963**********54***********
**********https://webshop.brightstar-2020.se/xiaomi-mi-9-lite***********
3963**********55***********
**********https://webshop.brightstar-2020.se/xiaomi-mi-9-lite-2***********
3963**********56***********
**********https://webshop.brightstar-2020.se/motorola-g8-plus-4-64gb-1***********
3963**********57***********
**********https://webshop.brightstar-2020.se/caterpillar-s52-dual-sim***********
3963**********58***********
**********https://webshop.brightstar-2020.se/motorola-one-macro-4-64gb-1***********
3963**********59***********
**********https://webshop.brightstar-2020.se/motorola-one-macro-4-64gb***********
3963**********60***********
**********https://webshop.brightstar-2020.se/motorola-e6-play-2-32gb***********
3963**********61***********
**********https://webshop.brightstar-2020.se/samsung-sm-g975-galaxy-s10-10***********
3963**********62***********
**********https://webshop.brightstar-2020.se/samsung-sm-g970-galaxy-s10e-11***********
3963**********63***********
**********https://webshop.brightstar-2020.se/huawei-nova-5t-6-128gb***********
3963**********64***********
**********https://webshop.brightstar-2020.se/huawei-nova-5t-6-128gb-1***********
3963**********65***********
**********https://webshop.brightstar-2020.se/xiaomi-redmi-note-8-pro-7***********
3963**********66***********
**********https://webshop.brightstar-2020.se/xiaomi-redmi-note-8-pro-4***********
3963**********67***********
**********https://webshop.brightstar-2020.se/xiaomi-redmi-note-8-pro-6***********
3963**********68***********
**********https://webshop.brightstar-2020.se/xiaomi-mi-9t-pro-1***********
3963**********69***********
**********https://webshop.brightstar-2020.se/xiaomi-mi-9t-pro-2***********
3963**********70***********
**********https://webshop.brightstar-2020.se/xiaomi-mi-9t-pro***********
3963**********71***********
**********https://webshop.brightstar-2020.se/motorola-e6-plus-2-32gb***********
3963**********72***********
**********https://webshop.brightstar-2020.se/doro-8080-black-copper***********
3963**********73***********
**********https://webshop.brightstar-2020.se/asus-rog-phone-ii-12-512gb***********
3963**********74***********
**********https://webshop.brightstar-2020.se/sony-xperia-pf43***********
3963**********75***********
**********https://webshop.brightstar-2020.se/sony-xperia-pf43-1***********
3963**********76***********
**********https://webshop.brightstar-2020.se/motorola-one-action-4-128gb***********
3963**********77***********
**********https://webshop.brightstar-2020.se/motorola-one-action-4-128gb-1***********
3963**********78***********
**********https://webshop.brightstar-2020.se/samsung-galaxy-note-10-4***********
3963**********79***********
**********https://webshop.brightstar-2020.se/samsung-galaxy-note-10-2***********
3963**********80***********
**********https://webshop.brightstar-2020.se/samsung-galaxy-note-10-3***********
3963**********81***********
**********https://webshop.brightstar-2020.se/huawei-p-smart-2019***********
3963**********82***********
**********https://webshop.brightstar-2020.se/huawei-p-smart-2019-1***********
3963**********83***********
**********https://webshop.brightstar-2020.se/huawei-p-smart-2019-aurora-1***********
3963**********84***********
**********https://webshop.brightstar-2020.se/huawei-p-smart-z-midnight***********
3963**********85***********
**********https://webshop.brightstar-2020.se/huawei-p-smart-z-sapphire***********
3963**********86***********
**********https://webshop.brightstar-2020.se/huawei-p-smart-z-emerald-green***********
3963**********87***********
**********https://webshop.brightstar-2020.se/huawei-p30-6-128gb-3***********
3963**********88***********
**********https://webshop.brightstar-2020.se/huawei-p30-pro-6-128gb-3***********
3963**********89***********
**********https://webshop.brightstar-2020.se/samsung-sm-g398-galaxy***********
3963**********90***********
**********https://webshop.brightstar-2020.se/asus-zenfone-6-6gb-128gb***********
3963**********91***********
**********https://webshop.brightstar-2020.se/asus-zenfone-6-8gb-256gb***********
3963**********92***********
**********https://webshop.brightstar-2020.se/asus-zenfone-6-6gb-64gb***********
3963**********93***********
**********https://webshop.brightstar-2020.se/asus-zenfone-6-6gb-128gb-1***********
3963**********94***********
**********https://webshop.brightstar-2020.se/asus-zenfone-6-8gb-256gb-1***********
3963**********95***********
**********https://webshop.brightstar-2020.se/asus-zenfone-6-6gb-64gb-1***********
3963**********96***********
**********https://webshop.brightstar-2020.se/samsung-sm-g970-galaxy-s10e-6***********
3963**********97***********
**********https://webshop.brightstar-2020.se/samsung-sm-a105-galaxy-a10-1***********
3963**********98***********
**********https://webshop.brightstar-2020.se/samsung-sm-a105-galaxy-a10***********
3963**********99***********
**********https://webshop.brightstar-2020.se/samsung-sm-a405-galaxy-a40-4***********
3963**********100***********
**********https://webshop.brightstar-2020.se/sony-j9110-xperia-1-2***********
3963**********101***********
**********https://webshop.brightstar-2020.se/samsung-sm-a202-galaxy-a20e-1***********
3963**********102***********
**********https://webshop.brightstar-2020.se/samsung-sm-a202-galaxy-a20e***********
3963**********103***********
**********https://webshop.brightstar-2020.se/samsung-sm-a202-galaxy-a20e-2***********
3963**********104***********
**********https://webshop.brightstar-2020.se/samsung-sm-a202-galaxy-a20e-3***********
3963**********105***********
**********https://webshop.brightstar-2020.se/samsung-sm-a405-galaxy-a40-1***********
3963**********106***********
**********https://webshop.brightstar-2020.se/samsung-sm-a405-galaxy-a40***********
3963**********107***********
**********https://webshop.brightstar-2020.se/samsung-sm-a405-galaxy-a40-2***********
3963**********108***********
**********https://webshop.brightstar-2020.se/samsung-sm-a405-galaxy-a40-3***********
3963**********109***********
**********https://webshop.brightstar-2020.se/huawei-p30-pro-6-128gb-2***********
3963**********110***********
**********https://webshop.brightstar-2020.se/huawei-p30-6-128gb-2***********
3963**********111***********
**********https://webshop.brightstar-2020.se/huawei-p30-pro-8-256gb-1***********
3963**********112***********
**********https://webshop.brightstar-2020.se/huawei-p30-pro-6-128gb-1***********
3963**********113***********
**********https://webshop.brightstar-2020.se/huawei-p30-6-128gb-1***********
3963**********114***********
**********https://webshop.brightstar-2020.se/huawei-p30-pro-8-256gb-2***********
3963**********115***********
**********https://webshop.brightstar-2020.se/huawei-p30-pro-6-128gb***********
3963**********116***********
**********https://webshop.brightstar-2020.se/huawei-p30-6-128gb***********
3963**********117***********
**********https://webshop.brightstar-2020.se/huawei-p30-pro-8-256gb***********
3963**********118***********
**********https://webshop.brightstar-2020.se/huawei-y6-2019-midnight-black***********
3963**********119***********
**********https://webshop.brightstar-2020.se/huawei-y6-2019-sapphire-blue***********
3963**********120***********
**********https://webshop.brightstar-2020.se/huawei-y6-2019-amber-brown***********
3963**********121***********
**********https://webshop.brightstar-2020.se/huawei-p30-lite-pearl-white***********
3963**********122***********
**********https://webshop.brightstar-2020.se/huawei-p30-lite-midnight-black***********
3963**********123***********
**********https://webshop.brightstar-2020.se/huawei-p30-lite-peacock-blue***********
3963**********124***********
**********https://webshop.brightstar-2020.se/sony-i4113-xperia-10-1***********
file write error!
3963**********125***********
**********https://webshop.brightstar-2020.se/samsung-sm-g970-galaxy-s10e-1***********
3963**********126***********
**********https://webshop.brightstar-2020.se/samsung-sm-g970-galaxy-s10e***********
3963**********127***********
**********https://webshop.brightstar-2020.se/samsung-sm-g970-galaxy-s10e-2***********
3963**********128***********
**********https://webshop.brightstar-2020.se/samsung-sm-g973-galaxy-s10***********
3963**********129***********
**********https://webshop.brightstar-2020.se/samsung-sm-g975-galaxy-s10-2***********
3963**********130***********
**********https://webshop.brightstar-2020.se/samsung-sm-g973-galaxy-s10-1***********
3963**********131***********
**********https://webshop.brightstar-2020.se/samsung-sm-g975-galaxy-s10-3***********
3963**********132***********
**********https://webshop.brightstar-2020.se/motorola-moto-g7-plus-4-64gb***********
3963**********133***********
**********https://webshop.brightstar-2020.se/motorola-moto-g7-plus-4-64gb-1***********
3963**********134***********
**********https://webshop.brightstar-2020.se/huawei-mate-20-pro-midnight***********
3963**********135***********
**********https://webshop.brightstar-2020.se/asus-zenfone-max-pro-m1-3-32gb***********
3963**********136***********
**********https://webshop.brightstar-2020.se/samsung-sm-n960-galaxy-note-9-1***********
3963**********137***********
**********https://webshop.brightstar-2020.se/caterpillar-s61-4g***********
3963**********138***********
**********https://webshop.brightstar-2020.se/htc-u12-6-64gb***********
3963**********139***********
**********https://webshop.brightstar-2020.se/motorola-moto-g6-3-32gb***********
3963**********140***********
**********https://webshop.brightstar-2020.se/doro-8035-metallic-blue***********
3963**********141***********
**********https://webshop.brightstar-2020.se/caterpillar-s31-dual-sim***********
3963**********142***********
**********https://webshop.brightstar-2020.se/caterpillar-s41-dual-sim***********
3963**********143***********
**********https://webshop.brightstar-2020.se/doro-8040-graphite***********
3963**********144***********
**********https://webshop.brightstar-2020.se/happy-plugs-blue-3-5mm***********
3963**********145***********
**********https://webshop.brightstar-2020.se/iphone-11-pro-max-256gb-space-3***********
3963**********146***********
**********https://webshop.brightstar-2020.se/iphone-8-64gb-gold-6***********
description non-exist
3963**********147***********
**********https://webshop.brightstar-2020.se/iphone-8-128gb-space-grey-1***********
description non-exist
3963**********148***********
**********https://webshop.brightstar-2020.se/iphone-11-pro-64gb-silver***********
3963**********149***********
**********https://webshop.brightstar-2020.se/iphone-11-pro-64gb-gold***********
3963**********150***********
**********https://webshop.brightstar-2020.se/iphone-11-pro-64gb-green***********
3963**********151***********
**********https://webshop.brightstar-2020.se/iphone-11-pro-256gb-space-grey***********
3963**********152***********
**********https://webshop.brightstar-2020.se/iphone-11-pro-256gb-silver***********
3963**********153***********
**********https://webshop.brightstar-2020.se/iphone-11-pro-256gb-gold***********
3963**********154***********
**********https://webshop.brightstar-2020.se/iphone-11-pro-256gb-green***********
3963**********155***********
**********https://webshop.brightstar-2020.se/iphone-11-pro-512gb-space-grey***********
3963**********156***********
**********https://webshop.brightstar-2020.se/iphone-11-pro-512gb-silver***********
3963**********157***********
**********https://webshop.brightstar-2020.se/iphone-11-pro-512gb-gold***********
3963**********158***********
**********https://webshop.brightstar-2020.se/iphone-11-pro-512gb-green***********
3963**********159***********
**********https://webshop.brightstar-2020.se/iphone-11-pro-max-64gb-space-g***********
3963**********160***********
**********https://webshop.brightstar-2020.se/iphone-11-pro-max-64gb-silver***********
3963**********161***********
**********https://webshop.brightstar-2020.se/iphone-11-pro-max-64gb-gold***********
3963**********162***********
**********https://webshop.brightstar-2020.se/iphone-11-pro-max-64gb-green***********
3963**********163***********
**********https://webshop.brightstar-2020.se/iphone-11-pro-max-256gb-silver***********
3963**********164***********
**********https://webshop.brightstar-2020.se/iphone-11-pro-max-256gb-gold***********
3963**********165***********
**********https://webshop.brightstar-2020.se/iphone-11-pro-max-256gb-green***********
3963**********166***********
**********https://webshop.brightstar-2020.se/iphone-11-pro-max-512gb-space***********
3963**********167***********
**********https://webshop.brightstar-2020.se/iphone-11-pro-max-512gb-silver***********
3963**********168***********
**********https://webshop.brightstar-2020.se/iphone-11-pro-max-512gb-gold***********
3963**********169***********
**********https://webshop.brightstar-2020.se/iphone-11-pro-max-512gb-green***********
3963**********170***********
**********https://webshop.brightstar-2020.se/iphone-11-64gb-black***********
3963**********171***********
**********https://webshop.brightstar-2020.se/iphone-11-64gb-white***********
3963**********172***********
**********https://webshop.brightstar-2020.se/iphone-11-64gb-product-red***********
3963**********173***********
**********https://webshop.brightstar-2020.se/iphone-11-64gb-yellow***********
3963**********174***********
**********https://webshop.brightstar-2020.se/iphone-11-64gb-purple***********
3963**********175***********
**********https://webshop.brightstar-2020.se/iphone-11-64gb-green***********
3963**********176***********
**********https://webshop.brightstar-2020.se/iphone-11-128gb-black***********
3963**********177***********
**********https://webshop.brightstar-2020.se/iphone-11-128gb-white***********
3963**********178***********
**********https://webshop.brightstar-2020.se/iphone-11-128gb-product-red***********
3963**********179***********
**********https://webshop.brightstar-2020.se/iphone-11-128gb-yellow***********
3963**********180***********
**********https://webshop.brightstar-2020.se/iphone-11-128gb-purple***********
3963**********181***********
**********https://webshop.brightstar-2020.se/iphone-11-128gb-green***********
3963**********182***********
**********https://webshop.brightstar-2020.se/iphone-11-256gb-black***********
3963**********183***********
**********https://webshop.brightstar-2020.se/iphone-11-256gb-white***********
3963**********184***********
**********https://webshop.brightstar-2020.se/iphone-11-256gb-product-red***********
3963**********185***********
**********https://webshop.brightstar-2020.se/iphone-11-256gb-yellow***********
3963**********186***********
**********https://webshop.brightstar-2020.se/iphone-11-256gb-purple***********
3963**********187***********
**********https://webshop.brightstar-2020.se/iphone-11-256gb-green***********
3963**********188***********
**********https://webshop.brightstar-2020.se/iphone-8-128gb-space-grey***********
3963**********189***********
**********https://webshop.brightstar-2020.se/iphone-8-128gb-silver***********
3963**********190***********
**********https://webshop.brightstar-2020.se/iphone-8-128gb-gold***********
3963**********191***********
**********https://webshop.brightstar-2020.se/iphone-8-plus-128gb-space-grey***********
3963**********192***********
**********https://webshop.brightstar-2020.se/iphone-8-plus-128gb-silver***********
3963**********193***********
**********https://webshop.brightstar-2020.se/iphone-8-plus-128gb-gold***********
3963**********194***********
**********https://webshop.brightstar-2020.se/iphone-11-pro-64gb-silver-1***********
description non-exist
3963**********195***********
**********https://webshop.brightstar-2020.se/iphone-11-pro-64gb-gold-1***********
description non-exist
3963**********196***********
**********https://webshop.brightstar-2020.se/iphone-11-pro-64gb-green-1***********
description non-exist
3963**********197***********
**********https://webshop.brightstar-2020.se/iphone-11-pro-256gb-space-grey-1***********
description non-exist
3963**********198***********
**********https://webshop.brightstar-2020.se/iphone-11-pro-256gb-silver-1***********
description non-exist
3963**********199***********
**********https://webshop.brightstar-2020.se/iphone-11-pro-256gb-gold-1***********
description non-exist
3963**********200***********
**********https://webshop.brightstar-2020.se/iphone-11-pro-256gb-green-1***********
description non-exist
3963**********201***********
**********https://webshop.brightstar-2020.se/iphone-11-pro-512gb-space-grey-1***********
description non-exist
3963**********202***********
**********https://webshop.brightstar-2020.se/iphone-11-pro-512gb-silver-1***********
description non-exist
3963**********203***********
**********https://webshop.brightstar-2020.se/iphone-11-pro-512gb-gold-1***********
description non-exist
3963**********204***********
**********https://webshop.brightstar-2020.se/iphone-11-pro-512gb-green-1***********
description non-exist
3963**********205***********
**********https://webshop.brightstar-2020.se/iphone-11-pro-max-64gb-space-g-1***********
description non-exist
3963**********206***********
**********https://webshop.brightstar-2020.se/iphone-11-pro-max-64gb-silver-1***********
description non-exist
3963**********207***********
**********https://webshop.brightstar-2020.se/iphone-11-pro-max-64gb-gold-1***********
description non-exist
3963**********208***********
**********https://webshop.brightstar-2020.se/iphone-11-pro-max-64gb-green-1***********
description non-exist
3963**********209***********
**********https://webshop.brightstar-2020.se/iphone-11-pro-max-256gb-space***********
description non-exist
3963**********210***********
**********https://webshop.brightstar-2020.se/iphone-11-pro-max-256gb-gold-1***********
description non-exist
3963**********211***********
**********https://webshop.brightstar-2020.se/iphone-11-pro-max-256gb-green-1***********
description non-exist
3963**********212***********
**********https://webshop.brightstar-2020.se/iphone-11-pro-max-512gb-space-1***********
description non-exist
3963**********213***********
**********https://webshop.brightstar-2020.se/iphone-11-pro-max-512gb-silver-1***********
description non-exist
3963**********214***********
**********https://webshop.brightstar-2020.se/iphone-11-pro-max-512gb-gold-1***********
description non-exist
3963**********215***********
**********https://webshop.brightstar-2020.se/iphone-11-pro-max-512gb-green-1***********
description non-exist
3963**********216***********
**********https://webshop.brightstar-2020.se/iphone-11-64gb-black-1***********
description non-exist
3963**********217***********
**********https://webshop.brightstar-2020.se/iphone-11-64gb-white-1***********
description non-exist
3963**********218***********
**********https://webshop.brightstar-2020.se/iphone-11-64gb-product-red-1***********
description non-exist
3963**********219***********
**********https://webshop.brightstar-2020.se/iphone-11-64gb-yellow-1***********
description non-exist
3963**********220***********
**********https://webshop.brightstar-2020.se/iphone-11-128gb-black-1***********
description non-exist
3963**********221***********
**********https://webshop.brightstar-2020.se/iphone-11-128gb-white-1***********
description non-exist
3963**********222***********
**********https://webshop.brightstar-2020.se/iphone-11-128gb-product-red-1***********
description non-exist
3963**********223***********
**********https://webshop.brightstar-2020.se/iphone-11-128gb-purple-1***********
description non-exist
3963**********224***********
**********https://webshop.brightstar-2020.se/iphone-11-128gb-green-1***********
description non-exist
3963**********225***********
**********https://webshop.brightstar-2020.se/iphone-11-256gb-black-1***********
description non-exist
3963**********226***********
**********https://webshop.brightstar-2020.se/iphone-11-256gb-white-1***********
description non-exist
3963**********227***********
**********https://webshop.brightstar-2020.se/iphone-11-256gb-purple-1***********
description non-exist
3963**********228***********
**********https://webshop.brightstar-2020.se/iphone-11-pro-64gb-space-grey***********
3963**********229***********
**********https://webshop.brightstar-2020.se/iphone-11-pro-64gb-space-grey-1***********
description non-exist
3963**********230***********
**********https://webshop.brightstar-2020.se/iphone-xs-max-64gb-space-grey***********
description non-exist
3963**********231***********
**********https://webshop.brightstar-2020.se/iphone-7-32gb-silver-5***********
description non-exist
3963**********232***********
**********https://webshop.brightstar-2020.se/iphone-xs-64gb-space-gray-3***********
description non-exist
3963**********233***********
**********https://webshop.brightstar-2020.se/iphone-xs-64gb-silver-3***********
description non-exist
3963**********234***********
**********https://webshop.brightstar-2020.se/iphone-xs-64gb-gold-3***********
description non-exist
3963**********235***********
**********https://webshop.brightstar-2020.se/iphone-xs-256gb-space-gray-3***********
description non-exist
3963**********236***********
**********https://webshop.brightstar-2020.se/iphone-xs-256gb-silver-3***********
description non-exist
3963**********237***********
**********https://webshop.brightstar-2020.se/iphone-xs-256gb-gold-3***********
description non-exist
3963**********238***********
**********https://webshop.brightstar-2020.se/iphone-xs-512gb-space-gray-3***********
description non-exist
3963**********239***********
**********https://webshop.brightstar-2020.se/iphone-xs-512gb-silver-3***********
description non-exist
3963**********240***********
**********https://webshop.brightstar-2020.se/iphone-xs-512gb-gold-3***********
description non-exist
3963**********241***********
**********https://webshop.brightstar-2020.se/iphone-xs-max-64gb-space-gray-3***********
description non-exist
3963**********242***********
**********https://webshop.brightstar-2020.se/iphone-xs-max-64gb-silver-3***********
description non-exist
3963**********243***********
**********https://webshop.brightstar-2020.se/iphone-xs-max-64gb-gold-3***********
description non-exist
3963**********244***********
**********https://webshop.brightstar-2020.se/iphone-xs-max-256gb-space-gray-3***********
description non-exist
3963**********245***********
**********https://webshop.brightstar-2020.se/iphone-xs-max-256gb-silver-3***********
description non-exist
3963**********246***********
**********https://webshop.brightstar-2020.se/iphone-xs-max-256gb-gold-3***********
description non-exist
3963**********247***********
**********https://webshop.brightstar-2020.se/iphone-xs-max-512gb-space-gray-3***********
description non-exist
3963**********248***********
**********https://webshop.brightstar-2020.se/iphone-xs-max-512gb-silver-3***********
description non-exist
3963**********249***********
**********https://webshop.brightstar-2020.se/iphone-xr-64gb-black-4***********
description non-exist
3963**********250***********
**********https://webshop.brightstar-2020.se/iphone-xr-64gb-white-3***********
description non-exist
3963**********251***********
**********https://webshop.brightstar-2020.se/iphone-xr-64gb-yellow-3***********
description non-exist
3963**********252***********
**********https://webshop.brightstar-2020.se/iphone-xr-64gb-coral-3***********
description non-exist
3963**********253***********
**********https://webshop.brightstar-2020.se/iphone-xr-64gb-blue-3***********
description non-exist
3963**********254***********
**********https://webshop.brightstar-2020.se/iphone-xr-128gb-black-3***********
description non-exist
3963**********255***********
**********https://webshop.brightstar-2020.se/iphone-xr-128gb-white-3***********
description non-exist
3963**********256***********
**********https://webshop.brightstar-2020.se/iphone-xr-128gb-product-red-3***********
description non-exist
3963**********257***********
**********https://webshop.brightstar-2020.se/iphone-xr-128gb-yellow-1***********
description non-exist
3963**********258***********
**********https://webshop.brightstar-2020.se/iphone-xr-128gb-coral-2***********
description non-exist
3963**********259***********
**********https://webshop.brightstar-2020.se/iphone-xr-128gb-blue-2***********
description non-exist
3963**********260***********
**********https://webshop.brightstar-2020.se/iphone-xr-256gb-black-2***********
description non-exist
3963**********261***********
**********https://webshop.brightstar-2020.se/iphone-xr-256gb-white-2***********
description non-exist
3963**********262***********
**********https://webshop.brightstar-2020.se/iphone-xr-256gb-product-red-2***********
description non-exist
3963**********263***********
**********https://webshop.brightstar-2020.se/iphone-xr-256gb-yellow-2***********
description non-exist
3963**********264***********
**********https://webshop.brightstar-2020.se/iphone-xr-256gb-coral-2***********
description non-exist
3963**********265***********
**********https://webshop.brightstar-2020.se/iphone-xr-256gb-blue-2***********
description non-exist
3963**********266***********
**********https://webshop.brightstar-2020.se/iphone-xr-128gb-black-1***********
description non-exist
3963**********267***********
**********https://webshop.brightstar-2020.se/iphone-xr-128gb-white-1***********
description non-exist
3963**********268***********
**********https://webshop.brightstar-2020.se/iphone-xr-64gb-black-1***********
description non-exist
3963**********269***********
**********https://webshop.brightstar-2020.se/iphone-xr-64gb-white-1***********
description non-exist
3963**********270***********
**********https://webshop.brightstar-2020.se/iphone-xr-64gb-product-red-1***********
description non-exist
3963**********271***********
**********https://webshop.brightstar-2020.se/iphone-xr-64gb-black***********
3963**********272***********
**********https://webshop.brightstar-2020.se/iphone-xr-64gb-white***********
3963**********273***********
**********https://webshop.brightstar-2020.se/iphone-xr-64gb-product-red***********
3963**********274***********
**********https://webshop.brightstar-2020.se/iphone-xr-64gb-yellow***********
3963**********275***********
**********https://webshop.brightstar-2020.se/iphone-xr-64gb-coral***********
3963**********276***********
**********https://webshop.brightstar-2020.se/iphone-xr-128gb-black***********
3963**********277***********
**********https://webshop.brightstar-2020.se/iphone-xr-64gb-blue***********
3963**********278***********
**********https://webshop.brightstar-2020.se/iphone-xr-128gb-white***********
3963**********279***********
**********https://webshop.brightstar-2020.se/iphone-xr-128gb-product-red***********
3963**********280***********
**********https://webshop.brightstar-2020.se/iphone-xr-128gb-yellow***********
3963**********281***********
**********https://webshop.brightstar-2020.se/iphone-xr-128gb-coral***********
3963**********282***********
**********https://webshop.brightstar-2020.se/iphone-xr-128gb-blue***********
3963**********283***********
**********https://webshop.brightstar-2020.se/iphone-xs-max-512gb-space-gray-2***********
description non-exist
3963**********284***********
**********https://webshop.brightstar-2020.se/iphone-xs-max-64gb-space-gray-2***********
description non-exist
3963**********285***********
**********https://webshop.brightstar-2020.se/iphone-xs-max-64gb-silver-2***********
description non-exist
3963**********286***********
**********https://webshop.brightstar-2020.se/iphone-xs-max-64gb-gold-2***********
description non-exist
3963**********287***********
**********https://webshop.brightstar-2020.se/iphone-xs-max-256gb-space-gray-2***********
description non-exist
3963**********288***********
**********https://webshop.brightstar-2020.se/iphone-xs-64gb-space-gray-2***********
description non-exist
3963**********289***********
**********https://webshop.brightstar-2020.se/iphone-xs-256gb-space-gray-2***********
description non-exist
3963**********290***********
**********https://webshop.brightstar-2020.se/iphone-xr-64gb-red***********
description non-exist
3963**********291***********
**********https://webshop.brightstar-2020.se/iphone-xs-max-64gb-gold***********
3963**********292***********
**********https://webshop.brightstar-2020.se/iphone-xs-max-256gb-silver***********
3963**********293***********
**********https://webshop.brightstar-2020.se/iphone-xs-max-512gb-silver***********
3963**********294***********
**********https://webshop.brightstar-2020.se/iphone-xs-max-64gb-space-gray***********
3963**********295***********
**********https://webshop.brightstar-2020.se/iphone-xs-256gb-silver***********
3963**********296***********
**********https://webshop.brightstar-2020.se/iphone-xs-256gb-gold***********
3963**********297***********
**********https://webshop.brightstar-2020.se/iphone-xs-64gb-space-gray***********
3963**********298***********
**********https://webshop.brightstar-2020.se/iphone-xs-64gb-silver***********
3963**********299***********
**********https://webshop.brightstar-2020.se/iphone-xs-64gb-gold***********
3963**********300***********
**********https://webshop.brightstar-2020.se/iphone-xs-256gb-space-gray***********
3963**********301***********
**********https://webshop.brightstar-2020.se/iphone-8-64gb-gold-5***********
description non-exist
3963**********302***********
**********https://webshop.brightstar-2020.se/iphone-8-64gb-space-grey-5***********
3963**********303***********
**********https://webshop.brightstar-2020.se/iphone-8-64gb-silver-3***********
description non-exist
3963**********304***********
**********https://webshop.brightstar-2020.se/iphone-8-64gb-gold-3***********
description non-exist
3963**********305***********
**********https://webshop.brightstar-2020.se/iphone-8-plus-64gb-space-grey-1***********
description non-exist
3963**********306***********
**********https://webshop.brightstar-2020.se/iphone-8-64gb-space-grey-1***********
description non-exist
3963**********307***********
**********https://webshop.brightstar-2020.se/iphone-8-64gb-gold-1***********
description non-exist
3963**********308***********
**********https://webshop.brightstar-2020.se/iphone-8-64gb-space-grey***********
3963**********309***********
**********https://webshop.brightstar-2020.se/iphone-8-64gb-silver***********
3963**********310***********
**********https://webshop.brightstar-2020.se/iphone-8-64gb-gold***********
3963**********311***********
**********https://webshop.brightstar-2020.se/iphone-8-256gb-space-grey***********
3963**********312***********
**********https://webshop.brightstar-2020.se/iphone-8-plus-64gb-space-grey***********
3963**********313***********
**********https://webshop.brightstar-2020.se/iphone-8-plus-64gb-silver***********
3963**********314***********
**********https://webshop.brightstar-2020.se/iphone-8-plus-64gb-gold***********
3963**********315***********
**********https://webshop.brightstar-2020.se/iphone-x-256gb-silver***********
3963**********316***********
**********https://webshop.brightstar-2020.se/iphone-7-32gb-black-1***********
description non-exist
3963**********317***********
**********https://webshop.brightstar-2020.se/iphone-7-plus-32gb-black***********
3963**********318***********
**********https://webshop.brightstar-2020.se/iphone-7-plus-32gb-silver***********
3963**********319***********
**********https://webshop.brightstar-2020.se/iphone-7-plus-32gb-gold***********
3963**********320***********
**********https://webshop.brightstar-2020.se/iphone-7-plus-32gb-rose-gold***********
3963**********321***********
**********https://webshop.brightstar-2020.se/iphone-6s-plus-32gb-gold***********
3963**********322***********
**********https://webshop.brightstar-2020.se/iphone-7-256gb-black***********
file write error!
3963**********323***********
**********https://webshop.brightstar-2020.se/iphone-7-256gb-jet-black***********
file write error!
3963**********324***********
**********https://webshop.brightstar-2020.se/iphone-7-32gb-silver***********
file write error!
3963**********325***********
**********https://webshop.brightstar-2020.se/iphone-7-32gb-gold***********
file write error!
3963**********326***********
**********https://webshop.brightstar-2020.se/iphone-7-32gb-rose-gold***********
file write error!
3963**********327***********
**********https://webshop.brightstar-2020.se/iphone-7-128gb-black***********
file write error!
3963**********328***********
**********https://webshop.brightstar-2020.se/iphone-7-128gb-silver***********
file write error!
3963**********329***********
**********https://webshop.brightstar-2020.se/iphone-7-128gb-gold***********
file write error!
3963**********330***********
**********https://webshop.brightstar-2020.se/iphone-7-128gb-rose-gold***********
file write error!
3963**********331***********
**********https://webshop.brightstar-2020.se/iphone-6s-32gb-silver***********
3963**********332***********
**********https://webshop.brightstar-2020.se/iphone-6s-32gb-rose-gold***********
3963**********333***********
**********https://webshop.brightstar-2020.se/iphone-7-32gb-black***********
file write error!
3963**********334***********
**********https://webshop.brightstar-2020.se/doro-6041-red-white***********
3963**********335***********
**********https://webshop.brightstar-2020.se/doro-6041-black***********
3963**********336***********
**********https://webshop.brightstar-2020.se/doro-6621-black-white***********
3963**********337***********
**********https://webshop.brightstar-2020.se/doro-7031-black***********
3963**********338***********
**********https://webshop.brightstar-2020.se/doro-7031-red-white***********
3963**********339***********
**********https://webshop.brightstar-2020.se/doro-7011-graphite***********
3963**********340***********
**********https://webshop.brightstar-2020.se/doro-7011-white***********
3963**********341***********
**********https://webshop.brightstar-2020.se/emporia-f220-flipbasic***********
3963**********342***********
**********https://webshop.brightstar-2020.se/caterpillar-b35-4g***********
3963**********343***********
**********https://webshop.brightstar-2020.se/doro-1372-graphite***********
3963**********344***********
**********https://webshop.brightstar-2020.se/doro-1372-white***********
3963**********345***********
**********https://webshop.brightstar-2020.se/doro-7070-1***********
3963**********346***********
**********https://webshop.brightstar-2020.se/doro-7070***********
3963**********347***********
**********https://webshop.brightstar-2020.se/doro-540x***********
3963**********348***********
**********https://webshop.brightstar-2020.se/doro-1362***********
3963**********349***********
**********https://webshop.brightstar-2020.se/doro-1362-1***********
3963**********350***********
**********https://webshop.brightstar-2020.se/doro-5517-graphite***********
3963**********351***********
**********https://webshop.brightstar-2020.se/doro-5031-1***********
3963**********352***********
**********https://webshop.brightstar-2020.se/doro-6031-1***********
3963**********353***********
**********https://webshop.brightstar-2020.se/happy-plugs-earbud-2***********
3963**********354***********
**********https://webshop.brightstar-2020.se/doro-secure-580***********
3963**********355***********
**********https://webshop.brightstar-2020.se/defunc-true-go-slim-2***********
description non-exist
3963**********356***********
**********https://webshop.brightstar-2020.se/defunc-true-go-slim***********
description non-exist
3963**********357***********
**********https://webshop.brightstar-2020.se/defunc-true-go-slim-1***********
description non-exist
3963**********358***********
**********https://webshop.brightstar-2020.se/samsung-galaxy-buds-3***********
3963**********359***********
**********https://webshop.brightstar-2020.se/samsung-galaxy-buds-2***********
3963**********360***********
**********https://webshop.brightstar-2020.se/samsung-galaxy-buds-4***********
3963**********361***********
**********https://webshop.brightstar-2020.se/huawei-freebuds-3-2***********
description non-exist
3963**********362***********
**********https://webshop.brightstar-2020.se/anker-soundcore-liberty-air-2***********
3963**********363***********
**********https://webshop.brightstar-2020.se/anker-soundcore-liberty-air-2-1***********
3963**********364***********
**********https://webshop.brightstar-2020.se/celly-bluetooth-air-neck-band***********
3963**********365***********
**********https://webshop.brightstar-2020.se/apple-airpods-pro***********
3963**********366***********
**********https://webshop.brightstar-2020.se/huawei-freebuds-3-1***********
3963**********367***********
**********https://webshop.brightstar-2020.se/huawei-freebuds-3***********
3963**********368***********
**********https://webshop.brightstar-2020.se/jays-t-four-wireless-2***********
3963**********369***********
**********https://webshop.brightstar-2020.se/jays-q-seven-wireless***********
3963**********370***********
**********https://webshop.brightstar-2020.se/jays-x-five-wireless***********
3963**********371***********
**********https://webshop.brightstar-2020.se/jays-m-seven-true-wireless-1***********
3963**********372***********
**********https://webshop.brightstar-2020.se/jays-m-seven-true-wireless-2***********
3963**********373***********
**********https://webshop.brightstar-2020.se/jays-m-seven-true-wireless-3***********
3963**********374***********
**********https://webshop.brightstar-2020.se/jays-m-seven-true-wireless***********
3963**********375***********
**********https://webshop.brightstar-2020.se/key-audio-premium-cable-1m***********
description non-exist
3963**********376***********
**********https://webshop.brightstar-2020.se/anker-soundcore-space-nc-b2b***********
3963**********377***********
**********https://webshop.brightstar-2020.se/apple-airpods-3***********
3963**********378***********
**********https://webshop.brightstar-2020.se/apple-airpods-2***********
3963**********379***********
**********https://webshop.brightstar-2020.se/jabra-talk-30***********
3963**********380***********
**********https://webshop.brightstar-2020.se/huawei-cm-33-stereo-headset***********
3963**********381***********
**********https://webshop.brightstar-2020.se/oneplus-bullets-2***********
3963**********382***********
**********https://webshop.brightstar-2020.se/anker-soundcore-liberty-air***********
3963**********383***********
**********https://webshop.brightstar-2020.se/anker-soundcore-liberty-air-1***********
3963**********384***********
**********https://webshop.brightstar-2020.se/samsung-galaxy-buds-1***********
3963**********385***********
**********https://webshop.brightstar-2020.se/samsung-galaxy-buds***********
3963**********386***********
**********https://webshop.brightstar-2020.se/sony-bt-nc-headphone-1***********
3963**********387***********
**********https://webshop.brightstar-2020.se/jays-m-six***********
3963**********388***********
**********https://webshop.brightstar-2020.se/anker-soundcore-siprit-pro***********
description non-exist
3963**********389***********
**********https://webshop.brightstar-2020.se/oneplus-bullets-earphones***********
3963**********390***********
**********https://webshop.brightstar-2020.se/jabra-talk-35-black***********
3963**********391***********
**********https://webshop.brightstar-2020.se/jabra-talk-55-black***********
3963**********392***********
**********https://webshop.brightstar-2020.se/jabra-talk-45-black***********
3963**********393***********
**********https://webshop.brightstar-2020.se/jabra-talk-45-silver***********
3963**********394***********
**********https://webshop.brightstar-2020.se/jabra-talk-5-black***********
3963**********395***********
**********https://webshop.brightstar-2020.se/jabra-talk-15-black***********
3963**********396***********
**********https://webshop.brightstar-2020.se/jabra-talk-25-black***********
3963**********397***********
**********https://webshop.brightstar-2020.se/jays-t-four-wireless***********
description non-exist
3963**********398***********
**********https://webshop.brightstar-2020.se/jays-t-four-wireless-1***********
description non-exist
3963**********399***********
**********https://webshop.brightstar-2020.se/huawei-usb-c***********
3963**********400***********
**********https://webshop.brightstar-2020.se/huawei-anc-headset***********
3963**********401***********
**********https://webshop.brightstar-2020.se/jays-a-six-wireless***********
3963**********402***********
**********https://webshop.brightstar-2020.se/jays-a-six-wireless-1***********
3963**********403***********
**********https://webshop.brightstar-2020.se/jays-u-jays-android-1***********
3963**********404***********
**********https://webshop.brightstar-2020.se/celly-true-wireless-earbuds***********
3963**********405***********
**********https://webshop.brightstar-2020.se/lexibook-stereo-heapdhones-2***********
3963**********406***********
**********https://webshop.brightstar-2020.se/lexibook-stereo-heapdhones-3***********
3963**********407***********
**********https://webshop.brightstar-2020.se/lexibook-stereo-heapdhones***********
description non-exist
3963**********408***********
**********https://webshop.brightstar-2020.se/monster-isport-achieve***********
3963**********409***********
**********https://webshop.brightstar-2020.se/apple-ear-pods-2***********
3963**********410***********
**********https://webshop.brightstar-2020.se/apple-ear-pods-lightning***********
3963**********411***********
**********https://webshop.brightstar-2020.se/celly-bt-headset-bh10***********
3963**********412***********
**********https://webshop.brightstar-2020.se/defunc-go-sport-1***********
3963**********413***********
**********https://webshop.brightstar-2020.se/plantronics-explorer-500***********
3963**********414***********
**********https://webshop.brightstar-2020.se/id2me-headset-zipper-3***********
description non-exist
3963**********415***********
**********https://webshop.brightstar-2020.se/a-jays-four-5***********
3963**********416***********
**********https://webshop.brightstar-2020.se/a-jays-four-3***********
3963**********417***********
**********https://webshop.brightstar-2020.se/a-jays-four-2***********
3963**********418***********
**********https://webshop.brightstar-2020.se/a-jays-four-1***********
3963**********419***********
**********https://webshop.brightstar-2020.se/a-jays-four***********
3963**********420***********
**********https://webshop.brightstar-2020.se/defunc-hybrid-2***********
3963**********421***********
**********https://webshop.brightstar-2020.se/defunc-hybrid-1***********
3963**********422***********
**********https://webshop.brightstar-2020.se/defunc-music-3***********
3963**********423***********
**********https://webshop.brightstar-2020.se/defunc-music-2***********
3963**********424***********
**********https://webshop.brightstar-2020.se/defunc-talk-1***********
3963**********425***********
**********https://webshop.brightstar-2020.se/samsung-headset-hybrid-2***********
3963**********426***********
**********https://webshop.brightstar-2020.se/samsung-headset-hybrid-1***********
3963**********427***********
**********https://webshop.brightstar-2020.se/samsung-ulc-wired-headset-with-4***********
3963**********428***********
**********https://webshop.brightstar-2020.se/samsung-ulc-wired-headset-with-3***********
3963**********429***********
**********https://webshop.brightstar-2020.se/samsung-ulc-wired-headset-with***********
3963**********430***********
**********https://webshop.brightstar-2020.se/samsung-ulc-wired-headset-with-2***********
3963**********431***********
**********https://webshop.brightstar-2020.se/samsung-ulc-wired-headset-with-1***********
3963**********432***********
**********https://webshop.brightstar-2020.se/jays-a-jays-one***********
3963**********433***********
**********https://webshop.brightstar-2020.se/jays-a-jays-one-1***********
3963**********434***********
**********https://webshop.brightstar-2020.se/soundcore-rave-mini***********
3963**********435***********
**********https://webshop.brightstar-2020.se/anker-soundcore-flare***********
3963**********436***********
**********https://webshop.brightstar-2020.se/jays-s-go-one***********
description non-exist
3963**********437***********
**********https://webshop.brightstar-2020.se/jays-s-go-three***********
description non-exist
3963**********438***********
**********https://webshop.brightstar-2020.se/jays-s-go-one-1***********
description non-exist
3963**********439***********
**********https://webshop.brightstar-2020.se/jays-s-go-three-1***********
description non-exist
3963**********440***********
**********https://webshop.brightstar-2020.se/anker-soundcore-mini-2-b2b***********
3963**********441***********
**********https://webshop.brightstar-2020.se/anker-soundcore-flare-b2b***********
3963**********442***********
**********https://webshop.brightstar-2020.se/celly-squiddy-speaker-1***********
3963**********443***********
**********https://webshop.brightstar-2020.se/celly-squiddy-speaker***********
3963**********444***********
**********https://webshop.brightstar-2020.se/huawei-165***********
3963**********445***********
**********https://webshop.brightstar-2020.se/anker-powerline-lightning-1***********
3963**********446***********
**********https://webshop.brightstar-2020.se/anker-powerline-lightning***********
3963**********447***********
**********https://webshop.brightstar-2020.se/anker-sound-core-2***********
3963**********448***********
**********https://webshop.brightstar-2020.se/jabra-tour***********
3963**********449***********
**********https://webshop.brightstar-2020.se/jabra-speak410-for-pc***********
3963**********450***********
**********https://webshop.brightstar-2020.se/jabra-freeway-bt***********
file write error!
3963**********451***********
**********https://webshop.brightstar-2020.se/jabra-drive-bt-black***********
3963**********452***********
**********https://webshop.brightstar-2020.se/key-flat-glass-2d-preikestolen-2***********
description non-exist
3963**********453***********
**********https://webshop.brightstar-2020.se/panzerglass-huawei-11***********
description non-exist
3963**********454***********
**********https://webshop.brightstar-2020.se/panzerglass-huawei-9***********
description non-exist
3963**********455***********
**********https://webshop.brightstar-2020.se/panzerglass-huawei-10***********
description non-exist
3963**********456***********
**********https://webshop.brightstar-2020.se/panzerglass-huawei-12***********
description non-exist
3963**********457***********
**********https://webshop.brightstar-2020.se/panzerglass-huawei-13***********
description non-exist
3963**********458***********
**********https://webshop.brightstar-2020.se/panzerglass-case-friendly***********
3963**********459***********
**********https://webshop.brightstar-2020.se/panzerglass-case-friendly-1***********
3963**********460***********
**********https://webshop.brightstar-2020.se/panzerglass-case-friendly-2***********
3963**********461***********
**********https://webshop.brightstar-2020.se/panzerglass-apple-22***********
description non-exist
3963**********462***********
**********https://webshop.brightstar-2020.se/panzerglass-smartwatch-42-5-mm***********
3963**********463***********
**********https://webshop.brightstar-2020.se/panzerglass-smartwatch-39-mm***********
3963**********464***********
**********https://webshop.brightstar-2020.se/panzerglass-smartwatch-36-mm***********
3963**********465***********
**********https://webshop.brightstar-2020.se/panzerglass-smartwatch-37-mm***********
3963**********466***********
**********https://webshop.brightstar-2020.se/panzerglass-smartwatch-40-5-mm***********
3963**********467***********
**********https://webshop.brightstar-2020.se/panzerglass-smartwatch-35-mm***********
3963**********468***********
**********https://webshop.brightstar-2020.se/panzerglass-smartwatch-34-mm***********
3963**********469***********
**********https://webshop.brightstar-2020.se/panzerglass-smartwatch-38-5-mm***********
3963**********470***********
**********https://webshop.brightstar-2020.se/panzerglass-apple-21***********
3963**********471***********
**********https://webshop.brightstar-2020.se/panzerglass-samsung-1***********
3963**********472***********
**********https://webshop.brightstar-2020.se/panzerglass-samsung-2***********
3963**********473***********
**********https://webshop.brightstar-2020.se/panzerglass-samsung-3***********
3963**********474***********
**********https://webshop.brightstar-2020.se/panzerglass-samsung-4***********
3963**********475***********
**********https://webshop.brightstar-2020.se/panzerglass-samsung-5***********
3963**********476***********
**********https://webshop.brightstar-2020.se/panzerglass-apple-20***********
3963**********477***********
**********https://webshop.brightstar-2020.se/key-flat-glass-2d-preikestolen-1***********
description non-exist
3963**********478***********
**********https://webshop.brightstar-2020.se/key-flat-glass-2d-preikestolen***********
description non-exist
3963**********479***********
**********https://webshop.brightstar-2020.se/key-curved-glass-5d-besseggen-9***********
description non-exist
3963**********480***********
**********https://webshop.brightstar-2020.se/tech21-impact-sheild-3***********
3963**********481***********
**********https://webshop.brightstar-2020.se/tech21-impact-sheild-6***********
3963**********482***********
**********https://webshop.brightstar-2020.se/tech21-impact-sheild-5***********
3963**********483***********
**********https://webshop.brightstar-2020.se/tech21-impact-sheild-4***********
3963**********484***********
**********https://webshop.brightstar-2020.se/panzerglass-apple-17***********
3963**********485***********
**********https://webshop.brightstar-2020.se/panzerglass-apple-16***********
3963**********486***********
**********https://webshop.brightstar-2020.se/panzerglass-apple-19***********
3963**********487***********
**********https://webshop.brightstar-2020.se/panzerglass-apple-11***********
3963**********488***********
**********https://webshop.brightstar-2020.se/panzerglass-apple-12***********
3963**********489***********
**********https://webshop.brightstar-2020.se/panzerglass-apple-13***********
3963**********490***********
**********https://webshop.brightstar-2020.se/panzerglass-apple-14***********
3963**********491***********
**********https://webshop.brightstar-2020.se/panzerglass-apple-15***********
3963**********492***********
**********https://webshop.brightstar-2020.se/panzerglass-apple-18***********
3963**********493***********
**********https://webshop.brightstar-2020.se/panzerglass-samsung-galaxy-25***********
3963**********494***********
**********https://webshop.brightstar-2020.se/panzerglass-samsung-galaxy-27***********
3963**********495***********
**********https://webshop.brightstar-2020.se/panzerglass-samsung-galaxy-26***********
3963**********496***********
**********https://webshop.brightstar-2020.se/panzerglass-oneplus-7-pro***********
3963**********497***********
**********https://webshop.brightstar-2020.se/panzerglass-sony-xperia-1***********
3963**********498***********
**********https://webshop.brightstar-2020.se/panzerglass-nokia-1***********
3963**********499***********
**********https://webshop.brightstar-2020.se/panzerglass-nokia***********
3963**********500***********
**********https://webshop.brightstar-2020.se/panzerglass-oneplus***********
3963**********501***********
**********https://webshop.brightstar-2020.se/panzerglass-oneplus-1***********
3963**********502***********
**********https://webshop.brightstar-2020.se/panzerglass-samsung-galaxy-2***********
3963**********503***********
**********https://webshop.brightstar-2020.se/panzerglass-samsung-galaxy-10***********
3963**********504***********
**********https://webshop.brightstar-2020.se/panzerglass-samsung-galaxy-6***********
3963**********505***********
**********https://webshop.brightstar-2020.se/panzerglass-samsung-galaxy-5***********
3963**********506***********
**********https://webshop.brightstar-2020.se/panzerglass-samsung-galaxy-17***********
3963**********507***********
**********https://webshop.brightstar-2020.se/panzerglass-samsung-galaxy-7***********
3963**********508***********
**********https://webshop.brightstar-2020.se/panzerglass-samsung-galaxy-16***********
3963**********509***********
**********https://webshop.brightstar-2020.se/panzerglass-samsung-galaxy-8***********
3963**********510***********
**********https://webshop.brightstar-2020.se/panzerglass-samsung***********
3963**********511***********
**********https://webshop.brightstar-2020.se/panzerglass-sony-xperia-2***********
3963**********512***********
**********https://webshop.brightstar-2020.se/panzerglass-8***********
3963**********513***********
**********https://webshop.brightstar-2020.se/panzerglass-samsung-galaxy-15***********
3963**********514***********
**********https://webshop.brightstar-2020.se/panzerglass-samsung-galaxy-13***********
3963**********515***********
**********https://webshop.brightstar-2020.se/panzerglass-samsung-galaxy-12***********
3963**********516***********
**********https://webshop.brightstar-2020.se/panzerglass-samsung-galaxy-3***********
3963**********517***********
**********https://webshop.brightstar-2020.se/panzerglass-samsung-galaxy-14***********
3963**********518***********
**********https://webshop.brightstar-2020.se/panzerglass-samsung-galaxy-4***********
3963**********519***********
**********https://webshop.brightstar-2020.se/panzerglass-samsung-galaxy-1***********
3963**********520***********
**********https://webshop.brightstar-2020.se/panzerglass-samsung-galaxy-21***********
3963**********521***********
**********https://webshop.brightstar-2020.se/panzerglass-samsung-galaxy-18***********
3963**********522***********
**********https://webshop.brightstar-2020.se/panzerglass-samsung-galaxy-23***********
3963**********523***********
**********https://webshop.brightstar-2020.se/panzerglass-samsung-galaxy-20***********
3963**********524***********
**********https://webshop.brightstar-2020.se/panzerglass-samsung-galaxy-22***********
3963**********525***********
**********https://webshop.brightstar-2020.se/panzerglass-samsung-galaxy-19***********
3963**********526***********
**********https://webshop.brightstar-2020.se/panzerglass-samsung-galaxy-11***********
3963**********527***********
**********https://webshop.brightstar-2020.se/panzerglass-samsung-galaxy-9***********
3963**********528***********
**********https://webshop.brightstar-2020.se/panzerglass-samsung-galaxy***********
3963**********529***********
**********https://webshop.brightstar-2020.se/panzerglass-samsung-galaxy-24***********
3963**********530***********
**********https://webshop.brightstar-2020.se/panzerglass-sony***********
3963**********531***********
**********https://webshop.brightstar-2020.se/panzerglass-sony-xperia***********
3963**********532***********
**********https://webshop.brightstar-2020.se/panzerglass-huawei-p-smart-z***********
3963**********533***********
**********https://webshop.brightstar-2020.se/panzerglass-huawei-8***********
3963**********534***********
**********https://webshop.brightstar-2020.se/panzerglass-huawei-2***********
3963**********535***********
**********https://webshop.brightstar-2020.se/panzerglass-huawei-3***********
3963**********536***********
**********https://webshop.brightstar-2020.se/panzerglass-huawei-p-smart-blk***********
3963**********537***********
**********https://webshop.brightstar-2020.se/panzerglass-huawei-4***********
3963**********538***********
**********https://webshop.brightstar-2020.se/panzerglass-huawei-5***********
3963**********539***********
**********https://webshop.brightstar-2020.se/panzerglass-huawei-6***********
3963**********540***********
**********https://webshop.brightstar-2020.se/panzerglass-huawei-y6-y6-pro***********
3963**********541***********
**********https://webshop.brightstar-2020.se/panzerglass-huawei-1***********
3963**********542***********
**********https://webshop.brightstar-2020.se/panzerglass-huawei-7***********
description non-exist
3963**********543***********
**********https://webshop.brightstar-2020.se/panzerglass-apple-2***********
Spider error processing <GET https://webshop.brightstar-2020.se/> (referer: None)
Traceback (most recent call last):
  File "E:\Jenys_work\BRIGHTSTAR\scraping\spiders\brightstar(all).py", line 106, in parse
    WebDriverWait(self.driver, 30).until(EC.presence_of_element_located((By.ID,'breadcrumbs')))
  File "c:\users\song\appdata\local\programs\python\python38-32\lib\site-packages\selenium\webdriver\support\wait.py", line 80, in until
    raise TimeoutException(message, screen, stacktrace)
selenium.common.exceptions.TimeoutException: Message: 


During handling of the above exception, another exception occurred:

Traceback (most recent call last):
  File "c:\users\song\appdata\local\programs\python\python38-32\lib\site-packages\twisted\internet\defer.py", line 654, in _runCallbacks
    current.result = callback(current.result, *args, **kw)
  File "E:\Jenys_work\BRIGHTSTAR\scraping\spiders\brightstar(all).py", line 108, in parse
    WebDriverWait(self.driver, 30).until(EC.presence_of_element_located((By.ID,'username')))
  File "c:\users\song\appdata\local\programs\python\python38-32\lib\site-packages\selenium\webdriver\support\wait.py", line 80, in until
    raise TimeoutException(message, screen, stacktrace)
selenium.common.exceptions.TimeoutException: Message: 

Crawled 2 pages (at 2 pages/min), scraped 0 items (at 0 items/min)
Closing spider (finished)
Dumping Scrapy stats:
{'downloader/request_bytes': 634,
 'downloader/request_count': 2,
 'downloader/request_method_count/GET': 2,
 'downloader/response_bytes': 4476,
 'downloader/response_count': 2,
 'downloader/response_status_count/200': 1,
 'downloader/response_status_count/404': 1,
 'elapsed_time_seconds': 7687.646512,
 'finish_reason': 'finished',
 'finish_time': datetime.datetime(2020, 3, 31, 13, 57, 17, 298596),
 'log_count/DEBUG': 6,
 'log_count/ERROR': 1,
 'log_count/INFO': 1351,
 'response_received_count': 2,
 'robotstxt/request_count': 1,
 'robotstxt/response_count': 1,
 'robotstxt/response_status_count/404': 1,
 'scheduler/dequeued': 1,
 'scheduler/dequeued/memory': 1,
 'scheduler/enqueued': 1,
 'scheduler/enqueued/memory': 1,
 'spider_exceptions/TimeoutException': 1,
 'start_time': datetime.datetime(2020, 3, 31, 11, 49, 9, 652084)}
Spider closed (finished)
